Log file open, 05/09/20 16:35:53
LogWindows: Failed to load 'aqProf.dll' (GetLastError=126)
LogWindows: File 'aqProf.dll' does not exist
LogWindows: Failed to load 'VtuneApi.dll' (GetLastError=126)
LogWindows: File 'VtuneApi.dll' does not exist
LogWindows: Failed to load 'VtuneApi32e.dll' (GetLastError=126)
LogWindows: File 'VtuneApi32e.dll' does not exist
LogConsoleResponse: Display: Failed to find resolution value strings in scalability ini. Falling back to default.
LogInit: Display: Running engine for game: PangeaMechanics
LogPlatformFile: Not using cached read wrapper
LogTaskGraph: Started task graph with 5 named threads and 23 total threads with 3 sets of task threads.
LogStats: Stats thread started at 0.218945
LogD3D11RHI: Loaded GFSDK_Aftermath_Lib.x64.dll
LogICUInternationalization: ICU TimeZone Detection - Raw Offset: +0:00, Platform Override: ''
LogPluginManager: Mounting plugin Paper2D
LogPluginManager: Mounting plugin AISupport
LogPluginManager: Mounting plugin LightPropagationVolume
LogPluginManager: Mounting plugin ActorLayerUtilities
LogPluginManager: Mounting plugin AnimationSharing
LogPluginManager: Mounting plugin CLionSourceCodeAccess
LogPluginManager: Mounting plugin CodeLiteSourceCodeAccess
LogPluginManager: Mounting plugin GitSourceControl
LogPluginManager: Mounting plugin KDevelopSourceCodeAccess
LogPluginManager: Mounting plugin NullSourceCodeAccess
LogPluginManager: Mounting plugin PerforceSourceControl
LogPluginManager: Mounting plugin PlasticSourceControl
LogPluginManager: Mounting plugin SubversionSourceControl
LogPluginManager: Mounting plugin UObjectPlugin
LogPluginManager: Mounting plugin VisualStudioCodeSourceCodeAccess
LogPluginManager: Mounting plugin VisualStudioSourceCodeAccess
LogPluginManager: Mounting plugin XCodeSourceCodeAccess
LogPluginManager: Mounting plugin AssetManagerEditor
LogPluginManager: Mounting plugin CryptoKeys
LogPluginManager: Mounting plugin CurveEditorTools
LogPluginManager: Mounting plugin DataValidation
LogPluginManager: Mounting plugin FacialAnimation
LogPluginManager: Mounting plugin GameplayTagsEditor
LogPluginManager: Mounting plugin MacGraphicsSwitching
LogPluginManager: Mounting plugin MaterialAnalyzer
LogPluginManager: Mounting plugin MobileLauncherProfileWizard
LogPluginManager: Mounting plugin PluginBrowser
LogPluginManager: Mounting plugin SpeedTreeImporter
LogPluginManager: Mounting plugin DatasmithContent
LogPluginManager: Mounting plugin VariantManagerContent
LogPluginManager: Mounting plugin AlembicImporter
LogPluginManager: Mounting plugin AutomationUtils
LogPluginManager: Mounting plugin BackChannel
LogPluginManager: Mounting plugin CharacterAI
LogPluginManager: Mounting plugin GeometryCache
LogPluginManager: Mounting plugin PlatformCrypto
LogPluginManager: Mounting plugin ProxyLODPlugin
LogPluginManager: Mounting plugin SkeletalReduction
LogPluginManager: Mounting plugin MagicLeap
LogPluginManager: Mounting plugin MagicLeapMedia
LogPluginManager: Mounting plugin MLSDK
LogPluginManager: Mounting plugin AndroidMedia
LogPluginManager: Mounting plugin AvfMedia
LogPluginManager: Mounting plugin ImgMedia
LogPluginManager: Mounting plugin MediaCompositing
LogPluginManager: Mounting plugin MediaPlayerEditor
LogPluginManager: Mounting plugin WebMMedia
LogPluginManager: Mounting plugin WmfMedia
LogPluginManager: Mounting plugin TcpMessaging
LogPluginManager: Mounting plugin UdpMessaging
LogPluginManager: Mounting plugin ActorSequence
LogPluginManager: Mounting plugin LevelSequenceEditor
LogPluginManager: Mounting plugin MatineeToLevelSequence
LogPluginManager: Mounting plugin NetcodeUnitTest
LogPluginManager: Mounting plugin NUTUnrealEngine4
LogPluginManager: Mounting plugin OnlineSubsystemGooglePlay
LogPluginManager: Mounting plugin OnlineSubsystemIOS
LogPluginManager: Mounting plugin OnlineSubsystem
LogPluginManager: Mounting plugin OnlineSubsystemNull
LogPluginManager: Mounting plugin OnlineSubsystemUtils
LogPluginManager: Mounting plugin LauncherChunkInstaller
LogPluginManager: Mounting plugin AndroidDeviceProfileSelector
LogPluginManager: Mounting plugin AndroidMoviePlayer
LogPluginManager: Mounting plugin AndroidPermission
LogPluginManager: Mounting plugin AppleImageUtils
LogPluginManager: Mounting plugin AppleMoviePlayer
LogPluginManager: Mounting plugin ArchVisCharacter
LogPluginManager: Mounting plugin AssetTags
LogPluginManager: Mounting plugin AudioCapture
LogPluginManager: Mounting plugin CableComponent
LogPluginManager: Mounting plugin CustomMeshComponent
LogPluginManager: Mounting plugin EditableMesh
LogPluginManager: Mounting plugin ExampleDeviceProfileSelector
LogPluginManager: Mounting plugin GoogleCloudMessaging
LogPluginManager: Mounting plugin IOSDeviceProfileSelector
LogPluginManager: Mounting plugin LinuxDeviceProfileSelector
LogPluginManager: Mounting plugin LocationServicesBPLibrary
LogPluginManager: Mounting plugin MobilePatchingUtils
LogPluginManager: Mounting plugin OculusVR
LogPluginManager: Mounting plugin PhysXVehicles
LogPluginManager: Mounting plugin PostSplashScreen
LogPluginManager: Mounting plugin ProceduralMeshComponent
LogPluginManager: Mounting plugin RuntimePhysXCooking
LogPluginManager: Mounting plugin SignificanceManager
LogPluginManager: Mounting plugin SteamVR
LogPluginManager: Mounting plugin WebMMoviePlayer
LogPluginManager: Mounting plugin WindowsMoviePlayer
LogPluginManager: Mounting plugin ScreenshotTools
LogInit: Using libcurl 7.55.1-DEV
LogInit:  - built for x86_64-pc-win32
LogInit:  - supports SSL with OpenSSL/1.1.1
LogInit:  - supports HTTP deflate (compression) using libz 1.2.8
LogInit:  - other features:
LogInit:      CURL_VERSION_SSL
LogInit:      CURL_VERSION_LIBZ
LogInit:      CURL_VERSION_IPV6
LogInit:      CURL_VERSION_ASYNCHDNS
LogInit:      CURL_VERSION_LARGEFILE
LogInit:      CURL_VERSION_IDN
LogInit:  CurlRequestOptions (configurable via config and command line):
LogInit:  - bVerifyPeer = true  - Libcurl will verify peer certificate
LogInit:  - bUseHttpProxy = false  - Libcurl will NOT use HTTP proxy
LogInit:  - bDontReuseConnections = false  - Libcurl will reuse connections
LogInit:  - MaxHostConnections = 16  - Libcurl will limit the number of connections to a host
LogInit:  - LocalHostAddr = Default
LogInit:  - BufferSize = 65536
LogOnline: OSS: Creating online subsystem instance for: NULL
LogInit: WinSock: version 1.1 (2.2), MaxSocks=32767, MaxUdp=65467
LogOnline: OSS: TryLoadSubsystemAndSetDefault: Loaded subsystem for module [NULL]
LogInit: Build: ++UE4+Release-4.24-CL-11590370
LogInit: Engine Version: 4.24.3-11590370+++UE4+Release-4.24
LogInit: Compatible Engine Version: 4.24.0-10570792+++UE4+Release-4.24
LogInit: Net CL: 10570792
LogInit: OS: Windows 10 (Release 1903) (), CPU: Intel(R) Core(TM) i5-8250U CPU @ 1.60GHz, GPU: Intel(R) UHD Graphics 620
LogInit: Compiled (64-bit): Feb 24 2020 15:39:18
LogInit: Compiled with Visual C++: 19.16.27032.01
LogInit: Build Configuration: Development
LogInit: Branch Name: ++UE4+Release-4.24
LogInit: Command Line:  /Game/ThirdPersonCPP/Maps/TamingPrototypeTG -game -PIEVIACONSOLE -ResX=1280 -ResY=720 -Multiprocess -messaging -SessionName="Play in Standalone Game" -windowed
LogInit: Base Directory: C:/Program Files/Epic Games/UE_4.24/Engine/Binaries/Win64/
LogInit: Installed Engine Build: 1
LogDevObjectVersion: Number of dev versions registered: 25
LogDevObjectVersion:   Dev-Blueprints (B0D832E4-1F89-4F0D-ACCF-7EB736FD4AA2): 10
LogDevObjectVersion:   Dev-Build (E1C64328-A22C-4D53-A36C-8E866417BD8C): 0
LogDevObjectVersion:   Dev-Core (375EC13C-06E4-48FB-B500-84F0262A717E): 3
LogDevObjectVersion:   Dev-Editor (E4B068ED-F494-42E9-A231-DA0B2E46BB41): 37
LogDevObjectVersion:   Dev-Framework (CFFC743F-43B0-4480-9391-14DF171D2073): 36
LogDevObjectVersion:   Dev-Mobile (B02B49B5-BB20-44E9-A304-32B752E40360): 2
LogDevObjectVersion:   Dev-Networking (A4E4105C-59A1-49B5-A7C5-40C4547EDFEE): 0
LogDevObjectVersion:   Dev-Online (39C831C9-5AE6-47DC-9A44-9C173E1C8E7C): 0
LogDevObjectVersion:   Dev-Physics (78F01B33-EBEA-4F98-B9B4-84EACCB95AA2): 2
LogDevObjectVersion:   Dev-Platform (6631380F-2D4D-43E0-8009-CF276956A95A): 0
LogDevObjectVersion:   Dev-Rendering (12F88B9F-8875-4AFC-A67C-D90C383ABD29): 36
LogDevObjectVersion:   Dev-Sequencer (7B5AE74C-D270-4C10-A958-57980B212A5A): 11
LogDevObjectVersion:   Dev-VR (D7296918-1DD6-4BDD-9DE2-64A83CC13884): 2
LogDevObjectVersion:   Dev-LoadTimes (C2A15278-BFE7-4AFE-6C17-90FF531DF755): 1
LogDevObjectVersion:   Private-Geometry (6EACA3D4-40EC-4CC1-B786-8BED09428FC5): 3
LogDevObjectVersion:   Dev-AnimPhys (29E575DD-E0A3-4627-9D10-D276232CDCEA): 17
LogDevObjectVersion:   Dev-Anim (AF43A65D-7FD3-4947-9873-3E8ED9C1BB05): 2
LogDevObjectVersion:   Dev-ReflectionCapture (6B266CEC-1EC7-4B8F-A30B-E4D90942FC07): 1
LogDevObjectVersion:   Dev-Automation (0DF73D61-A23F-47EA-B727-89E90C41499A): 1
LogDevObjectVersion:   FortniteMain (601D1886-AC64-4F84-AA16-D3DE0DEAC7D6): 31
LogDevObjectVersion:   Dev-Enterprise (9DFFBCD6-494F-0158-E221-12823C92A888): 8
LogDevObjectVersion:   Dev-Niagara (F2AED0AC-9AFE-416F-8664-AA7FFA26D6FC): 1
LogDevObjectVersion:   Dev-Destruction (174F1F0B-B4C6-45A5-B13F-2EE8D0FB917D): 9
LogDevObjectVersion:   Dev-Physics-Ext (35F94A83-E258-406C-A318-09F59610247C): 8
LogDevObjectVersion:   Dev-CineCamera (B2E18506-4273-CFC2-A54E-F4BB758BBA07): 1
LogInit: Presizing for max 25165824 objects, including 0 objects not considered by GC, pre-allocating 0 bytes for permanent pool.
LogInit: Object subsystem initialized
LogConfig: Setting CVar [[con.DebugEarlyDefault:1]]
LogConfig: Setting CVar [[r.setres:1280x720]]
[2020.05.09-15.35.54:367][  0]LogConfig: Setting CVar [[con.DebugEarlyDefault:1]]
[2020.05.09-15.35.54:367][  0]LogConfig: Setting CVar [[r.setres:1280x720]]
[2020.05.09-15.35.54:367][  0]LogConfig: Applying CVar settings from Section [/Script/Engine.RendererSettings] File [C:/Users/Tom/Documents/GitHub/PangeaRepo/PangeaMechanics/Saved/Config/Windows/Engine.ini]
[2020.05.09-15.35.54:367][  0]LogConfig: Setting CVar [[r.GPUCrashDebugging:0]]
[2020.05.09-15.35.54:367][  0]LogConfig: Applying CVar settings from Section [/Script/Engine.RendererOverrideSettings] File [C:/Users/Tom/Documents/GitHub/PangeaRepo/PangeaMechanics/Saved/Config/Windows/Engine.ini]
[2020.05.09-15.35.54:367][  0]LogConfig: Applying CVar settings from Section [/Script/Engine.StreamingSettings] File [C:/Users/Tom/Documents/GitHub/PangeaRepo/PangeaMechanics/Saved/Config/Windows/Engine.ini]
[2020.05.09-15.35.54:367][  0]LogConfig: Setting CVar [[s.MinBulkDataSizeForAsyncLoading:131072]]
[2020.05.09-15.35.54:367][  0]LogConfig: Setting CVar [[s.AsyncLoadingThreadEnabled:0]]
[2020.05.09-15.35.54:368][  0]LogConfig: Setting CVar [[s.EventDrivenLoaderEnabled:1]]
[2020.05.09-15.35.54:368][  0]LogConfig: Setting CVar [[s.WarnIfTimeLimitExceeded:0]]
[2020.05.09-15.35.54:368][  0]LogConfig: Setting CVar [[s.TimeLimitExceededMultiplier:1.5]]
[2020.05.09-15.35.54:368][  0]LogConfig: Setting CVar [[s.TimeLimitExceededMinTime:0.005]]
[2020.05.09-15.35.54:368][  0]LogConfig: Setting CVar [[s.UseBackgroundLevelStreaming:1]]
[2020.05.09-15.35.54:368][  0]LogConfig: Setting CVar [[s.PriorityAsyncLoadingExtraTime:15.0]]
[2020.05.09-15.35.54:368][  0]LogConfig: Setting CVar [[s.LevelStreamingActorsUpdateTimeLimit:5.0]]
[2020.05.09-15.35.54:368][  0]LogConfig: Setting CVar [[s.PriorityLevelStreamingActorsUpdateExtraTime:5.0]]
[2020.05.09-15.35.54:368][  0]LogConfig: Setting CVar [[s.LevelStreamingComponentsRegistrationGranularity:10]]
[2020.05.09-15.35.54:368][  0]LogConfig: Setting CVar [[s.UnregisterComponentsTimeLimit:1.0]]
[2020.05.09-15.35.54:368][  0]LogConfig: Setting CVar [[s.LevelStreamingComponentsUnregistrationGranularity:5]]
[2020.05.09-15.35.54:368][  0]LogConfig: Setting CVar [[s.FlushStreamingOnExit:1]]
[2020.05.09-15.35.54:368][  0]LogConfig: Applying CVar settings from Section [/Script/Engine.GarbageCollectionSettings] File [C:/Users/Tom/Documents/GitHub/PangeaRepo/PangeaMechanics/Saved/Config/Windows/Engine.ini]
[2020.05.09-15.35.54:368][  0]LogConfig: Setting CVar [[gc.MaxObjectsNotConsideredByGC:1]]
[2020.05.09-15.35.54:369][  0]LogConfig: Setting CVar [[gc.SizeOfPermanentObjectPool:0]]
[2020.05.09-15.35.54:369][  0]LogConfig: Setting CVar [[gc.FlushStreamingOnGC:0]]
[2020.05.09-15.35.54:369][  0]LogConfig: Setting CVar [[gc.NumRetriesBeforeForcingGC:10]]
[2020.05.09-15.35.54:369][  0]LogConfig: Setting CVar [[gc.AllowParallelGC:1]]
[2020.05.09-15.35.54:369][  0]LogConfig: Setting CVar [[gc.TimeBetweenPurgingPendingKillObjects:61.1]]
[2020.05.09-15.35.54:369][  0]LogConfig: Setting CVar [[gc.MaxObjectsInEditor:25165824]]
[2020.05.09-15.35.54:369][  0]LogConfig: Setting CVar [[gc.IncrementalBeginDestroyEnabled:1]]
[2020.05.09-15.35.54:369][  0]LogConfig: Setting CVar [[gc.CreateGCClusters:1]]
[2020.05.09-15.35.54:369][  0]LogConfig: Setting CVar [[gc.MinGCClusterSize:5]]
[2020.05.09-15.35.54:369][  0]LogConfig: Setting CVar [[gc.ActorClusteringEnabled:0]]
[2020.05.09-15.35.54:369][  0]LogConfig: Setting CVar [[gc.BlueprintClusteringEnabled:0]]
[2020.05.09-15.35.54:369][  0]LogConfig: Setting CVar [[gc.UseDisregardForGCOnDedicatedServers:0]]
[2020.05.09-15.35.54:369][  0]LogConfig: Applying CVar settings from Section [/Script/Engine.NetworkSettings] File [C:/Users/Tom/Documents/GitHub/PangeaRepo/PangeaMechanics/Saved/Config/Windows/Engine.ini]
[2020.05.09-15.35.54:369][  0]LogConfig: Applying CVar settings from Section [/Script/UnrealEd.CookerSettings] File [C:/Users/Tom/Documents/GitHub/PangeaRepo/PangeaMechanics/Saved/Config/Windows/Engine.ini]
[2020.05.09-15.35.54:375][  0]LogConfig: Applying CVar settings from Section [ViewDistanceQuality@3] File [C:/Users/Tom/Documents/GitHub/PangeaRepo/PangeaMechanics/Saved/Config/Windows/Scalability.ini]
[2020.05.09-15.35.54:375][  0]LogConfig: Setting CVar [[r.SkeletalMeshLODBias:0]]
[2020.05.09-15.35.54:375][  0]LogConfig: Setting CVar [[r.ViewDistanceScale:1.0]]
[2020.05.09-15.35.54:375][  0]LogConfig: Applying CVar settings from Section [AntiAliasingQuality@3] File [C:/Users/Tom/Documents/GitHub/PangeaRepo/PangeaMechanics/Saved/Config/Windows/Scalability.ini]
[2020.05.09-15.35.54:375][  0]LogConfig: Setting CVar [[r.PostProcessAAQuality:4]]
[2020.05.09-15.35.54:375][  0]LogConfig: Applying CVar settings from Section [ShadowQuality@3] File [C:/Users/Tom/Documents/GitHub/PangeaRepo/PangeaMechanics/Saved/Config/Windows/Scalability.ini]
[2020.05.09-15.35.54:375][  0]LogConfig: Setting CVar [[r.LightFunctionQuality:1]]
[2020.05.09-15.35.54:375][  0]LogConfig: Setting CVar [[r.ShadowQuality:5]]
[2020.05.09-15.35.54:375][  0]LogConfig: Setting CVar [[r.Shadow.CSM.MaxCascades:10]]
[2020.05.09-15.35.54:375][  0]LogConfig: Setting CVar [[r.Shadow.MaxResolution:2048]]
[2020.05.09-15.35.54:375][  0]LogConfig: Setting CVar [[r.Shadow.MaxCSMResolution:2048]]
[2020.05.09-15.35.54:375][  0]LogConfig: Setting CVar [[r.Shadow.RadiusThreshold:0.01]]
[2020.05.09-15.35.54:375][  0]LogConfig: Setting CVar [[r.Shadow.DistanceScale:1.0]]
[2020.05.09-15.35.54:375][  0]LogConfig: Setting CVar [[r.Shadow.CSM.TransitionScale:1.0]]
[2020.05.09-15.35.54:375][  0]LogConfig: Setting CVar [[r.Shadow.PreShadowResolutionFactor:1.0]]
[2020.05.09-15.35.54:375][  0]LogConfig: Setting CVar [[r.DistanceFieldShadowing:1]]
[2020.05.09-15.35.54:375][  0]LogConfig: Setting CVar [[r.DistanceFieldAO:1]]
[2020.05.09-15.35.54:375][  0]LogConfig: Setting CVar [[r.AOQuality:2]]
[2020.05.09-15.35.54:375][  0]LogConfig: Setting CVar [[r.VolumetricFog:1]]
[2020.05.09-15.35.54:375][  0]LogConfig: Setting CVar [[r.VolumetricFog.GridPixelSize:8]]
[2020.05.09-15.35.54:375][  0]LogConfig: Setting CVar [[r.VolumetricFog.GridSizeZ:128]]
[2020.05.09-15.35.54:375][  0]LogConfig: Setting CVar [[r.VolumetricFog.HistoryMissSupersampleCount:4]]
[2020.05.09-15.35.54:375][  0]LogConfig: Setting CVar [[r.LightMaxDrawDistanceScale:1]]
[2020.05.09-15.35.54:375][  0]LogConfig: Setting CVar [[r.CapsuleShadows:1]]
[2020.05.09-15.35.54:375][  0]LogConfig: Applying CVar settings from Section [PostProcessQuality@3] File [C:/Users/Tom/Documents/GitHub/PangeaRepo/PangeaMechanics/Saved/Config/Windows/Scalability.ini]
[2020.05.09-15.35.54:375][  0]LogConfig: Setting CVar [[r.MotionBlurQuality:4]]
[2020.05.09-15.35.54:375][  0]LogConfig: Setting CVar [[r.AmbientOcclusionMipLevelFactor:0.4]]
[2020.05.09-15.35.54:375][  0]LogConfig: Setting CVar [[r.AmbientOcclusionMaxQuality:100]]
[2020.05.09-15.35.54:375][  0]LogConfig: Setting CVar [[r.AmbientOcclusionLevels:-1]]
[2020.05.09-15.35.54:375][  0]LogConfig: Setting CVar [[r.AmbientOcclusionRadiusScale:1.0]]
[2020.05.09-15.35.54:375][  0]LogConfig: Setting CVar [[r.DepthOfFieldQuality:2]]
[2020.05.09-15.35.54:375][  0]LogConfig: Setting CVar [[r.RenderTargetPoolMin:400]]
[2020.05.09-15.35.54:375][  0]LogConfig: Setting CVar [[r.LensFlareQuality:2]]
[2020.05.09-15.35.54:375][  0]LogConfig: Setting CVar [[r.SceneColorFringeQuality:1]]
[2020.05.09-15.35.54:375][  0]LogConfig: Setting CVar [[r.EyeAdaptationQuality:2]]
[2020.05.09-15.35.54:375][  0]LogConfig: Setting CVar [[r.BloomQuality:5]]
[2020.05.09-15.35.54:375][  0]LogConfig: Setting CVar [[r.FastBlurThreshold:100]]
[2020.05.09-15.35.54:375][  0]LogConfig: Setting CVar [[r.Upscale.Quality:3]]
[2020.05.09-15.35.54:375][  0]LogConfig: Setting CVar [[r.Tonemapper.GrainQuantization:1]]
[2020.05.09-15.35.54:375][  0]LogConfig: Setting CVar [[r.LightShaftQuality:1]]
[2020.05.09-15.35.54:375][  0]LogConfig: Setting CVar [[r.Filter.SizeScale:1]]
[2020.05.09-15.35.54:375][  0]LogConfig: Setting CVar [[r.Tonemapper.Quality:5]]
[2020.05.09-15.35.54:375][  0]LogConfig: Setting CVar [[r.DOF.Gather.AccumulatorQuality:1        ; higher gathering accumulator quality]]
[2020.05.09-15.35.54:375][  0]LogConfig: Setting CVar [[r.DOF.Gather.PostfilterMethod:1          ; Median3x3 postfilering method]]
[2020.05.09-15.35.54:375][  0]LogConfig: Setting CVar [[r.DOF.Gather.EnableBokehSettings:0       ; no bokeh simulation when gathering]]
[2020.05.09-15.35.54:375][  0]LogConfig: Setting CVar [[r.DOF.Gather.RingCount:4                 ; medium number of samples when gathering]]
[2020.05.09-15.35.54:375][  0]LogConfig: Setting CVar [[r.DOF.Scatter.ForegroundCompositing:1    ; additive foreground scattering]]
[2020.05.09-15.35.54:375][  0]LogConfig: Setting CVar [[r.DOF.Scatter.BackgroundCompositing:2    ; additive background scattering]]
[2020.05.09-15.35.54:376][  0]LogConfig: Setting CVar [[r.DOF.Scatter.EnableBokehSettings:1      ; bokeh simulation when scattering]]
[2020.05.09-15.35.54:376][  0]LogConfig: Setting CVar [[r.DOF.Scatter.MaxSpriteRatio:0.1         ; only a maximum of 10% of scattered bokeh]]
[2020.05.09-15.35.54:376][  0]LogConfig: Setting CVar [[r.DOF.Recombine.Quality:1                ; cheap slight out of focus]]
[2020.05.09-15.35.54:376][  0]LogConfig: Setting CVar [[r.DOF.Recombine.EnableBokehSettings:0    ; no bokeh simulation on slight out of focus]]
[2020.05.09-15.35.54:376][  0]LogConfig: Setting CVar [[r.DOF.TemporalAAQuality:1                ; more stable temporal accumulation]]
[2020.05.09-15.35.54:376][  0]LogConfig: Setting CVar [[r.DOF.Kernel.MaxForegroundRadius:0.025]]
[2020.05.09-15.35.54:376][  0]LogConfig: Setting CVar [[r.DOF.Kernel.MaxBackgroundRadius:0.025]]
[2020.05.09-15.35.54:376][  0]LogConfig: Applying CVar settings from Section [TextureQuality@3] File [C:/Users/Tom/Documents/GitHub/PangeaRepo/PangeaMechanics/Saved/Config/Windows/Scalability.ini]
[2020.05.09-15.35.54:376][  0]LogConfig: Setting CVar [[r.Streaming.MipBias:0]]
[2020.05.09-15.35.54:376][  0]LogConfig: Setting CVar [[r.Streaming.AmortizeCPUToGPUCopy:0]]
[2020.05.09-15.35.54:376][  0]LogConfig: Setting CVar [[r.Streaming.MaxNumTexturesToStreamPerFrame:0]]
[2020.05.09-15.35.54:376][  0]LogConfig: Setting CVar [[r.Streaming.Boost:1]]
[2020.05.09-15.35.54:376][  0]LogConfig: Setting CVar [[r.MaxAnisotropy:8]]
[2020.05.09-15.35.54:376][  0]LogConfig: Setting CVar [[r.VT.MaxAnisotropy:8]]
[2020.05.09-15.35.54:376][  0]LogConfig: Setting CVar [[r.Streaming.LimitPoolSizeToVRAM:0]]
[2020.05.09-15.35.54:376][  0]LogConfig: Setting CVar [[r.Streaming.PoolSize:1000]]
[2020.05.09-15.35.54:376][  0]LogConfig: Setting CVar [[r.Streaming.MaxEffectiveScreenSize:0]]
[2020.05.09-15.35.54:376][  0]LogConfig: Applying CVar settings from Section [EffectsQuality@3] File [C:/Users/Tom/Documents/GitHub/PangeaRepo/PangeaMechanics/Saved/Config/Windows/Scalability.ini]
[2020.05.09-15.35.54:376][  0]LogConfig: Setting CVar [[r.TranslucencyLightingVolumeDim:64]]
[2020.05.09-15.35.54:376][  0]LogConfig: Setting CVar [[r.RefractionQuality:2]]
[2020.05.09-15.35.54:376][  0]LogConfig: Setting CVar [[r.SSR.Quality:3]]
[2020.05.09-15.35.54:376][  0]LogConfig: Setting CVar [[r.SSR.HalfResSceneColor:0]]
[2020.05.09-15.35.54:376][  0]LogConfig: Setting CVar [[r.SceneColorFormat:4]]
[2020.05.09-15.35.54:376][  0]LogConfig: Setting CVar [[r.DetailMode:2]]
[2020.05.09-15.35.54:376][  0]LogConfig: Setting CVar [[r.TranslucencyVolumeBlur:1]]
[2020.05.09-15.35.54:376][  0]LogConfig: Setting CVar [[r.MaterialQualityLevel:1 ; High quality]]
[2020.05.09-15.35.54:376][  0]LogConfig: Setting CVar [[r.SSS.Scale:1]]
[2020.05.09-15.35.54:376][  0]LogConfig: Setting CVar [[r.SSS.SampleSet:2]]
[2020.05.09-15.35.54:376][  0]LogConfig: Setting CVar [[r.SSS.Quality:1]]
[2020.05.09-15.35.54:376][  0]LogConfig: Setting CVar [[r.SSS.HalfRes:1]]
[2020.05.09-15.35.54:376][  0]LogConfig: Setting CVar [[r.SSGI.Quality:3]]
[2020.05.09-15.35.54:376][  0]LogConfig: Setting CVar [[r.EmitterSpawnRateScale:1.0]]
[2020.05.09-15.35.54:376][  0]LogConfig: Setting CVar [[r.ParticleLightQuality:2]]
[2020.05.09-15.35.54:376][  0]LogConfig: Setting CVar [[r.SkyAtmosphere.AerialPerspectiveLUT.FastApplyOnOpaque:1 ; Always have FastSkyLUT 1 in this case to avoid wrong sky]]
[2020.05.09-15.35.54:376][  0]LogConfig: Setting CVar [[r.SkyAtmosphere.AerialPerspectiveLUT.SampleCountPerSlice:1]]
[2020.05.09-15.35.54:376][  0]LogConfig: Setting CVar [[r.SkyAtmosphere.AerialPerspectiveLUT.DepthResolution:16.0]]
[2020.05.09-15.35.54:376][  0]LogConfig: Setting CVar [[r.SkyAtmosphere.FastSkyLUT:1]]
[2020.05.09-15.35.54:376][  0]LogConfig: Setting CVar [[r.SkyAtmosphere.FastSkyLUT.SampleCountMin:4.0]]
[2020.05.09-15.35.54:376][  0]LogConfig: Setting CVar [[r.SkyAtmosphere.FastSkyLUT.SampleCountMax:32.0]]
[2020.05.09-15.35.54:376][  0]LogConfig: Setting CVar [[r.SkyAtmosphere.SampleCountMin:4.0]]
[2020.05.09-15.35.54:376][  0]LogConfig: Setting CVar [[r.SkyAtmosphere.SampleCountMax:32.0]]
[2020.05.09-15.35.54:376][  0]LogConfig: Setting CVar [[r.SkyAtmosphere.TransmittanceLUT.UseSmallFormat:0]]
[2020.05.09-15.35.54:376][  0]LogConfig: Setting CVar [[r.SkyAtmosphere.TransmittanceLUT.SampleCount:10.0]]
[2020.05.09-15.35.54:376][  0]LogConfig: Setting CVar [[r.SkyAtmosphere.MultiScatteringLUT.SampleCount:15.0]]
[2020.05.09-15.35.54:376][  0]LogConfig: Applying CVar settings from Section [FoliageQuality@3] File [C:/Users/Tom/Documents/GitHub/PangeaRepo/PangeaMechanics/Saved/Config/Windows/Scalability.ini]
[2020.05.09-15.35.54:376][  0]LogConfig: Setting CVar [[foliage.DensityScale:1.0]]
[2020.05.09-15.35.54:377][  0]LogConfig: Setting CVar [[grass.DensityScale:1.0]]
[2020.05.09-15.35.54:377][  0]LogConfig: Applying CVar settings from Section [ShadingQuality@3] File [C:/Users/Tom/Documents/GitHub/PangeaRepo/PangeaMechanics/Saved/Config/Windows/Scalability.ini]
[2020.05.09-15.35.54:377][  0]LogConfig: Setting CVar [[r.HairStrands.SkyLighting.SampleCount:16]]
[2020.05.09-15.35.54:377][  0]LogConfig: Setting CVar [[r.HairStrands.SkyLighting.JitterIntegration:0]]
[2020.05.09-15.35.54:377][  0]LogConfig: Setting CVar [[r.HairStrands.SkyAO.SampleCount:16]]
[2020.05.09-15.35.54:377][  0]LogInit: Selected Device Profile: [Windows]
[2020.05.09-15.35.54:377][  0]LogInit: Applying CVar settings loaded from the selected device profile: [Windows]
[2020.05.09-15.35.54:390][  0]LogHAL: Display: Platform has ~ 8 GB [8416038912 / 8589934592 / 8], which maps to Default [LargestMinGB=32, LargerMinGB=12, DefaultMinGB=8, SmallerMinGB=6, SmallestMinGB=0)
[2020.05.09-15.35.54:390][  0]LogInit: Going up to parent DeviceProfile []
[2020.05.09-15.35.54:390][  0]LogConfig: Applying CVar settings from Section [ViewDistanceQuality@3] File [C:/Users/Tom/Documents/GitHub/PangeaRepo/PangeaMechanics/Saved/Config/Windows/Scalability.ini]
[2020.05.09-15.35.54:390][  0]LogConfig: Setting CVar [[r.SkeletalMeshLODBias:0]]
[2020.05.09-15.35.54:390][  0]LogConfig: Setting CVar [[r.ViewDistanceScale:1.0]]
[2020.05.09-15.35.54:390][  0]LogConfig: Applying CVar settings from Section [AntiAliasingQuality@3] File [C:/Users/Tom/Documents/GitHub/PangeaRepo/PangeaMechanics/Saved/Config/Windows/Scalability.ini]
[2020.05.09-15.35.54:390][  0]LogConfig: Setting CVar [[r.PostProcessAAQuality:4]]
[2020.05.09-15.35.54:390][  0]LogConfig: Applying CVar settings from Section [ShadowQuality@3] File [C:/Users/Tom/Documents/GitHub/PangeaRepo/PangeaMechanics/Saved/Config/Windows/Scalability.ini]
[2020.05.09-15.35.54:390][  0]LogConfig: Setting CVar [[r.LightFunctionQuality:1]]
[2020.05.09-15.35.54:390][  0]LogConfig: Setting CVar [[r.ShadowQuality:5]]
[2020.05.09-15.35.54:390][  0]LogConfig: Setting CVar [[r.Shadow.CSM.MaxCascades:10]]
[2020.05.09-15.35.54:390][  0]LogConfig: Setting CVar [[r.Shadow.MaxResolution:2048]]
[2020.05.09-15.35.54:390][  0]LogConfig: Setting CVar [[r.Shadow.MaxCSMResolution:2048]]
[2020.05.09-15.35.54:390][  0]LogConfig: Setting CVar [[r.Shadow.RadiusThreshold:0.01]]
[2020.05.09-15.35.54:390][  0]LogConfig: Setting CVar [[r.Shadow.DistanceScale:1.0]]
[2020.05.09-15.35.54:390][  0]LogConfig: Setting CVar [[r.Shadow.CSM.TransitionScale:1.0]]
[2020.05.09-15.35.54:390][  0]LogConfig: Setting CVar [[r.Shadow.PreShadowResolutionFactor:1.0]]
[2020.05.09-15.35.54:390][  0]LogConfig: Setting CVar [[r.DistanceFieldShadowing:1]]
[2020.05.09-15.35.54:390][  0]LogConfig: Setting CVar [[r.DistanceFieldAO:1]]
[2020.05.09-15.35.54:390][  0]LogConfig: Setting CVar [[r.AOQuality:2]]
[2020.05.09-15.35.54:390][  0]LogConfig: Setting CVar [[r.VolumetricFog:1]]
[2020.05.09-15.35.54:390][  0]LogConfig: Setting CVar [[r.VolumetricFog.GridPixelSize:8]]
[2020.05.09-15.35.54:390][  0]LogConfig: Setting CVar [[r.VolumetricFog.GridSizeZ:128]]
[2020.05.09-15.35.54:390][  0]LogConfig: Setting CVar [[r.VolumetricFog.HistoryMissSupersampleCount:4]]
[2020.05.09-15.35.54:390][  0]LogConfig: Setting CVar [[r.LightMaxDrawDistanceScale:1]]
[2020.05.09-15.35.54:390][  0]LogConfig: Setting CVar [[r.CapsuleShadows:1]]
[2020.05.09-15.35.54:390][  0]LogConfig: Applying CVar settings from Section [PostProcessQuality@3] File [C:/Users/Tom/Documents/GitHub/PangeaRepo/PangeaMechanics/Saved/Config/Windows/Scalability.ini]
[2020.05.09-15.35.54:390][  0]LogConfig: Setting CVar [[r.MotionBlurQuality:4]]
[2020.05.09-15.35.54:390][  0]LogConfig: Setting CVar [[r.AmbientOcclusionMipLevelFactor:0.4]]
[2020.05.09-15.35.54:390][  0]LogConfig: Setting CVar [[r.AmbientOcclusionMaxQuality:100]]
[2020.05.09-15.35.54:390][  0]LogConfig: Setting CVar [[r.AmbientOcclusionLevels:-1]]
[2020.05.09-15.35.54:390][  0]LogConfig: Setting CVar [[r.AmbientOcclusionRadiusScale:1.0]]
[2020.05.09-15.35.54:390][  0]LogConfig: Setting CVar [[r.DepthOfFieldQuality:2]]
[2020.05.09-15.35.54:390][  0]LogConfig: Setting CVar [[r.RenderTargetPoolMin:400]]
[2020.05.09-15.35.54:390][  0]LogConfig: Setting CVar [[r.LensFlareQuality:2]]
[2020.05.09-15.35.54:390][  0]LogConfig: Setting CVar [[r.SceneColorFringeQuality:1]]
[2020.05.09-15.35.54:390][  0]LogConfig: Setting CVar [[r.EyeAdaptationQuality:2]]
[2020.05.09-15.35.54:391][  0]LogConfig: Setting CVar [[r.BloomQuality:5]]
[2020.05.09-15.35.54:391][  0]LogConfig: Setting CVar [[r.FastBlurThreshold:100]]
[2020.05.09-15.35.54:391][  0]LogConfig: Setting CVar [[r.Upscale.Quality:3]]
[2020.05.09-15.35.54:391][  0]LogConfig: Setting CVar [[r.Tonemapper.GrainQuantization:1]]
[2020.05.09-15.35.54:391][  0]LogConfig: Setting CVar [[r.LightShaftQuality:1]]
[2020.05.09-15.35.54:391][  0]LogConfig: Setting CVar [[r.Filter.SizeScale:1]]
[2020.05.09-15.35.54:391][  0]LogConfig: Setting CVar [[r.Tonemapper.Quality:5]]
[2020.05.09-15.35.54:391][  0]LogConfig: Setting CVar [[r.DOF.Gather.AccumulatorQuality:1        ; higher gathering accumulator quality]]
[2020.05.09-15.35.54:391][  0]LogConfig: Setting CVar [[r.DOF.Gather.PostfilterMethod:1          ; Median3x3 postfilering method]]
[2020.05.09-15.35.54:391][  0]LogConfig: Setting CVar [[r.DOF.Gather.EnableBokehSettings:0       ; no bokeh simulation when gathering]]
[2020.05.09-15.35.54:391][  0]LogConfig: Setting CVar [[r.DOF.Gather.RingCount:4                 ; medium number of samples when gathering]]
[2020.05.09-15.35.54:391][  0]LogConfig: Setting CVar [[r.DOF.Scatter.ForegroundCompositing:1    ; additive foreground scattering]]
[2020.05.09-15.35.54:391][  0]LogConfig: Setting CVar [[r.DOF.Scatter.BackgroundCompositing:2    ; additive background scattering]]
[2020.05.09-15.35.54:391][  0]LogConfig: Setting CVar [[r.DOF.Scatter.EnableBokehSettings:1      ; bokeh simulation when scattering]]
[2020.05.09-15.35.54:391][  0]LogConfig: Setting CVar [[r.DOF.Scatter.MaxSpriteRatio:0.1         ; only a maximum of 10% of scattered bokeh]]
[2020.05.09-15.35.54:391][  0]LogConfig: Setting CVar [[r.DOF.Recombine.Quality:1                ; cheap slight out of focus]]
[2020.05.09-15.35.54:391][  0]LogConfig: Setting CVar [[r.DOF.Recombine.EnableBokehSettings:0    ; no bokeh simulation on slight out of focus]]
[2020.05.09-15.35.54:391][  0]LogConfig: Setting CVar [[r.DOF.TemporalAAQuality:1                ; more stable temporal accumulation]]
[2020.05.09-15.35.54:391][  0]LogConfig: Setting CVar [[r.DOF.Kernel.MaxForegroundRadius:0.025]]
[2020.05.09-15.35.54:391][  0]LogConfig: Setting CVar [[r.DOF.Kernel.MaxBackgroundRadius:0.025]]
[2020.05.09-15.35.54:391][  0]LogConfig: Applying CVar settings from Section [TextureQuality@3] File [C:/Users/Tom/Documents/GitHub/PangeaRepo/PangeaMechanics/Saved/Config/Windows/Scalability.ini]
[2020.05.09-15.35.54:391][  0]LogConfig: Setting CVar [[r.Streaming.MipBias:0]]
[2020.05.09-15.35.54:391][  0]LogConfig: Setting CVar [[r.Streaming.AmortizeCPUToGPUCopy:0]]
[2020.05.09-15.35.54:391][  0]LogConfig: Setting CVar [[r.Streaming.MaxNumTexturesToStreamPerFrame:0]]
[2020.05.09-15.35.54:391][  0]LogConfig: Setting CVar [[r.Streaming.Boost:1]]
[2020.05.09-15.35.54:391][  0]LogConfig: Setting CVar [[r.MaxAnisotropy:8]]
[2020.05.09-15.35.54:391][  0]LogConfig: Setting CVar [[r.VT.MaxAnisotropy:8]]
[2020.05.09-15.35.54:391][  0]LogConfig: Setting CVar [[r.Streaming.LimitPoolSizeToVRAM:0]]
[2020.05.09-15.35.54:391][  0]LogConfig: Setting CVar [[r.Streaming.PoolSize:1000]]
[2020.05.09-15.35.54:391][  0]LogConfig: Setting CVar [[r.Streaming.MaxEffectiveScreenSize:0]]
[2020.05.09-15.35.54:391][  0]LogConfig: Applying CVar settings from Section [EffectsQuality@3] File [C:/Users/Tom/Documents/GitHub/PangeaRepo/PangeaMechanics/Saved/Config/Windows/Scalability.ini]
[2020.05.09-15.35.54:391][  0]LogConfig: Setting CVar [[r.TranslucencyLightingVolumeDim:64]]
[2020.05.09-15.35.54:391][  0]LogConfig: Setting CVar [[r.RefractionQuality:2]]
[2020.05.09-15.35.54:391][  0]LogConfig: Setting CVar [[r.SSR.Quality:3]]
[2020.05.09-15.35.54:391][  0]LogConfig: Setting CVar [[r.SSR.HalfResSceneColor:0]]
[2020.05.09-15.35.54:391][  0]LogConfig: Setting CVar [[r.SceneColorFormat:4]]
[2020.05.09-15.35.54:391][  0]LogConfig: Setting CVar [[r.DetailMode:2]]
[2020.05.09-15.35.54:391][  0]LogConfig: Setting CVar [[r.TranslucencyVolumeBlur:1]]
[2020.05.09-15.35.54:391][  0]LogConfig: Setting CVar [[r.MaterialQualityLevel:1 ; High quality]]
[2020.05.09-15.35.54:391][  0]LogConfig: Setting CVar [[r.SSS.Scale:1]]
[2020.05.09-15.35.54:391][  0]LogConfig: Setting CVar [[r.SSS.SampleSet:2]]
[2020.05.09-15.35.54:391][  0]LogConfig: Setting CVar [[r.SSS.Quality:1]]
[2020.05.09-15.35.54:391][  0]LogConfig: Setting CVar [[r.SSS.HalfRes:1]]
[2020.05.09-15.35.54:391][  0]LogConfig: Setting CVar [[r.SSGI.Quality:3]]
[2020.05.09-15.35.54:391][  0]LogConfig: Setting CVar [[r.EmitterSpawnRateScale:1.0]]
[2020.05.09-15.35.54:391][  0]LogConfig: Setting CVar [[r.ParticleLightQuality:2]]
[2020.05.09-15.35.54:391][  0]LogConfig: Setting CVar [[r.SkyAtmosphere.AerialPerspectiveLUT.FastApplyOnOpaque:1 ; Always have FastSkyLUT 1 in this case to avoid wrong sky]]
[2020.05.09-15.35.54:391][  0]LogConfig: Setting CVar [[r.SkyAtmosphere.AerialPerspectiveLUT.SampleCountPerSlice:1]]
[2020.05.09-15.35.54:391][  0]LogConfig: Setting CVar [[r.SkyAtmosphere.AerialPerspectiveLUT.DepthResolution:16.0]]
[2020.05.09-15.35.54:391][  0]LogConfig: Setting CVar [[r.SkyAtmosphere.FastSkyLUT:1]]
[2020.05.09-15.35.54:391][  0]LogConfig: Setting CVar [[r.SkyAtmosphere.FastSkyLUT.SampleCountMin:4.0]]
[2020.05.09-15.35.54:391][  0]LogConfig: Setting CVar [[r.SkyAtmosphere.FastSkyLUT.SampleCountMax:32.0]]
[2020.05.09-15.35.54:391][  0]LogConfig: Setting CVar [[r.SkyAtmosphere.SampleCountMin:4.0]]
[2020.05.09-15.35.54:391][  0]LogConfig: Setting CVar [[r.SkyAtmosphere.SampleCountMax:32.0]]
[2020.05.09-15.35.54:391][  0]LogConfig: Setting CVar [[r.SkyAtmosphere.TransmittanceLUT.UseSmallFormat:0]]
[2020.05.09-15.35.54:391][  0]LogConfig: Setting CVar [[r.SkyAtmosphere.TransmittanceLUT.SampleCount:10.0]]
[2020.05.09-15.35.54:391][  0]LogConfig: Setting CVar [[r.SkyAtmosphere.MultiScatteringLUT.SampleCount:15.0]]
[2020.05.09-15.35.54:391][  0]LogConfig: Applying CVar settings from Section [FoliageQuality@3] File [C:/Users/Tom/Documents/GitHub/PangeaRepo/PangeaMechanics/Saved/Config/Windows/Scalability.ini]
[2020.05.09-15.35.54:391][  0]LogConfig: Setting CVar [[foliage.DensityScale:1.0]]
[2020.05.09-15.35.54:391][  0]LogConfig: Setting CVar [[grass.DensityScale:1.0]]
[2020.05.09-15.35.54:391][  0]LogConfig: Applying CVar settings from Section [ShadingQuality@3] File [C:/Users/Tom/Documents/GitHub/PangeaRepo/PangeaMechanics/Saved/Config/Windows/Scalability.ini]
[2020.05.09-15.35.54:391][  0]LogConfig: Setting CVar [[r.HairStrands.SkyLighting.SampleCount:16]]
[2020.05.09-15.35.54:391][  0]LogConfig: Setting CVar [[r.HairStrands.SkyLighting.JitterIntegration:0]]
[2020.05.09-15.35.54:391][  0]LogConfig: Setting CVar [[r.HairStrands.SkyAO.SampleCount:16]]
[2020.05.09-15.35.54:391][  0]LogConfig: Applying CVar settings from Section [Startup] File [../../../Engine/Config/ConsoleVariables.ini]
[2020.05.09-15.35.54:392][  0]LogConfig: Setting CVar [[net.UseAdaptiveNetUpdateFrequency:0]]
[2020.05.09-15.35.54:392][  0]LogConfig: Setting CVar [[p.chaos.AllowCreatePhysxBodies:1]]
[2020.05.09-15.35.54:392][  0]LogConfig: Applying CVar settings from Section [ConsoleVariables] File [C:/Users/Tom/Documents/GitHub/PangeaRepo/PangeaMechanics/Saved/Config/Windows/Engine.ini]
[2020.05.09-15.35.54:392][  0]LogInit: Computer: DESKTOP-B76AR38
[2020.05.09-15.35.54:392][  0]LogInit: User: Tom
[2020.05.09-15.35.54:392][  0]LogInit: CPU Page size=4096, Cores=4
[2020.05.09-15.35.54:392][  0]LogInit: High frequency timer resolution =10.000000 MHz
[2020.05.09-15.35.54:392][  0]LogMemory: Memory total: Physical=7.8GB (8GB approx)
[2020.05.09-15.35.54:392][  0]LogMemory: Platform Memory Stats for Windows
[2020.05.09-15.35.54:392][  0]LogMemory: Process Physical Memory: 105.69 MB used, 105.69 MB peak
[2020.05.09-15.35.54:392][  0]LogMemory: Process Virtual Memory: 100.59 MB used, 100.59 MB peak
[2020.05.09-15.35.54:392][  0]LogMemory: Physical Memory: 5131.99 MB used,  2894.17 MB free, 8026.16 MB total
[2020.05.09-15.35.54:392][  0]LogMemory: Virtual Memory: 5137.57 MB used,  134212592.00 MB free, 134217728.00 MB total
[2020.05.09-15.35.54:407][  0]LogWindows: WindowsPlatformFeatures enabled
[2020.05.09-15.35.54:437][  0]LogInit: Using OS detected language (en-GB).
[2020.05.09-15.35.54:437][  0]LogInit: Using OS detected locale (en-GB).
[2020.05.09-15.35.54:438][  0]LogTextLocalizationManager: No specific localization for 'en-GB' exists, so the 'en' localization will be used.
[2020.05.09-15.35.54:755][  0]LogSlate: New Slate User Created.  User Index 0, Is Virtual User: 0
[2020.05.09-15.35.54:755][  0]LogSlate: Slate User Registered.  User Index 0, Is Virtual User: 0
[2020.05.09-15.35.54:783][  0]LogHMD: Failed to initialize OpenVR with code 110
[2020.05.09-15.35.54:783][  0]LogD3D11RHI: D3D11 min allowed feature level: 11_0
[2020.05.09-15.35.54:783][  0]LogD3D11RHI: D3D11 max allowed feature level: 11_0
[2020.05.09-15.35.54:783][  0]LogD3D11RHI: D3D11 adapters:
[2020.05.09-15.35.54:842][  0]LogD3D11RHI:    0. 'Intel(R) UHD Graphics 620' (Feature Level 11_0)
[2020.05.09-15.35.54:842][  0]LogD3D11RHI:       128/0/4013 MB DedicatedVideo/DedicatedSystem/SharedSystem, Outputs:1, VendorId:0x8086
[2020.05.09-15.35.54:849][  0]LogD3D11RHI:    1. 'Microsoft Basic Render Driver' (Feature Level 11_0)
[2020.05.09-15.35.54:849][  0]LogD3D11RHI:       0/0/4013 MB DedicatedVideo/DedicatedSystem/SharedSystem, Outputs:0, VendorId:0x1414
[2020.05.09-15.35.54:849][  0]LogD3D11RHI: Chosen D3D11 Adapter: 0
[2020.05.09-15.35.54:856][  0]LogD3D11RHI: Creating new Direct3DDevice
[2020.05.09-15.35.54:856][  0]LogD3D11RHI:     GPU DeviceId: 0x5917 (for the marketing name, search the web for "GPU Device Id")
[2020.05.09-15.35.54:856][  0]LogWindows: EnumDisplayDevices:
[2020.05.09-15.35.54:856][  0]LogWindows:    0. 'Intel(R) UHD Graphics 620' (P:1 D:1)
[2020.05.09-15.35.54:856][  0]LogWindows:    1. 'Intel(R) UHD Graphics 620' (P:0 D:0)
[2020.05.09-15.35.54:857][  0]LogWindows:    2. 'Intel(R) UHD Graphics 620' (P:0 D:0)
[2020.05.09-15.35.54:857][  0]LogWindows: DebugString: FoundDriverCount:3 
[2020.05.09-15.35.54:857][  0]LogD3D11RHI:     Adapter Name: Intel(R) UHD Graphics 620
[2020.05.09-15.35.54:857][  0]LogD3D11RHI:   Driver Version: 25.20.100.6446 (internal:25.20.100.6446, unified:25.20.100.6446)
[2020.05.09-15.35.54:857][  0]LogD3D11RHI:      Driver Date: 11-19-2018
[2020.05.09-15.35.54:857][  0]LogRHI: Texture pool is 1494 MB (70% of 2134 MB)
[2020.05.09-15.35.54:935][  0]LogD3D11RHI: RHI does not have support for 64 bit atomics
[2020.05.09-15.35.54:937][  0]LogD3D11RHI: [IntelMetricsDiscovery] Started
[2020.05.09-15.35.54:937][  0]LogD3D11RHI: Async texture creation enabled
[2020.05.09-15.35.54:959][  0]LogD3D11RHI: GPU Timing Frequency: 12.000048 (Debug: 2 0)
[2020.05.09-15.35.55:523][  0]LogTargetPlatformManager: Display: Loaded TargetPlatform 'WindowsNoEditor'
[2020.05.09-15.35.55:525][  0]LogTargetPlatformManager: Display: Loaded TargetPlatform 'Windows'
[2020.05.09-15.35.55:541][  0]LogTargetPlatformManager: Display: Loaded TargetPlatform 'WindowsClient'
[2020.05.09-15.35.55:552][  0]LogTargetPlatformManager: Display: Loaded TargetPlatform 'WindowsServer'
[2020.05.09-15.35.55:552][  0]LogTargetPlatformManager: Display: Building Assets For Windows
[2020.05.09-15.35.55:555][  0]LogAudioDebug: Display: Lib vorbis DLL was dynamically loaded.
[2020.05.09-15.35.55:598][  0]LogShaderCompilers: Guid format shader working directory is -27 characters bigger than the processId version (../../../../../../Users/Tom/Documents/GitHub/PangeaRepo/PangeaMechanics/Intermediate/Shaders/WorkingDirectory/5052/).
[2020.05.09-15.35.55:600][  0]LogShaderCompilers: Cleaned the shader compiler working directory 'C:/Users/Tom/AppData/Local/Temp/UnrealShaderWorkingDir/CC088B0C495707685E6F3C9D7B0667DA/'.
[2020.05.09-15.35.55:603][  0]LogXGEController: Cannot use XGE Controller as Incredibuild is not installed on this machine.
[2020.05.09-15.35.55:603][  0]LogShaderCompilers: Cannot use XGE Shader Compiler as Incredibuild is not installed on this machine.
[2020.05.09-15.35.55:603][  0]LogShaderCompilers: Display: Using Local Shader Compiler.
[2020.05.09-15.35.56:816][  0]LogDerivedDataCache: Display: Max Cache Size: 512 MB
[2020.05.09-15.35.56:950][  0]LogDerivedDataCache: Loaded boot cache 0.13s 82MB C:/Users/Tom/AppData/Local/UnrealEngine/4.24/DerivedDataCache/Boot.ddc.
[2020.05.09-15.35.56:950][  0]LogDerivedDataCache: Display: Loaded Boot cache: C:/Users/Tom/AppData/Local/UnrealEngine/4.24/DerivedDataCache/Boot.ddc
[2020.05.09-15.35.56:951][  0]LogDerivedDataCache: FDerivedDataBackendGraph:  Pak pak cache file ../../../../../../Users/Tom/Documents/GitHub/PangeaRepo/PangeaMechanics/DerivedDataCache/DDC.ddp not found, will not use a pak cache.
[2020.05.09-15.35.56:951][  0]LogDerivedDataCache: Unable to find inner node Pak for hierarchical cache Hierarchy.
[2020.05.09-15.35.56:951][  0]LogDerivedDataCache: FDerivedDataBackendGraph:  CompressedPak pak cache file ../../../../../../Users/Tom/Documents/GitHub/PangeaRepo/PangeaMechanics/DerivedDataCache/Compressed.ddp not found, will not use a pak cache.
[2020.05.09-15.35.56:951][  0]LogDerivedDataCache: Unable to find inner node CompressedPak for hierarchical cache Hierarchy.
[2020.05.09-15.35.56:960][  0]LogDerivedDataCache: Display: Pak cache opened for reading ../../../Engine/DerivedDataCache/Compressed.ddp.
[2020.05.09-15.35.56:961][  0]LogDerivedDataCache: FDerivedDataBackendGraph:  EnterprisePak pak cache file ../../../Enterprise/DerivedDataCache/Compressed.ddp not found, will not use a pak cache.
[2020.05.09-15.35.56:961][  0]LogDerivedDataCache: Unable to find inner node EnterprisePak for hierarchical cache Hierarchy.
[2020.05.09-15.35.56:967][  0]LogDerivedDataCache: Using Local data cache path C:/Users/Tom/AppData/Local/UnrealEngine/Common/DerivedDataCache: Writable
[2020.05.09-15.35.56:967][  0]LogDerivedDataCache: Shared data cache path not found in *engine.ini, will not use an Shared cache.
[2020.05.09-15.35.56:967][  0]LogDerivedDataCache: Unable to find inner node Shared for hierarchical cache Hierarchy.
[2020.05.09-15.35.57:001][  0]LogMaterial: Verifying Global Shaders for PCD3D_SM5
[2020.05.09-15.35.57:003][  0]LogSlate: Using FreeType 2.10.0
[2020.05.09-15.35.57:004][  0]LogSlate: SlateFontServices - WITH_FREETYPE: 1, WITH_HARFBUZZ: 1
[2020.05.09-15.35.57:272][  0]LogInit: Using OS detected language (en-GB).
[2020.05.09-15.35.57:272][  0]LogInit: Using OS detected locale (en-GB).
[2020.05.09-15.35.57:272][  0]LogTextLocalizationManager: No localization for 'en-GB' exists, so 'en' will be used for the language.
[2020.05.09-15.35.57:273][  0]LogTextLocalizationManager: No localization for 'en-GB' exists, so 'en' will be used for the locale.
[2020.05.09-15.35.57:274][  0]LogSlate: FontCache flush requested. Reason: Culture for localization was changed
[2020.05.09-15.35.57:274][  0]LogSlate: FontCache flush requested. Reason: Culture for localization was changed
[2020.05.09-15.35.57:281][  0]LogTextLocalizationManager: Compacting localization data took   0.03ms
[2020.05.09-15.35.57:297][  0]LogAssetRegistry: FAssetRegistry took 0.0124 seconds to start up
[2020.05.09-15.35.57:767][  0]LogPackageLocalizationCache: Processed 10 localized package path(s) for 1 prioritized culture(s) in 0.004130 seconds
[2020.05.09-15.35.57:951][  0]LogInit: Selected Device Profile: [Windows]
[2020.05.09-15.35.58:250][  0]LogMeshReduction: Using QuadricMeshReduction for automatic static mesh reduction
[2020.05.09-15.35.58:250][  0]LogMeshReduction: Using SimplygonMeshReduction for automatic skeletal mesh reduction
[2020.05.09-15.35.58:250][  0]LogMeshReduction: Using ProxyLODMeshReduction for automatic mesh merging
[2020.05.09-15.35.58:250][  0]LogMeshReduction: No distributed automatic mesh merging module available
[2020.05.09-15.35.58:250][  0]LogMeshMerging: No distributed automatic mesh merging module available
[2020.05.09-15.35.58:270][  0]LogNetVersion: PangeaMechanics 1.0.0, NetCL: 10570792, EngineNetVer: 13, GameNetVer: 0 (Checksum: 2073095031)
[2020.05.09-15.35.59:317][  0]LogMoviePlayer: Initializing movie player
[2020.05.09-15.35.59:459][  0]LogTcpMessaging: Initializing TcpMessaging bridge
[2020.05.09-15.35.59:461][  0]LogUdpMessaging: Initializing bridge on interface 0.0.0.0:0 to multicast group 230.0.0.1:6666.
[2020.05.09-15.35.59:653][  0]SourceControl: Source control is disabled
[2020.05.09-15.35.59:653][  0]SourceControl: Source control is disabled
[2020.05.09-15.35.59:654][  0]SourceControl: Source control is disabled
[2020.05.09-15.35.59:690][  0]LogAndroidPermission: UAndroidPermissionCallbackProxy::GetInstance
[2020.05.09-15.35.59:701][  0]LogAudioCaptureCore: Display: No Audio Capture implementations found. Audio input will be silent.
[2020.05.09-15.35.59:701][  0]LogAudioCaptureCore: Display: No Audio Capture implementations found. Audio input will be silent.
[2020.05.09-15.35.59:785][  0]LogOcInput: OculusInput pre-init called
[2020.05.09-15.35.59:798][  0]LogUObjectArray: 53541 objects as part of root set at end of initial load.
[2020.05.09-15.35.59:798][  0]LogUObjectAllocator: 9681832 out of 0 bytes used by permanent object pool.
[2020.05.09-15.35.59:798][  0]LogUObjectArray: CloseDisregardForGC: 0/0 objects in disregard for GC pool
[2020.05.09-15.35.59:865][  0]LogEngine: Initializing Engine...
[2020.05.09-15.35.59:867][  0]LogHMD: Failed to initialize OpenVR with code 110
[2020.05.09-15.35.59:868][  0]LogStats: UGameplayTagsManager::InitializeManager -  0.000 s
[2020.05.09-15.36.00:193][  0]LogInit: Initializing FReadOnlyCVARCache
[2020.05.09-15.36.00:201][  0]LogAudioMixer: Display: Audio Mixer Platform Settings:
[2020.05.09-15.36.00:201][  0]LogAudioMixer: Display: 	Sample Rate:						  48000
[2020.05.09-15.36.00:201][  0]LogAudioMixer: Display: 	Callback Buffer Frame Size Requested: 1024
[2020.05.09-15.36.00:202][  0]LogAudioMixer: Display: 	Callback Buffer Frame Size To Use:	  1024
[2020.05.09-15.36.00:202][  0]LogAudioMixer: Display: 	Number of buffers to queue:			  2
[2020.05.09-15.36.00:202][  0]LogAudioMixer: Display: 	Max Channels (voices):				  32
[2020.05.09-15.36.00:202][  0]LogAudioMixer: Display: 	Number of Async Source Workers:		  0
[2020.05.09-15.36.00:202][  0]LogAudio: Display: AudioDevice MaxSources: 32
[2020.05.09-15.36.00:203][  0]LogAudio: Display: Using built-in audio occlusion.
[2020.05.09-15.36.00:203][  0]LogAudioMixer: Display: Initializing audio mixer.
[2020.05.09-15.36.00:232][  0]LogAudioMixer: Display: Audio Device Output Speaker Info:
[2020.05.09-15.36.00:232][  0]LogAudioMixer: Display: Name: Speaker/Headphone (Realtek(R) Audio)
[2020.05.09-15.36.00:232][  0]LogAudioMixer: Display: Is Default: Yes
[2020.05.09-15.36.00:232][  0]LogAudioMixer: Display: Sample Rate: 48000
[2020.05.09-15.36.00:232][  0]LogAudioMixer: Display: Channel Count Used: 2
[2020.05.09-15.36.00:232][  0]LogAudioMixer: Display: Device Channel Count: 2
[2020.05.09-15.36.00:232][  0]LogAudioMixer: Display: Channel Order:
[2020.05.09-15.36.00:232][  0]LogAudioMixer: Display: 0: FrontLeft
[2020.05.09-15.36.00:232][  0]LogAudioMixer: Display: 1: FrontRight
[2020.05.09-15.36.00:283][  0]LogAudioMixer: Display: Using Audio Device Speaker/Headphone (Realtek(R) Audio)
[2020.05.09-15.36.00:292][  0]LogInit: FAudioDevice initialized.
[2020.05.09-15.36.00:292][  0]LogNetVersion: Set ProjectVersion to 1.0.0.0. Version Checksum will be recalculated on next use.
[2020.05.09-15.36.00:294][  0]LogInit: Texture streaming: Enabled
[2020.05.09-15.36.00:487][  0]LogSlate: Updating window title bar state: overlay mode, drag disabled, window buttons hidden, title bar hidden
[2020.05.09-15.36.00:515][  0]LogInit: Display: Game Engine Initialized.
[2020.05.09-15.36.00:529][  0]LogInit: Display: Starting Game.
[2020.05.09-15.36.00:530][  0]LogNet: Browse: /Game/ThirdPersonCPP/Maps/TamingPrototypeTG?Name=Player
[2020.05.09-15.36.00:530][  0]LogLoad: LoadMap: /Game/ThirdPersonCPP/Maps/TamingPrototypeTG?Name=Player
[2020.05.09-15.36.00:530][  0]LogWorld: BeginTearingDown for /Temp/Untitled_0
[2020.05.09-15.36.00:575][  0]LogWorld: UWorld::CleanupWorld for Untitled, bSessionEnded=true, bCleanupResources=true
[2020.05.09-15.36.00:576][  0]LogSlate: InvalidateAllWidgets triggered.  All widgets were invalidated
[2020.05.09-15.36.00:619][  0]LogAudioMixer: Display: No commands were queued while flushing the source manager.
[2020.05.09-15.36.00:621][  0]LogUObjectHash: Compacting FUObjectHashTables data took   1.97ms
[2020.05.09-15.36.00:798][  0]LogAIModule: Creating AISystem for world TamingPrototypeTG
[2020.05.09-15.36.00:799][  0]LogLoad: Game class is 'PangeaMechanicsGameMode'
[2020.05.09-15.36.00:804][  0]LogWorld: Bringing World /Game/ThirdPersonCPP/Maps/TamingPrototypeTG.TamingPrototypeTG up for play (max tick rate 0) at 2020.05.09-16.36.00
[2020.05.09-15.36.00:842][  0]LogWorld: Bringing up level for play took: 0.041684
[2020.05.09-15.36.00:854][  0]LogLoad: Took 0.324178 seconds to LoadMap(/Game/ThirdPersonCPP/Maps/TamingPrototypeTG)
[2020.05.09-15.36.00:968][  0]LogRenderer: Reallocating scene render targets to support 1280x720 Format 10 NumSamples 1 (Frame:1).
[2020.05.09-15.36.00:968][  0]LogLoad: (Engine Initialization) Total time: 8.94 seconds
[2020.05.09-15.36.00:968][  0]LogLoad: (Engine Initialization) Total Blueprint compile time: 0.00 seconds
[2020.05.09-15.36.01:947][  0]LogContentStreaming: Texture pool size now 1000 MB
[2020.05.09-15.36.01:951][  0]LogSlate: InvalidateAllWidgets triggered.  All widgets were invalidated
[2020.05.09-15.36.02:309][  0]LogRenderer: Reallocating scene render targets to support 128x128 Format 10 NumSamples 1 (Frame:1).
[2020.05.09-15.36.02:614][  0]LogRenderer: Reallocating scene render targets to support 1280x720 Format 10 NumSamples 1 (Frame:2).
[2020.05.09-15.36.13:591][230]LogTemp: 80.783165
[2020.05.09-15.36.13:629][231]LogTemp: 65.507339
[2020.05.09-15.36.13:674][232]LogTemp: 49.889278
[2020.05.09-15.36.13:713][233]LogTemp: 37.255821
[2020.05.09-15.36.13:760][234]LogTemp: 27.180794
[2020.05.09-15.36.13:799][235]LogTemp: 19.904699
[2020.05.09-15.36.13:847][236]LogTemp: 13.794493
[2020.05.09-15.36.13:890][237]LogTemp: 8.861834
[2020.05.09-15.36.13:932][238]LogTemp: 4.629208
[2020.05.09-15.36.13:978][239]LogTemp: 4.739433
[2020.05.09-15.36.14:025][240]LogTemp: 4.971611
[2020.05.09-15.36.14:066][241]LogTemp: 5.032314
[2020.05.09-15.36.14:107][242]LogTemp: 1.038055
[2020.05.09-15.36.14:194][243]LogTemp: 1.038055
[2020.05.09-15.36.14:199][244]LogTemp: 1.038055
[2020.05.09-15.36.14:236][245]LogTemp: 1.038055
[2020.05.09-15.36.14:279][246]LogTemp: 1.038055
[2020.05.09-15.36.14:319][247]LogTemp: 1.038055
[2020.05.09-15.36.14:367][248]LogTemp: 1.038055
[2020.05.09-15.36.14:406][249]LogTemp: 1.038055
[2020.05.09-15.36.14:457][250]LogTemp: 1.038055
[2020.05.09-15.36.14:492][251]LogTemp: 1.038055
[2020.05.09-15.36.14:532][252]LogTemp: 1.038055
[2020.05.09-15.36.14:576][253]LogTemp: 1.038055
[2020.05.09-15.36.14:616][254]LogTemp: 1.608932
[2020.05.09-15.36.14:664][255]LogTemp: 3.127270
[2020.05.09-15.36.14:707][256]LogTemp: 5.264763
[2020.05.09-15.36.14:748][257]LogTemp: 4.037590
[2020.05.09-15.36.14:807][258]LogTemp: 8.974838
[2020.05.09-15.36.14:891][259]LogTemp: 9.396126
[2020.05.09-15.36.14:896][260]LogTemp: 10.816093
[2020.05.09-15.36.14:936][261]LogTemp: 10.275593
[2020.05.09-15.36.14:975][262]LogTemp: 9.653362
[2020.05.09-15.36.15:021][263]LogTemp: 9.479057
[2020.05.09-15.36.15:062][264]LogTemp: 8.868084
[2020.05.09-15.36.15:109][265]LogTemp: 8.478096
[2020.05.09-15.36.15:149][266]LogTemp: 7.370750
[2020.05.09-15.36.15:283][267]LogTemp: 6.591431
[2020.05.09-15.36.15:288][268]LogTemp: 8.432442
[2020.05.09-15.36.15:299][269]LogTemp: 5.087280
[2020.05.09-15.36.15:343][270]LogTemp: 3.494377
[2020.05.09-15.36.15:393][271]LogTemp: 6.024261
[2020.05.09-15.36.15:432][272]LogTemp: 3.939209
[2020.05.09-15.36.15:480][273]LogTemp: 6.046715
[2020.05.09-15.36.15:521][274]LogTemp: 3.681961
[2020.05.09-15.36.15:570][275]LogTemp: 5.242744
[2020.05.09-15.36.15:608][276]LogTemp: 2.225906
[2020.05.09-15.36.15:654][277]LogTemp: 3.035408
[2020.05.09-15.36.15:736][278]LogTemp: 3.688889
[2020.05.09-15.36.15:739][279]LogTemp: 3.902481
[2020.05.09-15.36.15:779][280]LogTemp: 3.980087
[2020.05.09-15.36.15:824][281]LogTemp: 3.794716
[2020.05.09-15.36.15:957][282]LogTemp: 1.993469
[2020.05.09-15.36.15:963][283]LogTemp: 2.070732
[2020.05.09-15.36.15:975][284]LogTemp: 2.006363
[2020.05.09-15.36.16:011][285]LogTemp: 1.899460
[2020.05.09-15.36.16:055][286]LogTemp: 2.015358
[2020.05.09-15.36.16:098][287]LogTemp: 2.169151
[2020.05.09-15.36.16:139][288]LogTemp: 2.326881
[2020.05.09-15.36.16:234][289]LogTemp: 2.488678
[2020.05.09-15.36.16:239][290]LogTemp: 2.654724
[2020.05.09-15.36.16:274][291]LogTemp: 2.825157
[2020.05.09-15.36.16:318][292]LogTemp: 3.000168
[2020.05.09-15.36.16:357][293]LogTemp: 3.179939
[2020.05.09-15.36.16:400][294]LogTemp: 3.364655
[2020.05.09-15.36.16:443][295]LogTemp: 3.554527
[2020.05.09-15.36.16:486][296]LogTemp: 3.749763
[2020.05.09-15.36.16:526][297]LogTemp: 3.950592
[2020.05.09-15.36.16:569][298]LogTemp: 4.157257
[2020.05.09-15.36.16:610][299]LogTemp: 4.370003
[2020.05.09-15.36.16:654][300]LogTemp: 4.589104
[2020.05.09-15.36.16:691][301]LogTemp: 4.814835
[2020.05.09-15.36.16:736][302]LogTemp: 5.047493
[2020.05.09-15.36.16:776][303]LogTemp: 1.287376
[2020.05.09-15.36.16:821][304]LogTemp: 1.534866
[2020.05.09-15.36.16:863][305]LogTemp: 1.790298
[2020.05.09-15.36.16:911][306]LogTemp: 2.054047
[2020.05.09-15.36.16:950][307]LogTemp: 1.927544
[2020.05.09-15.36.16:998][308]LogTemp: 1.173264
[2020.05.09-15.36.17:124][309]LogTemp: -4.121315
[2020.05.09-15.36.17:131][310]LogTemp: -4.471870
[2020.05.09-15.36.17:142][311]LogTemp: -4.795265
[2020.05.09-15.36.17:179][312]LogTemp: -7.598114
[2020.05.09-15.36.17:216][313]LogTemp: -6.640373
[2020.05.09-15.36.17:260][314]LogTemp: -6.270226
[2020.05.09-15.36.17:300][315]LogTemp: -5.621758
[2020.05.09-15.36.17:343][316]LogTemp: -5.625732
[2020.05.09-15.36.17:381][317]LogTemp: -5.235588
[2020.05.09-15.36.17:426][318]LogTemp: -5.258560
[2020.05.09-15.36.17:472][319]LogTemp: -5.320335
[2020.05.09-15.36.17:514][320]LogTemp: -5.199989
[2020.05.09-15.36.17:644][321]LogTemp: -5.321541
[2020.05.09-15.36.17:649][322]LogTemp: -8.081242
[2020.05.09-15.36.17:660][323]LogTemp: -5.384895
[2020.05.09-15.36.17:700][324]LogTemp: -4.541561
[2020.05.09-15.36.17:745][325]LogTemp: -6.926193
[2020.05.09-15.36.17:784][326]LogTemp: -5.053066
[2020.05.09-15.36.17:836][327]LogTemp: -3.827007
[2020.05.09-15.36.17:877][328]LogTemp: -5.886677
[2020.05.09-15.36.17:915][329]LogTemp: -3.795135
[2020.05.09-15.36.17:964][330]LogTemp: -6.015324
[2020.05.09-15.36.18:011][331]LogTemp: -4.014305
[2020.05.09-15.36.18:131][332]LogTemp: -8.418268
[2020.05.09-15.36.18:138][333]LogTemp: -4.902243
[2020.05.09-15.36.18:151][334]LogTemp: -5.622093
[2020.05.09-15.36.18:185][335]LogTemp: -2.927422
[2020.05.09-15.36.18:231][336]LogTemp: -4.499296
[2020.05.09-15.36.18:270][337]LogTemp: -5.871714
[2020.05.09-15.36.18:309][338]LogTemp: -2.435648
[2020.05.09-15.36.18:359][339]LogTemp: -3.201900
[2020.05.09-15.36.18:408][340]LogTemp: -3.896172
[2020.05.09-15.36.18:453][341]LogTemp: -5.156668
[2020.05.09-15.36.18:494][342]LogTemp: -1.627354
[2020.05.09-15.36.18:626][343]LogTemp: -1.568611
[2020.05.09-15.36.18:632][344]LogTemp: -1.294466
[2020.05.09-15.36.18:647][345]LogTemp: -1.013895
[2020.05.09-15.36.18:677][346]LogTemp: -0.726704
[2020.05.09-15.36.18:720][347]LogTemp: -0.432648
[2020.05.09-15.36.18:758][348]LogTemp: -0.131510
[2020.05.09-15.36.18:801][349]LogTemp: 0.176954
[2020.05.09-15.36.18:841][350]LogTemp: 0.493008
[2020.05.09-15.36.18:886][351]LogTemp: 0.816891
[2020.05.09-15.36.18:923][352]LogTemp: 1.148899
[2020.05.09-15.36.18:966][353]LogTemp: 1.489311
[2020.05.09-15.36.19:046][354]LogTemp: 1.838417
[2020.05.09-15.36.19:051][355]LogTemp: 2.196541
[2020.05.09-15.36.19:089][356]LogTemp: 2.564014
[2020.05.09-15.36.19:127][357]LogTemp: 2.941141
[2020.05.09-15.36.19:184][358]LogTemp: 3.328306
[2020.05.09-15.36.19:223][359]LogTemp: 3.725863
[2020.05.09-15.36.19:268][360]LogTemp: 3.995485
[2020.05.09-15.36.19:307][361]LogTemp: 4.148251
[2020.05.09-15.36.19:351][362]LogTemp: 4.042202
[2020.05.09-15.36.19:404][363]LogTemp: 3.456905
[2020.05.09-15.36.19:445][364]LogTemp: 2.706354
[2020.05.09-15.36.19:491][365]LogTemp: 1.344151
[2020.05.09-15.36.19:531][366]LogTemp: -0.162697
[2020.05.09-15.36.19:584][367]LogTemp: -2.688951
[2020.05.09-15.36.19:618][368]LogTemp: -4.444708
[2020.05.09-15.36.19:657][369]LogTemp: -6.796421
[2020.05.09-15.36.19:703][370]LogTemp: -6.192163
[2020.05.09-15.36.19:750][371]LogTemp: -6.331687
[2020.05.09-15.36.19:790][372]LogTemp: -6.759205
[2020.05.09-15.36.19:831][373]LogTemp: -7.609591
[2020.05.09-15.36.19:878][374]LogTemp: -9.698551
[2020.05.09-15.36.19:925][375]LogTemp: -12.330336
[2020.05.09-15.36.19:962][376]LogTemp: -14.521665
[2020.05.09-15.36.20:007][377]LogTemp: -18.140110
[2020.05.09-15.36.20:055][378]LogTemp: -16.523266
[2020.05.09-15.36.20:094][379]LogTemp: -12.523241
[2020.05.09-15.36.20:134][380]LogTemp: -8.523239
[2020.05.09-15.36.20:182][381]LogTemp: -4.523268
[2020.05.09-15.36.20:235][382]LogTemp: -4.523268
[2020.05.09-15.36.20:275][383]LogTemp: -4.523268
[2020.05.09-15.36.20:399][384]LogTemp: -4.523268
[2020.05.09-15.36.20:400][385]LogTemp: -4.523268
[2020.05.09-15.36.20:416][386]LogTemp: -4.523268
[2020.05.09-15.36.20:450][387]LogTemp: -4.523268
[2020.05.09-15.36.20:494][388]LogTemp: -4.523268
[2020.05.09-15.36.20:534][389]LogTemp: -4.523268
[2020.05.09-15.36.20:573][390]LogTemp: -4.523268
[2020.05.09-15.36.20:620][391]LogTemp: -4.523268
[2020.05.09-15.36.20:749][392]LogTemp: -4.813841
[2020.05.09-15.36.20:752][393]LogTemp: -6.423954
[2020.05.09-15.36.20:763][394]LogTemp: -2.745718
[2020.05.09-15.36.20:799][395]LogTemp: -4.176453
[2020.05.09-15.36.20:849][396]LogTemp: -7.616058
[2020.05.09-15.36.20:887][397]LogTemp: -8.437878
[2020.05.09-15.36.21:112][402]LogTemp: -72.973801
[2020.05.09-15.36.21:160][403]LogTemp: -86.160622
[2020.05.09-15.36.21:201][404]LogTemp: -92.962250
[2020.05.09-15.36.21:247][405]LogTemp: -97.369186
[2020.05.09-15.36.21:286][406]LogTemp: -99.143555
[2020.05.09-15.36.21:334][407]LogTemp: -96.613831
[2020.05.09-15.36.21:373][408]LogTemp: -92.613861
[2020.05.09-15.36.21:421][409]LogTemp: -88.613876
[2020.05.09-15.36.21:461][410]LogTemp: -84.613838
[2020.05.09-15.36.21:503][411]LogTemp: -80.613846
[2020.05.09-15.36.21:559][412]LogTemp: -76.613892
[2020.05.09-15.36.21:607][413]LogTemp: -72.613922
[2020.05.09-15.36.21:647][414]LogTemp: -68.613960
[2020.05.09-15.36.21:704][415]LogTemp: -64.613960
[2020.05.09-15.36.21:747][416]LogTemp: -60.613960
[2020.05.09-15.36.21:797][417]LogTemp: -56.613960
[2020.05.09-15.36.21:837][418]LogTemp: -52.613953
[2020.05.09-15.36.21:885][419]LogTemp: -48.613930
[2020.05.09-15.36.21:926][420]LogTemp: -44.613914
[2020.05.09-15.36.21:967][421]LogTemp: -40.613937
[2020.05.09-15.36.22:012][422]LogTemp: -36.613983
[2020.05.09-15.36.22:064][423]LogTemp: -33.904922
[2020.05.09-15.36.22:099][424]LogTemp: -31.947281
[2020.05.09-15.36.22:139][425]LogTemp: -31.367416
[2020.05.09-15.36.22:183][426]LogTemp: -32.790863
[2020.05.09-15.36.22:228][427]LogTemp: -36.363800
[2020.05.09-15.36.22:268][428]LogTemp: -41.088562
[2020.05.09-15.36.22:314][429]LogTemp: -50.384918
[2020.05.09-15.36.22:357][430]LogTemp: -60.145996
[2020.05.09-15.36.22:405][431]LogTemp: -71.789459
[2020.05.09-15.36.22:445][432]LogTemp: -80.679260
[2020.05.09-15.36.22:490][433]LogTemp: -89.517212
[2020.05.09-15.36.22:539][434]LogTemp: -98.180054
[2020.05.09-15.36.22:584][435]LogTemp: -103.665375
[2020.05.09-15.36.22:631][436]LogTemp: -102.009247
[2020.05.09-15.36.22:672][437]LogTemp: -98.009247
[2020.05.09-15.36.22:719][438]LogTemp: -94.009155
[2020.05.09-15.36.22:760][439]LogTemp: -90.009216
[2020.05.09-15.36.22:801][440]LogTemp: -86.009216
[2020.05.09-15.36.22:889][441]LogTemp: -82.009186
[2020.05.09-15.36.22:894][442]LogTemp: -78.009140
[2020.05.09-15.36.22:938][443]LogTemp: -74.009125
[2020.05.09-15.36.22:978][444]LogTemp: -70.009140
[2020.05.09-15.36.23:029][445]LogTemp: -66.009140
[2020.05.09-15.36.23:063][446]LogTemp: -62.009109
[2020.05.09-15.36.23:102][447]LogTemp: -58.009064
[2020.05.09-15.36.23:147][448]LogTemp: -54.009048
[2020.05.09-15.36.23:187][449]LogTemp: -50.009079
[2020.05.09-15.36.23:237][450]LogTemp: -46.009079
[2020.05.09-15.36.23:285][451]LogTemp: -42.009064
[2020.05.09-15.36.23:325][452]LogTemp: -38.009064
[2020.05.09-15.36.23:366][453]LogTemp: -34.009087
[2020.05.09-15.36.23:502][454]LogTemp: -30.009064
[2020.05.09-15.36.23:506][455]LogTemp: -26.009033
[2020.05.09-15.36.23:520][456]LogTemp: -22.009010
[2020.05.09-15.36.23:555][457]LogTemp: -18.009048
[2020.05.09-15.36.23:605][458]LogTemp: -14.009064
[2020.05.09-15.36.23:645][459]LogTemp: -10.009079
[2020.05.09-15.36.23:696][460]LogTemp: -6.009064
[2020.05.09-15.36.23:729][461]LogTemp: -2.009041
[2020.05.09-15.36.23:774][462]LogTemp: -2.009041
[2020.05.09-15.36.23:856][463]LogTemp: -2.009041
[2020.05.09-15.36.23:939][464]LogTemp: -2.009041
[2020.05.09-15.36.23:942][465]LogTemp: -2.009041
[2020.05.09-15.36.24:049][466]LogTemp: -2.009041
[2020.05.09-15.36.24:105][467]LogTemp: -2.009041
[2020.05.09-15.36.24:107][468]LogTemp: -2.009041
[2020.05.09-15.36.24:121][469]LogTemp: -2.009041
[2020.05.09-15.36.24:162][470]LogTemp: -2.009041
[2020.05.09-15.36.24:200][471]LogTemp: -2.009041
[2020.05.09-15.36.24:247][472]LogTemp: -2.009041
[2020.05.09-15.36.24:283][473]LogTemp: -2.009041
[2020.05.09-15.36.24:329][474]LogTemp: -2.009041
[2020.05.09-15.36.24:367][475]LogTemp: -2.009041
[2020.05.09-15.36.24:409][476]LogTemp: -2.009041
[2020.05.09-15.36.24:447][477]LogTemp: -2.354523
[2020.05.09-15.36.24:488][478]LogTemp: -3.096596
[2020.05.09-15.36.24:568][479]LogTemp: -6.622032
[2020.05.09-15.36.24:573][480]LogTemp: -2.847397
[2020.05.09-15.36.24:611][481]LogTemp: -3.485222
[2020.05.09-15.36.24:660][482]LogTemp: -3.485222
[2020.05.09-15.36.24:695][483]LogTemp: -3.485222
[2020.05.09-15.36.24:732][484]LogTemp: -3.485222
[2020.05.09-15.36.24:779][485]LogTemp: -3.485222
[2020.05.09-15.36.24:818][486]LogTemp: -3.485222
[2020.05.09-15.36.24:862][487]LogTemp: -3.485222
[2020.05.09-15.36.24:996][488]LogTemp: -3.485222
[2020.05.09-15.36.24:999][489]LogTemp: -3.485222
[2020.05.09-15.36.25:013][490]LogTemp: -3.485222
[2020.05.09-15.36.25:047][491]LogTemp: -3.485222
[2020.05.09-15.36.25:086][492]LogTemp: -3.485222
[2020.05.09-15.36.36:616][752]LogTemp: -75.470032
[2020.05.09-15.36.36:647][753]LogTemp: 93.999969
[2020.05.09-15.36.36:695][754]LogTemp: 89.999985
[2020.05.09-15.36.36:734][755]LogTemp: 86.000023
[2020.05.09-15.36.36:774][756]LogTemp: 82.000061
[2020.05.09-15.36.36:862][757]LogTemp: 78.000053
[2020.05.09-15.36.36:867][758]LogTemp: 74.000061
[2020.05.09-15.36.36:949][759]LogTemp: 70.000053
[2020.05.09-15.36.36:951][760]LogTemp: 66.000031
[2020.05.09-15.36.36:990][761]LogTemp: 61.999992
[2020.05.09-15.36.37:034][762]LogTemp: 57.999962
[2020.05.09-15.36.37:076][763]LogTemp: 53.999969
[2020.05.09-15.36.37:121][764]LogTemp: 49.999992
[2020.05.09-15.36.37:260][765]LogTemp: 31.299402
[2020.05.09-15.36.37:267][766]LogTemp: 26.352024
[2020.05.09-15.36.37:278][767]LogTemp: 20.471821
[2020.05.09-15.36.37:327][768]LogTemp: 6.283104
[2020.05.09-15.36.37:365][769]LogTemp: -5.734226
[2020.05.09-15.36.37:411][770]LogTemp: -10.779747
[2020.05.09-15.36.37:451][771]LogTemp: -12.927410
[2020.05.09-15.36.37:505][772]LogTemp: -15.172760
[2020.05.09-15.36.37:540][773]LogTemp: -14.438343
[2020.05.09-15.36.37:581][774]LogTemp: -11.545799
[2020.05.09-15.36.37:675][775]LogTemp: -7.545776
[2020.05.09-15.36.37:683][776]LogTemp: -3.545769
[2020.05.09-15.36.37:717][777]LogTemp: -3.545769
[2020.05.09-15.36.37:767][778]LogTemp: -3.545769
[2020.05.09-15.36.37:801][779]LogTemp: -3.545769
[2020.05.09-15.36.37:926][780]LogTemp: -3.545769
[2020.05.09-15.36.37:928][781]LogTemp: -3.545769
[2020.05.09-15.36.37:940][782]LogTemp: -3.545769
[2020.05.09-15.36.37:978][783]LogTemp: -3.545769
[2020.05.09-15.36.38:025][784]LogTemp: -3.545769
[2020.05.09-15.36.38:068][785]LogTemp: -3.545769
[2020.05.09-15.36.38:118][786]LogTemp: -3.545769
[2020.05.09-15.36.38:169][787]LogTemp: -3.545769
[2020.05.09-15.36.38:209][788]LogTemp: -3.545769
[2020.05.09-15.36.38:255][789]LogTemp: -3.545769
[2020.05.09-15.36.38:295][790]LogTemp: -3.545769
[2020.05.09-15.36.38:340][791]LogTemp: -3.545769
[2020.05.09-15.36.38:382][792]LogTemp: -3.545769
[2020.05.09-15.36.38:430][793]LogTemp: -3.545769
[2020.05.09-15.36.38:471][794]LogTemp: -3.545769
[2020.05.09-15.36.38:520][795]LogTemp: -3.545769
[2020.05.09-15.36.38:560][796]LogTemp: -3.545769
[2020.05.09-15.36.38:600][797]LogTemp: -2.900024
[2020.05.09-15.36.38:689][798]LogTemp: -1.442154
[2020.05.09-15.36.38:695][799]LogTemp: 0.576424
[2020.05.09-15.36.38:734][800]LogTemp: 2.487892
[2020.05.09-15.36.38:786][801]LogTemp: 5.099152
[2020.05.09-15.36.38:835][802]LogTemp: 3.771568
[2020.05.09-15.36.38:885][803]LogTemp: 6.880035
[2020.05.09-15.36.38:920][804]LogTemp: 5.053764
[2020.05.09-15.36.38:967][805]LogTemp: 3.421333
[2020.05.09-15.36.39:007][806]LogTemp: 5.356228
[2020.05.09-15.36.39:053][807]LogTemp: 3.265083
[2020.05.09-15.36.39:193][808]LogTemp: 6.500160
[2020.05.09-15.36.39:197][809]LogTemp: 2.492496
[2020.05.09-15.36.39:211][810]LogTemp: 2.577362
[2020.05.09-15.36.39:252][811]LogTemp: 3.048798
[2020.05.09-15.36.39:296][812]LogTemp: 3.545673
[2020.05.09-15.36.39:336][813]LogTemp: 3.962696
[2020.05.09-15.36.39:383][814]LogTemp: 4.418499
[2020.05.09-15.36.39:426][815]LogTemp: 4.831959
[2020.05.09-15.36.39:473][816]LogTemp: 5.238121
[2020.05.09-15.36.39:513][817]LogTemp: 1.578434
[2020.05.09-15.36.39:640][818]LogTemp: 1.947685
[2020.05.09-15.36.39:645][819]LogTemp: 2.587105
[2020.05.09-15.36.39:656][820]LogTemp: 2.638485
[2020.05.09-15.36.39:691][821]LogTemp: 2.875385
[2020.05.09-15.36.39:739][822]LogTemp: 3.266182
[2020.05.09-15.36.39:782][823]LogTemp: 3.734428
[2020.05.09-15.36.39:834][824]LogTemp: 4.428768
[2020.05.09-15.36.39:870][825]LogTemp: 5.056259
[2020.05.09-15.36.39:909][826]LogTemp: 1.867985
[2020.05.09-15.36.39:958][827]LogTemp: 2.142147
[2020.05.09-15.36.39:996][828]LogTemp: 2.187496
[2020.05.09-15.36.40:128][829]LogTemp: 2.234447
[2020.05.09-15.36.40:137][830]LogTemp: 2.283077
[2020.05.09-15.36.40:151][831]LogTemp: 2.333496
[2020.05.09-15.36.40:188][832]LogTemp: 2.385796
[2020.05.09-15.36.40:226][833]LogTemp: 2.440075
[2020.05.09-15.36.40:271][834]LogTemp: 2.496456
[2020.05.09-15.36.40:317][835]LogTemp: 2.555069
[2020.05.09-15.36.40:356][836]LogTemp: 2.616039
[2020.05.09-15.36.40:401][837]LogTemp: 2.679523
[2020.05.09-15.36.40:441][838]LogTemp: 2.745655
[2020.05.09-15.36.40:487][839]LogTemp: 2.814629
[2020.05.09-15.36.40:528][840]LogTemp: 2.886623
[2020.05.09-15.36.40:574][841]LogTemp: 2.961842
[2020.05.09-15.36.40:697][842]LogTemp: 3.040501
[2020.05.09-15.36.40:699][843]LogTemp: 3.122849
[2020.05.09-15.36.40:712][844]LogTemp: 3.209148
[2020.05.09-15.36.40:746][845]LogTemp: 3.299683
[2020.05.09-15.36.40:791][846]LogTemp: 3.394783
[2020.05.09-15.36.40:833][847]LogTemp: 3.494797
[2020.05.09-15.36.40:881][848]LogTemp: 3.600113
[2020.05.09-15.36.40:918][849]LogTemp: 3.711174
[2020.05.09-15.36.40:963][850]LogTemp: 3.828449
[2020.05.09-15.36.41:018][851]LogTemp: 3.952480
[2020.05.09-15.36.41:053][852]LogTemp: 4.083862
[2020.05.09-15.36.41:101][853]LogTemp: 3.289612
[2020.05.09-15.36.41:183][854]LogTemp: 2.469425
[2020.05.09-15.36.41:186][855]LogTemp: 1.622368
[2020.05.09-15.36.41:229][856]LogTemp: 0.747471
[2020.05.09-15.36.41:274][857]LogTemp: -0.156204
[2020.05.09-15.36.41:313][858]LogTemp: -0.156204
[2020.05.09-15.36.41:442][859]LogTemp: 0.542068
[2020.05.09-15.36.41:446][860]LogTemp: 2.776596
[2020.05.09-15.36.41:458][861]LogTemp: 2.532459
[2020.05.09-15.36.41:489][862]LogTemp: 4.391212
[2020.05.09-15.36.41:538][863]LogTemp: 7.263596
[2020.05.09-15.36.41:579][864]LogTemp: 6.552536
[2020.05.09-15.36.41:624][865]LogTemp: 6.785679
[2020.05.09-15.36.41:664][866]LogTemp: 6.590467
[2020.05.09-15.36.41:708][867]LogTemp: 6.971729
[2020.05.09-15.36.41:754][868]LogTemp: 7.615627
[2020.05.09-15.36.41:794][869]LogTemp: 7.840245
[2020.05.09-15.36.41:842][870]LogTemp: 8.632568
[2020.05.09-15.36.41:927][871]LogTemp: 13.137364
[2020.05.09-15.36.41:930][872]LogTemp: 9.457371
[2020.05.09-15.36.41:971][873]LogTemp: 9.277381
[2020.05.09-15.36.42:018][874]LogTemp: 9.415286
[2020.05.09-15.36.42:058][875]LogTemp: 8.804882
[2020.05.09-15.36.42:104][876]LogTemp: 8.430642
[2020.05.09-15.36.42:143][877]LogTemp: 7.494934
[2020.05.09-15.36.42:185][878]LogTemp: 6.363261
[2020.05.09-15.36.42:230][879]LogTemp: 5.397860
[2020.05.09-15.36.42:283][880]LogTemp: 4.382277
[2020.05.09-15.36.42:325][881]LogTemp: 6.745127
[2020.05.09-15.36.42:371][882]LogTemp: 5.047083
[2020.05.09-15.36.42:412][883]LogTemp: 3.015564
[2020.05.09-15.36.42:459][884]LogTemp: 4.193542
[2020.05.09-15.36.42:498][885]LogTemp: 5.100620
[2020.05.09-15.36.42:540][886]LogTemp: 1.287628
[2020.05.09-15.36.42:584][887]LogTemp: 1.083832
[2020.05.09-15.36.42:630][888]LogTemp: 0.869778
[2020.05.09-15.36.42:672][889]LogTemp: 0.644672
[2020.05.09-15.36.42:719][890]LogTemp: 0.407669
[2020.05.09-15.36.42:757][891]LogTemp: 1.053452
[2020.05.09-15.36.42:801][892]LogTemp: 1.719501
[2020.05.09-15.36.42:840][893]LogTemp: 2.406605
[2020.05.09-15.36.42:879][894]LogTemp: 3.115578
[2020.05.09-15.36.42:926][895]LogTemp: 3.847240
[2020.05.09-15.36.42:972][896]LogTemp: 4.602451
[2020.05.09-15.36.43:012][897]LogTemp: 5.382084
[2020.05.09-15.36.43:059][898]LogTemp: 2.187077
[2020.05.09-15.36.43:140][899]LogTemp: 3.442265
[2020.05.09-15.36.43:147][900]LogTemp: 3.444733
[2020.05.09-15.36.43:181][901]LogTemp: 4.652973
[2020.05.09-15.36.43:219][902]LogTemp: 5.138893
[2020.05.09-15.36.43:314][903]LogTemp: 1.915661
[2020.05.09-15.36.43:323][904]LogTemp: 2.823540
[2020.05.09-15.36.43:361][905]LogTemp: 3.597111
[2020.05.09-15.36.43:415][906]LogTemp: 4.526421
[2020.05.09-15.36.43:456][907]LogTemp: 5.234531
[2020.05.09-15.36.43:509][908]LogTemp: 1.991936
[2020.05.09-15.36.43:595][909]LogTemp: 3.067970
[2020.05.09-15.36.43:601][910]LogTemp: 3.266964
[2020.05.09-15.36.43:678][911]LogTemp: 3.729637
[2020.05.09-15.36.43:685][912]LogTemp: 4.282040
[2020.05.09-15.36.43:733][913]LogTemp: 4.817444
[2020.05.09-15.36.43:780][914]LogTemp: 5.294323
[2020.05.09-15.36.43:830][915]LogTemp: 1.763401
[2020.05.09-15.36.43:874][916]LogTemp: 2.180790
[2020.05.09-15.36.43:934][917]LogTemp: 2.644249
[2020.05.09-15.36.43:976][918]LogTemp: 3.002155
[2020.05.09-15.36.44:023][919]LogTemp: 3.343418
[2020.05.09-15.36.44:112][920]LogTemp: 3.564022
[2020.05.09-15.36.44:120][921]LogTemp: 3.744873
[2020.05.09-15.36.44:158][922]LogTemp: 3.932293
[2020.05.09-15.36.44:213][923]LogTemp: 4.126633
[2020.05.09-15.36.44:249][924]LogTemp: 4.328289
[2020.05.09-15.36.44:296][925]LogTemp: 4.537674
[2020.05.09-15.36.44:339][926]LogTemp: 4.755234
[2020.05.09-15.36.44:390][927]LogTemp: 4.981449
[2020.05.09-15.36.44:464][928]LogTemp: 5.216839
[2020.05.09-15.36.44:479][929]LogTemp: 1.461964
[2020.05.09-15.36.44:532][930]LogTemp: 1.717430
[2020.05.09-15.36.44:567][931]LogTemp: 1.983906
[2020.05.09-15.36.44:612][932]LogTemp: 2.262093
[2020.05.09-15.36.44:665][933]LogTemp: 2.552773
[2020.05.09-15.36.44:709][934]LogTemp: 2.856796
[2020.05.09-15.36.44:747][935]LogTemp: 3.175072
[2020.05.09-15.36.44:799][936]LogTemp: 2.659554
[2020.05.09-15.36.44:846][937]LogTemp: 2.128670
[2020.05.09-15.36.44:884][938]LogTemp: 1.581814
[2020.05.09-15.36.44:923][939]LogTemp: 1.018368
[2020.05.09-15.36.44:970][940]LogTemp: 0.437672
[2020.05.09-15.36.45:011][941]LogTemp: -0.160946
[2020.05.09-15.36.45:149][942]LogTemp: -0.778202
[2020.05.09-15.36.45:155][943]LogTemp: -1.414822
[2020.05.09-15.36.45:162][944]LogTemp: -2.071568
[2020.05.09-15.36.45:212][945]LogTemp: -2.749233
[2020.05.09-15.36.45:265][946]LogTemp: -3.448627
[2020.05.09-15.36.45:300][947]LogTemp: -4.170601
[2020.05.09-15.36.45:347][948]LogTemp: -4.916023
[2020.05.09-15.36.45:386][949]LogTemp: -5.685783
[2020.05.09-15.36.45:431][950]LogTemp: -2.480816
[2020.05.09-15.36.45:472][951]LogTemp: -3.302048
[2020.05.09-15.36.45:517][952]LogTemp: -4.150444
[2020.05.09-15.36.45:558][953]LogTemp: -5.026997
[2020.05.09-15.36.45:604][954]LogTemp: -1.932682
[2020.05.09-15.36.45:643][955]LogTemp: -1.932682
[2020.05.09-15.36.45:691][956]LogTemp: -1.932682
[2020.05.09-15.36.45:731][957]LogTemp: -1.932682
[2020.05.09-15.36.45:774][958]LogTemp: -1.932682
[2020.05.09-15.36.45:831][959]LogTemp: -1.932682
[2020.05.09-15.36.45:871][960]LogTemp: -1.932682
[2020.05.09-15.36.45:949][961]LogTemp: -1.932682
[2020.05.09-15.36.46:007][962]LogTemp: -1.932682
[2020.05.09-15.36.46:081][963]LogTemp: -1.932682
[2020.05.09-15.36.46:154][964]LogTemp: -1.932682
[2020.05.09-15.36.46:263][965]LogTemp: -1.932682
[2020.05.09-15.36.46:363][966]LogTemp: -1.932682
[2020.05.09-15.36.46:453][967]LogTemp: -1.932682
[2020.05.09-15.36.46:518][968]LogTemp: -1.932682
[2020.05.09-15.36.46:594][969]LogTemp: -1.932682
[2020.05.09-15.36.46:650][970]LogTemp: -1.932682
[2020.05.09-15.36.46:720][971]LogTemp: -1.932682
[2020.05.09-15.36.46:820][972]LogTemp: -1.932682
[2020.05.09-15.36.46:881][973]LogTemp: -1.932682
[2020.05.09-15.36.46:950][974]LogTemp: -1.932682
[2020.05.09-15.36.47:020][975]LogTemp: -1.932682
[2020.05.09-15.36.47:120][976]LogTemp: -1.932682
[2020.05.09-15.36.47:205][977]LogTemp: -1.932682
[2020.05.09-15.36.47:283][978]LogTemp: -1.932682
[2020.05.09-15.36.47:359][979]LogTemp: -1.932682
[2020.05.09-15.36.47:474][980]LogTemp: -1.932682
[2020.05.09-15.36.47:527][981]LogTemp: -1.932682
[2020.05.09-15.36.47:589][982]LogTemp: -1.932682
[2020.05.09-15.36.47:674][983]LogTemp: -1.932682
[2020.05.09-15.36.47:760][984]LogTemp: -1.932682
[2020.05.09-15.36.47:815][985]LogTemp: -1.932682
[2020.05.09-15.36.47:885][986]LogTemp: -1.932682
[2020.05.09-15.36.47:952][987]LogTemp: -1.932682
[2020.05.09-15.36.48:019][988]LogTemp: -1.932682
[2020.05.09-15.36.48:113][989]LogTemp: -1.932682
[2020.05.09-15.36.48:188][990]LogTemp: -1.932682
[2020.05.09-15.36.48:252][991]LogTemp: -1.932682
[2020.05.09-15.36.48:313][992]LogTemp: -1.932682
[2020.05.09-15.36.48:412][993]LogTemp: -1.932682
[2020.05.09-15.36.48:485][994]LogTemp: -1.932682
[2020.05.09-15.36.48:564][995]LogTemp: -1.932682
[2020.05.09-15.36.48:629][996]LogTemp: -1.932682
[2020.05.09-15.36.48:700][997]LogTemp: -1.932682
[2020.05.09-15.36.48:784][998]LogTemp: -1.932682
[2020.05.09-15.36.48:847][999]LogTemp: -1.932682
[2020.05.09-15.36.48:916][  0]LogTemp: -1.932682
[2020.05.09-15.36.48:987][  1]LogTemp: -1.932682
[2020.05.09-15.36.49:106][  2]LogTemp: -1.932682
[2020.05.09-15.36.49:184][  3]LogTemp: -1.932682
[2020.05.09-15.36.49:286][  4]LogTemp: -1.932682
[2020.05.09-15.36.49:350][  5]LogTemp: -1.932682
[2020.05.09-15.36.49:447][  6]LogTemp: -1.932682
[2020.05.09-15.36.49:547][  7]LogTemp: -1.932682
[2020.05.09-15.36.49:618][  8]LogTemp: -1.932682
[2020.05.09-15.36.49:683][  9]LogTemp: -1.932682
[2020.05.09-15.36.49:781][ 10]LogTemp: -1.932682
[2020.05.09-15.36.49:864][ 11]LogTemp: -1.932682
[2020.05.09-15.36.49:932][ 12]LogTemp: -1.932682
[2020.05.09-15.36.50:031][ 13]LogTemp: -1.932682
[2020.05.09-15.36.50:147][ 14]LogTemp: -1.932682
[2020.05.09-15.36.50:195][ 15]LogTemp: -1.932682
[2020.05.09-15.36.50:274][ 16]LogTemp: -1.932682
[2020.05.09-15.36.50:352][ 17]LogTemp: -1.932682
[2020.05.09-15.36.50:451][ 18]LogTemp: -1.932682
[2020.05.09-15.36.50:549][ 19]LogTemp: -1.932682
[2020.05.09-15.36.50:613][ 20]LogTemp: -1.932682
[2020.05.09-15.36.50:684][ 21]LogTemp: -1.932682
[2020.05.09-15.36.50:794][ 22]LogTemp: -1.932682
[2020.05.09-15.36.50:895][ 23]LogTemp: -1.932682
[2020.05.09-15.36.50:961][ 24]LogTemp: -1.932682
[2020.05.09-15.36.51:034][ 25]LogTemp: -1.932682
[2020.05.09-15.36.51:130][ 26]LogTemp: -1.932682
[2020.05.09-15.36.51:200][ 27]LogTemp: -1.932682
[2020.05.09-15.36.51:294][ 28]LogTemp: -1.932682
[2020.05.09-15.36.51:376][ 29]LogTemp: -1.932682
[2020.05.09-15.36.51:459][ 30]LogTemp: -1.932682
[2020.05.09-15.36.51:517][ 31]LogTemp: -1.932682
[2020.05.09-15.36.51:596][ 32]LogTemp: -1.932682
[2020.05.09-15.36.51:664][ 33]LogTemp: -1.932682
[2020.05.09-15.36.51:728][ 34]LogTemp: -1.932682
[2020.05.09-15.36.51:814][ 35]LogTemp: -1.932682
[2020.05.09-15.36.51:881][ 36]LogTemp: -1.932682
[2020.05.09-15.36.51:951][ 37]LogTemp: -1.932682
[2020.05.09-15.36.52:011][ 38]LogTemp: -1.932682
[2020.05.09-15.36.52:113][ 39]LogTemp: -1.932682
[2020.05.09-15.36.52:192][ 40]LogTemp: -1.932682
[2020.05.09-15.36.52:281][ 41]LogTemp: -1.932682
[2020.05.09-15.36.52:341][ 42]LogTemp: -1.932682
[2020.05.09-15.36.52:396][ 43]LogTemp: -1.932682
[2020.05.09-15.36.52:488][ 44]LogTemp: -1.932682
[2020.05.09-15.36.52:544][ 45]LogTemp: -1.932682
[2020.05.09-15.36.52:611][ 46]LogTemp: -1.932682
[2020.05.09-15.36.52:681][ 47]LogTemp: -1.932682
[2020.05.09-15.36.52:744][ 48]LogTemp: -1.932682
[2020.05.09-15.36.52:827][ 49]LogTemp: -1.932682
[2020.05.09-15.36.52:896][ 50]LogTemp: -1.932682
[2020.05.09-15.36.52:969][ 51]LogTemp: -1.932682
[2020.05.09-15.36.53:049][ 52]LogTemp: -1.932682
[2020.05.09-15.36.53:160][ 53]LogTemp: -1.932682
[2020.05.09-15.36.53:231][ 54]LogTemp: -1.932682
[2020.05.09-15.36.53:329][ 55]LogTemp: -1.932682
[2020.05.09-15.36.53:444][ 56]LogTemp: -1.932682
[2020.05.09-15.36.53:519][ 57]LogTemp: -1.932682
[2020.05.09-15.36.53:577][ 58]LogTemp: -1.932682
[2020.05.09-15.36.53:657][ 59]LogTemp: -1.932682
[2020.05.09-15.36.53:751][ 60]LogTemp: -1.932682
[2020.05.09-15.36.53:847][ 61]LogTemp: -1.932682
[2020.05.09-15.36.53:921][ 62]LogTemp: -1.932682
[2020.05.09-15.36.53:994][ 63]LogTemp: -1.932682
[2020.05.09-15.36.54:063][ 64]LogTemp: -1.932682
[2020.05.09-15.36.54:190][ 65]LogTemp: -1.932682
[2020.05.09-15.36.54:348][ 66]LogTemp: -1.932682
[2020.05.09-15.36.54:491][ 67]LogTemp: -1.932682
[2020.05.09-15.36.54:563][ 68]LogTemp: -1.932682
[2020.05.09-15.36.54:681][ 69]LogTemp: -1.932682
[2020.05.09-15.36.54:813][ 70]LogTemp: -1.932682
[2020.05.09-15.36.54:940][ 71]LogTemp: -1.932682
[2020.05.09-15.36.54:994][ 72]LogTemp: -1.932682
[2020.05.09-15.36.55:169][ 73]LogTemp: -1.932682
[2020.05.09-15.36.55:330][ 74]LogTemp: -1.932682
