Log file open, 05/15/20 16:45:30
LogWindows: Failed to load 'aqProf.dll' (GetLastError=126)
LogWindows: File 'aqProf.dll' does not exist
LogWindows: Failed to load 'VtuneApi.dll' (GetLastError=126)
LogWindows: File 'VtuneApi.dll' does not exist
LogWindows: Failed to load 'VtuneApi32e.dll' (GetLastError=126)
LogWindows: File 'VtuneApi32e.dll' does not exist
LogConsoleResponse: Display: Failed to find resolution value strings in scalability ini. Falling back to default.
LogInit: Display: Running engine for game: PangeaMechanics
LogPlatformFile: Not using cached read wrapper
LogTaskGraph: Started task graph with 5 named threads and 23 total threads with 3 sets of task threads.
LogStats: Stats thread started at 0.092247
LogD3D11RHI: Loaded GFSDK_Aftermath_Lib.x64.dll
LogICUInternationalization: ICU TimeZone Detection - Raw Offset: +0:00, Platform Override: ''
LogPluginManager: Mounting plugin Paper2D
LogPluginManager: Mounting plugin AISupport
LogPluginManager: Mounting plugin LightPropagationVolume
LogPluginManager: Mounting plugin ActorLayerUtilities
LogPluginManager: Mounting plugin AnimationSharing
LogPluginManager: Mounting plugin CLionSourceCodeAccess
LogPluginManager: Mounting plugin CodeLiteSourceCodeAccess
LogPluginManager: Mounting plugin GitSourceControl
LogPluginManager: Mounting plugin KDevelopSourceCodeAccess
LogPluginManager: Mounting plugin NullSourceCodeAccess
LogPluginManager: Mounting plugin PerforceSourceControl
LogPluginManager: Mounting plugin PlasticSourceControl
LogPluginManager: Mounting plugin SubversionSourceControl
LogPluginManager: Mounting plugin UObjectPlugin
LogPluginManager: Mounting plugin VisualStudioCodeSourceCodeAccess
LogPluginManager: Mounting plugin VisualStudioSourceCodeAccess
LogPluginManager: Mounting plugin XCodeSourceCodeAccess
LogPluginManager: Mounting plugin AssetManagerEditor
LogPluginManager: Mounting plugin CryptoKeys
LogPluginManager: Mounting plugin CurveEditorTools
LogPluginManager: Mounting plugin DataValidation
LogPluginManager: Mounting plugin FacialAnimation
LogPluginManager: Mounting plugin GameplayTagsEditor
LogPluginManager: Mounting plugin MacGraphicsSwitching
LogPluginManager: Mounting plugin MaterialAnalyzer
LogPluginManager: Mounting plugin MobileLauncherProfileWizard
LogPluginManager: Mounting plugin PluginBrowser
LogPluginManager: Mounting plugin SpeedTreeImporter
LogPluginManager: Mounting plugin DatasmithContent
LogPluginManager: Mounting plugin VariantManagerContent
LogPluginManager: Mounting plugin AlembicImporter
LogPluginManager: Mounting plugin AutomationUtils
LogPluginManager: Mounting plugin BackChannel
LogPluginManager: Mounting plugin CharacterAI
LogPluginManager: Mounting plugin GeometryCache
LogPluginManager: Mounting plugin PlatformCrypto
LogPluginManager: Mounting plugin ProxyLODPlugin
LogPluginManager: Mounting plugin SkeletalReduction
LogPluginManager: Mounting plugin MagicLeap
LogPluginManager: Mounting plugin MagicLeapMedia
LogPluginManager: Mounting plugin MLSDK
LogPluginManager: Mounting plugin AndroidMedia
LogPluginManager: Mounting plugin AvfMedia
LogPluginManager: Mounting plugin ImgMedia
LogPluginManager: Mounting plugin MediaCompositing
LogPluginManager: Mounting plugin MediaPlayerEditor
LogPluginManager: Mounting plugin WebMMedia
LogPluginManager: Mounting plugin WmfMedia
LogPluginManager: Mounting plugin TcpMessaging
LogPluginManager: Mounting plugin UdpMessaging
LogPluginManager: Mounting plugin ActorSequence
LogPluginManager: Mounting plugin LevelSequenceEditor
LogPluginManager: Mounting plugin MatineeToLevelSequence
LogPluginManager: Mounting plugin NetcodeUnitTest
LogPluginManager: Mounting plugin NUTUnrealEngine4
LogPluginManager: Mounting plugin OnlineSubsystemGooglePlay
LogPluginManager: Mounting plugin OnlineSubsystemIOS
LogPluginManager: Mounting plugin OnlineSubsystem
LogPluginManager: Mounting plugin OnlineSubsystemNull
LogPluginManager: Mounting plugin OnlineSubsystemUtils
LogPluginManager: Mounting plugin LauncherChunkInstaller
LogPluginManager: Mounting plugin AndroidDeviceProfileSelector
LogPluginManager: Mounting plugin AndroidMoviePlayer
LogPluginManager: Mounting plugin AndroidPermission
LogPluginManager: Mounting plugin AppleImageUtils
LogPluginManager: Mounting plugin AppleMoviePlayer
LogPluginManager: Mounting plugin ArchVisCharacter
LogPluginManager: Mounting plugin AssetTags
LogPluginManager: Mounting plugin AudioCapture
LogPluginManager: Mounting plugin CableComponent
LogPluginManager: Mounting plugin CustomMeshComponent
LogPluginManager: Mounting plugin EditableMesh
LogPluginManager: Mounting plugin ExampleDeviceProfileSelector
LogPluginManager: Mounting plugin GoogleCloudMessaging
LogPluginManager: Mounting plugin IOSDeviceProfileSelector
LogPluginManager: Mounting plugin LinuxDeviceProfileSelector
LogPluginManager: Mounting plugin LocationServicesBPLibrary
LogPluginManager: Mounting plugin MobilePatchingUtils
LogPluginManager: Mounting plugin OculusVR
LogPluginManager: Mounting plugin PhysXVehicles
LogPluginManager: Mounting plugin PostSplashScreen
LogPluginManager: Mounting plugin ProceduralMeshComponent
LogPluginManager: Mounting plugin RuntimePhysXCooking
LogPluginManager: Mounting plugin SignificanceManager
LogPluginManager: Mounting plugin SteamVR
LogPluginManager: Mounting plugin WebMMoviePlayer
LogPluginManager: Mounting plugin WindowsMoviePlayer
LogPluginManager: Mounting plugin ScreenshotTools
LogInit: Using libcurl 7.55.1-DEV
LogInit:  - built for x86_64-pc-win32
LogInit:  - supports SSL with OpenSSL/1.1.1
LogInit:  - supports HTTP deflate (compression) using libz 1.2.8
LogInit:  - other features:
LogInit:      CURL_VERSION_SSL
LogInit:      CURL_VERSION_LIBZ
LogInit:      CURL_VERSION_IPV6
LogInit:      CURL_VERSION_ASYNCHDNS
LogInit:      CURL_VERSION_LARGEFILE
LogInit:      CURL_VERSION_IDN
LogInit:  CurlRequestOptions (configurable via config and command line):
LogInit:  - bVerifyPeer = true  - Libcurl will verify peer certificate
LogInit:  - bUseHttpProxy = false  - Libcurl will NOT use HTTP proxy
LogInit:  - bDontReuseConnections = false  - Libcurl will reuse connections
LogInit:  - MaxHostConnections = 16  - Libcurl will limit the number of connections to a host
LogInit:  - LocalHostAddr = Default
LogInit:  - BufferSize = 65536
LogOnline: OSS: Creating online subsystem instance for: NULL
LogInit: WinSock: version 1.1 (2.2), MaxSocks=32767, MaxUdp=65467
LogOnline: OSS: TryLoadSubsystemAndSetDefault: Loaded subsystem for module [NULL]
LogInit: Build: ++UE4+Release-4.24-CL-11590370
LogInit: Engine Version: 4.24.3-11590370+++UE4+Release-4.24
LogInit: Compatible Engine Version: 4.24.0-10570792+++UE4+Release-4.24
LogInit: Net CL: 10570792
LogInit: OS: Windows 10 (Release 1903) (), CPU: Intel(R) Core(TM) i5-8250U CPU @ 1.60GHz, GPU: Intel(R) UHD Graphics 620
LogInit: Compiled (64-bit): Feb 24 2020 15:39:18
LogInit: Compiled with Visual C++: 19.16.27032.01
LogInit: Build Configuration: Development
LogInit: Branch Name: ++UE4+Release-4.24
LogInit: Command Line: 
LogInit: Base Directory: C:/Program Files/Epic Games/UE_4.24/Engine/Binaries/Win64/
LogInit: Installed Engine Build: 1
LogDevObjectVersion: Number of dev versions registered: 25
LogDevObjectVersion:   Dev-Blueprints (B0D832E4-1F89-4F0D-ACCF-7EB736FD4AA2): 10
LogDevObjectVersion:   Dev-Build (E1C64328-A22C-4D53-A36C-8E866417BD8C): 0
LogDevObjectVersion:   Dev-Core (375EC13C-06E4-48FB-B500-84F0262A717E): 3
LogDevObjectVersion:   Dev-Editor (E4B068ED-F494-42E9-A231-DA0B2E46BB41): 37
LogDevObjectVersion:   Dev-Framework (CFFC743F-43B0-4480-9391-14DF171D2073): 36
LogDevObjectVersion:   Dev-Mobile (B02B49B5-BB20-44E9-A304-32B752E40360): 2
LogDevObjectVersion:   Dev-Networking (A4E4105C-59A1-49B5-A7C5-40C4547EDFEE): 0
LogDevObjectVersion:   Dev-Online (39C831C9-5AE6-47DC-9A44-9C173E1C8E7C): 0
LogDevObjectVersion:   Dev-Physics (78F01B33-EBEA-4F98-B9B4-84EACCB95AA2): 2
LogDevObjectVersion:   Dev-Platform (6631380F-2D4D-43E0-8009-CF276956A95A): 0
LogDevObjectVersion:   Dev-Rendering (12F88B9F-8875-4AFC-A67C-D90C383ABD29): 36
LogDevObjectVersion:   Dev-Sequencer (7B5AE74C-D270-4C10-A958-57980B212A5A): 11
LogDevObjectVersion:   Dev-VR (D7296918-1DD6-4BDD-9DE2-64A83CC13884): 2
LogDevObjectVersion:   Dev-LoadTimes (C2A15278-BFE7-4AFE-6C17-90FF531DF755): 1
LogDevObjectVersion:   Private-Geometry (6EACA3D4-40EC-4CC1-B786-8BED09428FC5): 3
LogDevObjectVersion:   Dev-AnimPhys (29E575DD-E0A3-4627-9D10-D276232CDCEA): 17
LogDevObjectVersion:   Dev-Anim (AF43A65D-7FD3-4947-9873-3E8ED9C1BB05): 2
LogDevObjectVersion:   Dev-ReflectionCapture (6B266CEC-1EC7-4B8F-A30B-E4D90942FC07): 1
LogDevObjectVersion:   Dev-Automation (0DF73D61-A23F-47EA-B727-89E90C41499A): 1
LogDevObjectVersion:   FortniteMain (601D1886-AC64-4F84-AA16-D3DE0DEAC7D6): 31
LogDevObjectVersion:   Dev-Enterprise (9DFFBCD6-494F-0158-E221-12823C92A888): 8
LogDevObjectVersion:   Dev-Niagara (F2AED0AC-9AFE-416F-8664-AA7FFA26D6FC): 1
LogDevObjectVersion:   Dev-Destruction (174F1F0B-B4C6-45A5-B13F-2EE8D0FB917D): 9
LogDevObjectVersion:   Dev-Physics-Ext (35F94A83-E258-406C-A318-09F59610247C): 8
LogDevObjectVersion:   Dev-CineCamera (B2E18506-4273-CFC2-A54E-F4BB758BBA07): 1
LogInit: Presizing for max 25165824 objects, including 0 objects not considered by GC, pre-allocating 0 bytes for permanent pool.
LogInit: Object subsystem initialized
LogConfig: Setting CVar [[con.DebugEarlyDefault:1]]
LogConfig: Setting CVar [[r.setres:1280x720]]
[2020.05.15-15.45.30:250][  0]LogConfig: Setting CVar [[r.VSync:0]]
[2020.05.15-15.45.30:250][  0]LogConfig: Setting CVar [[r.RHICmdBypass:0]]
[2020.05.15-15.45.30:250][  0]LogConfig: Applying CVar settings from Section [/Script/Engine.RendererSettings] File [C:/Users/Tom/Documents/GitHub/PangeaRepo/PangeaMechanics/Saved/Config/Windows/Engine.ini]
[2020.05.15-15.45.30:250][  0]LogConfig: Setting CVar [[r.GPUCrashDebugging:0]]
[2020.05.15-15.45.30:250][  0]LogConfig: Applying CVar settings from Section [/Script/Engine.RendererOverrideSettings] File [C:/Users/Tom/Documents/GitHub/PangeaRepo/PangeaMechanics/Saved/Config/Windows/Engine.ini]
[2020.05.15-15.45.30:250][  0]LogConfig: Applying CVar settings from Section [/Script/Engine.StreamingSettings] File [C:/Users/Tom/Documents/GitHub/PangeaRepo/PangeaMechanics/Saved/Config/Windows/Engine.ini]
[2020.05.15-15.45.30:250][  0]LogConfig: Setting CVar [[s.MinBulkDataSizeForAsyncLoading:131072]]
[2020.05.15-15.45.30:250][  0]LogConfig: Setting CVar [[s.AsyncLoadingThreadEnabled:0]]
[2020.05.15-15.45.30:250][  0]LogConfig: Setting CVar [[s.EventDrivenLoaderEnabled:1]]
[2020.05.15-15.45.30:250][  0]LogConfig: Setting CVar [[s.WarnIfTimeLimitExceeded:0]]
[2020.05.15-15.45.30:250][  0]LogConfig: Setting CVar [[s.TimeLimitExceededMultiplier:1.5]]
[2020.05.15-15.45.30:250][  0]LogConfig: Setting CVar [[s.TimeLimitExceededMinTime:0.005]]
[2020.05.15-15.45.30:250][  0]LogConfig: Setting CVar [[s.UseBackgroundLevelStreaming:1]]
[2020.05.15-15.45.30:250][  0]LogConfig: Setting CVar [[s.PriorityAsyncLoadingExtraTime:15.0]]
[2020.05.15-15.45.30:250][  0]LogConfig: Setting CVar [[s.LevelStreamingActorsUpdateTimeLimit:5.0]]
[2020.05.15-15.45.30:250][  0]LogConfig: Setting CVar [[s.PriorityLevelStreamingActorsUpdateExtraTime:5.0]]
[2020.05.15-15.45.30:250][  0]LogConfig: Setting CVar [[s.LevelStreamingComponentsRegistrationGranularity:10]]
[2020.05.15-15.45.30:250][  0]LogConfig: Setting CVar [[s.UnregisterComponentsTimeLimit:1.0]]
[2020.05.15-15.45.30:250][  0]LogConfig: Setting CVar [[s.LevelStreamingComponentsUnregistrationGranularity:5]]
[2020.05.15-15.45.30:250][  0]LogConfig: Setting CVar [[s.FlushStreamingOnExit:1]]
[2020.05.15-15.45.30:250][  0]LogConfig: Applying CVar settings from Section [/Script/Engine.GarbageCollectionSettings] File [C:/Users/Tom/Documents/GitHub/PangeaRepo/PangeaMechanics/Saved/Config/Windows/Engine.ini]
[2020.05.15-15.45.30:250][  0]LogConfig: Setting CVar [[gc.MaxObjectsNotConsideredByGC:1]]
[2020.05.15-15.45.30:250][  0]LogConfig: Setting CVar [[gc.SizeOfPermanentObjectPool:0]]
[2020.05.15-15.45.30:250][  0]LogConfig: Setting CVar [[gc.FlushStreamingOnGC:0]]
[2020.05.15-15.45.30:250][  0]LogConfig: Setting CVar [[gc.NumRetriesBeforeForcingGC:10]]
[2020.05.15-15.45.30:250][  0]LogConfig: Setting CVar [[gc.AllowParallelGC:1]]
[2020.05.15-15.45.30:250][  0]LogConfig: Setting CVar [[gc.TimeBetweenPurgingPendingKillObjects:61.1]]
[2020.05.15-15.45.30:250][  0]LogConfig: Setting CVar [[gc.MaxObjectsInEditor:25165824]]
[2020.05.15-15.45.30:250][  0]LogConfig: Setting CVar [[gc.IncrementalBeginDestroyEnabled:1]]
[2020.05.15-15.45.30:250][  0]LogConfig: Setting CVar [[gc.CreateGCClusters:1]]
[2020.05.15-15.45.30:250][  0]LogConfig: Setting CVar [[gc.MinGCClusterSize:5]]
[2020.05.15-15.45.30:250][  0]LogConfig: Setting CVar [[gc.ActorClusteringEnabled:0]]
[2020.05.15-15.45.30:250][  0]LogConfig: Setting CVar [[gc.BlueprintClusteringEnabled:0]]
[2020.05.15-15.45.30:250][  0]LogConfig: Setting CVar [[gc.UseDisregardForGCOnDedicatedServers:0]]
[2020.05.15-15.45.30:250][  0]LogConfig: Applying CVar settings from Section [/Script/Engine.NetworkSettings] File [C:/Users/Tom/Documents/GitHub/PangeaRepo/PangeaMechanics/Saved/Config/Windows/Engine.ini]
[2020.05.15-15.45.30:250][  0]LogConfig: Applying CVar settings from Section [/Script/UnrealEd.CookerSettings] File [C:/Users/Tom/Documents/GitHub/PangeaRepo/PangeaMechanics/Saved/Config/Windows/Engine.ini]
[2020.05.15-15.45.30:252][  0]LogConfig: Applying CVar settings from Section [ViewDistanceQuality@3] File [C:/Users/Tom/Documents/GitHub/PangeaRepo/PangeaMechanics/Saved/Config/Windows/Scalability.ini]
[2020.05.15-15.45.30:252][  0]LogConfig: Setting CVar [[r.SkeletalMeshLODBias:0]]
[2020.05.15-15.45.30:252][  0]LogConfig: Setting CVar [[r.ViewDistanceScale:1.0]]
[2020.05.15-15.45.30:252][  0]LogConfig: Applying CVar settings from Section [AntiAliasingQuality@3] File [C:/Users/Tom/Documents/GitHub/PangeaRepo/PangeaMechanics/Saved/Config/Windows/Scalability.ini]
[2020.05.15-15.45.30:252][  0]LogConfig: Setting CVar [[r.PostProcessAAQuality:4]]
[2020.05.15-15.45.30:252][  0]LogConfig: Applying CVar settings from Section [ShadowQuality@3] File [C:/Users/Tom/Documents/GitHub/PangeaRepo/PangeaMechanics/Saved/Config/Windows/Scalability.ini]
[2020.05.15-15.45.30:253][  0]LogConfig: Setting CVar [[r.LightFunctionQuality:1]]
[2020.05.15-15.45.30:253][  0]LogConfig: Setting CVar [[r.ShadowQuality:5]]
[2020.05.15-15.45.30:253][  0]LogConfig: Setting CVar [[r.Shadow.CSM.MaxCascades:10]]
[2020.05.15-15.45.30:253][  0]LogConfig: Setting CVar [[r.Shadow.MaxResolution:2048]]
[2020.05.15-15.45.30:253][  0]LogConfig: Setting CVar [[r.Shadow.MaxCSMResolution:2048]]
[2020.05.15-15.45.30:253][  0]LogConfig: Setting CVar [[r.Shadow.RadiusThreshold:0.01]]
[2020.05.15-15.45.30:253][  0]LogConfig: Setting CVar [[r.Shadow.DistanceScale:1.0]]
[2020.05.15-15.45.30:253][  0]LogConfig: Setting CVar [[r.Shadow.CSM.TransitionScale:1.0]]
[2020.05.15-15.45.30:253][  0]LogConfig: Setting CVar [[r.Shadow.PreShadowResolutionFactor:1.0]]
[2020.05.15-15.45.30:253][  0]LogConfig: Setting CVar [[r.DistanceFieldShadowing:1]]
[2020.05.15-15.45.30:253][  0]LogConfig: Setting CVar [[r.DistanceFieldAO:1]]
[2020.05.15-15.45.30:253][  0]LogConfig: Setting CVar [[r.AOQuality:2]]
[2020.05.15-15.45.30:253][  0]LogConfig: Setting CVar [[r.VolumetricFog:1]]
[2020.05.15-15.45.30:253][  0]LogConfig: Setting CVar [[r.VolumetricFog.GridPixelSize:8]]
[2020.05.15-15.45.30:253][  0]LogConfig: Setting CVar [[r.VolumetricFog.GridSizeZ:128]]
[2020.05.15-15.45.30:253][  0]LogConfig: Setting CVar [[r.VolumetricFog.HistoryMissSupersampleCount:4]]
[2020.05.15-15.45.30:253][  0]LogConfig: Setting CVar [[r.LightMaxDrawDistanceScale:1]]
[2020.05.15-15.45.30:253][  0]LogConfig: Setting CVar [[r.CapsuleShadows:1]]
[2020.05.15-15.45.30:253][  0]LogConfig: Applying CVar settings from Section [PostProcessQuality@3] File [C:/Users/Tom/Documents/GitHub/PangeaRepo/PangeaMechanics/Saved/Config/Windows/Scalability.ini]
[2020.05.15-15.45.30:253][  0]LogConfig: Setting CVar [[r.MotionBlurQuality:4]]
[2020.05.15-15.45.30:253][  0]LogConfig: Setting CVar [[r.AmbientOcclusionMipLevelFactor:0.4]]
[2020.05.15-15.45.30:253][  0]LogConfig: Setting CVar [[r.AmbientOcclusionMaxQuality:100]]
[2020.05.15-15.45.30:253][  0]LogConfig: Setting CVar [[r.AmbientOcclusionLevels:-1]]
[2020.05.15-15.45.30:253][  0]LogConfig: Setting CVar [[r.AmbientOcclusionRadiusScale:1.0]]
[2020.05.15-15.45.30:253][  0]LogConfig: Setting CVar [[r.DepthOfFieldQuality:2]]
[2020.05.15-15.45.30:253][  0]LogConfig: Setting CVar [[r.RenderTargetPoolMin:400]]
[2020.05.15-15.45.30:253][  0]LogConfig: Setting CVar [[r.LensFlareQuality:2]]
[2020.05.15-15.45.30:253][  0]LogConfig: Setting CVar [[r.SceneColorFringeQuality:1]]
[2020.05.15-15.45.30:253][  0]LogConfig: Setting CVar [[r.EyeAdaptationQuality:2]]
[2020.05.15-15.45.30:253][  0]LogConfig: Setting CVar [[r.BloomQuality:5]]
[2020.05.15-15.45.30:253][  0]LogConfig: Setting CVar [[r.FastBlurThreshold:100]]
[2020.05.15-15.45.30:253][  0]LogConfig: Setting CVar [[r.Upscale.Quality:3]]
[2020.05.15-15.45.30:253][  0]LogConfig: Setting CVar [[r.Tonemapper.GrainQuantization:1]]
[2020.05.15-15.45.30:253][  0]LogConfig: Setting CVar [[r.LightShaftQuality:1]]
[2020.05.15-15.45.30:253][  0]LogConfig: Setting CVar [[r.Filter.SizeScale:1]]
[2020.05.15-15.45.30:253][  0]LogConfig: Setting CVar [[r.Tonemapper.Quality:5]]
[2020.05.15-15.45.30:253][  0]LogConfig: Setting CVar [[r.DOF.Gather.AccumulatorQuality:1        ; higher gathering accumulator quality]]
[2020.05.15-15.45.30:253][  0]LogConfig: Setting CVar [[r.DOF.Gather.PostfilterMethod:1          ; Median3x3 postfilering method]]
[2020.05.15-15.45.30:253][  0]LogConfig: Setting CVar [[r.DOF.Gather.EnableBokehSettings:0       ; no bokeh simulation when gathering]]
[2020.05.15-15.45.30:253][  0]LogConfig: Setting CVar [[r.DOF.Gather.RingCount:4                 ; medium number of samples when gathering]]
[2020.05.15-15.45.30:253][  0]LogConfig: Setting CVar [[r.DOF.Scatter.ForegroundCompositing:1    ; additive foreground scattering]]
[2020.05.15-15.45.30:253][  0]LogConfig: Setting CVar [[r.DOF.Scatter.BackgroundCompositing:2    ; additive background scattering]]
[2020.05.15-15.45.30:253][  0]LogConfig: Setting CVar [[r.DOF.Scatter.EnableBokehSettings:1      ; bokeh simulation when scattering]]
[2020.05.15-15.45.30:253][  0]LogConfig: Setting CVar [[r.DOF.Scatter.MaxSpriteRatio:0.1         ; only a maximum of 10% of scattered bokeh]]
[2020.05.15-15.45.30:253][  0]LogConfig: Setting CVar [[r.DOF.Recombine.Quality:1                ; cheap slight out of focus]]
[2020.05.15-15.45.30:253][  0]LogConfig: Setting CVar [[r.DOF.Recombine.EnableBokehSettings:0    ; no bokeh simulation on slight out of focus]]
[2020.05.15-15.45.30:253][  0]LogConfig: Setting CVar [[r.DOF.TemporalAAQuality:1                ; more stable temporal accumulation]]
[2020.05.15-15.45.30:253][  0]LogConfig: Setting CVar [[r.DOF.Kernel.MaxForegroundRadius:0.025]]
[2020.05.15-15.45.30:253][  0]LogConfig: Setting CVar [[r.DOF.Kernel.MaxBackgroundRadius:0.025]]
[2020.05.15-15.45.30:253][  0]LogConfig: Applying CVar settings from Section [TextureQuality@3] File [C:/Users/Tom/Documents/GitHub/PangeaRepo/PangeaMechanics/Saved/Config/Windows/Scalability.ini]
[2020.05.15-15.45.30:253][  0]LogConfig: Setting CVar [[r.Streaming.MipBias:0]]
[2020.05.15-15.45.30:253][  0]LogConfig: Setting CVar [[r.Streaming.AmortizeCPUToGPUCopy:0]]
[2020.05.15-15.45.30:253][  0]LogConfig: Setting CVar [[r.Streaming.MaxNumTexturesToStreamPerFrame:0]]
[2020.05.15-15.45.30:253][  0]LogConfig: Setting CVar [[r.Streaming.Boost:1]]
[2020.05.15-15.45.30:253][  0]LogConfig: Setting CVar [[r.MaxAnisotropy:8]]
[2020.05.15-15.45.30:253][  0]LogConfig: Setting CVar [[r.VT.MaxAnisotropy:8]]
[2020.05.15-15.45.30:253][  0]LogConfig: Setting CVar [[r.Streaming.LimitPoolSizeToVRAM:0]]
[2020.05.15-15.45.30:253][  0]LogConfig: Setting CVar [[r.Streaming.PoolSize:1000]]
[2020.05.15-15.45.30:253][  0]LogConfig: Setting CVar [[r.Streaming.MaxEffectiveScreenSize:0]]
[2020.05.15-15.45.30:253][  0]LogConfig: Applying CVar settings from Section [EffectsQuality@3] File [C:/Users/Tom/Documents/GitHub/PangeaRepo/PangeaMechanics/Saved/Config/Windows/Scalability.ini]
[2020.05.15-15.45.30:253][  0]LogConfig: Setting CVar [[r.TranslucencyLightingVolumeDim:64]]
[2020.05.15-15.45.30:253][  0]LogConfig: Setting CVar [[r.RefractionQuality:2]]
[2020.05.15-15.45.30:253][  0]LogConfig: Setting CVar [[r.SSR.Quality:3]]
[2020.05.15-15.45.30:253][  0]LogConfig: Setting CVar [[r.SSR.HalfResSceneColor:0]]
[2020.05.15-15.45.30:253][  0]LogConfig: Setting CVar [[r.SceneColorFormat:4]]
[2020.05.15-15.45.30:253][  0]LogConfig: Setting CVar [[r.DetailMode:2]]
[2020.05.15-15.45.30:253][  0]LogConfig: Setting CVar [[r.TranslucencyVolumeBlur:1]]
[2020.05.15-15.45.30:253][  0]LogConfig: Setting CVar [[r.MaterialQualityLevel:1 ; High quality]]
[2020.05.15-15.45.30:253][  0]LogConfig: Setting CVar [[r.SSS.Scale:1]]
[2020.05.15-15.45.30:253][  0]LogConfig: Setting CVar [[r.SSS.SampleSet:2]]
[2020.05.15-15.45.30:253][  0]LogConfig: Setting CVar [[r.SSS.Quality:1]]
[2020.05.15-15.45.30:253][  0]LogConfig: Setting CVar [[r.SSS.HalfRes:1]]
[2020.05.15-15.45.30:254][  0]LogConfig: Setting CVar [[r.SSGI.Quality:3]]
[2020.05.15-15.45.30:254][  0]LogConfig: Setting CVar [[r.EmitterSpawnRateScale:1.0]]
[2020.05.15-15.45.30:254][  0]LogConfig: Setting CVar [[r.ParticleLightQuality:2]]
[2020.05.15-15.45.30:254][  0]LogConfig: Setting CVar [[r.SkyAtmosphere.AerialPerspectiveLUT.FastApplyOnOpaque:1 ; Always have FastSkyLUT 1 in this case to avoid wrong sky]]
[2020.05.15-15.45.30:254][  0]LogConfig: Setting CVar [[r.SkyAtmosphere.AerialPerspectiveLUT.SampleCountPerSlice:1]]
[2020.05.15-15.45.30:254][  0]LogConfig: Setting CVar [[r.SkyAtmosphere.AerialPerspectiveLUT.DepthResolution:16.0]]
[2020.05.15-15.45.30:254][  0]LogConfig: Setting CVar [[r.SkyAtmosphere.FastSkyLUT:1]]
[2020.05.15-15.45.30:254][  0]LogConfig: Setting CVar [[r.SkyAtmosphere.FastSkyLUT.SampleCountMin:4.0]]
[2020.05.15-15.45.30:254][  0]LogConfig: Setting CVar [[r.SkyAtmosphere.FastSkyLUT.SampleCountMax:32.0]]
[2020.05.15-15.45.30:254][  0]LogConfig: Setting CVar [[r.SkyAtmosphere.SampleCountMin:4.0]]
[2020.05.15-15.45.30:254][  0]LogConfig: Setting CVar [[r.SkyAtmosphere.SampleCountMax:32.0]]
[2020.05.15-15.45.30:254][  0]LogConfig: Setting CVar [[r.SkyAtmosphere.TransmittanceLUT.UseSmallFormat:0]]
[2020.05.15-15.45.30:254][  0]LogConfig: Setting CVar [[r.SkyAtmosphere.TransmittanceLUT.SampleCount:10.0]]
[2020.05.15-15.45.30:254][  0]LogConfig: Setting CVar [[r.SkyAtmosphere.MultiScatteringLUT.SampleCount:15.0]]
[2020.05.15-15.45.30:254][  0]LogConfig: Applying CVar settings from Section [FoliageQuality@3] File [C:/Users/Tom/Documents/GitHub/PangeaRepo/PangeaMechanics/Saved/Config/Windows/Scalability.ini]
[2020.05.15-15.45.30:254][  0]LogConfig: Setting CVar [[foliage.DensityScale:1.0]]
[2020.05.15-15.45.30:254][  0]LogConfig: Setting CVar [[grass.DensityScale:1.0]]
[2020.05.15-15.45.30:254][  0]LogConfig: Applying CVar settings from Section [ShadingQuality@3] File [C:/Users/Tom/Documents/GitHub/PangeaRepo/PangeaMechanics/Saved/Config/Windows/Scalability.ini]
[2020.05.15-15.45.30:254][  0]LogConfig: Setting CVar [[r.HairStrands.SkyLighting.SampleCount:16]]
[2020.05.15-15.45.30:254][  0]LogConfig: Setting CVar [[r.HairStrands.SkyLighting.JitterIntegration:0]]
[2020.05.15-15.45.30:254][  0]LogConfig: Setting CVar [[r.HairStrands.SkyAO.SampleCount:16]]
[2020.05.15-15.45.30:254][  0]LogInit: Selected Device Profile: [Windows]
[2020.05.15-15.45.30:254][  0]LogInit: Applying CVar settings loaded from the selected device profile: [Windows]
[2020.05.15-15.45.30:257][  0]LogHAL: Display: Platform has ~ 8 GB [8416038912 / 8589934592 / 8], which maps to Default [LargestMinGB=32, LargerMinGB=12, DefaultMinGB=8, SmallerMinGB=6, SmallestMinGB=0)
[2020.05.15-15.45.30:257][  0]LogInit: Going up to parent DeviceProfile []
[2020.05.15-15.45.30:257][  0]LogConfig: Applying CVar settings from Section [ViewDistanceQuality@2] File [C:/Users/Tom/Documents/GitHub/PangeaRepo/PangeaMechanics/Saved/Config/Windows/Scalability.ini]
[2020.05.15-15.45.30:257][  0]LogConfig: Setting CVar [[r.SkeletalMeshLODBias:0]]
[2020.05.15-15.45.30:257][  0]LogConfig: Setting CVar [[r.ViewDistanceScale:0.8]]
[2020.05.15-15.45.30:257][  0]LogConfig: Applying CVar settings from Section [AntiAliasingQuality@1] File [C:/Users/Tom/Documents/GitHub/PangeaRepo/PangeaMechanics/Saved/Config/Windows/Scalability.ini]
[2020.05.15-15.45.30:257][  0]LogConfig: Setting CVar [[r.PostProcessAAQuality:2]]
[2020.05.15-15.45.30:257][  0]LogConfig: Applying CVar settings from Section [ShadowQuality@1] File [C:/Users/Tom/Documents/GitHub/PangeaRepo/PangeaMechanics/Saved/Config/Windows/Scalability.ini]
[2020.05.15-15.45.30:257][  0]LogConfig: Setting CVar [[r.LightFunctionQuality:1]]
[2020.05.15-15.45.30:257][  0]LogConfig: Setting CVar [[r.ShadowQuality:3]]
[2020.05.15-15.45.30:257][  0]LogConfig: Setting CVar [[r.Shadow.CSM.MaxCascades:1]]
[2020.05.15-15.45.30:257][  0]LogConfig: Setting CVar [[r.Shadow.MaxResolution:1024]]
[2020.05.15-15.45.30:257][  0]LogConfig: Setting CVar [[r.Shadow.MaxCSMResolution:1024]]
[2020.05.15-15.45.30:257][  0]LogConfig: Setting CVar [[r.Shadow.RadiusThreshold:0.05]]
[2020.05.15-15.45.30:257][  0]LogConfig: Setting CVar [[r.Shadow.DistanceScale:0.7]]
[2020.05.15-15.45.30:257][  0]LogConfig: Setting CVar [[r.Shadow.CSM.TransitionScale:0.25]]
[2020.05.15-15.45.30:257][  0]LogConfig: Setting CVar [[r.Shadow.PreShadowResolutionFactor:0.5]]
[2020.05.15-15.45.30:257][  0]LogConfig: Setting CVar [[r.DistanceFieldShadowing:0]]
[2020.05.15-15.45.30:257][  0]LogConfig: Setting CVar [[r.DistanceFieldAO:0]]
[2020.05.15-15.45.30:257][  0]LogConfig: Setting CVar [[r.VolumetricFog:0]]
[2020.05.15-15.45.30:257][  0]LogConfig: Setting CVar [[r.LightMaxDrawDistanceScale:.5]]
[2020.05.15-15.45.30:257][  0]LogConfig: Setting CVar [[r.CapsuleShadows:1]]
[2020.05.15-15.45.30:257][  0]LogConfig: Applying CVar settings from Section [PostProcessQuality@1] File [C:/Users/Tom/Documents/GitHub/PangeaRepo/PangeaMechanics/Saved/Config/Windows/Scalability.ini]
[2020.05.15-15.45.30:257][  0]LogConfig: Setting CVar [[r.MotionBlurQuality:3]]
[2020.05.15-15.45.30:257][  0]LogConfig: Setting CVar [[r.AmbientOcclusionMipLevelFactor:1.0]]
[2020.05.15-15.45.30:257][  0]LogConfig: Setting CVar [[r.AmbientOcclusionMaxQuality:60]]
[2020.05.15-15.45.30:257][  0]LogConfig: Setting CVar [[r.AmbientOcclusionLevels:-1]]
[2020.05.15-15.45.30:257][  0]LogConfig: Setting CVar [[r.AmbientOcclusionRadiusScale:1.5]]
[2020.05.15-15.45.30:257][  0]LogConfig: Setting CVar [[r.DepthOfFieldQuality:1]]
[2020.05.15-15.45.30:257][  0]LogConfig: Setting CVar [[r.RenderTargetPoolMin:350]]
[2020.05.15-15.45.30:257][  0]LogConfig: Setting CVar [[r.LensFlareQuality:0]]
[2020.05.15-15.45.30:257][  0]LogConfig: Setting CVar [[r.SceneColorFringeQuality:0]]
[2020.05.15-15.45.30:257][  0]LogConfig: Setting CVar [[r.EyeAdaptationQuality:0]]
[2020.05.15-15.45.30:257][  0]LogConfig: Setting CVar [[r.BloomQuality:4]]
[2020.05.15-15.45.30:257][  0]LogConfig: Setting CVar [[r.FastBlurThreshold:2]]
[2020.05.15-15.45.30:257][  0]LogConfig: Setting CVar [[r.Upscale.Quality:2]]
[2020.05.15-15.45.30:257][  0]LogConfig: Setting CVar [[r.Tonemapper.GrainQuantization:0]]
[2020.05.15-15.45.30:257][  0]LogConfig: Setting CVar [[r.LightShaftQuality:0]]
[2020.05.15-15.45.30:257][  0]LogConfig: Setting CVar [[r.Filter.SizeScale:0.7]]
[2020.05.15-15.45.30:257][  0]LogConfig: Setting CVar [[r.Tonemapper.Quality:2]]
[2020.05.15-15.45.30:257][  0]LogConfig: Setting CVar [[r.DOF.Gather.AccumulatorQuality:0        ; lower gathering accumulator quality]]
[2020.05.15-15.45.30:257][  0]LogConfig: Setting CVar [[r.DOF.Gather.PostfilterMethod:2          ; Max3x3 postfilering method]]
[2020.05.15-15.45.30:257][  0]LogConfig: Setting CVar [[r.DOF.Gather.EnableBokehSettings:0       ; no bokeh simulation when gathering]]
[2020.05.15-15.45.30:257][  0]LogConfig: Setting CVar [[r.DOF.Gather.RingCount:3                 ; low number of samples when gathering]]
[2020.05.15-15.45.30:257][  0]LogConfig: Setting CVar [[r.DOF.Scatter.ForegroundCompositing:0    ; no foreground scattering]]
[2020.05.15-15.45.30:257][  0]LogConfig: Setting CVar [[r.DOF.Scatter.BackgroundCompositing:0    ; no foreground scattering]]
[2020.05.15-15.45.30:257][  0]LogConfig: Setting CVar [[r.DOF.Recombine.Quality:0                ; no slight out of focus]]
[2020.05.15-15.45.30:257][  0]LogConfig: Setting CVar [[r.DOF.TemporalAAQuality:0                ; faster temporal accumulation]]
[2020.05.15-15.45.30:257][  0]LogConfig: Setting CVar [[r.DOF.Kernel.MaxForegroundRadius:0.006   ; required because low gathering and no scattering and not looking great at 1080p]]
[2020.05.15-15.45.30:257][  0]LogConfig: Setting CVar [[r.DOF.Kernel.MaxBackgroundRadius:0.006   ; required because low gathering and no scattering and not looking great at 1080p]]
[2020.05.15-15.45.30:257][  0]LogConfig: Applying CVar settings from Section [TextureQuality@1] File [C:/Users/Tom/Documents/GitHub/PangeaRepo/PangeaMechanics/Saved/Config/Windows/Scalability.ini]
[2020.05.15-15.45.30:257][  0]LogConfig: Setting CVar [[r.Streaming.MipBias:1]]
[2020.05.15-15.45.30:257][  0]LogConfig: Setting CVar [[r.Streaming.AmortizeCPUToGPUCopy:0]]
[2020.05.15-15.45.30:257][  0]LogConfig: Setting CVar [[r.Streaming.MaxNumTexturesToStreamPerFrame:0]]
[2020.05.15-15.45.30:257][  0]LogConfig: Setting CVar [[r.Streaming.Boost:1]]
[2020.05.15-15.45.30:257][  0]LogConfig: Setting CVar [[r.MaxAnisotropy:2]]
[2020.05.15-15.45.30:257][  0]LogConfig: Setting CVar [[r.VT.MaxAnisotropy:4]]
[2020.05.15-15.45.30:257][  0]LogConfig: Setting CVar [[r.Streaming.LimitPoolSizeToVRAM:1]]
[2020.05.15-15.45.30:257][  0]LogConfig: Setting CVar [[r.Streaming.PoolSize:600]]
[2020.05.15-15.45.30:257][  0]LogConfig: Setting CVar [[r.Streaming.MaxEffectiveScreenSize:0]]
[2020.05.15-15.45.30:257][  0]LogConfig: Applying CVar settings from Section [EffectsQuality@1] File [C:/Users/Tom/Documents/GitHub/PangeaRepo/PangeaMechanics/Saved/Config/Windows/Scalability.ini]
[2020.05.15-15.45.30:257][  0]LogConfig: Setting CVar [[r.TranslucencyLightingVolumeDim:32]]
[2020.05.15-15.45.30:257][  0]LogConfig: Setting CVar [[r.RefractionQuality:0]]
[2020.05.15-15.45.30:258][  0]LogConfig: Setting CVar [[r.SSR.Quality:0]]
[2020.05.15-15.45.30:258][  0]LogConfig: Setting CVar [[r.SSR.HalfResSceneColor:1]]
[2020.05.15-15.45.30:258][  0]LogConfig: Setting CVar [[r.SceneColorFormat:3]]
[2020.05.15-15.45.30:258][  0]LogConfig: Setting CVar [[r.DetailMode:1]]
[2020.05.15-15.45.30:258][  0]LogConfig: Setting CVar [[r.TranslucencyVolumeBlur:0]]
[2020.05.15-15.45.30:258][  0]LogConfig: Setting CVar [[r.MaterialQualityLevel:2 ; Medium quality]]
[2020.05.15-15.45.30:258][  0]LogConfig: Setting CVar [[r.SSS.Scale:0.75]]
[2020.05.15-15.45.30:258][  0]LogConfig: Setting CVar [[r.SSS.SampleSet:0]]
[2020.05.15-15.45.30:258][  0]LogConfig: Setting CVar [[r.SSS.Quality:0]]
[2020.05.15-15.45.30:258][  0]LogConfig: Setting CVar [[r.SSS.HalfRes:1]]
[2020.05.15-15.45.30:258][  0]LogConfig: Setting CVar [[r.SSGI.Quality:1]]
[2020.05.15-15.45.30:258][  0]LogConfig: Setting CVar [[r.EmitterSpawnRateScale:0.25]]
[2020.05.15-15.45.30:258][  0]LogConfig: Setting CVar [[r.ParticleLightQuality:0]]
[2020.05.15-15.45.30:258][  0]LogConfig: Setting CVar [[r.SkyAtmosphere.AerialPerspectiveLUT.FastApplyOnOpaque:1 ; Always have FastSkyLUT 1 in this case to avoid wrong sky]]
[2020.05.15-15.45.30:258][  0]LogConfig: Setting CVar [[r.SkyAtmosphere.AerialPerspectiveLUT.SampleCountPerSlice:1]]
[2020.05.15-15.45.30:258][  0]LogConfig: Setting CVar [[r.SkyAtmosphere.AerialPerspectiveLUT.DepthResolution:16.0]]
[2020.05.15-15.45.30:258][  0]LogConfig: Setting CVar [[r.SkyAtmosphere.FastSkyLUT:1]]
[2020.05.15-15.45.30:258][  0]LogConfig: Setting CVar [[r.SkyAtmosphere.FastSkyLUT.SampleCountMin:4.0]]
[2020.05.15-15.45.30:258][  0]LogConfig: Setting CVar [[r.SkyAtmosphere.FastSkyLUT.SampleCountMax:32.0]]
[2020.05.15-15.45.30:258][  0]LogConfig: Setting CVar [[r.SkyAtmosphere.SampleCountMin:4.0]]
[2020.05.15-15.45.30:258][  0]LogConfig: Setting CVar [[r.SkyAtmosphere.SampleCountMax:32.0]]
[2020.05.15-15.45.30:258][  0]LogConfig: Setting CVar [[r.SkyAtmosphere.TransmittanceLUT.UseSmallFormat:0]]
[2020.05.15-15.45.30:258][  0]LogConfig: Setting CVar [[r.SkyAtmosphere.TransmittanceLUT.SampleCount:10.0]]
[2020.05.15-15.45.30:258][  0]LogConfig: Setting CVar [[r.SkyAtmosphere.MultiScatteringLUT.SampleCount:15.0]]
[2020.05.15-15.45.30:258][  0]LogConfig: Applying CVar settings from Section [FoliageQuality@1] File [C:/Users/Tom/Documents/GitHub/PangeaRepo/PangeaMechanics/Saved/Config/Windows/Scalability.ini]
[2020.05.15-15.45.30:258][  0]LogConfig: Setting CVar [[foliage.DensityScale:0.4]]
[2020.05.15-15.45.30:258][  0]LogConfig: Setting CVar [[grass.DensityScale:0.4]]
[2020.05.15-15.45.30:258][  0]LogConfig: Applying CVar settings from Section [ShadingQuality@3] File [C:/Users/Tom/Documents/GitHub/PangeaRepo/PangeaMechanics/Saved/Config/Windows/Scalability.ini]
[2020.05.15-15.45.30:258][  0]LogConfig: Setting CVar [[r.HairStrands.SkyLighting.SampleCount:16]]
[2020.05.15-15.45.30:258][  0]LogConfig: Setting CVar [[r.HairStrands.SkyLighting.JitterIntegration:0]]
[2020.05.15-15.45.30:258][  0]LogConfig: Setting CVar [[r.HairStrands.SkyAO.SampleCount:16]]
[2020.05.15-15.45.30:258][  0]LogConfig: Applying CVar settings from Section [Startup] File [../../../Engine/Config/ConsoleVariables.ini]
[2020.05.15-15.45.30:258][  0]LogConfig: Setting CVar [[net.UseAdaptiveNetUpdateFrequency:0]]
[2020.05.15-15.45.30:258][  0]LogConfig: Setting CVar [[p.chaos.AllowCreatePhysxBodies:1]]
[2020.05.15-15.45.30:258][  0]LogConfig: Applying CVar settings from Section [ConsoleVariables] File [C:/Users/Tom/Documents/GitHub/PangeaRepo/PangeaMechanics/Saved/Config/Windows/Engine.ini]
[2020.05.15-15.45.30:258][  0]LogInit: Computer: DESKTOP-B76AR38
[2020.05.15-15.45.30:258][  0]LogInit: User: Tom
[2020.05.15-15.45.30:258][  0]LogInit: CPU Page size=4096, Cores=4
[2020.05.15-15.45.30:258][  0]LogInit: High frequency timer resolution =10.000000 MHz
[2020.05.15-15.45.30:259][  0]LogMemory: Memory total: Physical=7.8GB (8GB approx)
[2020.05.15-15.45.30:259][  0]LogMemory: Platform Memory Stats for Windows
[2020.05.15-15.45.30:259][  0]LogMemory: Process Physical Memory: 106.16 MB used, 106.16 MB peak
[2020.05.15-15.45.30:259][  0]LogMemory: Process Virtual Memory: 100.73 MB used, 100.73 MB peak
[2020.05.15-15.45.30:259][  0]LogMemory: Physical Memory: 5855.81 MB used,  2170.35 MB free, 8026.16 MB total
[2020.05.15-15.45.30:259][  0]LogMemory: Virtual Memory: 5137.57 MB used,  134212592.00 MB free, 134217728.00 MB total
[2020.05.15-15.45.30:262][  0]LogWindows: WindowsPlatformFeatures enabled
[2020.05.15-15.45.30:277][  0]LogInit: Using OS detected language (en-GB).
[2020.05.15-15.45.30:277][  0]LogInit: Using OS detected locale (en-GB).
[2020.05.15-15.45.30:278][  0]LogTextLocalizationManager: No specific localization for 'en-GB' exists, so the 'en' localization will be used.
[2020.05.15-15.45.30:454][  0]LogInit: Setting process to per monitor DPI aware
[2020.05.15-15.45.30:483][  0]LogSlate: New Slate User Created.  User Index 0, Is Virtual User: 0
[2020.05.15-15.45.30:483][  0]LogSlate: Slate User Registered.  User Index 0, Is Virtual User: 0
[2020.05.15-15.45.30:627][  0]LogHMD: Failed to initialize OpenVR with code 110
[2020.05.15-15.45.30:627][  0]LogD3D11RHI: D3D11 min allowed feature level: 11_0
[2020.05.15-15.45.30:627][  0]LogD3D11RHI: D3D11 max allowed feature level: 11_0
[2020.05.15-15.45.30:627][  0]LogD3D11RHI: D3D11 adapters:
[2020.05.15-15.45.30:668][  0]LogD3D11RHI:    0. 'Intel(R) UHD Graphics 620' (Feature Level 11_0)
[2020.05.15-15.45.30:668][  0]LogD3D11RHI:       128/0/4013 MB DedicatedVideo/DedicatedSystem/SharedSystem, Outputs:1, VendorId:0x8086
[2020.05.15-15.45.30:670][  0]LogD3D11RHI:    1. 'Microsoft Basic Render Driver' (Feature Level 11_0)
[2020.05.15-15.45.30:670][  0]LogD3D11RHI:       0/0/4013 MB DedicatedVideo/DedicatedSystem/SharedSystem, Outputs:0, VendorId:0x1414
[2020.05.15-15.45.30:670][  0]LogD3D11RHI: Chosen D3D11 Adapter: 0
[2020.05.15-15.45.30:679][  0]LogD3D11RHI: Creating new Direct3DDevice
[2020.05.15-15.45.30:679][  0]LogD3D11RHI:     GPU DeviceId: 0x5917 (for the marketing name, search the web for "GPU Device Id")
[2020.05.15-15.45.30:679][  0]LogWindows: EnumDisplayDevices:
[2020.05.15-15.45.30:679][  0]LogWindows:    0. 'Intel(R) UHD Graphics 620' (P:1 D:1)
[2020.05.15-15.45.30:680][  0]LogWindows:    1. 'Intel(R) UHD Graphics 620' (P:0 D:0)
[2020.05.15-15.45.30:680][  0]LogWindows:    2. 'Intel(R) UHD Graphics 620' (P:0 D:0)
[2020.05.15-15.45.30:680][  0]LogWindows: DebugString: FoundDriverCount:3 
[2020.05.15-15.45.30:680][  0]LogD3D11RHI:     Adapter Name: Intel(R) UHD Graphics 620
[2020.05.15-15.45.30:680][  0]LogD3D11RHI:   Driver Version: 25.20.100.6446 (internal:25.20.100.6446, unified:25.20.100.6446)
[2020.05.15-15.45.30:680][  0]LogD3D11RHI:      Driver Date: 11-19-2018
[2020.05.15-15.45.30:680][  0]LogRHI: Texture pool is 1494 MB (70% of 2134 MB)
[2020.05.15-15.45.30:729][  0]LogD3D11RHI: RHI does not have support for 64 bit atomics
[2020.05.15-15.45.30:729][  0]LogD3D11RHI: [IntelMetricsDiscovery] Started
[2020.05.15-15.45.30:729][  0]LogD3D11RHI: Async texture creation enabled
[2020.05.15-15.45.30:734][  0]LogD3D11RHI: GPU Timing Frequency: 12.000048 (Debug: 2 0)
[2020.05.15-15.45.31:101][  0]LogTargetPlatformManager: Display: Loaded TargetPlatform 'AllDesktop'
[2020.05.15-15.45.31:134][  0]LogTargetPlatformManager: Display: Loaded TargetPlatform 'Android'
[2020.05.15-15.45.31:134][  0]LogTargetPlatformManager: Display: Loaded TargetPlatform 'Android_ASTC'
[2020.05.15-15.45.31:134][  0]LogTargetPlatformManager: Display: Loaded TargetPlatform 'Android_ATC'
[2020.05.15-15.45.31:134][  0]LogTargetPlatformManager: Display: Loaded TargetPlatform 'Android_DXT'
[2020.05.15-15.45.31:134][  0]LogTargetPlatformManager: Display: Loaded TargetPlatform 'Android_ETC1'
[2020.05.15-15.45.31:134][  0]LogTargetPlatformManager: Display: Loaded TargetPlatform 'Android_ETC1a'
[2020.05.15-15.45.31:134][  0]LogTargetPlatformManager: Display: Loaded TargetPlatform 'Android_ETC2'
[2020.05.15-15.45.31:134][  0]LogTargetPlatformManager: Display: Loaded TargetPlatform 'Android_PVRTC'
[2020.05.15-15.45.31:134][  0]LogTargetPlatformManager: Display: Loaded TargetPlatform 'AndroidClient'
[2020.05.15-15.45.31:134][  0]LogTargetPlatformManager: Display: Loaded TargetPlatform 'Android_ASTCClient'
[2020.05.15-15.45.31:134][  0]LogTargetPlatformManager: Display: Loaded TargetPlatform 'Android_ATCClient'
[2020.05.15-15.45.31:134][  0]LogTargetPlatformManager: Display: Loaded TargetPlatform 'Android_DXTClient'
[2020.05.15-15.45.31:134][  0]LogTargetPlatformManager: Display: Loaded TargetPlatform 'Android_ETC1Client'
[2020.05.15-15.45.31:134][  0]LogTargetPlatformManager: Display: Loaded TargetPlatform 'Android_ETC1aClient'
[2020.05.15-15.45.31:134][  0]LogTargetPlatformManager: Display: Loaded TargetPlatform 'Android_ETC2Client'
[2020.05.15-15.45.31:134][  0]LogTargetPlatformManager: Display: Loaded TargetPlatform 'Android_PVRTCClient'
[2020.05.15-15.45.31:134][  0]LogTargetPlatformManager: Display: Loaded TargetPlatform 'Android_Multi'
[2020.05.15-15.45.31:134][  0]LogTargetPlatformManager: Display: Loaded TargetPlatform 'Android_MultiClient'
[2020.05.15-15.45.31:153][  0]LogTargetPlatformManager: Display: Loaded TargetPlatform 'IOSClient'
[2020.05.15-15.45.31:153][  0]LogTargetPlatformManager: Display: Loaded TargetPlatform 'IOS'
[2020.05.15-15.45.31:161][  0]LogTargetPlatformManager: Display: Loaded TargetPlatform 'LinuxNoEditor'
[2020.05.15-15.45.31:169][  0]LogTargetPlatformManager: Display: Loaded TargetPlatform 'LinuxClient'
[2020.05.15-15.45.31:177][  0]LogTargetPlatformManager: Display: Loaded TargetPlatform 'LinuxServer'
[2020.05.15-15.45.31:186][  0]LogTargetPlatformManager: Display: Loaded TargetPlatform 'LinuxAArch64NoEditor'
[2020.05.15-15.45.31:194][  0]LogTargetPlatformManager: Display: Loaded TargetPlatform 'LinuxAArch64Client'
[2020.05.15-15.45.31:202][  0]LogTargetPlatformManager: Display: Loaded TargetPlatform 'LinuxAArch64Server'
[2020.05.15-15.45.31:246][  0]LogTargetPlatformManager: Display: Loaded TargetPlatform 'Lumin'
[2020.05.15-15.45.31:246][  0]LogTargetPlatformManager: Display: Loaded TargetPlatform 'LuminClient'
[2020.05.15-15.45.31:261][  0]LogTargetPlatformManager: Display: Loaded TargetPlatform 'TVOSClient'
[2020.05.15-15.45.31:261][  0]LogTargetPlatformManager: Display: Loaded TargetPlatform 'TVOS'
[2020.05.15-15.45.31:269][  0]LogTargetPlatformManager: Display: Loaded TargetPlatform 'WindowsNoEditor'
[2020.05.15-15.45.31:278][  0]LogTargetPlatformManager: Display: Loaded TargetPlatform 'Windows'
[2020.05.15-15.45.31:284][  0]LogTargetPlatformManager: Display: Loaded TargetPlatform 'WindowsClient'
[2020.05.15-15.45.31:291][  0]LogTargetPlatformManager: Display: Loaded TargetPlatform 'WindowsServer'
[2020.05.15-15.45.31:291][  0]LogTargetPlatformManager: Display: Building Assets For Windows
[2020.05.15-15.45.31:295][  0]LogAudioDebug: Display: Lib vorbis DLL was dynamically loaded.
[2020.05.15-15.45.31:322][  0]LogShaderCompilers: Guid format shader working directory is -28 characters bigger than the processId version (../../../../../../Users/Tom/Documents/GitHub/PangeaRepo/PangeaMechanics/Intermediate/Shaders/WorkingDirectory/19916/).
[2020.05.15-15.45.31:322][  0]LogShaderCompilers: Cleaned the shader compiler working directory 'C:/Users/Tom/AppData/Local/Temp/UnrealShaderWorkingDir/AF125434430199C894A3C0A34B370687/'.
[2020.05.15-15.45.31:323][  0]LogXGEController: Cannot use XGE Controller as Incredibuild is not installed on this machine.
[2020.05.15-15.45.31:323][  0]LogShaderCompilers: Cannot use XGE Shader Compiler as Incredibuild is not installed on this machine.
[2020.05.15-15.45.31:323][  0]LogShaderCompilers: Display: Using Local Shader Compiler.
[2020.05.15-15.45.32:044][  0]LogDerivedDataCache: Display: Max Cache Size: 512 MB
[2020.05.15-15.45.32:114][  0]LogDerivedDataCache: Loaded boot cache 0.07s 82MB C:/Users/Tom/AppData/Local/UnrealEngine/4.24/DerivedDataCache/Boot.ddc.
[2020.05.15-15.45.32:114][  0]LogDerivedDataCache: Display: Loaded Boot cache: C:/Users/Tom/AppData/Local/UnrealEngine/4.24/DerivedDataCache/Boot.ddc
[2020.05.15-15.45.32:114][  0]LogDerivedDataCache: FDerivedDataBackendGraph:  Pak pak cache file ../../../../../../Users/Tom/Documents/GitHub/PangeaRepo/PangeaMechanics/DerivedDataCache/DDC.ddp not found, will not use a pak cache.
[2020.05.15-15.45.32:114][  0]LogDerivedDataCache: Unable to find inner node Pak for hierarchical cache Hierarchy.
[2020.05.15-15.45.32:114][  0]LogDerivedDataCache: FDerivedDataBackendGraph:  CompressedPak pak cache file ../../../../../../Users/Tom/Documents/GitHub/PangeaRepo/PangeaMechanics/DerivedDataCache/Compressed.ddp not found, will not use a pak cache.
[2020.05.15-15.45.32:114][  0]LogDerivedDataCache: Unable to find inner node CompressedPak for hierarchical cache Hierarchy.
[2020.05.15-15.45.32:124][  0]LogDerivedDataCache: Display: Pak cache opened for reading ../../../Engine/DerivedDataCache/Compressed.ddp.
[2020.05.15-15.45.32:124][  0]LogDerivedDataCache: FDerivedDataBackendGraph:  EnterprisePak pak cache file ../../../Enterprise/DerivedDataCache/Compressed.ddp not found, will not use a pak cache.
[2020.05.15-15.45.32:124][  0]LogDerivedDataCache: Unable to find inner node EnterprisePak for hierarchical cache Hierarchy.
[2020.05.15-15.45.32:126][  0]LogDerivedDataCache: Using Local data cache path C:/Users/Tom/AppData/Local/UnrealEngine/Common/DerivedDataCache: Writable
[2020.05.15-15.45.32:126][  0]LogDerivedDataCache: Shared data cache path not found in *engine.ini, will not use an Shared cache.
[2020.05.15-15.45.32:126][  0]LogDerivedDataCache: Unable to find inner node Shared for hierarchical cache Hierarchy.
[2020.05.15-15.45.32:151][  0]LogMaterial: Verifying Global Shaders for PCD3D_SM5
[2020.05.15-15.45.32:154][  0]LogSlate: Using FreeType 2.10.0
[2020.05.15-15.45.32:154][  0]LogSlate: SlateFontServices - WITH_FREETYPE: 1, WITH_HARFBUZZ: 1
[2020.05.15-15.45.32:209][  0]LogAssetRegistry: FAssetRegistry took 0.0029 seconds to start up
[2020.05.15-15.45.32:523][  0]LogInit: Selected Device Profile: [Windows]
[2020.05.15-15.45.32:679][  0]LogMeshReduction: Using QuadricMeshReduction for automatic static mesh reduction
[2020.05.15-15.45.32:679][  0]LogMeshReduction: Using SimplygonMeshReduction for automatic skeletal mesh reduction
[2020.05.15-15.45.32:679][  0]LogMeshReduction: Using ProxyLODMeshReduction for automatic mesh merging
[2020.05.15-15.45.32:679][  0]LogMeshReduction: No distributed automatic mesh merging module available
[2020.05.15-15.45.32:679][  0]LogMeshMerging: No distributed automatic mesh merging module available
[2020.05.15-15.45.32:692][  0]LogNetVersion: PangeaMechanics 1.0.0, NetCL: 10570792, EngineNetVer: 13, GameNetVer: 0 (Checksum: 2073095031)
[2020.05.15-15.45.33:933][  0]LogPackageLocalizationCache: Processed 10 localized package path(s) for 1 prioritized culture(s) in 0.070092 seconds
[2020.05.15-15.45.33:946][  0]LogUObjectArray: 46750 objects as part of root set at end of initial load.
[2020.05.15-15.45.33:946][  0]LogUObjectAllocator: 8137160 out of 0 bytes used by permanent object pool.
[2020.05.15-15.45.33:946][  0]LogUObjectArray: CloseDisregardForGC: 0/0 objects in disregard for GC pool
[2020.05.15-15.45.34:443][  0]LogTcpMessaging: Initializing TcpMessaging bridge
[2020.05.15-15.45.34:447][  0]LogUdpMessaging: Initializing bridge on interface 0.0.0.0:0 to multicast group 230.0.0.1:6666.
[2020.05.15-15.45.34:688][  0]SourceControl: Source control is disabled
[2020.05.15-15.45.34:688][  0]SourceControl: Source control is disabled
[2020.05.15-15.45.34:689][  0]SourceControl: Source control is disabled
[2020.05.15-15.45.34:690][  0]SourceControl: Source control is disabled
[2020.05.15-15.45.34:691][  0]SourceControl: Source control is disabled
[2020.05.15-15.45.34:795][  0]LogAndroidPermission: UAndroidPermissionCallbackProxy::GetInstance
[2020.05.15-15.45.34:813][  0]LogAudioCaptureCore: Display: No Audio Capture implementations found. Audio input will be silent.
[2020.05.15-15.45.34:813][  0]LogAudioCaptureCore: Display: No Audio Capture implementations found. Audio input will be silent.
[2020.05.15-15.45.34:959][  0]LogOcInput: OculusInput pre-init called
[2020.05.15-15.45.34:970][  0]LogWindows: Failed to load 'OVRPlugin.dll' (GetLastError=126)
[2020.05.15-15.45.34:970][  0]LogWindows: File 'OVRPlugin.dll' does not exist
[2020.05.15-15.45.35:046][  0]LogEngine: Initializing Engine...
[2020.05.15-15.45.35:047][  0]LogHMD: Failed to initialize OpenVR with code 110
[2020.05.15-15.45.35:048][  0]LogStats: UGameplayTagsManager::InitializeManager -  0.000 s
[2020.05.15-15.45.35:429][  0]LogInit: Initializing FReadOnlyCVARCache
[2020.05.15-15.45.35:437][  0]LogAIModule: Creating AISystem for world Untitled
[2020.05.15-15.45.35:644][  0]LogAudioMixer: Display: Audio Mixer Platform Settings:
[2020.05.15-15.45.35:644][  0]LogAudioMixer: Display: 	Sample Rate:						  48000
[2020.05.15-15.45.35:645][  0]LogAudioMixer: Display: 	Callback Buffer Frame Size Requested: 1024
[2020.05.15-15.45.35:645][  0]LogAudioMixer: Display: 	Callback Buffer Frame Size To Use:	  1024
[2020.05.15-15.45.35:645][  0]LogAudioMixer: Display: 	Number of buffers to queue:			  2
[2020.05.15-15.45.35:645][  0]LogAudioMixer: Display: 	Max Channels (voices):				  32
[2020.05.15-15.45.35:645][  0]LogAudioMixer: Display: 	Number of Async Source Workers:		  0
[2020.05.15-15.45.35:645][  0]LogAudio: Display: AudioDevice MaxSources: 32
[2020.05.15-15.45.35:645][  0]LogAudio: Display: Using built-in audio occlusion.
[2020.05.15-15.45.35:645][  0]LogAudioMixer: Display: Initializing audio mixer.
[2020.05.15-15.45.35:666][  0]LogAudioMixer: Display: Audio Device Output Speaker Info:
[2020.05.15-15.45.35:666][  0]LogAudioMixer: Display: Name: Speaker/Headphone (Realtek(R) Audio)
[2020.05.15-15.45.35:666][  0]LogAudioMixer: Display: Is Default: Yes
[2020.05.15-15.45.35:666][  0]LogAudioMixer: Display: Sample Rate: 48000
[2020.05.15-15.45.35:666][  0]LogAudioMixer: Display: Channel Count Used: 2
[2020.05.15-15.45.35:666][  0]LogAudioMixer: Display: Device Channel Count: 2
[2020.05.15-15.45.35:666][  0]LogAudioMixer: Display: Channel Order:
[2020.05.15-15.45.35:666][  0]LogAudioMixer: Display: 0: FrontLeft
[2020.05.15-15.45.35:666][  0]LogAudioMixer: Display: 1: FrontRight
[2020.05.15-15.45.35:785][  0]LogAudioMixer: Display: Using Audio Device Speaker/Headphone (Realtek(R) Audio)
[2020.05.15-15.45.35:792][  0]LogInit: FAudioDevice initialized.
[2020.05.15-15.45.35:793][  0]LogNetVersion: Set ProjectVersion to 1.0.0.0. Version Checksum will be recalculated on next use.
[2020.05.15-15.45.35:992][  0]LogDerivedDataCache: Saved boot cache 0.20s 82MB C:/Users/Tom/AppData/Local/UnrealEngine/4.24/DerivedDataCache/Boot.ddc.
[2020.05.15-15.45.35:992][  0]LogInit: Texture streaming: Enabled
[2020.05.15-15.45.36:007][  0]LogEngineSessionManager: EngineSessionManager initialized
[2020.05.15-15.45.36:007][  0]LogEditorSessionSummary: Verbose: Initializing EditorSessionSummaryWriter for editor session tracking
[2020.05.15-15.45.36:013][  0]LogEditorSessionSummary: EditorSessionSummaryWriter initialized
[2020.05.15-15.45.36:101][  0]LogInit: Transaction tracking system initialized
[2020.05.15-15.45.36:112][  0]BlueprintLog: New page: Editor Load
[2020.05.15-15.45.36:145][  0]LocalizationService: Localization service is disabled
[2020.05.15-15.45.37:510][  0]LogFileCache: Scanning file cache for directory 'C:/Users/Tom/Documents/GitHub/PangeaRepo/PangeaMechanics/Content/' took 0.01s
[2020.05.15-15.45.37:510][  0]LogCook: Display: Max memory allowance for cook 16384mb min free memory 0mb
[2020.05.15-15.45.37:510][  0]LogCook: Display: Mobile HDR setting 1
[2020.05.15-15.45.38:272][  0]SourceControl: Source control is disabled
[2020.05.15-15.45.38:272][  0]Cmd: MAP LOAD FILE="../../../../../../Users/Tom/Documents/GitHub/PangeaRepo/PangeaMechanics/Content/ThirdPersonCPP/Maps/ThirdPersonExampleMap.umap" TEMPLATE=0 SHOWPROGRESS=1 FEATURELEVEL=3
[2020.05.15-15.45.38:273][  0]LightingResults: New page: Lighting Build
[2020.05.15-15.45.38:274][  0]LogWorld: UWorld::CleanupWorld for Untitled, bSessionEnded=true, bCleanupResources=true
[2020.05.15-15.45.38:274][  0]LogSlate: InvalidateAllWidgets triggered.  All widgets were invalidated
[2020.05.15-15.45.38:274][  0]MapCheck: New page: Map Check
[2020.05.15-15.45.38:274][  0]LightingResults: New page: Lighting Build
[2020.05.15-15.45.38:301][  0]LogUObjectHash: Compacting FUObjectHashTables data took   2.15ms
[2020.05.15-15.45.38:435][  0]LogAIModule: Creating AISystem for world ThirdPersonExampleMap
[2020.05.15-15.45.38:445][  0]LogEditorServer: Finished looking for orphan Actors (0.000 secs)
[2020.05.15-15.45.38:478][  0]LogUObjectHash: Compacting FUObjectHashTables data took   2.15ms
[2020.05.15-15.45.38:478][  0]Cmd: MAP CHECKDEP NOCLEARLOG
[2020.05.15-15.45.38:479][  0]MapCheck: Map check complete: 0 Error(s), 0 Warning(s), took 0.168ms to complete.
[2020.05.15-15.45.38:479][  0]LogFileHelpers: Loading map 'ThirdPersonExampleMap' took 0.207
[2020.05.15-15.45.38:621][  0]LogCollectionManager: Loaded 0 collections in 0.001921 seconds
[2020.05.15-15.45.38:643][  0]LogFileCache: Scanning file cache for directory 'C:/Users/Tom/Documents/GitHub/PangeaRepo/PangeaMechanics/Saved/Collections/' took 0.00s
[2020.05.15-15.45.38:643][  0]LogFileCache: Scanning file cache for directory 'C:/Users/Tom/Documents/GitHub/PangeaRepo/PangeaMechanics/Content/Developers/Tom/Collections/' took 0.00s
[2020.05.15-15.45.38:643][  0]LogFileCache: Scanning file cache for directory 'C:/Users/Tom/Documents/GitHub/PangeaRepo/PangeaMechanics/Content/Collections/' took 0.00s
[2020.05.15-15.45.38:643][  0]LogContentBrowser: Native class hierarchy populated in 0.0084 seconds. Added 3023 classes and 719 folders.
[2020.05.15-15.45.38:650][  0]LogContentBrowser: Native class hierarchy updated for 'WidgetCarousel' in 0.0005 seconds. Added 0 classes and 0 folders.
[2020.05.15-15.45.38:832][  0]LogContentBrowser: Native class hierarchy updated for 'AddContentDialog' in 0.0004 seconds. Added 0 classes and 0 folders.
[2020.05.15-15.45.38:857][  0]LogSlate: Updating window title bar state: overlay mode, drag disabled, window buttons hidden, title bar hidden
[2020.05.15-15.45.38:865][  0]LogSlate: Updating window title bar state: overlay mode, drag disabled, window buttons hidden, title bar hidden
[2020.05.15-15.45.38:873][  0]LogSlate: Updating window title bar state: overlay mode, drag disabled, window buttons hidden, title bar hidden
[2020.05.15-15.45.38:880][  0]LogSlate: Updating window title bar state: overlay mode, drag disabled, window buttons hidden, title bar hidden
[2020.05.15-15.45.38:893][  0]LogContentBrowser: Native class hierarchy updated for 'SceneOutliner' in 0.0005 seconds. Added 2 classes and 3 folders.
[2020.05.15-15.45.38:932][  0]LogSlate: Took 0.000177 seconds to synchronously load lazily loaded font '../../../Engine/Content/Slate/Fonts/Roboto-Regular.ttf' (155K)
[2020.05.15-15.45.38:938][  0]LogSlate: Took 0.000205 seconds to synchronously load lazily loaded font '../../../Engine/Content/Slate/Fonts/Roboto-Bold.ttf' (160K)
[2020.05.15-15.45.38:941][  0]LogSlate: Took 0.000728 seconds to synchronously load lazily loaded font '../../../Engine/Content/Editor/Slate/Fonts/FontAwesome.ttf' (139K)
[2020.05.15-15.45.38:942][  0]LogSlate: Took 0.000840 seconds to synchronously load lazily loaded font '../../../Engine/Content/Slate/Fonts/DroidSansMono.ttf' (77K)
[2020.05.15-15.45.39:088][  0]LogRenderer: Reallocating scene render targets to support 676x368 Format 9 NumSamples 1 (Frame:1).
[2020.05.15-15.45.39:386][  0]LogContentBrowser: Native class hierarchy updated for 'HierarchicalLODOutliner' in 0.0006 seconds. Added 0 classes and 0 folders.
[2020.05.15-15.45.39:387][  0]LogLoad: (Engine Initialization) Total time: 10.56 seconds
[2020.05.15-15.45.39:387][  0]LogLoad: (Engine Initialization) Total Blueprint compile time: 0.00 seconds
[2020.05.15-15.45.39:459][  0]LogContentStreaming: Texture pool size now 600 MB
[2020.05.15-15.45.39:794][  0]LogRenderer: Reallocating scene render targets to support 676x380 Format 9 NumSamples 1 (Frame:2).
[2020.05.15-15.45.39:936][  1]LogAssetRegistry: Asset discovery search completed in 7.7289 seconds
[2020.05.15-15.45.39:942][  1]LogCollectionManager: Fixed up redirectors for 0 collections in 0.000028 seconds (updated 0 objects)
[2020.05.15-15.46.00:909][158]LogSlate: Took 0.000975 seconds to synchronously load lazily loaded font '../../../Engine/Content/Slate/Fonts/Roboto-Light.ttf' (167K)
[2020.05.15-15.46.02:156][220]LogUObjectHash: Compacting FUObjectHashTables data took   0.84ms
[2020.05.15-15.46.02:161][220]Cmd: MAP LOAD FILE="../../../../../../Users/Tom/Documents/GitHub/PangeaRepo/PangeaMechanics/Content/ThirdPersonCPP/Maps/TamingPrototypeTG.umap" TEMPLATE=0 SHOWPROGRESS=1 FEATURELEVEL=3
[2020.05.15-15.46.02:166][220]LogSlate: Took 0.000315 seconds to synchronously load lazily loaded font '../../../Engine/Content/Slate/Fonts/Roboto-Light.ttf' (167K)
[2020.05.15-15.46.02:193][220]LightingResults: New page: Lighting Build
[2020.05.15-15.46.02:194][220]LoadErrors: New page: Loading map: TamingPrototypeTG.umap
[2020.05.15-15.46.02:196][220]LogWorld: UWorld::CleanupWorld for ThirdPersonExampleMap, bSessionEnded=true, bCleanupResources=true
[2020.05.15-15.46.02:196][220]LogSlate: InvalidateAllWidgets triggered.  All widgets were invalidated
[2020.05.15-15.46.02:196][220]MapCheck: New page: Map Check
[2020.05.15-15.46.02:196][220]LightingResults: New page: Lighting Build
[2020.05.15-15.46.02:226][220]LogUObjectHash: Compacting FUObjectHashTables data took   2.26ms
[2020.05.15-15.46.02:373][220]LogAIModule: Creating AISystem for world TamingPrototypeTG
[2020.05.15-15.46.02:377][220]LogEditorServer: Finished looking for orphan Actors (0.000 secs)
[2020.05.15-15.46.02:421][220]LogUObjectHash: Compacting FUObjectHashTables data took   1.78ms
[2020.05.15-15.46.02:464][220]Cmd: MAP CHECKDEP NOCLEARLOG
[2020.05.15-15.46.02:465][220]MapCheck: Map check complete: 0 Error(s), 0 Warning(s), took 0.48ms to complete.
[2020.05.15-15.46.02:465][220]LogFileHelpers: Loading map 'TamingPrototypeTG' took 0.305
[2020.05.15-15.46.02:466][220]LogSlate: Window 'Open Level' being destroyed
[2020.05.15-15.46.04:354][316]Candidate modules for hot reload:
[2020.05.15-15.46.04:354][316]  PangeaMechanics
[2020.05.15-15.46.04:354][316]Launching UnrealBuildTool... [C:/Program Files/Epic Games/UE_4.24/Engine/Binaries/DotNET/UnrealBuildTool.exe  -ModuleWithSuffix=PangeaMechanics,6896 Win64 Development -TargetType=Editor -Project="C:/Users/Tom/Documents/GitHub/PangeaRepo/PangeaMechanics/PangeaMechanics.uproject" "C:/Users/Tom/Documents/GitHub/PangeaRepo/PangeaMechanics/PangeaMechanics.uproject"  -IgnoreJunk]
[2020.05.15-15.46.04:362][316]Warning: Starting HotReload took  0.0s.
[2020.05.15-15.46.21:289][304]CompilerResultsLog: New page: Compilation - 15 May 2020, 17:46:21
[2020.05.15-15.46.21:290][304]CompilerResultsLog: Using 'git status' to determine working set for adaptive non-unity build (C:\Users\Tom\Documents\GitHub\PangeaRepo).
[2020.05.15-15.46.21:290][304]CompilerResultsLog: Parsing headers for PangeaMechanicsEditor
[2020.05.15-15.46.21:290][304]CompilerResultsLog:   Running UnrealHeaderTool "C:\Users\Tom\Documents\GitHub\PangeaRepo\PangeaMechanics\PangeaMechanics.uproject" "C:\Users\Tom\Documents\GitHub\PangeaRepo\PangeaMechanics\Intermediate\Build\Win64\PangeaMechanicsEditor\Development\PangeaMechanicsEditor.uhtmanifest" -LogCmds="loginit warning, logexit warning, logdatabase error" -Unattended -WarningsAsErrors -installed
[2020.05.15-15.46.21:290][304]CompilerResultsLog: Reflection code generated for PangeaMechanicsEditor in 11.4341488 seconds
[2020.05.15-15.46.21:290][304]CompilerResultsLog: Building PangeaMechanicsEditor...
[2020.05.15-15.46.21:290][304]CompilerResultsLog: Using Visual Studio 2019 14.25.28612 toolchain (C:\Program Files (x86)\Microsoft Visual Studio\2019\Community\VC\Tools\MSVC\14.25.28610) and Windows 10.0.18362.0 SDK (C:\Program Files (x86)\Windows Kits\10).
[2020.05.15-15.46.21:290][304]CompilerResultsLog: Building 7 actions with 8 processes...
[2020.05.15-15.46.21:290][304]CompilerResultsLog:   [1/7] AnimalSight.cpp
[2020.05.15-15.46.21:290][304]CompilerResultsLog:    C:\Users\Tom\Documents\GitHub\PangeaRepo\PangeaMechanics\Source\PangeaMechanics\AnimalSight.cpp(198) : error C2039: 'GetPlayerHealth': is not a member of 'UPlayerStats'
[2020.05.15-15.46.21:290][304]CompilerResultsLog:   C:\Users\Tom\Documents\GitHub\PangeaRepo\PangeaMechanics\Source\PangeaMechanics\PlayerStats.h(11): note: see declaration of 'UPlayerStats'
[2020.05.15-15.46.21:290][304]CompilerResultsLog:   [2/7] PlayerStats.cpp
[2020.05.15-15.46.21:290][304]CompilerResultsLog:   [3/7] PlayerStats.gen.cpp
[2020.05.15-15.46.21:290][304]CompilerResultsLog:   [4/7] AnimalSight.gen.cpp
[2020.05.15-15.46.21:290][304]LogMainFrame: MainFrame: Module compiling took 16.942 seconds
[2020.05.15-15.46.21:291][304]Warning: HotReload failed, recompile failed
[2020.05.15-15.46.29:550][782]LogSlate: Window 'Message Log' being destroyed
[2020.05.15-15.46.29:571][782]LogSlate: Window 'Message Log' being destroyed
[2020.05.15-15.46.38:983][887]Candidate modules for hot reload:
[2020.05.15-15.46.38:983][887]  PangeaMechanics
[2020.05.15-15.46.38:983][887]Launching UnrealBuildTool... [C:/Program Files/Epic Games/UE_4.24/Engine/Binaries/DotNET/UnrealBuildTool.exe  -ModuleWithSuffix=PangeaMechanics,9996 Win64 Development -TargetType=Editor -Project="C:/Users/Tom/Documents/GitHub/PangeaRepo/PangeaMechanics/PangeaMechanics.uproject" "C:/Users/Tom/Documents/GitHub/PangeaRepo/PangeaMechanics/PangeaMechanics.uproject"  -IgnoreJunk]
[2020.05.15-15.46.38:990][887]Warning: Starting HotReload took  0.0s.
[2020.05.15-15.46.53:028][701]CompilerResultsLog: New page: Compilation - 15 May 2020, 17:46:53
[2020.05.15-15.46.53:028][701]CompilerResultsLog: Using 'git status' to determine working set for adaptive non-unity build (C:\Users\Tom\Documents\GitHub\PangeaRepo).
[2020.05.15-15.46.53:028][701]CompilerResultsLog: Parsing headers for PangeaMechanicsEditor
[2020.05.15-15.46.53:028][701]CompilerResultsLog:   Running UnrealHeaderTool "C:\Users\Tom\Documents\GitHub\PangeaRepo\PangeaMechanics\PangeaMechanics.uproject" "C:\Users\Tom\Documents\GitHub\PangeaRepo\PangeaMechanics\Intermediate\Build\Win64\PangeaMechanicsEditor\Development\PangeaMechanicsEditor.uhtmanifest" -LogCmds="loginit warning, logexit warning, logdatabase error" -Unattended -WarningsAsErrors -installed
[2020.05.15-15.46.53:028][701]CompilerResultsLog: Reflection code generated for PangeaMechanicsEditor in 9.6105392 seconds
[2020.05.15-15.46.53:028][701]CompilerResultsLog: Building PangeaMechanicsEditor...
[2020.05.15-15.46.53:028][701]CompilerResultsLog: Using Visual Studio 2019 14.25.28612 toolchain (C:\Program Files (x86)\Microsoft Visual Studio\2019\Community\VC\Tools\MSVC\14.25.28610) and Windows 10.0.18362.0 SDK (C:\Program Files (x86)\Windows Kits\10).
[2020.05.15-15.46.53:028][701]CompilerResultsLog: Building 7 actions with 8 processes...
[2020.05.15-15.46.53:028][701]CompilerResultsLog:   [1/7] AnimalSight.cpp
[2020.05.15-15.46.53:028][701]CompilerResultsLog:    C:\Users\Tom\Documents\GitHub\PangeaRepo\PangeaMechanics\Source\PangeaMechanics\AnimalSight.cpp(198) : error C2039: 'GetPlayerHealth': is not a member of 'UPlayerStats'
[2020.05.15-15.46.53:028][701]CompilerResultsLog:   C:\Users\Tom\Documents\GitHub\PangeaRepo\PangeaMechanics\Source\PangeaMechanics\PlayerStats.h(11): note: see declaration of 'UPlayerStats'
[2020.05.15-15.46.53:028][701]CompilerResultsLog:   [2/7] PlayerStats.cpp
[2020.05.15-15.46.53:028][701]CompilerResultsLog:   [3/7] PlayerStats.gen.cpp
[2020.05.15-15.46.53:028][701]CompilerResultsLog:   [4/7] AnimalSight.gen.cpp
[2020.05.15-15.46.53:028][701]LogMainFrame: MainFrame: Module compiling took 14.049 seconds
[2020.05.15-15.46.53:028][701]Warning: HotReload failed, recompile failed
[2020.05.15-15.47.16:605][624]LogSlate: Window 'Message Log' being destroyed
[2020.05.15-15.47.16:623][624]LogSlate: Window 'Message Log' being destroyed
[2020.05.15-15.47.19:686][770]Candidate modules for hot reload:
[2020.05.15-15.47.19:686][770]  PangeaMechanics
[2020.05.15-15.47.19:686][770]Launching UnrealBuildTool... [C:/Program Files/Epic Games/UE_4.24/Engine/Binaries/DotNET/UnrealBuildTool.exe  -ModuleWithSuffix=PangeaMechanics,895 Win64 Development -TargetType=Editor -Project="C:/Users/Tom/Documents/GitHub/PangeaRepo/PangeaMechanics/PangeaMechanics.uproject" "C:/Users/Tom/Documents/GitHub/PangeaRepo/PangeaMechanics/PangeaMechanics.uproject"  -IgnoreJunk]
[2020.05.15-15.47.19:692][770]Warning: Starting HotReload took  0.0s.
[2020.05.15-15.47.25:142][ 72]CompilerResultsLog: New page: Compilation - 15 May 2020, 17:47:25
[2020.05.15-15.47.25:143][ 72]CompilerResultsLog: Using 'git status' to determine working set for adaptive non-unity build (C:\Users\Tom\Documents\GitHub\PangeaRepo).
[2020.05.15-15.47.25:143][ 72]CompilerResultsLog: Building PangeaMechanicsEditor...
[2020.05.15-15.47.25:143][ 72]CompilerResultsLog: Using Visual Studio 2019 14.25.28612 toolchain (C:\Program Files (x86)\Microsoft Visual Studio\2019\Community\VC\Tools\MSVC\14.25.28610) and Windows 10.0.18362.0 SDK (C:\Program Files (x86)\Windows Kits\10).
[2020.05.15-15.47.25:143][ 72]CompilerResultsLog: Building 4 actions with 8 processes...
[2020.05.15-15.47.25:143][ 72]CompilerResultsLog:   [1/4] AnimalSight.cpp
[2020.05.15-15.47.25:143][ 72]CompilerResultsLog:   [2/4] UE4Editor-PangeaMechanics-0895.lib
[2020.05.15-15.47.25:143][ 72]CompilerResultsLog:      Creating library C:\Users\Tom\Documents\GitHub\PangeaRepo\PangeaMechanics\Intermediate\Build\Win64\UE4Editor\Development\PangeaMechanics\UE4Editor-PangeaMechanics-0895.lib and object C:\Users\Tom\Documents\GitHub\PangeaRepo\PangeaMechanics\Intermediate\Build\Win64\UE4Editor\Development\PangeaMechanics\UE4Editor-PangeaMechanics-0895.exp
[2020.05.15-15.47.25:143][ 72]CompilerResultsLog:   [3/4] UE4Editor-PangeaMechanics-0895.dll
[2020.05.15-15.47.25:143][ 72]CompilerResultsLog:      Creating library C:\Users\Tom\Documents\GitHub\PangeaRepo\PangeaMechanics\Intermediate\Build\Win64\UE4Editor\Development\PangeaMechanics\UE4Editor-PangeaMechanics-0895.suppressed.lib and object C:\Users\Tom\Documents\GitHub\PangeaRepo\PangeaMechanics\Intermediate\Build\Win64\UE4Editor\Development\PangeaMechanics\UE4Editor-PangeaMechanics-0895.suppressed.exp
[2020.05.15-15.47.25:143][ 72]CompilerResultsLog:   [4/4] PangeaMechanicsEditor.target
[2020.05.15-15.47.25:143][ 72]CompilerResultsLog: Total time in Parallel executor: 3.48 seconds
[2020.05.15-15.47.25:143][ 72]CompilerResultsLog: Total execution time: 5.32 seconds
[2020.05.15-15.47.25:143][ 72]LogMainFrame: MainFrame: Module compiling took 5.461 seconds
[2020.05.15-15.47.25:177][ 72]LogUObjectHash: Compacting FUObjectHashTables data took   0.95ms
[2020.05.15-15.47.25:194][ 72]LogContentBrowser: Native class hierarchy populated in 0.0089 seconds. Added 3025 classes and 722 folders.
[2020.05.15-15.47.25:194][ 72]Display: HotReload took  5.5s.
[2020.05.15-15.47.26:599][156]LogTemp: Repeating last play command: Selected Viewport
[2020.05.15-15.47.26:620][156]LogBlueprintUserMessages: Early PlayInEditor Detection: Level '/Game/ThirdPersonCPP/Maps/TamingPrototypeTG.TamingPrototypeTG:PersistentLevel' has LevelScriptBlueprint '/Game/ThirdPersonCPP/Maps/TamingPrototypeTG.TamingPrototypeTG:PersistentLevel.TamingPrototypeTG' with GeneratedClass '/Game/ThirdPersonCPP/Maps/TamingPrototypeTG.TamingPrototypeTG_C' with ClassGeneratedBy '/Game/ThirdPersonCPP/Maps/TamingPrototypeTG.TamingPrototypeTG:PersistentLevel.TamingPrototypeTG'
[2020.05.15-15.47.26:623][156]LogPlayLevel: PlayLevel: No blueprints needed recompiling
[2020.05.15-15.47.26:623][156]PIE: New page: PIE session: TamingPrototypeTG (15 May 2020, 17:47:26)
[2020.05.15-15.47.26:628][156]LogOnline: OSS: Creating online subsystem instance for: NULL
[2020.05.15-15.47.26:631][156]LogOnline: OSS: TryLoadSubsystemAndSetDefault: Loaded subsystem for module [NULL]
[2020.05.15-15.47.26:632][156]LogPlayLevel: Creating play world package: /Game/ThirdPersonCPP/Maps/UEDPIE_0_TamingPrototypeTG
[2020.05.15-15.47.26:652][156]LogPlayLevel: PIE: StaticDuplicateObject took: (0.019199s)
[2020.05.15-15.47.26:654][156]LogAIModule: Creating AISystem for world TamingPrototypeTG
[2020.05.15-15.47.26:654][156]LogPlayLevel: PIE: World Init took: (0.002061s)
[2020.05.15-15.47.26:655][156]LogPlayLevel: PIE: Created PIE world by copying editor world from /Game/ThirdPersonCPP/Maps/TamingPrototypeTG.TamingPrototypeTG to /Game/ThirdPersonCPP/Maps/UEDPIE_0_TamingPrototypeTG.TamingPrototypeTG (0.022016s)
[2020.05.15-15.47.26:678][156]LogUObjectHash: Compacting FUObjectHashTables data took   1.49ms
[2020.05.15-15.47.26:681][156]LogAudioMixer: Display: Audio Mixer Platform Settings:
[2020.05.15-15.47.26:681][156]LogAudioMixer: Display: 	Sample Rate:						  48000
[2020.05.15-15.47.26:681][156]LogAudioMixer: Display: 	Callback Buffer Frame Size Requested: 1024
[2020.05.15-15.47.26:681][156]LogAudioMixer: Display: 	Callback Buffer Frame Size To Use:	  1024
[2020.05.15-15.47.26:681][156]LogAudioMixer: Display: 	Number of buffers to queue:			  2
[2020.05.15-15.47.26:681][156]LogAudioMixer: Display: 	Max Channels (voices):				  32
[2020.05.15-15.47.26:682][156]LogAudioMixer: Display: 	Number of Async Source Workers:		  0
[2020.05.15-15.47.26:682][156]LogAudio: Display: AudioDevice MaxSources: 32
[2020.05.15-15.47.26:682][156]LogAudio: Display: Using built-in audio occlusion.
[2020.05.15-15.47.26:682][156]LogAudioMixer: Display: Initializing audio mixer.
[2020.05.15-15.47.26:695][156]LogAudioMixer: Display: Audio Device Output Speaker Info:
[2020.05.15-15.47.26:695][156]LogAudioMixer: Display: Name: Speaker/Headphone (Realtek(R) Audio)
[2020.05.15-15.47.26:695][156]LogAudioMixer: Display: Is Default: Yes
[2020.05.15-15.47.26:695][156]LogAudioMixer: Display: Sample Rate: 48000
[2020.05.15-15.47.26:695][156]LogAudioMixer: Display: Channel Count Used: 2
[2020.05.15-15.47.26:695][156]LogAudioMixer: Display: Device Channel Count: 2
[2020.05.15-15.47.26:695][156]LogAudioMixer: Display: Channel Order:
[2020.05.15-15.47.26:695][156]LogAudioMixer: Display: 0: FrontLeft
[2020.05.15-15.47.26:695][156]LogAudioMixer: Display: 1: FrontRight
[2020.05.15-15.47.26:713][156]LogAudioMixer: Display: Using Audio Device Speaker/Headphone (Realtek(R) Audio)
[2020.05.15-15.47.26:715][156]LogInit: FAudioDevice initialized.
[2020.05.15-15.47.26:732][156]LogLoad: Game class is 'PangeaMechanicsGameMode'
[2020.05.15-15.47.26:742][156]LogWorld: Bringing World /Game/ThirdPersonCPP/Maps/UEDPIE_0_TamingPrototypeTG.TamingPrototypeTG up for play (max tick rate 60) at 2020.05.15-16.47.26
[2020.05.15-15.47.26:758][156]LogWorld: Bringing up level for play took: 0.018279
[2020.05.15-15.47.26:759][156]LogOnline: OSS: Creating online subsystem instance for: :Context_1
[2020.05.15-15.47.26:803][156]LogContentBrowser: Native class hierarchy updated for 'MovieSceneCapture' in 0.0006 seconds. Added 20 classes and 0 folders.
[2020.05.15-15.47.26:809][156]PIE: Play in editor start time for /Game/ThirdPersonCPP/Maps/UEDPIE_0_TamingPrototypeTG -0.768
[2020.05.15-15.47.26:809][156]LogBlueprintUserMessages: Late PlayInEditor Detection: Level '/Game/ThirdPersonCPP/Maps/TamingPrototypeTG.TamingPrototypeTG:PersistentLevel' has LevelScriptBlueprint '/Game/ThirdPersonCPP/Maps/TamingPrototypeTG.TamingPrototypeTG:PersistentLevel.TamingPrototypeTG' with GeneratedClass '/Game/ThirdPersonCPP/Maps/TamingPrototypeTG.TamingPrototypeTG_C' with ClassGeneratedBy '/Game/ThirdPersonCPP/Maps/TamingPrototypeTG.TamingPrototypeTG:PersistentLevel.TamingPrototypeTG'
[2020.05.15-15.47.26:828][156]LogTemp: Exhaustion level: 0.0/1000.0
[2020.05.15-15.47.26:881][157]LogTemp: Exhaustion level: 0.0/1000.0
[2020.05.15-15.47.27:063][158]LogTemp: Exhaustion level: 0.0/1000.0
[2020.05.15-15.47.27:079][159]LogTemp: Exhaustion level: 0.0/1000.0
[2020.05.15-15.47.27:096][160]LogTemp: Exhaustion level: 0.0/1000.0
[2020.05.15-15.47.27:114][161]LogTemp: Exhaustion level: 0.0/1000.0
[2020.05.15-15.47.27:130][162]LogTemp: Exhaustion level: 0.0/1000.0
[2020.05.15-15.47.27:147][163]LogTemp: Exhaustion level: 0.0/1000.0
[2020.05.15-15.47.27:162][164]LogTemp: Exhaustion level: 0.0/1000.0
[2020.05.15-15.47.27:179][165]LogTemp: Exhaustion level: 0.0/1000.0
[2020.05.15-15.47.27:196][166]LogTemp: Exhaustion level: 0.0/1000.0
[2020.05.15-15.47.27:213][167]LogTemp: Exhaustion level: 0.0/1000.0
[2020.05.15-15.47.27:229][168]LogTemp: Exhaustion level: 0.0/1000.0
[2020.05.15-15.47.27:246][169]LogTemp: Exhaustion level: 0.0/1000.0
[2020.05.15-15.47.27:265][170]LogTemp: Exhaustion level: 0.0/1000.0
[2020.05.15-15.47.27:282][171]LogTemp: Exhaustion level: 0.0/1000.0
[2020.05.15-15.47.27:300][172]LogTemp: Exhaustion level: 0.0/1000.0
[2020.05.15-15.47.27:317][173]LogTemp: Exhaustion level: 0.0/1000.0
[2020.05.15-15.47.27:335][174]LogTemp: Exhaustion level: 0.0/1000.0
[2020.05.15-15.47.27:352][175]LogTemp: Exhaustion level: 0.0/1000.0
[2020.05.15-15.47.27:370][176]LogTemp: Exhaustion level: 0.0/1000.0
[2020.05.15-15.47.27:388][177]LogTemp: Exhaustion level: 0.0/1000.0
[2020.05.15-15.47.27:405][178]LogTemp: Exhaustion level: 0.0/1000.0
[2020.05.15-15.47.27:422][179]LogTemp: Exhaustion level: 0.0/1000.0
[2020.05.15-15.47.27:439][180]LogTemp: Exhaustion level: 0.0/1000.0
[2020.05.15-15.47.27:469][181]LogTemp: Exhaustion level: 0.0/1000.0
[2020.05.15-15.47.27:480][182]LogTemp: Exhaustion level: 0.0/1000.0
[2020.05.15-15.47.27:496][183]LogTemp: Exhaustion level: 0.0/1000.0
[2020.05.15-15.47.27:513][184]LogTemp: Exhaustion level: 0.0/1000.0
[2020.05.15-15.47.27:529][185]LogTemp: Exhaustion level: 0.0/1000.0
[2020.05.15-15.47.27:546][186]LogTemp: Exhaustion level: 0.0/1000.0
[2020.05.15-15.47.27:563][187]LogTemp: Exhaustion level: 0.0/1000.0
[2020.05.15-15.47.27:580][188]LogTemp: Exhaustion level: 0.0/1000.0
[2020.05.15-15.47.27:597][189]LogTemp: Exhaustion level: 0.0/1000.0
[2020.05.15-15.47.27:613][190]LogTemp: Exhaustion level: 0.0/1000.0
[2020.05.15-15.47.27:630][191]LogTemp: Exhaustion level: 0.0/1000.0
[2020.05.15-15.47.27:647][192]LogTemp: Exhaustion level: 0.0/1000.0
[2020.05.15-15.47.27:663][193]LogTemp: Exhaustion level: 0.0/1000.0
[2020.05.15-15.47.27:680][194]LogTemp: Exhaustion level: 0.0/1000.0
[2020.05.15-15.47.27:697][195]LogTemp: Exhaustion level: 0.0/1000.0
[2020.05.15-15.47.27:713][196]LogTemp: Exhaustion level: 0.0/1000.0
[2020.05.15-15.47.27:730][197]LogTemp: Exhaustion level: 0.0/1000.0
[2020.05.15-15.47.27:747][198]LogTemp: Exhaustion level: 0.0/1000.0
[2020.05.15-15.47.27:764][199]LogTemp: Exhaustion level: 0.0/1000.0
[2020.05.15-15.47.27:785][200]LogTemp: Exhaustion level: 0.0/1000.0
[2020.05.15-15.47.27:802][201]LogTemp: Exhaustion level: 0.0/1000.0
[2020.05.15-15.47.27:819][202]LogTemp: Exhaustion level: 0.0/1000.0
[2020.05.15-15.47.27:836][203]LogTemp: Exhaustion level: 0.0/1000.0
[2020.05.15-15.47.27:853][204]LogTemp: Exhaustion level: 0.0/1000.0
[2020.05.15-15.47.27:870][205]LogTemp: Exhaustion level: 0.0/1000.0
[2020.05.15-15.47.27:887][206]LogTemp: Exhaustion level: 0.0/1000.0
[2020.05.15-15.47.27:904][207]LogTemp: Exhaustion level: 0.0/1000.0
[2020.05.15-15.47.27:921][208]LogTemp: Exhaustion level: 0.0/1000.0
[2020.05.15-15.47.27:940][209]LogTemp: Exhaustion level: 0.0/1000.0
[2020.05.15-15.47.27:957][210]LogTemp: Exhaustion level: 0.0/1000.0
[2020.05.15-15.47.27:976][211]LogTemp: Exhaustion level: 0.0/1000.0
[2020.05.15-15.47.27:994][212]LogTemp: Exhaustion level: 0.0/1000.0
[2020.05.15-15.47.28:012][213]LogTemp: Exhaustion level: 0.0/1000.0
[2020.05.15-15.47.28:029][214]LogTemp: Exhaustion level: 0.0/1000.0
[2020.05.15-15.47.28:046][215]LogTemp: Exhaustion level: 0.0/1000.0
[2020.05.15-15.47.28:062][216]LogTemp: Exhaustion level: 0.0/1000.0
[2020.05.15-15.47.28:079][217]LogTemp: Exhaustion level: 0.0/1000.0
[2020.05.15-15.47.28:096][218]LogTemp: Exhaustion level: 0.0/1000.0
[2020.05.15-15.47.28:113][219]LogTemp: Exhaustion level: 0.0/1000.0
[2020.05.15-15.47.28:130][220]LogTemp: Exhaustion level: 0.0/1000.0
[2020.05.15-15.47.28:146][221]LogTemp: Exhaustion level: 0.0/1000.0
[2020.05.15-15.47.28:163][222]LogTemp: Exhaustion level: 0.0/1000.0
[2020.05.15-15.47.28:180][223]LogTemp: Exhaustion level: 0.0/1000.0
[2020.05.15-15.47.28:197][224]LogTemp: Exhaustion level: 0.0/1000.0
[2020.05.15-15.47.28:212][225]LogTemp: Exhaustion level: 0.0/1000.0
[2020.05.15-15.47.28:229][226]LogTemp: Exhaustion level: 0.0/1000.0
[2020.05.15-15.47.28:246][227]LogTemp: Exhaustion level: 0.0/1000.0
[2020.05.15-15.47.28:262][228]LogTemp: Exhaustion level: 0.0/1000.0
[2020.05.15-15.47.28:279][229]LogTemp: Exhaustion level: 0.0/1000.0
[2020.05.15-15.47.28:296][230]LogTemp: Exhaustion level: 0.0/1000.0
[2020.05.15-15.47.28:313][231]LogTemp: Exhaustion level: 0.0/1000.0
[2020.05.15-15.47.28:329][232]LogTemp: Exhaustion level: 0.0/1000.0
[2020.05.15-15.47.28:346][233]LogTemp: Exhaustion level: 0.0/1000.0
[2020.05.15-15.47.28:363][234]LogTemp: Exhaustion level: 0.0/1000.0
[2020.05.15-15.47.28:380][235]LogTemp: Exhaustion level: 0.0/1000.0
[2020.05.15-15.47.28:396][236]LogTemp: Exhaustion level: 0.0/1000.0
[2020.05.15-15.47.28:413][237]LogTemp: Exhaustion level: 0.0/1000.0
[2020.05.15-15.47.28:430][238]LogTemp: Exhaustion level: 0.0/1000.0
[2020.05.15-15.47.28:447][239]LogTemp: Exhaustion level: 0.0/1000.0
[2020.05.15-15.47.28:465][240]LogTemp: Exhaustion level: 0.0/1000.0
[2020.05.15-15.47.28:480][241]LogTemp: Exhaustion level: 0.0/1000.0
[2020.05.15-15.47.28:509][242]LogTemp: Exhaustion level: 0.0/1000.0
[2020.05.15-15.47.28:509][242]LogTemp: CARNIVORE!
[2020.05.15-15.47.30:957][242]LogWindows: Error: === Critical error: ===
[2020.05.15-15.47.30:957][242]LogWindows: Error: 
[2020.05.15-15.47.30:957][242]LogWindows: Error: Fatal error!
[2020.05.15-15.47.30:957][242]LogWindows: Error: 
[2020.05.15-15.47.30:957][242]LogWindows: Error: Unhandled Exception: EXCEPTION_ACCESS_VIOLATION reading address 0x000000c0
[2020.05.15-15.47.30:957][242]LogWindows: Error: 
[2020.05.15-15.47.30:957][242]LogWindows: Error: [Callstack] 0x00007ffc6e6f9be0 UE4Editor-PangeaMechanics-9206.dll!UPlayerStats::GetPlayerHealth() [C:\Users\Tom\Documents\GitHub\PangeaRepo\PangeaMechanics\Source\PangeaMechanics\PlayerStats.cpp:32]
[2020.05.15-15.47.30:957][242]LogWindows: Error: [Callstack] 0x00007ffc6e6f4ee7 UE4Editor-PangeaMechanics-9206.dll!UAnimalSight::CarnivoreAlertBehaviour() [C:\Users\Tom\Documents\GitHub\PangeaRepo\PangeaMechanics\Source\PangeaMechanics\AnimalSight.cpp:198]
[2020.05.15-15.47.30:957][242]LogWindows: Error: [Callstack] 0x00007ffc6e6f521f UE4Editor-PangeaMechanics-9206.dll!UAnimalSight::IfInAlertedState() [C:\Users\Tom\Documents\GitHub\PangeaRepo\PangeaMechanics\Source\PangeaMechanics\AnimalSight.cpp:96]
[2020.05.15-15.47.30:957][242]LogWindows: Error: [Callstack] 0x00007ffc6e6f5669 UE4Editor-PangeaMechanics-9206.dll!UAnimalSight::TickComponent() [C:\Users\Tom\Documents\GitHub\PangeaRepo\PangeaMechanics\Source\PangeaMechanics\AnimalSight.cpp:46]
[2020.05.15-15.47.30:957][242]LogWindows: Error: [Callstack] 0x00007ffc83711cc8 UE4Editor-Engine.dll!UnknownFunction []
[2020.05.15-15.47.30:957][242]LogWindows: Error: [Callstack] 0x00007ffc83742c74 UE4Editor-Engine.dll!UnknownFunction []
[2020.05.15-15.47.30:957][242]LogWindows: Error: [Callstack] 0x00007ffc844b7223 UE4Editor-Engine.dll!UnknownFunction []
[2020.05.15-15.47.30:957][242]LogWindows: Error: [Callstack] 0x00007ffc844c5256 UE4Editor-Engine.dll!UnknownFunction []
[2020.05.15-15.47.30:957][242]LogWindows: Error: [Callstack] 0x00007ffc8a959ff2 UE4Editor-Core.dll!UnknownFunction []
[2020.05.15-15.47.30:957][242]LogWindows: Error: [Callstack] 0x00007ffc8a95a2aa UE4Editor-Core.dll!UnknownFunction []
[2020.05.15-15.47.30:957][242]LogWindows: Error: [Callstack] 0x00007ffc844e36ad UE4Editor-Engine.dll!UnknownFunction []
[2020.05.15-15.47.30:957][242]LogWindows: Error: [Callstack] 0x00007ffc844e97c2 UE4Editor-Engine.dll!UnknownFunction []
[2020.05.15-15.47.30:957][242]LogWindows: Error: [Callstack] 0x00007ffc83c6a25f UE4Editor-Engine.dll!UnknownFunction []
[2020.05.15-15.47.30:957][242]LogWindows: Error: [Callstack] 0x00007ffc83c7590e UE4Editor-Engine.dll!UnknownFunction []
[2020.05.15-15.47.30:957][242]LogWindows: Error: [Callstack] 0x00007ffc81e0ad60 UE4Editor-UnrealEd.dll!UnknownFunction []
[2020.05.15-15.47.30:957][242]LogWindows: Error: [Callstack] 0x00007ffc8266e476 UE4Editor-UnrealEd.dll!UnknownFunction []
[2020.05.15-15.47.30:957][242]LogWindows: Error: [Callstack] 0x00007ff7da1a7f62 UE4Editor.exe!UnknownFunction []
[2020.05.15-15.47.30:957][242]LogWindows: Error: [Callstack] 0x00007ff7da1bc3ec UE4Editor.exe!UnknownFunction []
[2020.05.15-15.47.30:957][242]LogWindows: Error: [Callstack] 0x00007ff7da1bc4ca UE4Editor.exe!UnknownFunction []
[2020.05.15-15.47.30:957][242]LogWindows: Error: [Callstack] 0x00007ff7da1cceae UE4Editor.exe!UnknownFunction []
[2020.05.15-15.47.30:957][242]LogWindows: Error: [Callstack] 0x00007ff7da1cfcbe UE4Editor.exe!UnknownFunction []
[2020.05.15-15.47.30:957][242]LogWindows: Error: [Callstack] 0x00007ffccb627bd4 KERNEL32.DLL!UnknownFunction []
[2020.05.15-15.47.30:957][242]LogWindows: Error: [Callstack] 0x00007ffcccdcce51 ntdll.dll!UnknownFunction []
[2020.05.15-15.47.30:957][242]LogWindows: Error: 
[2020.05.15-15.47.30:978][242]LogExit: Executing StaticShutdownAfterError
[2020.05.15-15.47.31:003][242]LogWindows: FPlatformMisc::RequestExit(1)
[2020.05.15-15.47.31:003][242]LogCore: Engine exit requested (reason: Win RequestExit)
[2020.05.15-15.47.31:014][242]Log file closed, 05/15/20 16:47:31
