Log file open, 05/09/20 12:35:27
LogWindows: Failed to load 'aqProf.dll' (GetLastError=126)
LogWindows: File 'aqProf.dll' does not exist
LogWindows: Failed to load 'VtuneApi.dll' (GetLastError=126)
LogWindows: File 'VtuneApi.dll' does not exist
LogWindows: Failed to load 'VtuneApi32e.dll' (GetLastError=126)
LogWindows: File 'VtuneApi32e.dll' does not exist
LogConsoleResponse: Display: Failed to find resolution value strings in scalability ini. Falling back to default.
LogInit: Display: Running engine for game: PangeaMechanics
LogPlatformFile: Not using cached read wrapper
LogTaskGraph: Started task graph with 5 named threads and 23 total threads with 3 sets of task threads.
LogStats: Stats thread started at 0.102685
LogD3D11RHI: Loaded GFSDK_Aftermath_Lib.x64.dll
LogICUInternationalization: ICU TimeZone Detection - Raw Offset: +0:00, Platform Override: ''
LogPluginManager: Mounting plugin Paper2D
LogPluginManager: Mounting plugin AISupport
LogPluginManager: Mounting plugin LightPropagationVolume
LogPluginManager: Mounting plugin ActorLayerUtilities
LogPluginManager: Mounting plugin AnimationSharing
LogPluginManager: Mounting plugin CLionSourceCodeAccess
LogPluginManager: Mounting plugin CodeLiteSourceCodeAccess
LogPluginManager: Mounting plugin GitSourceControl
LogPluginManager: Mounting plugin KDevelopSourceCodeAccess
LogPluginManager: Mounting plugin NullSourceCodeAccess
LogPluginManager: Mounting plugin PerforceSourceControl
LogPluginManager: Mounting plugin PlasticSourceControl
LogPluginManager: Mounting plugin SubversionSourceControl
LogPluginManager: Mounting plugin UObjectPlugin
LogPluginManager: Mounting plugin VisualStudioCodeSourceCodeAccess
LogPluginManager: Mounting plugin VisualStudioSourceCodeAccess
LogPluginManager: Mounting plugin XCodeSourceCodeAccess
LogPluginManager: Mounting plugin AssetManagerEditor
LogPluginManager: Mounting plugin CryptoKeys
LogPluginManager: Mounting plugin CurveEditorTools
LogPluginManager: Mounting plugin DataValidation
LogPluginManager: Mounting plugin FacialAnimation
LogPluginManager: Mounting plugin GameplayTagsEditor
LogPluginManager: Mounting plugin MacGraphicsSwitching
LogPluginManager: Mounting plugin MaterialAnalyzer
LogPluginManager: Mounting plugin MobileLauncherProfileWizard
LogPluginManager: Mounting plugin PluginBrowser
LogPluginManager: Mounting plugin SpeedTreeImporter
LogPluginManager: Mounting plugin DatasmithContent
LogPluginManager: Mounting plugin VariantManagerContent
LogPluginManager: Mounting plugin AlembicImporter
LogPluginManager: Mounting plugin AutomationUtils
LogPluginManager: Mounting plugin BackChannel
LogPluginManager: Mounting plugin CharacterAI
LogPluginManager: Mounting plugin GeometryCache
LogPluginManager: Mounting plugin PlatformCrypto
LogPluginManager: Mounting plugin ProxyLODPlugin
LogPluginManager: Mounting plugin SkeletalReduction
LogPluginManager: Mounting plugin MagicLeap
LogPluginManager: Mounting plugin MagicLeapMedia
LogPluginManager: Mounting plugin MLSDK
LogPluginManager: Mounting plugin AndroidMedia
LogPluginManager: Mounting plugin AvfMedia
LogPluginManager: Mounting plugin ImgMedia
LogPluginManager: Mounting plugin MediaCompositing
LogPluginManager: Mounting plugin MediaPlayerEditor
LogPluginManager: Mounting plugin WebMMedia
LogPluginManager: Mounting plugin WmfMedia
LogPluginManager: Mounting plugin TcpMessaging
LogPluginManager: Mounting plugin UdpMessaging
LogPluginManager: Mounting plugin ActorSequence
LogPluginManager: Mounting plugin LevelSequenceEditor
LogPluginManager: Mounting plugin MatineeToLevelSequence
LogPluginManager: Mounting plugin NetcodeUnitTest
LogPluginManager: Mounting plugin NUTUnrealEngine4
LogPluginManager: Mounting plugin OnlineSubsystemGooglePlay
LogPluginManager: Mounting plugin OnlineSubsystemIOS
LogPluginManager: Mounting plugin OnlineSubsystem
LogPluginManager: Mounting plugin OnlineSubsystemNull
LogPluginManager: Mounting plugin OnlineSubsystemUtils
LogPluginManager: Mounting plugin LauncherChunkInstaller
LogPluginManager: Mounting plugin AndroidDeviceProfileSelector
LogPluginManager: Mounting plugin AndroidMoviePlayer
LogPluginManager: Mounting plugin AndroidPermission
LogPluginManager: Mounting plugin AppleImageUtils
LogPluginManager: Mounting plugin AppleMoviePlayer
LogPluginManager: Mounting plugin ArchVisCharacter
LogPluginManager: Mounting plugin AssetTags
LogPluginManager: Mounting plugin AudioCapture
LogPluginManager: Mounting plugin CableComponent
LogPluginManager: Mounting plugin CustomMeshComponent
LogPluginManager: Mounting plugin EditableMesh
LogPluginManager: Mounting plugin ExampleDeviceProfileSelector
LogPluginManager: Mounting plugin GoogleCloudMessaging
LogPluginManager: Mounting plugin IOSDeviceProfileSelector
LogPluginManager: Mounting plugin LinuxDeviceProfileSelector
LogPluginManager: Mounting plugin LocationServicesBPLibrary
LogPluginManager: Mounting plugin MobilePatchingUtils
LogPluginManager: Mounting plugin OculusVR
LogPluginManager: Mounting plugin PhysXVehicles
LogPluginManager: Mounting plugin PostSplashScreen
LogPluginManager: Mounting plugin ProceduralMeshComponent
LogPluginManager: Mounting plugin RuntimePhysXCooking
LogPluginManager: Mounting plugin SignificanceManager
LogPluginManager: Mounting plugin SteamVR
LogPluginManager: Mounting plugin WebMMoviePlayer
LogPluginManager: Mounting plugin WindowsMoviePlayer
LogPluginManager: Mounting plugin ScreenshotTools
LogInit: Using libcurl 7.55.1-DEV
LogInit:  - built for x86_64-pc-win32
LogInit:  - supports SSL with OpenSSL/1.1.1
LogInit:  - supports HTTP deflate (compression) using libz 1.2.8
LogInit:  - other features:
LogInit:      CURL_VERSION_SSL
LogInit:      CURL_VERSION_LIBZ
LogInit:      CURL_VERSION_IPV6
LogInit:      CURL_VERSION_ASYNCHDNS
LogInit:      CURL_VERSION_LARGEFILE
LogInit:      CURL_VERSION_IDN
LogInit:  CurlRequestOptions (configurable via config and command line):
LogInit:  - bVerifyPeer = true  - Libcurl will verify peer certificate
LogInit:  - bUseHttpProxy = false  - Libcurl will NOT use HTTP proxy
LogInit:  - bDontReuseConnections = false  - Libcurl will reuse connections
LogInit:  - MaxHostConnections = 16  - Libcurl will limit the number of connections to a host
LogInit:  - LocalHostAddr = Default
LogInit:  - BufferSize = 65536
LogOnline: OSS: Creating online subsystem instance for: NULL
LogInit: WinSock: version 1.1 (2.2), MaxSocks=32767, MaxUdp=65467
LogOnline: OSS: TryLoadSubsystemAndSetDefault: Loaded subsystem for module [NULL]
LogInit: Build: ++UE4+Release-4.24-CL-11590370
LogInit: Engine Version: 4.24.3-11590370+++UE4+Release-4.24
LogInit: Compatible Engine Version: 4.24.0-10570792+++UE4+Release-4.24
LogInit: Net CL: 10570792
LogInit: OS: Windows 10 (Release 1903) (), CPU: Intel(R) Core(TM) i5-8250U CPU @ 1.60GHz, GPU: Intel(R) UHD Graphics 620
LogInit: Compiled (64-bit): Feb 24 2020 15:39:18
LogInit: Compiled with Visual C++: 19.16.27032.01
LogInit: Build Configuration: Development
LogInit: Branch Name: ++UE4+Release-4.24
LogInit: Command Line: 
LogInit: Base Directory: C:/Program Files/Epic Games/UE_4.24/Engine/Binaries/Win64/
LogInit: Installed Engine Build: 1
LogDevObjectVersion: Number of dev versions registered: 25
LogDevObjectVersion:   Dev-Blueprints (B0D832E4-1F89-4F0D-ACCF-7EB736FD4AA2): 10
LogDevObjectVersion:   Dev-Build (E1C64328-A22C-4D53-A36C-8E866417BD8C): 0
LogDevObjectVersion:   Dev-Core (375EC13C-06E4-48FB-B500-84F0262A717E): 3
LogDevObjectVersion:   Dev-Editor (E4B068ED-F494-42E9-A231-DA0B2E46BB41): 37
LogDevObjectVersion:   Dev-Framework (CFFC743F-43B0-4480-9391-14DF171D2073): 36
LogDevObjectVersion:   Dev-Mobile (B02B49B5-BB20-44E9-A304-32B752E40360): 2
LogDevObjectVersion:   Dev-Networking (A4E4105C-59A1-49B5-A7C5-40C4547EDFEE): 0
LogDevObjectVersion:   Dev-Online (39C831C9-5AE6-47DC-9A44-9C173E1C8E7C): 0
LogDevObjectVersion:   Dev-Physics (78F01B33-EBEA-4F98-B9B4-84EACCB95AA2): 2
LogDevObjectVersion:   Dev-Platform (6631380F-2D4D-43E0-8009-CF276956A95A): 0
LogDevObjectVersion:   Dev-Rendering (12F88B9F-8875-4AFC-A67C-D90C383ABD29): 36
LogDevObjectVersion:   Dev-Sequencer (7B5AE74C-D270-4C10-A958-57980B212A5A): 11
LogDevObjectVersion:   Dev-VR (D7296918-1DD6-4BDD-9DE2-64A83CC13884): 2
LogDevObjectVersion:   Dev-LoadTimes (C2A15278-BFE7-4AFE-6C17-90FF531DF755): 1
LogDevObjectVersion:   Private-Geometry (6EACA3D4-40EC-4CC1-B786-8BED09428FC5): 3
LogDevObjectVersion:   Dev-AnimPhys (29E575DD-E0A3-4627-9D10-D276232CDCEA): 17
LogDevObjectVersion:   Dev-Anim (AF43A65D-7FD3-4947-9873-3E8ED9C1BB05): 2
LogDevObjectVersion:   Dev-ReflectionCapture (6B266CEC-1EC7-4B8F-A30B-E4D90942FC07): 1
LogDevObjectVersion:   Dev-Automation (0DF73D61-A23F-47EA-B727-89E90C41499A): 1
LogDevObjectVersion:   FortniteMain (601D1886-AC64-4F84-AA16-D3DE0DEAC7D6): 31
LogDevObjectVersion:   Dev-Enterprise (9DFFBCD6-494F-0158-E221-12823C92A888): 8
LogDevObjectVersion:   Dev-Niagara (F2AED0AC-9AFE-416F-8664-AA7FFA26D6FC): 1
LogDevObjectVersion:   Dev-Destruction (174F1F0B-B4C6-45A5-B13F-2EE8D0FB917D): 9
LogDevObjectVersion:   Dev-Physics-Ext (35F94A83-E258-406C-A318-09F59610247C): 8
LogDevObjectVersion:   Dev-CineCamera (B2E18506-4273-CFC2-A54E-F4BB758BBA07): 1
LogInit: Presizing for max 25165824 objects, including 0 objects not considered by GC, pre-allocating 0 bytes for permanent pool.
LogInit: Object subsystem initialized
LogConfig: Setting CVar [[con.DebugEarlyDefault:1]]
LogConfig: Setting CVar [[r.setres:1280x720]]
[2020.05.09-11.35.28:019][  0]LogConfig: Setting CVar [[r.VSync:0]]
[2020.05.09-11.35.28:019][  0]LogConfig: Setting CVar [[r.RHICmdBypass:0]]
[2020.05.09-11.35.28:019][  0]LogConfig: Applying CVar settings from Section [/Script/Engine.RendererSettings] File [C:/Users/Tom/Documents/GitHub/PangeaRepo/PangeaMechanics/Saved/Config/Windows/Engine.ini]
[2020.05.09-11.35.28:019][  0]LogConfig: Setting CVar [[r.GPUCrashDebugging:0]]
[2020.05.09-11.35.28:019][  0]LogConfig: Applying CVar settings from Section [/Script/Engine.RendererOverrideSettings] File [C:/Users/Tom/Documents/GitHub/PangeaRepo/PangeaMechanics/Saved/Config/Windows/Engine.ini]
[2020.05.09-11.35.28:019][  0]LogConfig: Applying CVar settings from Section [/Script/Engine.StreamingSettings] File [C:/Users/Tom/Documents/GitHub/PangeaRepo/PangeaMechanics/Saved/Config/Windows/Engine.ini]
[2020.05.09-11.35.28:019][  0]LogConfig: Setting CVar [[s.MinBulkDataSizeForAsyncLoading:131072]]
[2020.05.09-11.35.28:019][  0]LogConfig: Setting CVar [[s.AsyncLoadingThreadEnabled:0]]
[2020.05.09-11.35.28:019][  0]LogConfig: Setting CVar [[s.EventDrivenLoaderEnabled:1]]
[2020.05.09-11.35.28:020][  0]LogConfig: Setting CVar [[s.WarnIfTimeLimitExceeded:0]]
[2020.05.09-11.35.28:020][  0]LogConfig: Setting CVar [[s.TimeLimitExceededMultiplier:1.5]]
[2020.05.09-11.35.28:020][  0]LogConfig: Setting CVar [[s.TimeLimitExceededMinTime:0.005]]
[2020.05.09-11.35.28:020][  0]LogConfig: Setting CVar [[s.UseBackgroundLevelStreaming:1]]
[2020.05.09-11.35.28:020][  0]LogConfig: Setting CVar [[s.PriorityAsyncLoadingExtraTime:15.0]]
[2020.05.09-11.35.28:020][  0]LogConfig: Setting CVar [[s.LevelStreamingActorsUpdateTimeLimit:5.0]]
[2020.05.09-11.35.28:020][  0]LogConfig: Setting CVar [[s.PriorityLevelStreamingActorsUpdateExtraTime:5.0]]
[2020.05.09-11.35.28:020][  0]LogConfig: Setting CVar [[s.LevelStreamingComponentsRegistrationGranularity:10]]
[2020.05.09-11.35.28:020][  0]LogConfig: Setting CVar [[s.UnregisterComponentsTimeLimit:1.0]]
[2020.05.09-11.35.28:020][  0]LogConfig: Setting CVar [[s.LevelStreamingComponentsUnregistrationGranularity:5]]
[2020.05.09-11.35.28:020][  0]LogConfig: Setting CVar [[s.FlushStreamingOnExit:1]]
[2020.05.09-11.35.28:020][  0]LogConfig: Applying CVar settings from Section [/Script/Engine.GarbageCollectionSettings] File [C:/Users/Tom/Documents/GitHub/PangeaRepo/PangeaMechanics/Saved/Config/Windows/Engine.ini]
[2020.05.09-11.35.28:020][  0]LogConfig: Setting CVar [[gc.MaxObjectsNotConsideredByGC:1]]
[2020.05.09-11.35.28:020][  0]LogConfig: Setting CVar [[gc.SizeOfPermanentObjectPool:0]]
[2020.05.09-11.35.28:020][  0]LogConfig: Setting CVar [[gc.FlushStreamingOnGC:0]]
[2020.05.09-11.35.28:020][  0]LogConfig: Setting CVar [[gc.NumRetriesBeforeForcingGC:10]]
[2020.05.09-11.35.28:020][  0]LogConfig: Setting CVar [[gc.AllowParallelGC:1]]
[2020.05.09-11.35.28:020][  0]LogConfig: Setting CVar [[gc.TimeBetweenPurgingPendingKillObjects:61.1]]
[2020.05.09-11.35.28:020][  0]LogConfig: Setting CVar [[gc.MaxObjectsInEditor:25165824]]
[2020.05.09-11.35.28:020][  0]LogConfig: Setting CVar [[gc.IncrementalBeginDestroyEnabled:1]]
[2020.05.09-11.35.28:020][  0]LogConfig: Setting CVar [[gc.CreateGCClusters:1]]
[2020.05.09-11.35.28:020][  0]LogConfig: Setting CVar [[gc.MinGCClusterSize:5]]
[2020.05.09-11.35.28:020][  0]LogConfig: Setting CVar [[gc.ActorClusteringEnabled:0]]
[2020.05.09-11.35.28:020][  0]LogConfig: Setting CVar [[gc.BlueprintClusteringEnabled:0]]
[2020.05.09-11.35.28:020][  0]LogConfig: Setting CVar [[gc.UseDisregardForGCOnDedicatedServers:0]]
[2020.05.09-11.35.28:020][  0]LogConfig: Applying CVar settings from Section [/Script/Engine.NetworkSettings] File [C:/Users/Tom/Documents/GitHub/PangeaRepo/PangeaMechanics/Saved/Config/Windows/Engine.ini]
[2020.05.09-11.35.28:020][  0]LogConfig: Applying CVar settings from Section [/Script/UnrealEd.CookerSettings] File [C:/Users/Tom/Documents/GitHub/PangeaRepo/PangeaMechanics/Saved/Config/Windows/Engine.ini]
[2020.05.09-11.35.28:022][  0]LogConfig: Applying CVar settings from Section [ViewDistanceQuality@3] File [C:/Users/Tom/Documents/GitHub/PangeaRepo/PangeaMechanics/Saved/Config/Windows/Scalability.ini]
[2020.05.09-11.35.28:022][  0]LogConfig: Setting CVar [[r.SkeletalMeshLODBias:0]]
[2020.05.09-11.35.28:022][  0]LogConfig: Setting CVar [[r.ViewDistanceScale:1.0]]
[2020.05.09-11.35.28:022][  0]LogConfig: Applying CVar settings from Section [AntiAliasingQuality@3] File [C:/Users/Tom/Documents/GitHub/PangeaRepo/PangeaMechanics/Saved/Config/Windows/Scalability.ini]
[2020.05.09-11.35.28:022][  0]LogConfig: Setting CVar [[r.PostProcessAAQuality:4]]
[2020.05.09-11.35.28:022][  0]LogConfig: Applying CVar settings from Section [ShadowQuality@3] File [C:/Users/Tom/Documents/GitHub/PangeaRepo/PangeaMechanics/Saved/Config/Windows/Scalability.ini]
[2020.05.09-11.35.28:022][  0]LogConfig: Setting CVar [[r.LightFunctionQuality:1]]
[2020.05.09-11.35.28:022][  0]LogConfig: Setting CVar [[r.ShadowQuality:5]]
[2020.05.09-11.35.28:022][  0]LogConfig: Setting CVar [[r.Shadow.CSM.MaxCascades:10]]
[2020.05.09-11.35.28:022][  0]LogConfig: Setting CVar [[r.Shadow.MaxResolution:2048]]
[2020.05.09-11.35.28:022][  0]LogConfig: Setting CVar [[r.Shadow.MaxCSMResolution:2048]]
[2020.05.09-11.35.28:022][  0]LogConfig: Setting CVar [[r.Shadow.RadiusThreshold:0.01]]
[2020.05.09-11.35.28:022][  0]LogConfig: Setting CVar [[r.Shadow.DistanceScale:1.0]]
[2020.05.09-11.35.28:022][  0]LogConfig: Setting CVar [[r.Shadow.CSM.TransitionScale:1.0]]
[2020.05.09-11.35.28:022][  0]LogConfig: Setting CVar [[r.Shadow.PreShadowResolutionFactor:1.0]]
[2020.05.09-11.35.28:022][  0]LogConfig: Setting CVar [[r.DistanceFieldShadowing:1]]
[2020.05.09-11.35.28:022][  0]LogConfig: Setting CVar [[r.DistanceFieldAO:1]]
[2020.05.09-11.35.28:022][  0]LogConfig: Setting CVar [[r.AOQuality:2]]
[2020.05.09-11.35.28:022][  0]LogConfig: Setting CVar [[r.VolumetricFog:1]]
[2020.05.09-11.35.28:022][  0]LogConfig: Setting CVar [[r.VolumetricFog.GridPixelSize:8]]
[2020.05.09-11.35.28:022][  0]LogConfig: Setting CVar [[r.VolumetricFog.GridSizeZ:128]]
[2020.05.09-11.35.28:022][  0]LogConfig: Setting CVar [[r.VolumetricFog.HistoryMissSupersampleCount:4]]
[2020.05.09-11.35.28:022][  0]LogConfig: Setting CVar [[r.LightMaxDrawDistanceScale:1]]
[2020.05.09-11.35.28:022][  0]LogConfig: Setting CVar [[r.CapsuleShadows:1]]
[2020.05.09-11.35.28:022][  0]LogConfig: Applying CVar settings from Section [PostProcessQuality@3] File [C:/Users/Tom/Documents/GitHub/PangeaRepo/PangeaMechanics/Saved/Config/Windows/Scalability.ini]
[2020.05.09-11.35.28:022][  0]LogConfig: Setting CVar [[r.MotionBlurQuality:4]]
[2020.05.09-11.35.28:022][  0]LogConfig: Setting CVar [[r.AmbientOcclusionMipLevelFactor:0.4]]
[2020.05.09-11.35.28:022][  0]LogConfig: Setting CVar [[r.AmbientOcclusionMaxQuality:100]]
[2020.05.09-11.35.28:022][  0]LogConfig: Setting CVar [[r.AmbientOcclusionLevels:-1]]
[2020.05.09-11.35.28:022][  0]LogConfig: Setting CVar [[r.AmbientOcclusionRadiusScale:1.0]]
[2020.05.09-11.35.28:022][  0]LogConfig: Setting CVar [[r.DepthOfFieldQuality:2]]
[2020.05.09-11.35.28:022][  0]LogConfig: Setting CVar [[r.RenderTargetPoolMin:400]]
[2020.05.09-11.35.28:022][  0]LogConfig: Setting CVar [[r.LensFlareQuality:2]]
[2020.05.09-11.35.28:023][  0]LogConfig: Setting CVar [[r.SceneColorFringeQuality:1]]
[2020.05.09-11.35.28:023][  0]LogConfig: Setting CVar [[r.EyeAdaptationQuality:2]]
[2020.05.09-11.35.28:023][  0]LogConfig: Setting CVar [[r.BloomQuality:5]]
[2020.05.09-11.35.28:023][  0]LogConfig: Setting CVar [[r.FastBlurThreshold:100]]
[2020.05.09-11.35.28:023][  0]LogConfig: Setting CVar [[r.Upscale.Quality:3]]
[2020.05.09-11.35.28:023][  0]LogConfig: Setting CVar [[r.Tonemapper.GrainQuantization:1]]
[2020.05.09-11.35.28:023][  0]LogConfig: Setting CVar [[r.LightShaftQuality:1]]
[2020.05.09-11.35.28:023][  0]LogConfig: Setting CVar [[r.Filter.SizeScale:1]]
[2020.05.09-11.35.28:023][  0]LogConfig: Setting CVar [[r.Tonemapper.Quality:5]]
[2020.05.09-11.35.28:023][  0]LogConfig: Setting CVar [[r.DOF.Gather.AccumulatorQuality:1        ; higher gathering accumulator quality]]
[2020.05.09-11.35.28:023][  0]LogConfig: Setting CVar [[r.DOF.Gather.PostfilterMethod:1          ; Median3x3 postfilering method]]
[2020.05.09-11.35.28:023][  0]LogConfig: Setting CVar [[r.DOF.Gather.EnableBokehSettings:0       ; no bokeh simulation when gathering]]
[2020.05.09-11.35.28:023][  0]LogConfig: Setting CVar [[r.DOF.Gather.RingCount:4                 ; medium number of samples when gathering]]
[2020.05.09-11.35.28:023][  0]LogConfig: Setting CVar [[r.DOF.Scatter.ForegroundCompositing:1    ; additive foreground scattering]]
[2020.05.09-11.35.28:023][  0]LogConfig: Setting CVar [[r.DOF.Scatter.BackgroundCompositing:2    ; additive background scattering]]
[2020.05.09-11.35.28:023][  0]LogConfig: Setting CVar [[r.DOF.Scatter.EnableBokehSettings:1      ; bokeh simulation when scattering]]
[2020.05.09-11.35.28:023][  0]LogConfig: Setting CVar [[r.DOF.Scatter.MaxSpriteRatio:0.1         ; only a maximum of 10% of scattered bokeh]]
[2020.05.09-11.35.28:023][  0]LogConfig: Setting CVar [[r.DOF.Recombine.Quality:1                ; cheap slight out of focus]]
[2020.05.09-11.35.28:023][  0]LogConfig: Setting CVar [[r.DOF.Recombine.EnableBokehSettings:0    ; no bokeh simulation on slight out of focus]]
[2020.05.09-11.35.28:023][  0]LogConfig: Setting CVar [[r.DOF.TemporalAAQuality:1                ; more stable temporal accumulation]]
[2020.05.09-11.35.28:023][  0]LogConfig: Setting CVar [[r.DOF.Kernel.MaxForegroundRadius:0.025]]
[2020.05.09-11.35.28:023][  0]LogConfig: Setting CVar [[r.DOF.Kernel.MaxBackgroundRadius:0.025]]
[2020.05.09-11.35.28:023][  0]LogConfig: Applying CVar settings from Section [TextureQuality@3] File [C:/Users/Tom/Documents/GitHub/PangeaRepo/PangeaMechanics/Saved/Config/Windows/Scalability.ini]
[2020.05.09-11.35.28:023][  0]LogConfig: Setting CVar [[r.Streaming.MipBias:0]]
[2020.05.09-11.35.28:023][  0]LogConfig: Setting CVar [[r.Streaming.AmortizeCPUToGPUCopy:0]]
[2020.05.09-11.35.28:023][  0]LogConfig: Setting CVar [[r.Streaming.MaxNumTexturesToStreamPerFrame:0]]
[2020.05.09-11.35.28:023][  0]LogConfig: Setting CVar [[r.Streaming.Boost:1]]
[2020.05.09-11.35.28:023][  0]LogConfig: Setting CVar [[r.MaxAnisotropy:8]]
[2020.05.09-11.35.28:023][  0]LogConfig: Setting CVar [[r.VT.MaxAnisotropy:8]]
[2020.05.09-11.35.28:023][  0]LogConfig: Setting CVar [[r.Streaming.LimitPoolSizeToVRAM:0]]
[2020.05.09-11.35.28:023][  0]LogConfig: Setting CVar [[r.Streaming.PoolSize:1000]]
[2020.05.09-11.35.28:023][  0]LogConfig: Setting CVar [[r.Streaming.MaxEffectiveScreenSize:0]]
[2020.05.09-11.35.28:023][  0]LogConfig: Applying CVar settings from Section [EffectsQuality@3] File [C:/Users/Tom/Documents/GitHub/PangeaRepo/PangeaMechanics/Saved/Config/Windows/Scalability.ini]
[2020.05.09-11.35.28:023][  0]LogConfig: Setting CVar [[r.TranslucencyLightingVolumeDim:64]]
[2020.05.09-11.35.28:023][  0]LogConfig: Setting CVar [[r.RefractionQuality:2]]
[2020.05.09-11.35.28:023][  0]LogConfig: Setting CVar [[r.SSR.Quality:3]]
[2020.05.09-11.35.28:023][  0]LogConfig: Setting CVar [[r.SSR.HalfResSceneColor:0]]
[2020.05.09-11.35.28:023][  0]LogConfig: Setting CVar [[r.SceneColorFormat:4]]
[2020.05.09-11.35.28:023][  0]LogConfig: Setting CVar [[r.DetailMode:2]]
[2020.05.09-11.35.28:023][  0]LogConfig: Setting CVar [[r.TranslucencyVolumeBlur:1]]
[2020.05.09-11.35.28:023][  0]LogConfig: Setting CVar [[r.MaterialQualityLevel:1 ; High quality]]
[2020.05.09-11.35.28:023][  0]LogConfig: Setting CVar [[r.SSS.Scale:1]]
[2020.05.09-11.35.28:023][  0]LogConfig: Setting CVar [[r.SSS.SampleSet:2]]
[2020.05.09-11.35.28:023][  0]LogConfig: Setting CVar [[r.SSS.Quality:1]]
[2020.05.09-11.35.28:023][  0]LogConfig: Setting CVar [[r.SSS.HalfRes:1]]
[2020.05.09-11.35.28:023][  0]LogConfig: Setting CVar [[r.SSGI.Quality:3]]
[2020.05.09-11.35.28:023][  0]LogConfig: Setting CVar [[r.EmitterSpawnRateScale:1.0]]
[2020.05.09-11.35.28:023][  0]LogConfig: Setting CVar [[r.ParticleLightQuality:2]]
[2020.05.09-11.35.28:023][  0]LogConfig: Setting CVar [[r.SkyAtmosphere.AerialPerspectiveLUT.FastApplyOnOpaque:1 ; Always have FastSkyLUT 1 in this case to avoid wrong sky]]
[2020.05.09-11.35.28:023][  0]LogConfig: Setting CVar [[r.SkyAtmosphere.AerialPerspectiveLUT.SampleCountPerSlice:1]]
[2020.05.09-11.35.28:023][  0]LogConfig: Setting CVar [[r.SkyAtmosphere.AerialPerspectiveLUT.DepthResolution:16.0]]
[2020.05.09-11.35.28:023][  0]LogConfig: Setting CVar [[r.SkyAtmosphere.FastSkyLUT:1]]
[2020.05.09-11.35.28:023][  0]LogConfig: Setting CVar [[r.SkyAtmosphere.FastSkyLUT.SampleCountMin:4.0]]
[2020.05.09-11.35.28:023][  0]LogConfig: Setting CVar [[r.SkyAtmosphere.FastSkyLUT.SampleCountMax:32.0]]
[2020.05.09-11.35.28:023][  0]LogConfig: Setting CVar [[r.SkyAtmosphere.SampleCountMin:4.0]]
[2020.05.09-11.35.28:023][  0]LogConfig: Setting CVar [[r.SkyAtmosphere.SampleCountMax:32.0]]
[2020.05.09-11.35.28:023][  0]LogConfig: Setting CVar [[r.SkyAtmosphere.TransmittanceLUT.UseSmallFormat:0]]
[2020.05.09-11.35.28:023][  0]LogConfig: Setting CVar [[r.SkyAtmosphere.TransmittanceLUT.SampleCount:10.0]]
[2020.05.09-11.35.28:023][  0]LogConfig: Setting CVar [[r.SkyAtmosphere.MultiScatteringLUT.SampleCount:15.0]]
[2020.05.09-11.35.28:023][  0]LogConfig: Applying CVar settings from Section [FoliageQuality@3] File [C:/Users/Tom/Documents/GitHub/PangeaRepo/PangeaMechanics/Saved/Config/Windows/Scalability.ini]
[2020.05.09-11.35.28:023][  0]LogConfig: Setting CVar [[foliage.DensityScale:1.0]]
[2020.05.09-11.35.28:023][  0]LogConfig: Setting CVar [[grass.DensityScale:1.0]]
[2020.05.09-11.35.28:023][  0]LogConfig: Applying CVar settings from Section [ShadingQuality@3] File [C:/Users/Tom/Documents/GitHub/PangeaRepo/PangeaMechanics/Saved/Config/Windows/Scalability.ini]
[2020.05.09-11.35.28:023][  0]LogConfig: Setting CVar [[r.HairStrands.SkyLighting.SampleCount:16]]
[2020.05.09-11.35.28:023][  0]LogConfig: Setting CVar [[r.HairStrands.SkyLighting.JitterIntegration:0]]
[2020.05.09-11.35.28:023][  0]LogConfig: Setting CVar [[r.HairStrands.SkyAO.SampleCount:16]]
[2020.05.09-11.35.28:023][  0]LogInit: Selected Device Profile: [Windows]
[2020.05.09-11.35.28:023][  0]LogInit: Applying CVar settings loaded from the selected device profile: [Windows]
[2020.05.09-11.35.28:026][  0]LogHAL: Display: Platform has ~ 8 GB [8416038912 / 8589934592 / 8], which maps to Default [LargestMinGB=32, LargerMinGB=12, DefaultMinGB=8, SmallerMinGB=6, SmallestMinGB=0)
[2020.05.09-11.35.28:026][  0]LogInit: Going up to parent DeviceProfile []
[2020.05.09-11.35.28:026][  0]LogConfig: Applying CVar settings from Section [ViewDistanceQuality@2] File [C:/Users/Tom/Documents/GitHub/PangeaRepo/PangeaMechanics/Saved/Config/Windows/Scalability.ini]
[2020.05.09-11.35.28:026][  0]LogConfig: Setting CVar [[r.SkeletalMeshLODBias:0]]
[2020.05.09-11.35.28:026][  0]LogConfig: Setting CVar [[r.ViewDistanceScale:0.8]]
[2020.05.09-11.35.28:026][  0]LogConfig: Applying CVar settings from Section [AntiAliasingQuality@1] File [C:/Users/Tom/Documents/GitHub/PangeaRepo/PangeaMechanics/Saved/Config/Windows/Scalability.ini]
[2020.05.09-11.35.28:026][  0]LogConfig: Setting CVar [[r.PostProcessAAQuality:2]]
[2020.05.09-11.35.28:026][  0]LogConfig: Applying CVar settings from Section [ShadowQuality@1] File [C:/Users/Tom/Documents/GitHub/PangeaRepo/PangeaMechanics/Saved/Config/Windows/Scalability.ini]
[2020.05.09-11.35.28:026][  0]LogConfig: Setting CVar [[r.LightFunctionQuality:1]]
[2020.05.09-11.35.28:026][  0]LogConfig: Setting CVar [[r.ShadowQuality:3]]
[2020.05.09-11.35.28:026][  0]LogConfig: Setting CVar [[r.Shadow.CSM.MaxCascades:1]]
[2020.05.09-11.35.28:026][  0]LogConfig: Setting CVar [[r.Shadow.MaxResolution:1024]]
[2020.05.09-11.35.28:026][  0]LogConfig: Setting CVar [[r.Shadow.MaxCSMResolution:1024]]
[2020.05.09-11.35.28:026][  0]LogConfig: Setting CVar [[r.Shadow.RadiusThreshold:0.05]]
[2020.05.09-11.35.28:026][  0]LogConfig: Setting CVar [[r.Shadow.DistanceScale:0.7]]
[2020.05.09-11.35.28:026][  0]LogConfig: Setting CVar [[r.Shadow.CSM.TransitionScale:0.25]]
[2020.05.09-11.35.28:026][  0]LogConfig: Setting CVar [[r.Shadow.PreShadowResolutionFactor:0.5]]
[2020.05.09-11.35.28:026][  0]LogConfig: Setting CVar [[r.DistanceFieldShadowing:0]]
[2020.05.09-11.35.28:026][  0]LogConfig: Setting CVar [[r.DistanceFieldAO:0]]
[2020.05.09-11.35.28:026][  0]LogConfig: Setting CVar [[r.VolumetricFog:0]]
[2020.05.09-11.35.28:026][  0]LogConfig: Setting CVar [[r.LightMaxDrawDistanceScale:.5]]
[2020.05.09-11.35.28:026][  0]LogConfig: Setting CVar [[r.CapsuleShadows:1]]
[2020.05.09-11.35.28:027][  0]LogConfig: Applying CVar settings from Section [PostProcessQuality@1] File [C:/Users/Tom/Documents/GitHub/PangeaRepo/PangeaMechanics/Saved/Config/Windows/Scalability.ini]
[2020.05.09-11.35.28:027][  0]LogConfig: Setting CVar [[r.MotionBlurQuality:3]]
[2020.05.09-11.35.28:027][  0]LogConfig: Setting CVar [[r.AmbientOcclusionMipLevelFactor:1.0]]
[2020.05.09-11.35.28:027][  0]LogConfig: Setting CVar [[r.AmbientOcclusionMaxQuality:60]]
[2020.05.09-11.35.28:027][  0]LogConfig: Setting CVar [[r.AmbientOcclusionLevels:-1]]
[2020.05.09-11.35.28:027][  0]LogConfig: Setting CVar [[r.AmbientOcclusionRadiusScale:1.5]]
[2020.05.09-11.35.28:027][  0]LogConfig: Setting CVar [[r.DepthOfFieldQuality:1]]
[2020.05.09-11.35.28:027][  0]LogConfig: Setting CVar [[r.RenderTargetPoolMin:350]]
[2020.05.09-11.35.28:027][  0]LogConfig: Setting CVar [[r.LensFlareQuality:0]]
[2020.05.09-11.35.28:027][  0]LogConfig: Setting CVar [[r.SceneColorFringeQuality:0]]
[2020.05.09-11.35.28:027][  0]LogConfig: Setting CVar [[r.EyeAdaptationQuality:0]]
[2020.05.09-11.35.28:027][  0]LogConfig: Setting CVar [[r.BloomQuality:4]]
[2020.05.09-11.35.28:027][  0]LogConfig: Setting CVar [[r.FastBlurThreshold:2]]
[2020.05.09-11.35.28:027][  0]LogConfig: Setting CVar [[r.Upscale.Quality:2]]
[2020.05.09-11.35.28:027][  0]LogConfig: Setting CVar [[r.Tonemapper.GrainQuantization:0]]
[2020.05.09-11.35.28:027][  0]LogConfig: Setting CVar [[r.LightShaftQuality:0]]
[2020.05.09-11.35.28:027][  0]LogConfig: Setting CVar [[r.Filter.SizeScale:0.7]]
[2020.05.09-11.35.28:027][  0]LogConfig: Setting CVar [[r.Tonemapper.Quality:2]]
[2020.05.09-11.35.28:027][  0]LogConfig: Setting CVar [[r.DOF.Gather.AccumulatorQuality:0        ; lower gathering accumulator quality]]
[2020.05.09-11.35.28:027][  0]LogConfig: Setting CVar [[r.DOF.Gather.PostfilterMethod:2          ; Max3x3 postfilering method]]
[2020.05.09-11.35.28:027][  0]LogConfig: Setting CVar [[r.DOF.Gather.EnableBokehSettings:0       ; no bokeh simulation when gathering]]
[2020.05.09-11.35.28:027][  0]LogConfig: Setting CVar [[r.DOF.Gather.RingCount:3                 ; low number of samples when gathering]]
[2020.05.09-11.35.28:027][  0]LogConfig: Setting CVar [[r.DOF.Scatter.ForegroundCompositing:0    ; no foreground scattering]]
[2020.05.09-11.35.28:027][  0]LogConfig: Setting CVar [[r.DOF.Scatter.BackgroundCompositing:0    ; no foreground scattering]]
[2020.05.09-11.35.28:027][  0]LogConfig: Setting CVar [[r.DOF.Recombine.Quality:0                ; no slight out of focus]]
[2020.05.09-11.35.28:027][  0]LogConfig: Setting CVar [[r.DOF.TemporalAAQuality:0                ; faster temporal accumulation]]
[2020.05.09-11.35.28:027][  0]LogConfig: Setting CVar [[r.DOF.Kernel.MaxForegroundRadius:0.006   ; required because low gathering and no scattering and not looking great at 1080p]]
[2020.05.09-11.35.28:027][  0]LogConfig: Setting CVar [[r.DOF.Kernel.MaxBackgroundRadius:0.006   ; required because low gathering and no scattering and not looking great at 1080p]]
[2020.05.09-11.35.28:027][  0]LogConfig: Applying CVar settings from Section [TextureQuality@1] File [C:/Users/Tom/Documents/GitHub/PangeaRepo/PangeaMechanics/Saved/Config/Windows/Scalability.ini]
[2020.05.09-11.35.28:027][  0]LogConfig: Setting CVar [[r.Streaming.MipBias:1]]
[2020.05.09-11.35.28:027][  0]LogConfig: Setting CVar [[r.Streaming.AmortizeCPUToGPUCopy:0]]
[2020.05.09-11.35.28:027][  0]LogConfig: Setting CVar [[r.Streaming.MaxNumTexturesToStreamPerFrame:0]]
[2020.05.09-11.35.28:027][  0]LogConfig: Setting CVar [[r.Streaming.Boost:1]]
[2020.05.09-11.35.28:027][  0]LogConfig: Setting CVar [[r.MaxAnisotropy:2]]
[2020.05.09-11.35.28:027][  0]LogConfig: Setting CVar [[r.VT.MaxAnisotropy:4]]
[2020.05.09-11.35.28:027][  0]LogConfig: Setting CVar [[r.Streaming.LimitPoolSizeToVRAM:1]]
[2020.05.09-11.35.28:027][  0]LogConfig: Setting CVar [[r.Streaming.PoolSize:600]]
[2020.05.09-11.35.28:027][  0]LogConfig: Setting CVar [[r.Streaming.MaxEffectiveScreenSize:0]]
[2020.05.09-11.35.28:027][  0]LogConfig: Applying CVar settings from Section [EffectsQuality@1] File [C:/Users/Tom/Documents/GitHub/PangeaRepo/PangeaMechanics/Saved/Config/Windows/Scalability.ini]
[2020.05.09-11.35.28:027][  0]LogConfig: Setting CVar [[r.TranslucencyLightingVolumeDim:32]]
[2020.05.09-11.35.28:027][  0]LogConfig: Setting CVar [[r.RefractionQuality:0]]
[2020.05.09-11.35.28:027][  0]LogConfig: Setting CVar [[r.SSR.Quality:0]]
[2020.05.09-11.35.28:027][  0]LogConfig: Setting CVar [[r.SSR.HalfResSceneColor:1]]
[2020.05.09-11.35.28:027][  0]LogConfig: Setting CVar [[r.SceneColorFormat:3]]
[2020.05.09-11.35.28:027][  0]LogConfig: Setting CVar [[r.DetailMode:1]]
[2020.05.09-11.35.28:027][  0]LogConfig: Setting CVar [[r.TranslucencyVolumeBlur:0]]
[2020.05.09-11.35.28:027][  0]LogConfig: Setting CVar [[r.MaterialQualityLevel:2 ; Medium quality]]
[2020.05.09-11.35.28:027][  0]LogConfig: Setting CVar [[r.SSS.Scale:0.75]]
[2020.05.09-11.35.28:027][  0]LogConfig: Setting CVar [[r.SSS.SampleSet:0]]
[2020.05.09-11.35.28:027][  0]LogConfig: Setting CVar [[r.SSS.Quality:0]]
[2020.05.09-11.35.28:027][  0]LogConfig: Setting CVar [[r.SSS.HalfRes:1]]
[2020.05.09-11.35.28:027][  0]LogConfig: Setting CVar [[r.SSGI.Quality:1]]
[2020.05.09-11.35.28:027][  0]LogConfig: Setting CVar [[r.EmitterSpawnRateScale:0.25]]
[2020.05.09-11.35.28:027][  0]LogConfig: Setting CVar [[r.ParticleLightQuality:0]]
[2020.05.09-11.35.28:027][  0]LogConfig: Setting CVar [[r.SkyAtmosphere.AerialPerspectiveLUT.FastApplyOnOpaque:1 ; Always have FastSkyLUT 1 in this case to avoid wrong sky]]
[2020.05.09-11.35.28:027][  0]LogConfig: Setting CVar [[r.SkyAtmosphere.AerialPerspectiveLUT.SampleCountPerSlice:1]]
[2020.05.09-11.35.28:027][  0]LogConfig: Setting CVar [[r.SkyAtmosphere.AerialPerspectiveLUT.DepthResolution:16.0]]
[2020.05.09-11.35.28:027][  0]LogConfig: Setting CVar [[r.SkyAtmosphere.FastSkyLUT:1]]
[2020.05.09-11.35.28:027][  0]LogConfig: Setting CVar [[r.SkyAtmosphere.FastSkyLUT.SampleCountMin:4.0]]
[2020.05.09-11.35.28:027][  0]LogConfig: Setting CVar [[r.SkyAtmosphere.FastSkyLUT.SampleCountMax:32.0]]
[2020.05.09-11.35.28:027][  0]LogConfig: Setting CVar [[r.SkyAtmosphere.SampleCountMin:4.0]]
[2020.05.09-11.35.28:027][  0]LogConfig: Setting CVar [[r.SkyAtmosphere.SampleCountMax:32.0]]
[2020.05.09-11.35.28:027][  0]LogConfig: Setting CVar [[r.SkyAtmosphere.TransmittanceLUT.UseSmallFormat:0]]
[2020.05.09-11.35.28:027][  0]LogConfig: Setting CVar [[r.SkyAtmosphere.TransmittanceLUT.SampleCount:10.0]]
[2020.05.09-11.35.28:027][  0]LogConfig: Setting CVar [[r.SkyAtmosphere.MultiScatteringLUT.SampleCount:15.0]]
[2020.05.09-11.35.28:027][  0]LogConfig: Applying CVar settings from Section [FoliageQuality@1] File [C:/Users/Tom/Documents/GitHub/PangeaRepo/PangeaMechanics/Saved/Config/Windows/Scalability.ini]
[2020.05.09-11.35.28:027][  0]LogConfig: Setting CVar [[foliage.DensityScale:0.4]]
[2020.05.09-11.35.28:027][  0]LogConfig: Setting CVar [[grass.DensityScale:0.4]]
[2020.05.09-11.35.28:027][  0]LogConfig: Applying CVar settings from Section [ShadingQuality@3] File [C:/Users/Tom/Documents/GitHub/PangeaRepo/PangeaMechanics/Saved/Config/Windows/Scalability.ini]
[2020.05.09-11.35.28:027][  0]LogConfig: Setting CVar [[r.HairStrands.SkyLighting.SampleCount:16]]
[2020.05.09-11.35.28:027][  0]LogConfig: Setting CVar [[r.HairStrands.SkyLighting.JitterIntegration:0]]
[2020.05.09-11.35.28:028][  0]LogConfig: Setting CVar [[r.HairStrands.SkyAO.SampleCount:16]]
[2020.05.09-11.35.28:028][  0]LogConfig: Applying CVar settings from Section [Startup] File [../../../Engine/Config/ConsoleVariables.ini]
[2020.05.09-11.35.28:028][  0]LogConfig: Setting CVar [[net.UseAdaptiveNetUpdateFrequency:0]]
[2020.05.09-11.35.28:028][  0]LogConfig: Setting CVar [[p.chaos.AllowCreatePhysxBodies:1]]
[2020.05.09-11.35.28:028][  0]LogConfig: Applying CVar settings from Section [ConsoleVariables] File [C:/Users/Tom/Documents/GitHub/PangeaRepo/PangeaMechanics/Saved/Config/Windows/Engine.ini]
[2020.05.09-11.35.28:028][  0]LogInit: Computer: DESKTOP-B76AR38
[2020.05.09-11.35.28:028][  0]LogInit: User: Tom
[2020.05.09-11.35.28:028][  0]LogInit: CPU Page size=4096, Cores=4
[2020.05.09-11.35.28:028][  0]LogInit: High frequency timer resolution =10.000000 MHz
[2020.05.09-11.35.28:028][  0]LogMemory: Memory total: Physical=7.8GB (8GB approx)
[2020.05.09-11.35.28:028][  0]LogMemory: Platform Memory Stats for Windows
[2020.05.09-11.35.28:028][  0]LogMemory: Process Physical Memory: 105.98 MB used, 105.98 MB peak
[2020.05.09-11.35.28:028][  0]LogMemory: Process Virtual Memory: 100.51 MB used, 100.51 MB peak
[2020.05.09-11.35.28:028][  0]LogMemory: Physical Memory: 4655.20 MB used,  3370.96 MB free, 8026.16 MB total
[2020.05.09-11.35.28:028][  0]LogMemory: Virtual Memory: 5137.57 MB used,  134212592.00 MB free, 134217728.00 MB total
[2020.05.09-11.35.28:032][  0]LogWindows: WindowsPlatformFeatures enabled
[2020.05.09-11.35.28:053][  0]LogInit: Using OS detected language (en-GB).
[2020.05.09-11.35.28:053][  0]LogInit: Using OS detected locale (en-GB).
[2020.05.09-11.35.28:054][  0]LogTextLocalizationManager: No specific localization for 'en-GB' exists, so the 'en' localization will be used.
[2020.05.09-11.35.28:242][  0]LogInit: Setting process to per monitor DPI aware
[2020.05.09-11.35.28:306][  0]LogSlate: New Slate User Created.  User Index 0, Is Virtual User: 0
[2020.05.09-11.35.28:306][  0]LogSlate: Slate User Registered.  User Index 0, Is Virtual User: 0
[2020.05.09-11.35.28:490][  0]LogHMD: Failed to initialize OpenVR with code 110
[2020.05.09-11.35.28:490][  0]LogD3D11RHI: D3D11 min allowed feature level: 11_0
[2020.05.09-11.35.28:490][  0]LogD3D11RHI: D3D11 max allowed feature level: 11_0
[2020.05.09-11.35.28:490][  0]LogD3D11RHI: D3D11 adapters:
[2020.05.09-11.35.28:549][  0]LogD3D11RHI:    0. 'Intel(R) UHD Graphics 620' (Feature Level 11_0)
[2020.05.09-11.35.28:549][  0]LogD3D11RHI:       128/0/4013 MB DedicatedVideo/DedicatedSystem/SharedSystem, Outputs:1, VendorId:0x8086
[2020.05.09-11.35.28:552][  0]LogD3D11RHI:    1. 'Microsoft Basic Render Driver' (Feature Level 11_0)
[2020.05.09-11.35.28:552][  0]LogD3D11RHI:       0/0/4013 MB DedicatedVideo/DedicatedSystem/SharedSystem, Outputs:0, VendorId:0x1414
[2020.05.09-11.35.28:552][  0]LogD3D11RHI: Chosen D3D11 Adapter: 0
[2020.05.09-11.35.28:559][  0]LogD3D11RHI: Creating new Direct3DDevice
[2020.05.09-11.35.28:559][  0]LogD3D11RHI:     GPU DeviceId: 0x5917 (for the marketing name, search the web for "GPU Device Id")
[2020.05.09-11.35.28:559][  0]LogWindows: EnumDisplayDevices:
[2020.05.09-11.35.28:559][  0]LogWindows:    0. 'Intel(R) UHD Graphics 620' (P:1 D:1)
[2020.05.09-11.35.28:559][  0]LogWindows:    1. 'Intel(R) UHD Graphics 620' (P:0 D:0)
[2020.05.09-11.35.28:560][  0]LogWindows:    2. 'Intel(R) UHD Graphics 620' (P:0 D:0)
[2020.05.09-11.35.28:560][  0]LogWindows: DebugString: FoundDriverCount:3 
[2020.05.09-11.35.28:560][  0]LogD3D11RHI:     Adapter Name: Intel(R) UHD Graphics 620
[2020.05.09-11.35.28:560][  0]LogD3D11RHI:   Driver Version: 25.20.100.6446 (internal:25.20.100.6446, unified:25.20.100.6446)
[2020.05.09-11.35.28:560][  0]LogD3D11RHI:      Driver Date: 11-19-2018
[2020.05.09-11.35.28:560][  0]LogRHI: Texture pool is 1494 MB (70% of 2134 MB)
[2020.05.09-11.35.28:607][  0]LogD3D11RHI: RHI does not have support for 64 bit atomics
[2020.05.09-11.35.28:608][  0]LogD3D11RHI: [IntelMetricsDiscovery] Started
[2020.05.09-11.35.28:608][  0]LogD3D11RHI: Async texture creation enabled
[2020.05.09-11.35.28:614][  0]LogD3D11RHI: GPU Timing Frequency: 12.000048 (Debug: 2 0)
[2020.05.09-11.35.28:990][  0]LogTargetPlatformManager: Display: Loaded TargetPlatform 'AllDesktop'
[2020.05.09-11.35.29:027][  0]LogTargetPlatformManager: Display: Loaded TargetPlatform 'Android'
[2020.05.09-11.35.29:027][  0]LogTargetPlatformManager: Display: Loaded TargetPlatform 'Android_ASTC'
[2020.05.09-11.35.29:027][  0]LogTargetPlatformManager: Display: Loaded TargetPlatform 'Android_ATC'
[2020.05.09-11.35.29:027][  0]LogTargetPlatformManager: Display: Loaded TargetPlatform 'Android_DXT'
[2020.05.09-11.35.29:027][  0]LogTargetPlatformManager: Display: Loaded TargetPlatform 'Android_ETC1'
[2020.05.09-11.35.29:027][  0]LogTargetPlatformManager: Display: Loaded TargetPlatform 'Android_ETC1a'
[2020.05.09-11.35.29:027][  0]LogTargetPlatformManager: Display: Loaded TargetPlatform 'Android_ETC2'
[2020.05.09-11.35.29:027][  0]LogTargetPlatformManager: Display: Loaded TargetPlatform 'Android_PVRTC'
[2020.05.09-11.35.29:027][  0]LogTargetPlatformManager: Display: Loaded TargetPlatform 'AndroidClient'
[2020.05.09-11.35.29:027][  0]LogTargetPlatformManager: Display: Loaded TargetPlatform 'Android_ASTCClient'
[2020.05.09-11.35.29:027][  0]LogTargetPlatformManager: Display: Loaded TargetPlatform 'Android_ATCClient'
[2020.05.09-11.35.29:027][  0]LogTargetPlatformManager: Display: Loaded TargetPlatform 'Android_DXTClient'
[2020.05.09-11.35.29:027][  0]LogTargetPlatformManager: Display: Loaded TargetPlatform 'Android_ETC1Client'
[2020.05.09-11.35.29:027][  0]LogTargetPlatformManager: Display: Loaded TargetPlatform 'Android_ETC1aClient'
[2020.05.09-11.35.29:027][  0]LogTargetPlatformManager: Display: Loaded TargetPlatform 'Android_ETC2Client'
[2020.05.09-11.35.29:027][  0]LogTargetPlatformManager: Display: Loaded TargetPlatform 'Android_PVRTCClient'
[2020.05.09-11.35.29:027][  0]LogTargetPlatformManager: Display: Loaded TargetPlatform 'Android_Multi'
[2020.05.09-11.35.29:027][  0]LogTargetPlatformManager: Display: Loaded TargetPlatform 'Android_MultiClient'
[2020.05.09-11.35.29:055][  0]LogTargetPlatformManager: Display: Loaded TargetPlatform 'IOSClient'
[2020.05.09-11.35.29:055][  0]LogTargetPlatformManager: Display: Loaded TargetPlatform 'IOS'
[2020.05.09-11.35.29:066][  0]LogTargetPlatformManager: Display: Loaded TargetPlatform 'LinuxNoEditor'
[2020.05.09-11.35.29:081][  0]LogTargetPlatformManager: Display: Loaded TargetPlatform 'LinuxClient'
[2020.05.09-11.35.29:090][  0]LogTargetPlatformManager: Display: Loaded TargetPlatform 'LinuxServer'
[2020.05.09-11.35.29:105][  0]LogTargetPlatformManager: Display: Loaded TargetPlatform 'LinuxAArch64NoEditor'
[2020.05.09-11.35.29:113][  0]LogTargetPlatformManager: Display: Loaded TargetPlatform 'LinuxAArch64Client'
[2020.05.09-11.35.29:124][  0]LogTargetPlatformManager: Display: Loaded TargetPlatform 'LinuxAArch64Server'
[2020.05.09-11.35.29:158][  0]LogTargetPlatformManager: Display: Loaded TargetPlatform 'Lumin'
[2020.05.09-11.35.29:158][  0]LogTargetPlatformManager: Display: Loaded TargetPlatform 'LuminClient'
[2020.05.09-11.35.29:181][  0]LogTargetPlatformManager: Display: Loaded TargetPlatform 'TVOSClient'
[2020.05.09-11.35.29:181][  0]LogTargetPlatformManager: Display: Loaded TargetPlatform 'TVOS'
[2020.05.09-11.35.29:191][  0]LogTargetPlatformManager: Display: Loaded TargetPlatform 'WindowsNoEditor'
[2020.05.09-11.35.29:201][  0]LogTargetPlatformManager: Display: Loaded TargetPlatform 'Windows'
[2020.05.09-11.35.29:215][  0]LogTargetPlatformManager: Display: Loaded TargetPlatform 'WindowsClient'
[2020.05.09-11.35.29:223][  0]LogTargetPlatformManager: Display: Loaded TargetPlatform 'WindowsServer'
[2020.05.09-11.35.29:223][  0]LogTargetPlatformManager: Display: Building Assets For Windows
[2020.05.09-11.35.29:226][  0]LogAudioDebug: Display: Lib vorbis DLL was dynamically loaded.
[2020.05.09-11.35.29:259][  0]LogShaderCompilers: Guid format shader working directory is -27 characters bigger than the processId version (../../../../../../Users/Tom/Documents/GitHub/PangeaRepo/PangeaMechanics/Intermediate/Shaders/WorkingDirectory/6012/).
[2020.05.09-11.35.29:259][  0]LogShaderCompilers: Cleaned the shader compiler working directory 'C:/Users/Tom/AppData/Local/Temp/UnrealShaderWorkingDir/217D5D1A4587184287EF1793AB5DCA7C/'.
[2020.05.09-11.35.29:260][  0]LogXGEController: Cannot use XGE Controller as Incredibuild is not installed on this machine.
[2020.05.09-11.35.29:260][  0]LogShaderCompilers: Cannot use XGE Shader Compiler as Incredibuild is not installed on this machine.
[2020.05.09-11.35.29:260][  0]LogShaderCompilers: Display: Using Local Shader Compiler.
[2020.05.09-11.35.30:122][  0]LogDerivedDataCache: Display: Max Cache Size: 512 MB
[2020.05.09-11.35.30:194][  0]LogDerivedDataCache: Loaded boot cache 0.07s 82MB C:/Users/Tom/AppData/Local/UnrealEngine/4.24/DerivedDataCache/Boot.ddc.
[2020.05.09-11.35.30:194][  0]LogDerivedDataCache: Display: Loaded Boot cache: C:/Users/Tom/AppData/Local/UnrealEngine/4.24/DerivedDataCache/Boot.ddc
[2020.05.09-11.35.30:194][  0]LogDerivedDataCache: FDerivedDataBackendGraph:  Pak pak cache file ../../../../../../Users/Tom/Documents/GitHub/PangeaRepo/PangeaMechanics/DerivedDataCache/DDC.ddp not found, will not use a pak cache.
[2020.05.09-11.35.30:194][  0]LogDerivedDataCache: Unable to find inner node Pak for hierarchical cache Hierarchy.
[2020.05.09-11.35.30:194][  0]LogDerivedDataCache: FDerivedDataBackendGraph:  CompressedPak pak cache file ../../../../../../Users/Tom/Documents/GitHub/PangeaRepo/PangeaMechanics/DerivedDataCache/Compressed.ddp not found, will not use a pak cache.
[2020.05.09-11.35.30:194][  0]LogDerivedDataCache: Unable to find inner node CompressedPak for hierarchical cache Hierarchy.
[2020.05.09-11.35.30:206][  0]LogDerivedDataCache: Display: Pak cache opened for reading ../../../Engine/DerivedDataCache/Compressed.ddp.
[2020.05.09-11.35.30:206][  0]LogDerivedDataCache: FDerivedDataBackendGraph:  EnterprisePak pak cache file ../../../Enterprise/DerivedDataCache/Compressed.ddp not found, will not use a pak cache.
[2020.05.09-11.35.30:206][  0]LogDerivedDataCache: Unable to find inner node EnterprisePak for hierarchical cache Hierarchy.
[2020.05.09-11.35.30:208][  0]LogDerivedDataCache: Using Local data cache path C:/Users/Tom/AppData/Local/UnrealEngine/Common/DerivedDataCache: Writable
[2020.05.09-11.35.30:208][  0]LogDerivedDataCache: Shared data cache path not found in *engine.ini, will not use an Shared cache.
[2020.05.09-11.35.30:208][  0]LogDerivedDataCache: Unable to find inner node Shared for hierarchical cache Hierarchy.
[2020.05.09-11.35.30:275][  0]LogMaterial: Verifying Global Shaders for PCD3D_SM5
[2020.05.09-11.35.30:280][  0]LogSlate: Using FreeType 2.10.0
[2020.05.09-11.35.30:281][  0]LogSlate: SlateFontServices - WITH_FREETYPE: 1, WITH_HARFBUZZ: 1
[2020.05.09-11.35.30:398][  0]LogAssetRegistry: FAssetRegistry took 0.0025 seconds to start up
[2020.05.09-11.35.30:744][  0]LogInit: Selected Device Profile: [Windows]
[2020.05.09-11.35.30:934][  0]LogMeshReduction: Using QuadricMeshReduction for automatic static mesh reduction
[2020.05.09-11.35.30:934][  0]LogMeshReduction: Using SimplygonMeshReduction for automatic skeletal mesh reduction
[2020.05.09-11.35.30:934][  0]LogMeshReduction: Using ProxyLODMeshReduction for automatic mesh merging
[2020.05.09-11.35.30:934][  0]LogMeshReduction: No distributed automatic mesh merging module available
[2020.05.09-11.35.30:934][  0]LogMeshMerging: No distributed automatic mesh merging module available
[2020.05.09-11.35.30:951][  0]LogNetVersion: PangeaMechanics 1.0.0, NetCL: 10570792, EngineNetVer: 13, GameNetVer: 0 (Checksum: 2073095031)
[2020.05.09-11.35.32:256][  0]LogPackageLocalizationCache: Processed 10 localized package path(s) for 1 prioritized culture(s) in 0.060952 seconds
[2020.05.09-11.35.32:263][  0]LogUObjectArray: 46750 objects as part of root set at end of initial load.
[2020.05.09-11.35.32:263][  0]LogUObjectAllocator: 8137160 out of 0 bytes used by permanent object pool.
[2020.05.09-11.35.32:263][  0]LogUObjectArray: CloseDisregardForGC: 0/0 objects in disregard for GC pool
[2020.05.09-11.35.32:706][  0]LogTcpMessaging: Initializing TcpMessaging bridge
[2020.05.09-11.35.32:709][  0]LogUdpMessaging: Initializing bridge on interface 0.0.0.0:0 to multicast group 230.0.0.1:6666.
[2020.05.09-11.35.32:912][  0]SourceControl: Source control is disabled
[2020.05.09-11.35.32:912][  0]SourceControl: Source control is disabled
[2020.05.09-11.35.32:913][  0]SourceControl: Source control is disabled
[2020.05.09-11.35.32:914][  0]SourceControl: Source control is disabled
[2020.05.09-11.35.32:915][  0]SourceControl: Source control is disabled
[2020.05.09-11.35.33:011][  0]LogAndroidPermission: UAndroidPermissionCallbackProxy::GetInstance
[2020.05.09-11.35.33:024][  0]LogAudioCaptureCore: Display: No Audio Capture implementations found. Audio input will be silent.
[2020.05.09-11.35.33:024][  0]LogAudioCaptureCore: Display: No Audio Capture implementations found. Audio input will be silent.
[2020.05.09-11.35.33:125][  0]LogOcInput: OculusInput pre-init called
[2020.05.09-11.35.33:133][  0]LogWindows: Failed to load 'OVRPlugin.dll' (GetLastError=126)
[2020.05.09-11.35.33:133][  0]LogWindows: File 'OVRPlugin.dll' does not exist
[2020.05.09-11.35.33:208][  0]LogEngine: Initializing Engine...
[2020.05.09-11.35.33:209][  0]LogHMD: Failed to initialize OpenVR with code 110
[2020.05.09-11.35.33:210][  0]LogStats: UGameplayTagsManager::InitializeManager -  0.000 s
[2020.05.09-11.35.33:674][  0]LogInit: Initializing FReadOnlyCVARCache
[2020.05.09-11.35.33:684][  0]LogAIModule: Creating AISystem for world Untitled
[2020.05.09-11.35.33:704][  0]LogAudioMixer: Display: Audio Mixer Platform Settings:
[2020.05.09-11.35.33:704][  0]LogAudioMixer: Display: 	Sample Rate:						  48000
[2020.05.09-11.35.33:704][  0]LogAudioMixer: Display: 	Callback Buffer Frame Size Requested: 1024
[2020.05.09-11.35.33:705][  0]LogAudioMixer: Display: 	Callback Buffer Frame Size To Use:	  1024
[2020.05.09-11.35.33:705][  0]LogAudioMixer: Display: 	Number of buffers to queue:			  2
[2020.05.09-11.35.33:705][  0]LogAudioMixer: Display: 	Max Channels (voices):				  32
[2020.05.09-11.35.33:705][  0]LogAudioMixer: Display: 	Number of Async Source Workers:		  0
[2020.05.09-11.35.33:705][  0]LogAudio: Display: AudioDevice MaxSources: 32
[2020.05.09-11.35.33:706][  0]LogAudio: Display: Using built-in audio occlusion.
[2020.05.09-11.35.33:706][  0]LogAudioMixer: Display: Initializing audio mixer.
[2020.05.09-11.35.33:728][  0]LogAudioMixer: Display: Audio Device Output Speaker Info:
[2020.05.09-11.35.33:728][  0]LogAudioMixer: Display: Name: Speaker/Headphone (Realtek(R) Audio)
[2020.05.09-11.35.33:728][  0]LogAudioMixer: Display: Is Default: Yes
[2020.05.09-11.35.33:728][  0]LogAudioMixer: Display: Sample Rate: 48000
[2020.05.09-11.35.33:728][  0]LogAudioMixer: Display: Channel Count Used: 2
[2020.05.09-11.35.33:728][  0]LogAudioMixer: Display: Device Channel Count: 2
[2020.05.09-11.35.33:728][  0]LogAudioMixer: Display: Channel Order:
[2020.05.09-11.35.33:728][  0]LogAudioMixer: Display: 0: FrontLeft
[2020.05.09-11.35.33:728][  0]LogAudioMixer: Display: 1: FrontRight
[2020.05.09-11.35.33:759][  0]LogAudioMixer: Display: Using Audio Device Speaker/Headphone (Realtek(R) Audio)
[2020.05.09-11.35.33:766][  0]LogInit: FAudioDevice initialized.
[2020.05.09-11.35.33:766][  0]LogNetVersion: Set ProjectVersion to 1.0.0.0. Version Checksum will be recalculated on next use.
[2020.05.09-11.35.34:002][  0]LogDerivedDataCache: Saved boot cache 0.24s 82MB C:/Users/Tom/AppData/Local/UnrealEngine/4.24/DerivedDataCache/Boot.ddc.
[2020.05.09-11.35.34:003][  0]LogInit: Texture streaming: Enabled
[2020.05.09-11.35.34:020][  0]LogEngineSessionManager: EngineSessionManager initialized
[2020.05.09-11.35.34:020][  0]LogEditorSessionSummary: Verbose: Initializing EditorSessionSummaryWriter for editor session tracking
[2020.05.09-11.35.34:026][  0]LogEditorSessionSummary: EditorSessionSummaryWriter initialized
[2020.05.09-11.35.34:099][  0]LogInit: Transaction tracking system initialized
[2020.05.09-11.35.34:115][  0]BlueprintLog: New page: Editor Load
[2020.05.09-11.35.34:195][  0]LocalizationService: Localization service is disabled
[2020.05.09-11.35.35:875][  0]LogFileCache: Scanning file cache for directory 'C:/Users/Tom/Documents/GitHub/PangeaRepo/PangeaMechanics/Content/' took 0.01s
[2020.05.09-11.35.35:876][  0]LogCook: Display: Max memory allowance for cook 16384mb min free memory 0mb
[2020.05.09-11.35.35:876][  0]LogCook: Display: Mobile HDR setting 1
[2020.05.09-11.35.36:950][  0]SourceControl: Source control is disabled
[2020.05.09-11.35.36:951][  0]Cmd: MAP LOAD FILE="../../../../../../Users/Tom/Documents/GitHub/PangeaRepo/PangeaMechanics/Content/ThirdPersonCPP/Maps/ThirdPersonExampleMap.umap" TEMPLATE=0 SHOWPROGRESS=1 FEATURELEVEL=3
[2020.05.09-11.35.36:951][  0]LightingResults: New page: Lighting Build
[2020.05.09-11.35.36:952][  0]LogWorld: UWorld::CleanupWorld for Untitled, bSessionEnded=true, bCleanupResources=true
[2020.05.09-11.35.36:952][  0]LogSlate: InvalidateAllWidgets triggered.  All widgets were invalidated
[2020.05.09-11.35.36:952][  0]MapCheck: New page: Map Check
[2020.05.09-11.35.36:952][  0]LightingResults: New page: Lighting Build
[2020.05.09-11.35.36:981][  0]LogUObjectHash: Compacting FUObjectHashTables data took   2.27ms
[2020.05.09-11.35.37:095][  0]LogAIModule: Creating AISystem for world ThirdPersonExampleMap
[2020.05.09-11.35.37:105][  0]LogEditorServer: Finished looking for orphan Actors (0.000 secs)
[2020.05.09-11.35.37:144][  0]LogUObjectHash: Compacting FUObjectHashTables data took   2.03ms
[2020.05.09-11.35.37:145][  0]Cmd: MAP CHECKDEP NOCLEARLOG
[2020.05.09-11.35.37:145][  0]MapCheck: Map check complete: 0 Error(s), 0 Warning(s), took 0.24ms to complete.
[2020.05.09-11.35.37:145][  0]LogFileHelpers: Loading map 'ThirdPersonExampleMap' took 0.195
[2020.05.09-11.35.37:313][  0]LogCollectionManager: Loaded 0 collections in 0.001925 seconds
[2020.05.09-11.35.37:326][  0]LogFileCache: Scanning file cache for directory 'C:/Users/Tom/Documents/GitHub/PangeaRepo/PangeaMechanics/Saved/Collections/' took 0.00s
[2020.05.09-11.35.37:326][  0]LogFileCache: Scanning file cache for directory 'C:/Users/Tom/Documents/GitHub/PangeaRepo/PangeaMechanics/Content/Developers/Tom/Collections/' took 0.00s
[2020.05.09-11.35.37:326][  0]LogFileCache: Scanning file cache for directory 'C:/Users/Tom/Documents/GitHub/PangeaRepo/PangeaMechanics/Content/Collections/' took 0.00s
[2020.05.09-11.35.37:326][  0]LogContentBrowser: Native class hierarchy populated in 0.0089 seconds. Added 3022 classes and 719 folders.
[2020.05.09-11.35.37:328][  0]LogContentBrowser: Native class hierarchy updated for 'WidgetCarousel' in 0.0004 seconds. Added 0 classes and 0 folders.
[2020.05.09-11.35.37:393][  0]LogContentBrowser: Native class hierarchy updated for 'AddContentDialog' in 0.0004 seconds. Added 0 classes and 0 folders.
[2020.05.09-11.35.37:416][  0]LogSlate: Updating window title bar state: overlay mode, drag disabled, window buttons hidden, title bar hidden
[2020.05.09-11.35.37:425][  0]LogSlate: Updating window title bar state: overlay mode, drag disabled, window buttons hidden, title bar hidden
[2020.05.09-11.35.37:432][  0]LogSlate: Updating window title bar state: overlay mode, drag disabled, window buttons hidden, title bar hidden
[2020.05.09-11.35.37:447][  0]LogSlate: Updating window title bar state: overlay mode, drag disabled, window buttons hidden, title bar hidden
[2020.05.09-11.35.37:458][  0]LogContentBrowser: Native class hierarchy updated for 'SceneOutliner' in 0.0005 seconds. Added 2 classes and 3 folders.
[2020.05.09-11.35.37:506][  0]LogSlate: Took 0.000448 seconds to synchronously load lazily loaded font '../../../Engine/Content/Slate/Fonts/Roboto-Regular.ttf' (155K)
[2020.05.09-11.35.37:509][  0]LogSlate: Took 0.000234 seconds to synchronously load lazily loaded font '../../../Engine/Content/Editor/Slate/Fonts/FontAwesome.ttf' (139K)
[2020.05.09-11.35.37:510][  0]LogSlate: Took 0.000454 seconds to synchronously load lazily loaded font '../../../Engine/Content/Slate/Fonts/Roboto-Bold.ttf' (160K)
[2020.05.09-11.35.37:526][  0]LogSlate: Took 0.001102 seconds to synchronously load lazily loaded font '../../../Engine/Content/Slate/Fonts/DroidSansMono.ttf' (77K)
[2020.05.09-11.35.37:839][  0]LogRenderer: Reallocating scene render targets to support 676x368 Format 9 NumSamples 1 (Frame:1).
[2020.05.09-11.35.37:982][  0]LogContentBrowser: Native class hierarchy updated for 'HierarchicalLODOutliner' in 0.0021 seconds. Added 0 classes and 0 folders.
[2020.05.09-11.35.37:982][  0]LogLoad: (Engine Initialization) Total time: 11.60 seconds
[2020.05.09-11.35.37:982][  0]LogLoad: (Engine Initialization) Total Blueprint compile time: 0.00 seconds
[2020.05.09-11.35.38:045][  0]LogAssetRegistry: Asset discovery search completed in 7.6477 seconds
[2020.05.09-11.35.38:050][  0]LogCollectionManager: Fixed up redirectors for 0 collections in 0.000010 seconds (updated 0 objects)
[2020.05.09-11.35.38:050][  0]LogContentStreaming: Texture pool size now 600 MB
[2020.05.09-11.35.38:073][  0]LogSlate: Took 0.000170 seconds to synchronously load lazily loaded font '../../../Engine/Content/Slate/Fonts/Roboto-Light.ttf' (167K)
[2020.05.09-11.35.38:322][  0]LogRenderer: Reallocating scene render targets to support 676x380 Format 9 NumSamples 1 (Frame:2).
[2020.05.09-11.35.46:480][173]LogUObjectHash: Compacting FUObjectHashTables data took   5.22ms
[2020.05.09-11.35.46:484][173]Cmd: MAP LOAD FILE="../../../../../../Users/Tom/Documents/GitHub/PangeaRepo/PangeaMechanics/Content/ThirdPersonCPP/Maps/TamingPrototypeTG.umap" TEMPLATE=0 SHOWPROGRESS=1 FEATURELEVEL=3
[2020.05.09-11.35.46:490][173]LogSlate: Took 0.000287 seconds to synchronously load lazily loaded font '../../../Engine/Content/Slate/Fonts/Roboto-Light.ttf' (167K)
[2020.05.09-11.35.46:513][173]LightingResults: New page: Lighting Build
[2020.05.09-11.35.46:515][173]LoadErrors: New page: Loading map: TamingPrototypeTG.umap
[2020.05.09-11.35.46:516][173]LogWorld: UWorld::CleanupWorld for ThirdPersonExampleMap, bSessionEnded=true, bCleanupResources=true
[2020.05.09-11.35.46:517][173]LogSlate: InvalidateAllWidgets triggered.  All widgets were invalidated
[2020.05.09-11.35.46:517][173]MapCheck: New page: Map Check
[2020.05.09-11.35.46:517][173]LightingResults: New page: Lighting Build
[2020.05.09-11.35.46:546][173]LogUObjectHash: Compacting FUObjectHashTables data took   1.90ms
[2020.05.09-11.35.46:586][173]LogAIModule: Creating AISystem for world TamingPrototypeTG
[2020.05.09-11.35.46:591][173]LogEditorServer: Finished looking for orphan Actors (0.000 secs)
[2020.05.09-11.35.46:625][173]LogUObjectHash: Compacting FUObjectHashTables data took   1.76ms
[2020.05.09-11.35.46:667][173]Cmd: MAP CHECKDEP NOCLEARLOG
[2020.05.09-11.35.46:669][173]MapCheck: Map check complete: 0 Error(s), 0 Warning(s), took 0.791ms to complete.
[2020.05.09-11.35.46:669][173]LogFileHelpers: Loading map 'TamingPrototypeTG' took 0.185
[2020.05.09-11.35.46:670][173]LogSlate: Window 'Open Level' being destroyed
[2020.05.09-11.36.03:184][693]LogBlueprintUserMessages: Early PlayInEditor Detection: Level '/Game/ThirdPersonCPP/Maps/TamingPrototypeTG.TamingPrototypeTG:PersistentLevel' has LevelScriptBlueprint '/Game/ThirdPersonCPP/Maps/TamingPrototypeTG.TamingPrototypeTG:PersistentLevel.TamingPrototypeTG' with GeneratedClass '/Game/ThirdPersonCPP/Maps/TamingPrototypeTG.TamingPrototypeTG_C' with ClassGeneratedBy '/Game/ThirdPersonCPP/Maps/TamingPrototypeTG.TamingPrototypeTG:PersistentLevel.TamingPrototypeTG'
[2020.05.09-11.36.03:185][693]LogPlayLevel: PlayLevel: No blueprints needed recompiling
[2020.05.09-11.36.03:188][693]PIE: New page: SIE session: TamingPrototypeTG (9 May 2020, 13:36:03)
[2020.05.09-11.36.03:193][693]LogOnline: OSS: Creating online subsystem instance for: NULL
[2020.05.09-11.36.03:196][693]LogOnline: OSS: TryLoadSubsystemAndSetDefault: Loaded subsystem for module [NULL]
[2020.05.09-11.36.03:196][693]LogPlayLevel: Creating play world package: /Game/ThirdPersonCPP/Maps/UEDPIE_0_TamingPrototypeTG
[2020.05.09-11.36.03:276][693]LogPlayLevel: PIE: StaticDuplicateObject took: (0.078750s)
[2020.05.09-11.36.03:279][693]LogAIModule: Creating AISystem for world TamingPrototypeTG
[2020.05.09-11.36.03:280][693]LogPlayLevel: PIE: World Init took: (0.003602s)
[2020.05.09-11.36.03:280][693]LogPlayLevel: PIE: Created PIE world by copying editor world from /Game/ThirdPersonCPP/Maps/TamingPrototypeTG.TamingPrototypeTG to /Game/ThirdPersonCPP/Maps/UEDPIE_0_TamingPrototypeTG.TamingPrototypeTG (0.083182s)
[2020.05.09-11.36.03:330][693]LogUObjectHash: Compacting FUObjectHashTables data took   4.17ms
[2020.05.09-11.36.03:333][693]LogAudioMixer: Display: Audio Mixer Platform Settings:
[2020.05.09-11.36.03:334][693]LogAudioMixer: Display: 	Sample Rate:						  48000
[2020.05.09-11.36.03:334][693]LogAudioMixer: Display: 	Callback Buffer Frame Size Requested: 1024
[2020.05.09-11.36.03:334][693]LogAudioMixer: Display: 	Callback Buffer Frame Size To Use:	  1024
[2020.05.09-11.36.03:334][693]LogAudioMixer: Display: 	Number of buffers to queue:			  2
[2020.05.09-11.36.03:334][693]LogAudioMixer: Display: 	Max Channels (voices):				  32
[2020.05.09-11.36.03:334][693]LogAudioMixer: Display: 	Number of Async Source Workers:		  0
[2020.05.09-11.36.03:334][693]LogAudio: Display: AudioDevice MaxSources: 32
[2020.05.09-11.36.03:335][693]LogAudio: Display: Using built-in audio occlusion.
[2020.05.09-11.36.03:336][693]LogAudioMixer: Display: Initializing audio mixer.
[2020.05.09-11.36.03:384][693]LogAudioMixer: Display: Audio Device Output Speaker Info:
[2020.05.09-11.36.03:384][693]LogAudioMixer: Display: Name: Speaker/Headphone (Realtek(R) Audio)
[2020.05.09-11.36.03:384][693]LogAudioMixer: Display: Is Default: Yes
[2020.05.09-11.36.03:384][693]LogAudioMixer: Display: Sample Rate: 48000
[2020.05.09-11.36.03:384][693]LogAudioMixer: Display: Channel Count Used: 2
[2020.05.09-11.36.03:385][693]LogAudioMixer: Display: Device Channel Count: 2
[2020.05.09-11.36.03:385][693]LogAudioMixer: Display: Channel Order:
[2020.05.09-11.36.03:385][693]LogAudioMixer: Display: 0: FrontLeft
[2020.05.09-11.36.03:385][693]LogAudioMixer: Display: 1: FrontRight
[2020.05.09-11.36.03:435][693]LogAudioMixer: Display: Using Audio Device Speaker/Headphone (Realtek(R) Audio)
[2020.05.09-11.36.03:443][693]LogInit: FAudioDevice initialized.
[2020.05.09-11.36.03:482][693]LogLoad: Game class is 'PangeaMechanicsGameMode'
[2020.05.09-11.36.03:489][693]LogWorld: Bringing World /Game/ThirdPersonCPP/Maps/UEDPIE_0_TamingPrototypeTG.TamingPrototypeTG up for play (max tick rate 60) at 2020.05.09-12.36.03
[2020.05.09-11.36.03:491][693]LogWorld: Bringing up level for play took: 0.005790
[2020.05.09-11.36.03:491][693]LogOnline: OSS: Creating online subsystem instance for: :Context_5
[2020.05.09-11.36.03:496][693]LogContentBrowser: Native class hierarchy updated for 'MovieSceneCapture' in 0.0007 seconds. Added 20 classes and 0 folders.
[2020.05.09-11.36.03:498][693]PIE: Play in editor start time for /Game/ThirdPersonCPP/Maps/UEDPIE_0_TamingPrototypeTG 1.017
[2020.05.09-11.36.03:499][693]LogBlueprintUserMessages: Late PlayInEditor Detection: Level '/Game/ThirdPersonCPP/Maps/TamingPrototypeTG.TamingPrototypeTG:PersistentLevel' has LevelScriptBlueprint '/Game/ThirdPersonCPP/Maps/TamingPrototypeTG.TamingPrototypeTG:PersistentLevel.TamingPrototypeTG' with GeneratedClass '/Game/ThirdPersonCPP/Maps/TamingPrototypeTG.TamingPrototypeTG_C' with ClassGeneratedBy '/Game/ThirdPersonCPP/Maps/TamingPrototypeTG.TamingPrototypeTG:PersistentLevel.TamingPrototypeTG'
[2020.05.09-11.36.06:670][693]LogWindows: Error: === Critical error: ===
[2020.05.09-11.36.06:670][693]LogWindows: Error: 
[2020.05.09-11.36.06:670][693]LogWindows: Error: Fatal error!
[2020.05.09-11.36.06:670][693]LogWindows: Error: 
[2020.05.09-11.36.06:670][693]LogWindows: Error: Unhandled Exception: EXCEPTION_ACCESS_VIOLATION reading address 0x00000148
[2020.05.09-11.36.06:670][693]LogWindows: Error: 
[2020.05.09-11.36.06:670][693]LogWindows: Error: [Callstack] 0x00007ffc64253b12 UE4Editor-PangeaMechanics-6783.dll!UAnimalMotion::CalculateAnimalToPlayerVector() [C:\Users\Tom\Documents\GitHub\PangeaRepo\PangeaMechanics\Source\PangeaMechanics\AnimalMotion.cpp:33]
[2020.05.09-11.36.06:670][693]LogWindows: Error: [Callstack] 0x00007ffc7cf01cc8 UE4Editor-Engine.dll!UnknownFunction []
[2020.05.09-11.36.06:670][693]LogWindows: Error: [Callstack] 0x00007ffc7cf32c74 UE4Editor-Engine.dll!UnknownFunction []
[2020.05.09-11.36.06:670][693]LogWindows: Error: [Callstack] 0x00007ffc7dca7223 UE4Editor-Engine.dll!UnknownFunction []
[2020.05.09-11.36.06:670][693]LogWindows: Error: [Callstack] 0x00007ffc7dcb5256 UE4Editor-Engine.dll!UnknownFunction []
[2020.05.09-11.36.06:671][693]LogWindows: Error: [Callstack] 0x00007ffc7f929ff2 UE4Editor-Core.dll!UnknownFunction []
[2020.05.09-11.36.06:671][693]LogWindows: Error: [Callstack] 0x00007ffc7f92a2aa UE4Editor-Core.dll!UnknownFunction []
[2020.05.09-11.36.06:671][693]LogWindows: Error: [Callstack] 0x00007ffc7dcd36ad UE4Editor-Engine.dll!UnknownFunction []
[2020.05.09-11.36.06:671][693]LogWindows: Error: [Callstack] 0x00007ffc7dcd97c2 UE4Editor-Engine.dll!UnknownFunction []
[2020.05.09-11.36.06:671][693]LogWindows: Error: [Callstack] 0x00007ffc7d45a25f UE4Editor-Engine.dll!UnknownFunction []
[2020.05.09-11.36.06:671][693]LogWindows: Error: [Callstack] 0x00007ffc7d46590e UE4Editor-Engine.dll!UnknownFunction []
[2020.05.09-11.36.06:671][693]LogWindows: Error: [Callstack] 0x00007ffc77d4ad60 UE4Editor-UnrealEd.dll!UnknownFunction []
[2020.05.09-11.36.06:671][693]LogWindows: Error: [Callstack] 0x00007ffc785ae476 UE4Editor-UnrealEd.dll!UnknownFunction []
[2020.05.09-11.36.06:671][693]LogWindows: Error: [Callstack] 0x00007ff640a47f62 UE4Editor.exe!UnknownFunction []
[2020.05.09-11.36.06:671][693]LogWindows: Error: [Callstack] 0x00007ff640a5c3ec UE4Editor.exe!UnknownFunction []
[2020.05.09-11.36.06:671][693]LogWindows: Error: [Callstack] 0x00007ff640a5c4ca UE4Editor.exe!UnknownFunction []
[2020.05.09-11.36.06:671][693]LogWindows: Error: [Callstack] 0x00007ff640a6ceae UE4Editor.exe!UnknownFunction []
[2020.05.09-11.36.06:671][693]LogWindows: Error: [Callstack] 0x00007ff640a6fcbe UE4Editor.exe!UnknownFunction []
[2020.05.09-11.36.06:672][693]LogWindows: Error: [Callstack] 0x00007ffccb627bd4 KERNEL32.DLL!UnknownFunction []
[2020.05.09-11.36.06:672][693]LogWindows: Error: [Callstack] 0x00007ffcccdcce51 ntdll.dll!UnknownFunction []
[2020.05.09-11.36.06:672][693]LogWindows: Error: 
[2020.05.09-11.36.06:690][693]LogExit: Executing StaticShutdownAfterError
[2020.05.09-11.36.06:694][693]LogWindows: FPlatformMisc::RequestExit(1)
[2020.05.09-11.36.06:694][693]LogCore: Engine exit requested (reason: Win RequestExit)
[2020.05.09-11.36.06:706][693]Log file closed, 05/09/20 12:36:06
