Log file open, 05/04/20 22:44:43
LogWindows: Failed to load 'aqProf.dll' (GetLastError=126)
LogWindows: File 'aqProf.dll' does not exist
LogWindows: Failed to load 'VtuneApi.dll' (GetLastError=126)
LogWindows: File 'VtuneApi.dll' does not exist
LogWindows: Failed to load 'VtuneApi32e.dll' (GetLastError=126)
LogWindows: File 'VtuneApi32e.dll' does not exist
LogConsoleResponse: Display: Failed to find resolution value strings in scalability ini. Falling back to default.
LogInit: Display: Running engine for game: PangeaMechanics
LogPlatformFile: Not using cached read wrapper
LogTaskGraph: Started task graph with 5 named threads and 23 total threads with 3 sets of task threads.
LogStats: Stats thread started at 0.086942
LogD3D11RHI: Loaded GFSDK_Aftermath_Lib.x64.dll
LogICUInternationalization: ICU TimeZone Detection - Raw Offset: +0:00, Platform Override: ''
LogPluginManager: Mounting plugin Paper2D
LogPluginManager: Mounting plugin AISupport
LogPluginManager: Mounting plugin LightPropagationVolume
LogPluginManager: Mounting plugin ActorLayerUtilities
LogPluginManager: Mounting plugin AnimationSharing
LogPluginManager: Mounting plugin CLionSourceCodeAccess
LogPluginManager: Mounting plugin CodeLiteSourceCodeAccess
LogPluginManager: Mounting plugin GitSourceControl
LogPluginManager: Mounting plugin KDevelopSourceCodeAccess
LogPluginManager: Mounting plugin NullSourceCodeAccess
LogPluginManager: Mounting plugin PerforceSourceControl
LogPluginManager: Mounting plugin PlasticSourceControl
LogPluginManager: Mounting plugin SubversionSourceControl
LogPluginManager: Mounting plugin UObjectPlugin
LogPluginManager: Mounting plugin VisualStudioCodeSourceCodeAccess
LogPluginManager: Mounting plugin VisualStudioSourceCodeAccess
LogPluginManager: Mounting plugin XCodeSourceCodeAccess
LogPluginManager: Mounting plugin AssetManagerEditor
LogPluginManager: Mounting plugin CryptoKeys
LogPluginManager: Mounting plugin CurveEditorTools
LogPluginManager: Mounting plugin DataValidation
LogPluginManager: Mounting plugin FacialAnimation
LogPluginManager: Mounting plugin GameplayTagsEditor
LogPluginManager: Mounting plugin MacGraphicsSwitching
LogPluginManager: Mounting plugin MaterialAnalyzer
LogPluginManager: Mounting plugin MobileLauncherProfileWizard
LogPluginManager: Mounting plugin PluginBrowser
LogPluginManager: Mounting plugin SpeedTreeImporter
LogPluginManager: Mounting plugin DatasmithContent
LogPluginManager: Mounting plugin VariantManagerContent
LogPluginManager: Mounting plugin AlembicImporter
LogPluginManager: Mounting plugin AutomationUtils
LogPluginManager: Mounting plugin BackChannel
LogPluginManager: Mounting plugin CharacterAI
LogPluginManager: Mounting plugin GeometryCache
LogPluginManager: Mounting plugin PlatformCrypto
LogPluginManager: Mounting plugin ProxyLODPlugin
LogPluginManager: Mounting plugin SkeletalReduction
LogPluginManager: Mounting plugin MagicLeap
LogPluginManager: Mounting plugin MagicLeapMedia
LogPluginManager: Mounting plugin MLSDK
LogPluginManager: Mounting plugin AndroidMedia
LogPluginManager: Mounting plugin AvfMedia
LogPluginManager: Mounting plugin ImgMedia
LogPluginManager: Mounting plugin MediaCompositing
LogPluginManager: Mounting plugin MediaPlayerEditor
LogPluginManager: Mounting plugin WebMMedia
LogPluginManager: Mounting plugin WmfMedia
LogPluginManager: Mounting plugin TcpMessaging
LogPluginManager: Mounting plugin UdpMessaging
LogPluginManager: Mounting plugin ActorSequence
LogPluginManager: Mounting plugin LevelSequenceEditor
LogPluginManager: Mounting plugin MatineeToLevelSequence
LogPluginManager: Mounting plugin NetcodeUnitTest
LogPluginManager: Mounting plugin NUTUnrealEngine4
LogPluginManager: Mounting plugin OnlineSubsystemGooglePlay
LogPluginManager: Mounting plugin OnlineSubsystemIOS
LogPluginManager: Mounting plugin OnlineSubsystem
LogPluginManager: Mounting plugin OnlineSubsystemNull
LogPluginManager: Mounting plugin OnlineSubsystemUtils
LogPluginManager: Mounting plugin LauncherChunkInstaller
LogPluginManager: Mounting plugin AndroidDeviceProfileSelector
LogPluginManager: Mounting plugin AndroidMoviePlayer
LogPluginManager: Mounting plugin AndroidPermission
LogPluginManager: Mounting plugin AppleImageUtils
LogPluginManager: Mounting plugin AppleMoviePlayer
LogPluginManager: Mounting plugin ArchVisCharacter
LogPluginManager: Mounting plugin AssetTags
LogPluginManager: Mounting plugin AudioCapture
LogPluginManager: Mounting plugin CableComponent
LogPluginManager: Mounting plugin CustomMeshComponent
LogPluginManager: Mounting plugin EditableMesh
LogPluginManager: Mounting plugin ExampleDeviceProfileSelector
LogPluginManager: Mounting plugin GoogleCloudMessaging
LogPluginManager: Mounting plugin IOSDeviceProfileSelector
LogPluginManager: Mounting plugin LinuxDeviceProfileSelector
LogPluginManager: Mounting plugin LocationServicesBPLibrary
LogPluginManager: Mounting plugin MobilePatchingUtils
LogPluginManager: Mounting plugin OculusVR
LogPluginManager: Mounting plugin PhysXVehicles
LogPluginManager: Mounting plugin PostSplashScreen
LogPluginManager: Mounting plugin ProceduralMeshComponent
LogPluginManager: Mounting plugin RuntimePhysXCooking
LogPluginManager: Mounting plugin SignificanceManager
LogPluginManager: Mounting plugin SteamVR
LogPluginManager: Mounting plugin WebMMoviePlayer
LogPluginManager: Mounting plugin WindowsMoviePlayer
LogPluginManager: Mounting plugin ScreenshotTools
LogInit: Using libcurl 7.55.1-DEV
LogInit:  - built for x86_64-pc-win32
LogInit:  - supports SSL with OpenSSL/1.1.1
LogInit:  - supports HTTP deflate (compression) using libz 1.2.8
LogInit:  - other features:
LogInit:      CURL_VERSION_SSL
LogInit:      CURL_VERSION_LIBZ
LogInit:      CURL_VERSION_IPV6
LogInit:      CURL_VERSION_ASYNCHDNS
LogInit:      CURL_VERSION_LARGEFILE
LogInit:      CURL_VERSION_IDN
LogInit:  CurlRequestOptions (configurable via config and command line):
LogInit:  - bVerifyPeer = true  - Libcurl will verify peer certificate
LogInit:  - bUseHttpProxy = false  - Libcurl will NOT use HTTP proxy
LogInit:  - bDontReuseConnections = false  - Libcurl will reuse connections
LogInit:  - MaxHostConnections = 16  - Libcurl will limit the number of connections to a host
LogInit:  - LocalHostAddr = Default
LogInit:  - BufferSize = 65536
LogOnline: OSS: Creating online subsystem instance for: NULL
LogInit: WinSock: version 1.1 (2.2), MaxSocks=32767, MaxUdp=65467
LogOnline: OSS: TryLoadSubsystemAndSetDefault: Loaded subsystem for module [NULL]
LogInit: Build: ++UE4+Release-4.24-CL-11590370
LogInit: Engine Version: 4.24.3-11590370+++UE4+Release-4.24
LogInit: Compatible Engine Version: 4.24.0-10570792+++UE4+Release-4.24
LogInit: Net CL: 10570792
LogInit: OS: Windows 10 (Release 1903) (), CPU: Intel(R) Core(TM) i5-8250U CPU @ 1.60GHz, GPU: Intel(R) UHD Graphics 620
LogInit: Compiled (64-bit): Feb 24 2020 15:39:18
LogInit: Compiled with Visual C++: 19.16.27032.01
LogInit: Build Configuration: Development
LogInit: Branch Name: ++UE4+Release-4.24
LogInit: Command Line: 
LogInit: Base Directory: C:/Program Files/Epic Games/UE_4.24/Engine/Binaries/Win64/
LogInit: Installed Engine Build: 1
LogDevObjectVersion: Number of dev versions registered: 25
LogDevObjectVersion:   Dev-Blueprints (B0D832E4-1F89-4F0D-ACCF-7EB736FD4AA2): 10
LogDevObjectVersion:   Dev-Build (E1C64328-A22C-4D53-A36C-8E866417BD8C): 0
LogDevObjectVersion:   Dev-Core (375EC13C-06E4-48FB-B500-84F0262A717E): 3
LogDevObjectVersion:   Dev-Editor (E4B068ED-F494-42E9-A231-DA0B2E46BB41): 37
LogDevObjectVersion:   Dev-Framework (CFFC743F-43B0-4480-9391-14DF171D2073): 36
LogDevObjectVersion:   Dev-Mobile (B02B49B5-BB20-44E9-A304-32B752E40360): 2
LogDevObjectVersion:   Dev-Networking (A4E4105C-59A1-49B5-A7C5-40C4547EDFEE): 0
LogDevObjectVersion:   Dev-Online (39C831C9-5AE6-47DC-9A44-9C173E1C8E7C): 0
LogDevObjectVersion:   Dev-Physics (78F01B33-EBEA-4F98-B9B4-84EACCB95AA2): 2
LogDevObjectVersion:   Dev-Platform (6631380F-2D4D-43E0-8009-CF276956A95A): 0
LogDevObjectVersion:   Dev-Rendering (12F88B9F-8875-4AFC-A67C-D90C383ABD29): 36
LogDevObjectVersion:   Dev-Sequencer (7B5AE74C-D270-4C10-A958-57980B212A5A): 11
LogDevObjectVersion:   Dev-VR (D7296918-1DD6-4BDD-9DE2-64A83CC13884): 2
LogDevObjectVersion:   Dev-LoadTimes (C2A15278-BFE7-4AFE-6C17-90FF531DF755): 1
LogDevObjectVersion:   Private-Geometry (6EACA3D4-40EC-4CC1-B786-8BED09428FC5): 3
LogDevObjectVersion:   Dev-AnimPhys (29E575DD-E0A3-4627-9D10-D276232CDCEA): 17
LogDevObjectVersion:   Dev-Anim (AF43A65D-7FD3-4947-9873-3E8ED9C1BB05): 2
LogDevObjectVersion:   Dev-ReflectionCapture (6B266CEC-1EC7-4B8F-A30B-E4D90942FC07): 1
LogDevObjectVersion:   Dev-Automation (0DF73D61-A23F-47EA-B727-89E90C41499A): 1
LogDevObjectVersion:   FortniteMain (601D1886-AC64-4F84-AA16-D3DE0DEAC7D6): 31
LogDevObjectVersion:   Dev-Enterprise (9DFFBCD6-494F-0158-E221-12823C92A888): 8
LogDevObjectVersion:   Dev-Niagara (F2AED0AC-9AFE-416F-8664-AA7FFA26D6FC): 1
LogDevObjectVersion:   Dev-Destruction (174F1F0B-B4C6-45A5-B13F-2EE8D0FB917D): 9
LogDevObjectVersion:   Dev-Physics-Ext (35F94A83-E258-406C-A318-09F59610247C): 8
LogDevObjectVersion:   Dev-CineCamera (B2E18506-4273-CFC2-A54E-F4BB758BBA07): 1
LogInit: Presizing for max 25165824 objects, including 0 objects not considered by GC, pre-allocating 0 bytes for permanent pool.
LogInit: Object subsystem initialized
LogConfig: Setting CVar [[con.DebugEarlyDefault:1]]
LogConfig: Setting CVar [[r.setres:1280x720]]
[2020.05.04-21.44.43:685][  0]LogConfig: Setting CVar [[r.VSync:0]]
[2020.05.04-21.44.43:685][  0]LogConfig: Setting CVar [[r.RHICmdBypass:0]]
[2020.05.04-21.44.43:685][  0]LogConfig: Applying CVar settings from Section [/Script/Engine.RendererSettings] File [C:/Users/Tom/Documents/GitHub/PangeaRepo/PangeaMechanics/Saved/Config/Windows/Engine.ini]
[2020.05.04-21.44.43:685][  0]LogConfig: Setting CVar [[r.GPUCrashDebugging:0]]
[2020.05.04-21.44.43:685][  0]LogConfig: Applying CVar settings from Section [/Script/Engine.RendererOverrideSettings] File [C:/Users/Tom/Documents/GitHub/PangeaRepo/PangeaMechanics/Saved/Config/Windows/Engine.ini]
[2020.05.04-21.44.43:685][  0]LogConfig: Applying CVar settings from Section [/Script/Engine.StreamingSettings] File [C:/Users/Tom/Documents/GitHub/PangeaRepo/PangeaMechanics/Saved/Config/Windows/Engine.ini]
[2020.05.04-21.44.43:685][  0]LogConfig: Setting CVar [[s.MinBulkDataSizeForAsyncLoading:131072]]
[2020.05.04-21.44.43:685][  0]LogConfig: Setting CVar [[s.AsyncLoadingThreadEnabled:0]]
[2020.05.04-21.44.43:685][  0]LogConfig: Setting CVar [[s.EventDrivenLoaderEnabled:1]]
[2020.05.04-21.44.43:685][  0]LogConfig: Setting CVar [[s.WarnIfTimeLimitExceeded:0]]
[2020.05.04-21.44.43:685][  0]LogConfig: Setting CVar [[s.TimeLimitExceededMultiplier:1.5]]
[2020.05.04-21.44.43:685][  0]LogConfig: Setting CVar [[s.TimeLimitExceededMinTime:0.005]]
[2020.05.04-21.44.43:685][  0]LogConfig: Setting CVar [[s.UseBackgroundLevelStreaming:1]]
[2020.05.04-21.44.43:685][  0]LogConfig: Setting CVar [[s.PriorityAsyncLoadingExtraTime:15.0]]
[2020.05.04-21.44.43:685][  0]LogConfig: Setting CVar [[s.LevelStreamingActorsUpdateTimeLimit:5.0]]
[2020.05.04-21.44.43:685][  0]LogConfig: Setting CVar [[s.PriorityLevelStreamingActorsUpdateExtraTime:5.0]]
[2020.05.04-21.44.43:685][  0]LogConfig: Setting CVar [[s.LevelStreamingComponentsRegistrationGranularity:10]]
[2020.05.04-21.44.43:685][  0]LogConfig: Setting CVar [[s.UnregisterComponentsTimeLimit:1.0]]
[2020.05.04-21.44.43:685][  0]LogConfig: Setting CVar [[s.LevelStreamingComponentsUnregistrationGranularity:5]]
[2020.05.04-21.44.43:685][  0]LogConfig: Setting CVar [[s.FlushStreamingOnExit:1]]
[2020.05.04-21.44.43:685][  0]LogConfig: Applying CVar settings from Section [/Script/Engine.GarbageCollectionSettings] File [C:/Users/Tom/Documents/GitHub/PangeaRepo/PangeaMechanics/Saved/Config/Windows/Engine.ini]
[2020.05.04-21.44.43:685][  0]LogConfig: Setting CVar [[gc.MaxObjectsNotConsideredByGC:1]]
[2020.05.04-21.44.43:685][  0]LogConfig: Setting CVar [[gc.SizeOfPermanentObjectPool:0]]
[2020.05.04-21.44.43:685][  0]LogConfig: Setting CVar [[gc.FlushStreamingOnGC:0]]
[2020.05.04-21.44.43:685][  0]LogConfig: Setting CVar [[gc.NumRetriesBeforeForcingGC:10]]
[2020.05.04-21.44.43:685][  0]LogConfig: Setting CVar [[gc.AllowParallelGC:1]]
[2020.05.04-21.44.43:685][  0]LogConfig: Setting CVar [[gc.TimeBetweenPurgingPendingKillObjects:61.1]]
[2020.05.04-21.44.43:685][  0]LogConfig: Setting CVar [[gc.MaxObjectsInEditor:25165824]]
[2020.05.04-21.44.43:685][  0]LogConfig: Setting CVar [[gc.IncrementalBeginDestroyEnabled:1]]
[2020.05.04-21.44.43:685][  0]LogConfig: Setting CVar [[gc.CreateGCClusters:1]]
[2020.05.04-21.44.43:685][  0]LogConfig: Setting CVar [[gc.MinGCClusterSize:5]]
[2020.05.04-21.44.43:685][  0]LogConfig: Setting CVar [[gc.ActorClusteringEnabled:0]]
[2020.05.04-21.44.43:685][  0]LogConfig: Setting CVar [[gc.BlueprintClusteringEnabled:0]]
[2020.05.04-21.44.43:685][  0]LogConfig: Setting CVar [[gc.UseDisregardForGCOnDedicatedServers:0]]
[2020.05.04-21.44.43:685][  0]LogConfig: Applying CVar settings from Section [/Script/Engine.NetworkSettings] File [C:/Users/Tom/Documents/GitHub/PangeaRepo/PangeaMechanics/Saved/Config/Windows/Engine.ini]
[2020.05.04-21.44.43:685][  0]LogConfig: Applying CVar settings from Section [/Script/UnrealEd.CookerSettings] File [C:/Users/Tom/Documents/GitHub/PangeaRepo/PangeaMechanics/Saved/Config/Windows/Engine.ini]
[2020.05.04-21.44.43:688][  0]LogConfig: Applying CVar settings from Section [ViewDistanceQuality@3] File [C:/Users/Tom/Documents/GitHub/PangeaRepo/PangeaMechanics/Saved/Config/Windows/Scalability.ini]
[2020.05.04-21.44.43:688][  0]LogConfig: Setting CVar [[r.SkeletalMeshLODBias:0]]
[2020.05.04-21.44.43:688][  0]LogConfig: Setting CVar [[r.ViewDistanceScale:1.0]]
[2020.05.04-21.44.43:688][  0]LogConfig: Applying CVar settings from Section [AntiAliasingQuality@3] File [C:/Users/Tom/Documents/GitHub/PangeaRepo/PangeaMechanics/Saved/Config/Windows/Scalability.ini]
[2020.05.04-21.44.43:688][  0]LogConfig: Setting CVar [[r.PostProcessAAQuality:4]]
[2020.05.04-21.44.43:688][  0]LogConfig: Applying CVar settings from Section [ShadowQuality@3] File [C:/Users/Tom/Documents/GitHub/PangeaRepo/PangeaMechanics/Saved/Config/Windows/Scalability.ini]
[2020.05.04-21.44.43:688][  0]LogConfig: Setting CVar [[r.LightFunctionQuality:1]]
[2020.05.04-21.44.43:688][  0]LogConfig: Setting CVar [[r.ShadowQuality:5]]
[2020.05.04-21.44.43:688][  0]LogConfig: Setting CVar [[r.Shadow.CSM.MaxCascades:10]]
[2020.05.04-21.44.43:688][  0]LogConfig: Setting CVar [[r.Shadow.MaxResolution:2048]]
[2020.05.04-21.44.43:688][  0]LogConfig: Setting CVar [[r.Shadow.MaxCSMResolution:2048]]
[2020.05.04-21.44.43:688][  0]LogConfig: Setting CVar [[r.Shadow.RadiusThreshold:0.01]]
[2020.05.04-21.44.43:688][  0]LogConfig: Setting CVar [[r.Shadow.DistanceScale:1.0]]
[2020.05.04-21.44.43:688][  0]LogConfig: Setting CVar [[r.Shadow.CSM.TransitionScale:1.0]]
[2020.05.04-21.44.43:688][  0]LogConfig: Setting CVar [[r.Shadow.PreShadowResolutionFactor:1.0]]
[2020.05.04-21.44.43:688][  0]LogConfig: Setting CVar [[r.DistanceFieldShadowing:1]]
[2020.05.04-21.44.43:688][  0]LogConfig: Setting CVar [[r.DistanceFieldAO:1]]
[2020.05.04-21.44.43:688][  0]LogConfig: Setting CVar [[r.AOQuality:2]]
[2020.05.04-21.44.43:688][  0]LogConfig: Setting CVar [[r.VolumetricFog:1]]
[2020.05.04-21.44.43:688][  0]LogConfig: Setting CVar [[r.VolumetricFog.GridPixelSize:8]]
[2020.05.04-21.44.43:688][  0]LogConfig: Setting CVar [[r.VolumetricFog.GridSizeZ:128]]
[2020.05.04-21.44.43:688][  0]LogConfig: Setting CVar [[r.VolumetricFog.HistoryMissSupersampleCount:4]]
[2020.05.04-21.44.43:688][  0]LogConfig: Setting CVar [[r.LightMaxDrawDistanceScale:1]]
[2020.05.04-21.44.43:688][  0]LogConfig: Setting CVar [[r.CapsuleShadows:1]]
[2020.05.04-21.44.43:688][  0]LogConfig: Applying CVar settings from Section [PostProcessQuality@3] File [C:/Users/Tom/Documents/GitHub/PangeaRepo/PangeaMechanics/Saved/Config/Windows/Scalability.ini]
[2020.05.04-21.44.43:688][  0]LogConfig: Setting CVar [[r.MotionBlurQuality:4]]
[2020.05.04-21.44.43:688][  0]LogConfig: Setting CVar [[r.AmbientOcclusionMipLevelFactor:0.4]]
[2020.05.04-21.44.43:688][  0]LogConfig: Setting CVar [[r.AmbientOcclusionMaxQuality:100]]
[2020.05.04-21.44.43:688][  0]LogConfig: Setting CVar [[r.AmbientOcclusionLevels:-1]]
[2020.05.04-21.44.43:688][  0]LogConfig: Setting CVar [[r.AmbientOcclusionRadiusScale:1.0]]
[2020.05.04-21.44.43:688][  0]LogConfig: Setting CVar [[r.DepthOfFieldQuality:2]]
[2020.05.04-21.44.43:688][  0]LogConfig: Setting CVar [[r.RenderTargetPoolMin:400]]
[2020.05.04-21.44.43:688][  0]LogConfig: Setting CVar [[r.LensFlareQuality:2]]
[2020.05.04-21.44.43:688][  0]LogConfig: Setting CVar [[r.SceneColorFringeQuality:1]]
[2020.05.04-21.44.43:688][  0]LogConfig: Setting CVar [[r.EyeAdaptationQuality:2]]
[2020.05.04-21.44.43:688][  0]LogConfig: Setting CVar [[r.BloomQuality:5]]
[2020.05.04-21.44.43:688][  0]LogConfig: Setting CVar [[r.FastBlurThreshold:100]]
[2020.05.04-21.44.43:688][  0]LogConfig: Setting CVar [[r.Upscale.Quality:3]]
[2020.05.04-21.44.43:688][  0]LogConfig: Setting CVar [[r.Tonemapper.GrainQuantization:1]]
[2020.05.04-21.44.43:688][  0]LogConfig: Setting CVar [[r.LightShaftQuality:1]]
[2020.05.04-21.44.43:688][  0]LogConfig: Setting CVar [[r.Filter.SizeScale:1]]
[2020.05.04-21.44.43:688][  0]LogConfig: Setting CVar [[r.Tonemapper.Quality:5]]
[2020.05.04-21.44.43:688][  0]LogConfig: Setting CVar [[r.DOF.Gather.AccumulatorQuality:1        ; higher gathering accumulator quality]]
[2020.05.04-21.44.43:688][  0]LogConfig: Setting CVar [[r.DOF.Gather.PostfilterMethod:1          ; Median3x3 postfilering method]]
[2020.05.04-21.44.43:688][  0]LogConfig: Setting CVar [[r.DOF.Gather.EnableBokehSettings:0       ; no bokeh simulation when gathering]]
[2020.05.04-21.44.43:688][  0]LogConfig: Setting CVar [[r.DOF.Gather.RingCount:4                 ; medium number of samples when gathering]]
[2020.05.04-21.44.43:688][  0]LogConfig: Setting CVar [[r.DOF.Scatter.ForegroundCompositing:1    ; additive foreground scattering]]
[2020.05.04-21.44.43:688][  0]LogConfig: Setting CVar [[r.DOF.Scatter.BackgroundCompositing:2    ; additive background scattering]]
[2020.05.04-21.44.43:688][  0]LogConfig: Setting CVar [[r.DOF.Scatter.EnableBokehSettings:1      ; bokeh simulation when scattering]]
[2020.05.04-21.44.43:688][  0]LogConfig: Setting CVar [[r.DOF.Scatter.MaxSpriteRatio:0.1         ; only a maximum of 10% of scattered bokeh]]
[2020.05.04-21.44.43:688][  0]LogConfig: Setting CVar [[r.DOF.Recombine.Quality:1                ; cheap slight out of focus]]
[2020.05.04-21.44.43:689][  0]LogConfig: Setting CVar [[r.DOF.Recombine.EnableBokehSettings:0    ; no bokeh simulation on slight out of focus]]
[2020.05.04-21.44.43:689][  0]LogConfig: Setting CVar [[r.DOF.TemporalAAQuality:1                ; more stable temporal accumulation]]
[2020.05.04-21.44.43:689][  0]LogConfig: Setting CVar [[r.DOF.Kernel.MaxForegroundRadius:0.025]]
[2020.05.04-21.44.43:689][  0]LogConfig: Setting CVar [[r.DOF.Kernel.MaxBackgroundRadius:0.025]]
[2020.05.04-21.44.43:689][  0]LogConfig: Applying CVar settings from Section [TextureQuality@3] File [C:/Users/Tom/Documents/GitHub/PangeaRepo/PangeaMechanics/Saved/Config/Windows/Scalability.ini]
[2020.05.04-21.44.43:689][  0]LogConfig: Setting CVar [[r.Streaming.MipBias:0]]
[2020.05.04-21.44.43:689][  0]LogConfig: Setting CVar [[r.Streaming.AmortizeCPUToGPUCopy:0]]
[2020.05.04-21.44.43:689][  0]LogConfig: Setting CVar [[r.Streaming.MaxNumTexturesToStreamPerFrame:0]]
[2020.05.04-21.44.43:689][  0]LogConfig: Setting CVar [[r.Streaming.Boost:1]]
[2020.05.04-21.44.43:689][  0]LogConfig: Setting CVar [[r.MaxAnisotropy:8]]
[2020.05.04-21.44.43:689][  0]LogConfig: Setting CVar [[r.VT.MaxAnisotropy:8]]
[2020.05.04-21.44.43:689][  0]LogConfig: Setting CVar [[r.Streaming.LimitPoolSizeToVRAM:0]]
[2020.05.04-21.44.43:689][  0]LogConfig: Setting CVar [[r.Streaming.PoolSize:1000]]
[2020.05.04-21.44.43:689][  0]LogConfig: Setting CVar [[r.Streaming.MaxEffectiveScreenSize:0]]
[2020.05.04-21.44.43:689][  0]LogConfig: Applying CVar settings from Section [EffectsQuality@3] File [C:/Users/Tom/Documents/GitHub/PangeaRepo/PangeaMechanics/Saved/Config/Windows/Scalability.ini]
[2020.05.04-21.44.43:689][  0]LogConfig: Setting CVar [[r.TranslucencyLightingVolumeDim:64]]
[2020.05.04-21.44.43:689][  0]LogConfig: Setting CVar [[r.RefractionQuality:2]]
[2020.05.04-21.44.43:689][  0]LogConfig: Setting CVar [[r.SSR.Quality:3]]
[2020.05.04-21.44.43:689][  0]LogConfig: Setting CVar [[r.SSR.HalfResSceneColor:0]]
[2020.05.04-21.44.43:689][  0]LogConfig: Setting CVar [[r.SceneColorFormat:4]]
[2020.05.04-21.44.43:689][  0]LogConfig: Setting CVar [[r.DetailMode:2]]
[2020.05.04-21.44.43:689][  0]LogConfig: Setting CVar [[r.TranslucencyVolumeBlur:1]]
[2020.05.04-21.44.43:689][  0]LogConfig: Setting CVar [[r.MaterialQualityLevel:1 ; High quality]]
[2020.05.04-21.44.43:689][  0]LogConfig: Setting CVar [[r.SSS.Scale:1]]
[2020.05.04-21.44.43:689][  0]LogConfig: Setting CVar [[r.SSS.SampleSet:2]]
[2020.05.04-21.44.43:689][  0]LogConfig: Setting CVar [[r.SSS.Quality:1]]
[2020.05.04-21.44.43:689][  0]LogConfig: Setting CVar [[r.SSS.HalfRes:1]]
[2020.05.04-21.44.43:689][  0]LogConfig: Setting CVar [[r.SSGI.Quality:3]]
[2020.05.04-21.44.43:689][  0]LogConfig: Setting CVar [[r.EmitterSpawnRateScale:1.0]]
[2020.05.04-21.44.43:689][  0]LogConfig: Setting CVar [[r.ParticleLightQuality:2]]
[2020.05.04-21.44.43:689][  0]LogConfig: Setting CVar [[r.SkyAtmosphere.AerialPerspectiveLUT.FastApplyOnOpaque:1 ; Always have FastSkyLUT 1 in this case to avoid wrong sky]]
[2020.05.04-21.44.43:689][  0]LogConfig: Setting CVar [[r.SkyAtmosphere.AerialPerspectiveLUT.SampleCountPerSlice:1]]
[2020.05.04-21.44.43:689][  0]LogConfig: Setting CVar [[r.SkyAtmosphere.AerialPerspectiveLUT.DepthResolution:16.0]]
[2020.05.04-21.44.43:689][  0]LogConfig: Setting CVar [[r.SkyAtmosphere.FastSkyLUT:1]]
[2020.05.04-21.44.43:689][  0]LogConfig: Setting CVar [[r.SkyAtmosphere.FastSkyLUT.SampleCountMin:4.0]]
[2020.05.04-21.44.43:689][  0]LogConfig: Setting CVar [[r.SkyAtmosphere.FastSkyLUT.SampleCountMax:32.0]]
[2020.05.04-21.44.43:689][  0]LogConfig: Setting CVar [[r.SkyAtmosphere.SampleCountMin:4.0]]
[2020.05.04-21.44.43:689][  0]LogConfig: Setting CVar [[r.SkyAtmosphere.SampleCountMax:32.0]]
[2020.05.04-21.44.43:689][  0]LogConfig: Setting CVar [[r.SkyAtmosphere.TransmittanceLUT.UseSmallFormat:0]]
[2020.05.04-21.44.43:689][  0]LogConfig: Setting CVar [[r.SkyAtmosphere.TransmittanceLUT.SampleCount:10.0]]
[2020.05.04-21.44.43:689][  0]LogConfig: Setting CVar [[r.SkyAtmosphere.MultiScatteringLUT.SampleCount:15.0]]
[2020.05.04-21.44.43:689][  0]LogConfig: Applying CVar settings from Section [FoliageQuality@3] File [C:/Users/Tom/Documents/GitHub/PangeaRepo/PangeaMechanics/Saved/Config/Windows/Scalability.ini]
[2020.05.04-21.44.43:689][  0]LogConfig: Setting CVar [[foliage.DensityScale:1.0]]
[2020.05.04-21.44.43:689][  0]LogConfig: Setting CVar [[grass.DensityScale:1.0]]
[2020.05.04-21.44.43:689][  0]LogConfig: Applying CVar settings from Section [ShadingQuality@3] File [C:/Users/Tom/Documents/GitHub/PangeaRepo/PangeaMechanics/Saved/Config/Windows/Scalability.ini]
[2020.05.04-21.44.43:689][  0]LogConfig: Setting CVar [[r.HairStrands.SkyLighting.SampleCount:16]]
[2020.05.04-21.44.43:689][  0]LogConfig: Setting CVar [[r.HairStrands.SkyLighting.JitterIntegration:0]]
[2020.05.04-21.44.43:689][  0]LogConfig: Setting CVar [[r.HairStrands.SkyAO.SampleCount:16]]
[2020.05.04-21.44.43:689][  0]LogInit: Selected Device Profile: [Windows]
[2020.05.04-21.44.43:689][  0]LogInit: Applying CVar settings loaded from the selected device profile: [Windows]
[2020.05.04-21.44.43:692][  0]LogHAL: Display: Platform has ~ 8 GB [8416038912 / 8589934592 / 8], which maps to Default [LargestMinGB=32, LargerMinGB=12, DefaultMinGB=8, SmallerMinGB=6, SmallestMinGB=0)
[2020.05.04-21.44.43:692][  0]LogInit: Going up to parent DeviceProfile []
[2020.05.04-21.44.43:692][  0]LogConfig: Applying CVar settings from Section [ViewDistanceQuality@2] File [C:/Users/Tom/Documents/GitHub/PangeaRepo/PangeaMechanics/Saved/Config/Windows/Scalability.ini]
[2020.05.04-21.44.43:692][  0]LogConfig: Setting CVar [[r.SkeletalMeshLODBias:0]]
[2020.05.04-21.44.43:692][  0]LogConfig: Setting CVar [[r.ViewDistanceScale:0.8]]
[2020.05.04-21.44.43:692][  0]LogConfig: Applying CVar settings from Section [AntiAliasingQuality@1] File [C:/Users/Tom/Documents/GitHub/PangeaRepo/PangeaMechanics/Saved/Config/Windows/Scalability.ini]
[2020.05.04-21.44.43:692][  0]LogConfig: Setting CVar [[r.PostProcessAAQuality:2]]
[2020.05.04-21.44.43:692][  0]LogConfig: Applying CVar settings from Section [ShadowQuality@1] File [C:/Users/Tom/Documents/GitHub/PangeaRepo/PangeaMechanics/Saved/Config/Windows/Scalability.ini]
[2020.05.04-21.44.43:692][  0]LogConfig: Setting CVar [[r.LightFunctionQuality:1]]
[2020.05.04-21.44.43:692][  0]LogConfig: Setting CVar [[r.ShadowQuality:3]]
[2020.05.04-21.44.43:692][  0]LogConfig: Setting CVar [[r.Shadow.CSM.MaxCascades:1]]
[2020.05.04-21.44.43:692][  0]LogConfig: Setting CVar [[r.Shadow.MaxResolution:1024]]
[2020.05.04-21.44.43:692][  0]LogConfig: Setting CVar [[r.Shadow.MaxCSMResolution:1024]]
[2020.05.04-21.44.43:692][  0]LogConfig: Setting CVar [[r.Shadow.RadiusThreshold:0.05]]
[2020.05.04-21.44.43:692][  0]LogConfig: Setting CVar [[r.Shadow.DistanceScale:0.7]]
[2020.05.04-21.44.43:692][  0]LogConfig: Setting CVar [[r.Shadow.CSM.TransitionScale:0.25]]
[2020.05.04-21.44.43:692][  0]LogConfig: Setting CVar [[r.Shadow.PreShadowResolutionFactor:0.5]]
[2020.05.04-21.44.43:692][  0]LogConfig: Setting CVar [[r.DistanceFieldShadowing:0]]
[2020.05.04-21.44.43:692][  0]LogConfig: Setting CVar [[r.DistanceFieldAO:0]]
[2020.05.04-21.44.43:692][  0]LogConfig: Setting CVar [[r.VolumetricFog:0]]
[2020.05.04-21.44.43:692][  0]LogConfig: Setting CVar [[r.LightMaxDrawDistanceScale:.5]]
[2020.05.04-21.44.43:692][  0]LogConfig: Setting CVar [[r.CapsuleShadows:1]]
[2020.05.04-21.44.43:692][  0]LogConfig: Applying CVar settings from Section [PostProcessQuality@1] File [C:/Users/Tom/Documents/GitHub/PangeaRepo/PangeaMechanics/Saved/Config/Windows/Scalability.ini]
[2020.05.04-21.44.43:692][  0]LogConfig: Setting CVar [[r.MotionBlurQuality:3]]
[2020.05.04-21.44.43:692][  0]LogConfig: Setting CVar [[r.AmbientOcclusionMipLevelFactor:1.0]]
[2020.05.04-21.44.43:692][  0]LogConfig: Setting CVar [[r.AmbientOcclusionMaxQuality:60]]
[2020.05.04-21.44.43:692][  0]LogConfig: Setting CVar [[r.AmbientOcclusionLevels:-1]]
[2020.05.04-21.44.43:692][  0]LogConfig: Setting CVar [[r.AmbientOcclusionRadiusScale:1.5]]
[2020.05.04-21.44.43:692][  0]LogConfig: Setting CVar [[r.DepthOfFieldQuality:1]]
[2020.05.04-21.44.43:692][  0]LogConfig: Setting CVar [[r.RenderTargetPoolMin:350]]
[2020.05.04-21.44.43:692][  0]LogConfig: Setting CVar [[r.LensFlareQuality:0]]
[2020.05.04-21.44.43:692][  0]LogConfig: Setting CVar [[r.SceneColorFringeQuality:0]]
[2020.05.04-21.44.43:692][  0]LogConfig: Setting CVar [[r.EyeAdaptationQuality:0]]
[2020.05.04-21.44.43:692][  0]LogConfig: Setting CVar [[r.BloomQuality:4]]
[2020.05.04-21.44.43:692][  0]LogConfig: Setting CVar [[r.FastBlurThreshold:2]]
[2020.05.04-21.44.43:693][  0]LogConfig: Setting CVar [[r.Upscale.Quality:2]]
[2020.05.04-21.44.43:693][  0]LogConfig: Setting CVar [[r.Tonemapper.GrainQuantization:0]]
[2020.05.04-21.44.43:693][  0]LogConfig: Setting CVar [[r.LightShaftQuality:0]]
[2020.05.04-21.44.43:693][  0]LogConfig: Setting CVar [[r.Filter.SizeScale:0.7]]
[2020.05.04-21.44.43:693][  0]LogConfig: Setting CVar [[r.Tonemapper.Quality:2]]
[2020.05.04-21.44.43:693][  0]LogConfig: Setting CVar [[r.DOF.Gather.AccumulatorQuality:0        ; lower gathering accumulator quality]]
[2020.05.04-21.44.43:693][  0]LogConfig: Setting CVar [[r.DOF.Gather.PostfilterMethod:2          ; Max3x3 postfilering method]]
[2020.05.04-21.44.43:693][  0]LogConfig: Setting CVar [[r.DOF.Gather.EnableBokehSettings:0       ; no bokeh simulation when gathering]]
[2020.05.04-21.44.43:693][  0]LogConfig: Setting CVar [[r.DOF.Gather.RingCount:3                 ; low number of samples when gathering]]
[2020.05.04-21.44.43:693][  0]LogConfig: Setting CVar [[r.DOF.Scatter.ForegroundCompositing:0    ; no foreground scattering]]
[2020.05.04-21.44.43:693][  0]LogConfig: Setting CVar [[r.DOF.Scatter.BackgroundCompositing:0    ; no foreground scattering]]
[2020.05.04-21.44.43:693][  0]LogConfig: Setting CVar [[r.DOF.Recombine.Quality:0                ; no slight out of focus]]
[2020.05.04-21.44.43:693][  0]LogConfig: Setting CVar [[r.DOF.TemporalAAQuality:0                ; faster temporal accumulation]]
[2020.05.04-21.44.43:693][  0]LogConfig: Setting CVar [[r.DOF.Kernel.MaxForegroundRadius:0.006   ; required because low gathering and no scattering and not looking great at 1080p]]
[2020.05.04-21.44.43:693][  0]LogConfig: Setting CVar [[r.DOF.Kernel.MaxBackgroundRadius:0.006   ; required because low gathering and no scattering and not looking great at 1080p]]
[2020.05.04-21.44.43:693][  0]LogConfig: Applying CVar settings from Section [TextureQuality@1] File [C:/Users/Tom/Documents/GitHub/PangeaRepo/PangeaMechanics/Saved/Config/Windows/Scalability.ini]
[2020.05.04-21.44.43:693][  0]LogConfig: Setting CVar [[r.Streaming.MipBias:1]]
[2020.05.04-21.44.43:693][  0]LogConfig: Setting CVar [[r.Streaming.AmortizeCPUToGPUCopy:0]]
[2020.05.04-21.44.43:693][  0]LogConfig: Setting CVar [[r.Streaming.MaxNumTexturesToStreamPerFrame:0]]
[2020.05.04-21.44.43:693][  0]LogConfig: Setting CVar [[r.Streaming.Boost:1]]
[2020.05.04-21.44.43:693][  0]LogConfig: Setting CVar [[r.MaxAnisotropy:2]]
[2020.05.04-21.44.43:693][  0]LogConfig: Setting CVar [[r.VT.MaxAnisotropy:4]]
[2020.05.04-21.44.43:693][  0]LogConfig: Setting CVar [[r.Streaming.LimitPoolSizeToVRAM:1]]
[2020.05.04-21.44.43:693][  0]LogConfig: Setting CVar [[r.Streaming.PoolSize:600]]
[2020.05.04-21.44.43:693][  0]LogConfig: Setting CVar [[r.Streaming.MaxEffectiveScreenSize:0]]
[2020.05.04-21.44.43:693][  0]LogConfig: Applying CVar settings from Section [EffectsQuality@1] File [C:/Users/Tom/Documents/GitHub/PangeaRepo/PangeaMechanics/Saved/Config/Windows/Scalability.ini]
[2020.05.04-21.44.43:693][  0]LogConfig: Setting CVar [[r.TranslucencyLightingVolumeDim:32]]
[2020.05.04-21.44.43:693][  0]LogConfig: Setting CVar [[r.RefractionQuality:0]]
[2020.05.04-21.44.43:693][  0]LogConfig: Setting CVar [[r.SSR.Quality:0]]
[2020.05.04-21.44.43:693][  0]LogConfig: Setting CVar [[r.SSR.HalfResSceneColor:1]]
[2020.05.04-21.44.43:693][  0]LogConfig: Setting CVar [[r.SceneColorFormat:3]]
[2020.05.04-21.44.43:693][  0]LogConfig: Setting CVar [[r.DetailMode:1]]
[2020.05.04-21.44.43:693][  0]LogConfig: Setting CVar [[r.TranslucencyVolumeBlur:0]]
[2020.05.04-21.44.43:693][  0]LogConfig: Setting CVar [[r.MaterialQualityLevel:2 ; Medium quality]]
[2020.05.04-21.44.43:693][  0]LogConfig: Setting CVar [[r.SSS.Scale:0.75]]
[2020.05.04-21.44.43:693][  0]LogConfig: Setting CVar [[r.SSS.SampleSet:0]]
[2020.05.04-21.44.43:693][  0]LogConfig: Setting CVar [[r.SSS.Quality:0]]
[2020.05.04-21.44.43:693][  0]LogConfig: Setting CVar [[r.SSS.HalfRes:1]]
[2020.05.04-21.44.43:693][  0]LogConfig: Setting CVar [[r.SSGI.Quality:1]]
[2020.05.04-21.44.43:693][  0]LogConfig: Setting CVar [[r.EmitterSpawnRateScale:0.25]]
[2020.05.04-21.44.43:693][  0]LogConfig: Setting CVar [[r.ParticleLightQuality:0]]
[2020.05.04-21.44.43:693][  0]LogConfig: Setting CVar [[r.SkyAtmosphere.AerialPerspectiveLUT.FastApplyOnOpaque:1 ; Always have FastSkyLUT 1 in this case to avoid wrong sky]]
[2020.05.04-21.44.43:693][  0]LogConfig: Setting CVar [[r.SkyAtmosphere.AerialPerspectiveLUT.SampleCountPerSlice:1]]
[2020.05.04-21.44.43:693][  0]LogConfig: Setting CVar [[r.SkyAtmosphere.AerialPerspectiveLUT.DepthResolution:16.0]]
[2020.05.04-21.44.43:693][  0]LogConfig: Setting CVar [[r.SkyAtmosphere.FastSkyLUT:1]]
[2020.05.04-21.44.43:693][  0]LogConfig: Setting CVar [[r.SkyAtmosphere.FastSkyLUT.SampleCountMin:4.0]]
[2020.05.04-21.44.43:693][  0]LogConfig: Setting CVar [[r.SkyAtmosphere.FastSkyLUT.SampleCountMax:32.0]]
[2020.05.04-21.44.43:693][  0]LogConfig: Setting CVar [[r.SkyAtmosphere.SampleCountMin:4.0]]
[2020.05.04-21.44.43:693][  0]LogConfig: Setting CVar [[r.SkyAtmosphere.SampleCountMax:32.0]]
[2020.05.04-21.44.43:693][  0]LogConfig: Setting CVar [[r.SkyAtmosphere.TransmittanceLUT.UseSmallFormat:0]]
[2020.05.04-21.44.43:693][  0]LogConfig: Setting CVar [[r.SkyAtmosphere.TransmittanceLUT.SampleCount:10.0]]
[2020.05.04-21.44.43:693][  0]LogConfig: Setting CVar [[r.SkyAtmosphere.MultiScatteringLUT.SampleCount:15.0]]
[2020.05.04-21.44.43:693][  0]LogConfig: Applying CVar settings from Section [FoliageQuality@1] File [C:/Users/Tom/Documents/GitHub/PangeaRepo/PangeaMechanics/Saved/Config/Windows/Scalability.ini]
[2020.05.04-21.44.43:693][  0]LogConfig: Setting CVar [[foliage.DensityScale:0.4]]
[2020.05.04-21.44.43:693][  0]LogConfig: Setting CVar [[grass.DensityScale:0.4]]
[2020.05.04-21.44.43:693][  0]LogConfig: Applying CVar settings from Section [ShadingQuality@3] File [C:/Users/Tom/Documents/GitHub/PangeaRepo/PangeaMechanics/Saved/Config/Windows/Scalability.ini]
[2020.05.04-21.44.43:693][  0]LogConfig: Setting CVar [[r.HairStrands.SkyLighting.SampleCount:16]]
[2020.05.04-21.44.43:693][  0]LogConfig: Setting CVar [[r.HairStrands.SkyLighting.JitterIntegration:0]]
[2020.05.04-21.44.43:693][  0]LogConfig: Setting CVar [[r.HairStrands.SkyAO.SampleCount:16]]
[2020.05.04-21.44.43:693][  0]LogConfig: Applying CVar settings from Section [Startup] File [../../../Engine/Config/ConsoleVariables.ini]
[2020.05.04-21.44.43:694][  0]LogConfig: Setting CVar [[net.UseAdaptiveNetUpdateFrequency:0]]
[2020.05.04-21.44.43:694][  0]LogConfig: Setting CVar [[p.chaos.AllowCreatePhysxBodies:1]]
[2020.05.04-21.44.43:694][  0]LogConfig: Applying CVar settings from Section [ConsoleVariables] File [C:/Users/Tom/Documents/GitHub/PangeaRepo/PangeaMechanics/Saved/Config/Windows/Engine.ini]
[2020.05.04-21.44.43:694][  0]LogInit: Computer: DESKTOP-B76AR38
[2020.05.04-21.44.43:694][  0]LogInit: User: Tom
[2020.05.04-21.44.43:694][  0]LogInit: CPU Page size=4096, Cores=4
[2020.05.04-21.44.43:694][  0]LogInit: High frequency timer resolution =10.000000 MHz
[2020.05.04-21.44.43:694][  0]LogMemory: Memory total: Physical=7.8GB (8GB approx)
[2020.05.04-21.44.43:694][  0]LogMemory: Platform Memory Stats for Windows
[2020.05.04-21.44.43:694][  0]LogMemory: Process Physical Memory: 105.89 MB used, 105.89 MB peak
[2020.05.04-21.44.43:694][  0]LogMemory: Process Virtual Memory: 100.69 MB used, 100.69 MB peak
[2020.05.04-21.44.43:694][  0]LogMemory: Physical Memory: 7000.16 MB used,  1026.00 MB free, 8026.16 MB total
[2020.05.04-21.44.43:694][  0]LogMemory: Virtual Memory: 5137.57 MB used,  134212592.00 MB free, 134217728.00 MB total
[2020.05.04-21.44.43:698][  0]LogWindows: WindowsPlatformFeatures enabled
[2020.05.04-21.44.43:713][  0]LogInit: Using OS detected language (en-GB).
[2020.05.04-21.44.43:713][  0]LogInit: Using OS detected locale (en-GB).
[2020.05.04-21.44.43:714][  0]LogTextLocalizationManager: No specific localization for 'en-GB' exists, so the 'en' localization will be used.
[2020.05.04-21.44.43:902][  0]LogInit: Setting process to per monitor DPI aware
[2020.05.04-21.44.43:932][  0]LogSlate: New Slate User Created.  User Index 0, Is Virtual User: 0
[2020.05.04-21.44.43:932][  0]LogSlate: Slate User Registered.  User Index 0, Is Virtual User: 0
[2020.05.04-21.44.44:119][  0]LogHMD: Failed to initialize OpenVR with code 110
[2020.05.04-21.44.44:119][  0]LogD3D11RHI: D3D11 min allowed feature level: 11_0
[2020.05.04-21.44.44:119][  0]LogD3D11RHI: D3D11 max allowed feature level: 11_0
[2020.05.04-21.44.44:119][  0]LogD3D11RHI: D3D11 adapters:
[2020.05.04-21.44.44:158][  0]LogD3D11RHI:    0. 'Intel(R) UHD Graphics 620' (Feature Level 11_0)
[2020.05.04-21.44.44:158][  0]LogD3D11RHI:       128/0/4013 MB DedicatedVideo/DedicatedSystem/SharedSystem, Outputs:1, VendorId:0x8086
[2020.05.04-21.44.44:161][  0]LogD3D11RHI:    1. 'Microsoft Basic Render Driver' (Feature Level 11_0)
[2020.05.04-21.44.44:161][  0]LogD3D11RHI:       0/0/4013 MB DedicatedVideo/DedicatedSystem/SharedSystem, Outputs:0, VendorId:0x1414
[2020.05.04-21.44.44:161][  0]LogD3D11RHI: Chosen D3D11 Adapter: 0
[2020.05.04-21.44.44:174][  0]LogD3D11RHI: Creating new Direct3DDevice
[2020.05.04-21.44.44:175][  0]LogD3D11RHI:     GPU DeviceId: 0x5917 (for the marketing name, search the web for "GPU Device Id")
[2020.05.04-21.44.44:175][  0]LogWindows: EnumDisplayDevices:
[2020.05.04-21.44.44:175][  0]LogWindows:    0. 'Intel(R) UHD Graphics 620' (P:1 D:1)
[2020.05.04-21.44.44:175][  0]LogWindows:    1. 'Intel(R) UHD Graphics 620' (P:0 D:0)
[2020.05.04-21.44.44:176][  0]LogWindows:    2. 'Intel(R) UHD Graphics 620' (P:0 D:0)
[2020.05.04-21.44.44:176][  0]LogWindows: DebugString: FoundDriverCount:3 
[2020.05.04-21.44.44:176][  0]LogD3D11RHI:     Adapter Name: Intel(R) UHD Graphics 620
[2020.05.04-21.44.44:176][  0]LogD3D11RHI:   Driver Version: 25.20.100.6446 (internal:25.20.100.6446, unified:25.20.100.6446)
[2020.05.04-21.44.44:176][  0]LogD3D11RHI:      Driver Date: 11-19-2018
[2020.05.04-21.44.44:176][  0]LogRHI: Texture pool is 1494 MB (70% of 2134 MB)
[2020.05.04-21.44.44:212][  0]LogD3D11RHI: RHI does not have support for 64 bit atomics
[2020.05.04-21.44.44:212][  0]LogD3D11RHI: [IntelMetricsDiscovery] Started
[2020.05.04-21.44.44:212][  0]LogD3D11RHI: Async texture creation enabled
[2020.05.04-21.44.44:228][  0]LogD3D11RHI: GPU Timing Frequency: 12.000048 (Debug: 2 0)
[2020.05.04-21.44.44:574][  0]LogTargetPlatformManager: Display: Loaded TargetPlatform 'AllDesktop'
[2020.05.04-21.44.44:611][  0]LogTargetPlatformManager: Display: Loaded TargetPlatform 'Android'
[2020.05.04-21.44.44:611][  0]LogTargetPlatformManager: Display: Loaded TargetPlatform 'Android_ASTC'
[2020.05.04-21.44.44:611][  0]LogTargetPlatformManager: Display: Loaded TargetPlatform 'Android_ATC'
[2020.05.04-21.44.44:611][  0]LogTargetPlatformManager: Display: Loaded TargetPlatform 'Android_DXT'
[2020.05.04-21.44.44:611][  0]LogTargetPlatformManager: Display: Loaded TargetPlatform 'Android_ETC1'
[2020.05.04-21.44.44:611][  0]LogTargetPlatformManager: Display: Loaded TargetPlatform 'Android_ETC1a'
[2020.05.04-21.44.44:611][  0]LogTargetPlatformManager: Display: Loaded TargetPlatform 'Android_ETC2'
[2020.05.04-21.44.44:611][  0]LogTargetPlatformManager: Display: Loaded TargetPlatform 'Android_PVRTC'
[2020.05.04-21.44.44:611][  0]LogTargetPlatformManager: Display: Loaded TargetPlatform 'AndroidClient'
[2020.05.04-21.44.44:611][  0]LogTargetPlatformManager: Display: Loaded TargetPlatform 'Android_ASTCClient'
[2020.05.04-21.44.44:611][  0]LogTargetPlatformManager: Display: Loaded TargetPlatform 'Android_ATCClient'
[2020.05.04-21.44.44:611][  0]LogTargetPlatformManager: Display: Loaded TargetPlatform 'Android_DXTClient'
[2020.05.04-21.44.44:611][  0]LogTargetPlatformManager: Display: Loaded TargetPlatform 'Android_ETC1Client'
[2020.05.04-21.44.44:611][  0]LogTargetPlatformManager: Display: Loaded TargetPlatform 'Android_ETC1aClient'
[2020.05.04-21.44.44:611][  0]LogTargetPlatformManager: Display: Loaded TargetPlatform 'Android_ETC2Client'
[2020.05.04-21.44.44:611][  0]LogTargetPlatformManager: Display: Loaded TargetPlatform 'Android_PVRTCClient'
[2020.05.04-21.44.44:611][  0]LogTargetPlatformManager: Display: Loaded TargetPlatform 'Android_Multi'
[2020.05.04-21.44.44:611][  0]LogTargetPlatformManager: Display: Loaded TargetPlatform 'Android_MultiClient'
[2020.05.04-21.44.44:639][  0]LogTargetPlatformManager: Display: Loaded TargetPlatform 'IOSClient'
[2020.05.04-21.44.44:640][  0]LogTargetPlatformManager: Display: Loaded TargetPlatform 'IOS'
[2020.05.04-21.44.44:649][  0]LogTargetPlatformManager: Display: Loaded TargetPlatform 'LinuxNoEditor'
[2020.05.04-21.44.44:661][  0]LogTargetPlatformManager: Display: Loaded TargetPlatform 'LinuxClient'
[2020.05.04-21.44.44:670][  0]LogTargetPlatformManager: Display: Loaded TargetPlatform 'LinuxServer'
[2020.05.04-21.44.44:682][  0]LogTargetPlatformManager: Display: Loaded TargetPlatform 'LinuxAArch64NoEditor'
[2020.05.04-21.44.44:690][  0]LogTargetPlatformManager: Display: Loaded TargetPlatform 'LinuxAArch64Client'
[2020.05.04-21.44.44:698][  0]LogTargetPlatformManager: Display: Loaded TargetPlatform 'LinuxAArch64Server'
[2020.05.04-21.44.44:727][  0]LogTargetPlatformManager: Display: Loaded TargetPlatform 'Lumin'
[2020.05.04-21.44.44:727][  0]LogTargetPlatformManager: Display: Loaded TargetPlatform 'LuminClient'
[2020.05.04-21.44.44:744][  0]LogTargetPlatformManager: Display: Loaded TargetPlatform 'TVOSClient'
[2020.05.04-21.44.44:744][  0]LogTargetPlatformManager: Display: Loaded TargetPlatform 'TVOS'
[2020.05.04-21.44.44:752][  0]LogTargetPlatformManager: Display: Loaded TargetPlatform 'WindowsNoEditor'
[2020.05.04-21.44.44:760][  0]LogTargetPlatformManager: Display: Loaded TargetPlatform 'Windows'
[2020.05.04-21.44.44:767][  0]LogTargetPlatformManager: Display: Loaded TargetPlatform 'WindowsClient'
[2020.05.04-21.44.44:775][  0]LogTargetPlatformManager: Display: Loaded TargetPlatform 'WindowsServer'
[2020.05.04-21.44.44:775][  0]LogTargetPlatformManager: Display: Building Assets For Windows
[2020.05.04-21.44.44:780][  0]LogAudioDebug: Display: Lib vorbis DLL was dynamically loaded.
[2020.05.04-21.44.44:807][  0]LogShaderCompilers: Guid format shader working directory is -28 characters bigger than the processId version (../../../../../../Users/Tom/Documents/GitHub/PangeaRepo/PangeaMechanics/Intermediate/Shaders/WorkingDirectory/35064/).
[2020.05.04-21.44.44:807][  0]LogShaderCompilers: Cleaned the shader compiler working directory 'C:/Users/Tom/AppData/Local/Temp/UnrealShaderWorkingDir/B8EF113247B960688C1642BFC9E5BF1D/'.
[2020.05.04-21.44.44:807][  0]LogXGEController: Cannot use XGE Controller as Incredibuild is not installed on this machine.
[2020.05.04-21.44.44:808][  0]LogShaderCompilers: Cannot use XGE Shader Compiler as Incredibuild is not installed on this machine.
[2020.05.04-21.44.44:808][  0]LogShaderCompilers: Display: Using Local Shader Compiler.
[2020.05.04-21.44.45:588][  0]LogDerivedDataCache: Display: Max Cache Size: 512 MB
[2020.05.04-21.44.45:662][  0]LogDerivedDataCache: Loaded boot cache 0.07s 82MB C:/Users/Tom/AppData/Local/UnrealEngine/4.24/DerivedDataCache/Boot.ddc.
[2020.05.04-21.44.45:662][  0]LogDerivedDataCache: Display: Loaded Boot cache: C:/Users/Tom/AppData/Local/UnrealEngine/4.24/DerivedDataCache/Boot.ddc
[2020.05.04-21.44.45:662][  0]LogDerivedDataCache: FDerivedDataBackendGraph:  Pak pak cache file ../../../../../../Users/Tom/Documents/GitHub/PangeaRepo/PangeaMechanics/DerivedDataCache/DDC.ddp not found, will not use a pak cache.
[2020.05.04-21.44.45:662][  0]LogDerivedDataCache: Unable to find inner node Pak for hierarchical cache Hierarchy.
[2020.05.04-21.44.45:662][  0]LogDerivedDataCache: FDerivedDataBackendGraph:  CompressedPak pak cache file ../../../../../../Users/Tom/Documents/GitHub/PangeaRepo/PangeaMechanics/DerivedDataCache/Compressed.ddp not found, will not use a pak cache.
[2020.05.04-21.44.45:662][  0]LogDerivedDataCache: Unable to find inner node CompressedPak for hierarchical cache Hierarchy.
[2020.05.04-21.44.45:674][  0]LogDerivedDataCache: Display: Pak cache opened for reading ../../../Engine/DerivedDataCache/Compressed.ddp.
[2020.05.04-21.44.45:674][  0]LogDerivedDataCache: FDerivedDataBackendGraph:  EnterprisePak pak cache file ../../../Enterprise/DerivedDataCache/Compressed.ddp not found, will not use a pak cache.
[2020.05.04-21.44.45:674][  0]LogDerivedDataCache: Unable to find inner node EnterprisePak for hierarchical cache Hierarchy.
[2020.05.04-21.44.45:676][  0]LogDerivedDataCache: Using Local data cache path C:/Users/Tom/AppData/Local/UnrealEngine/Common/DerivedDataCache: Writable
[2020.05.04-21.44.45:676][  0]LogDerivedDataCache: Shared data cache path not found in *engine.ini, will not use an Shared cache.
[2020.05.04-21.44.45:676][  0]LogDerivedDataCache: Unable to find inner node Shared for hierarchical cache Hierarchy.
[2020.05.04-21.44.45:706][  0]LogMaterial: Verifying Global Shaders for PCD3D_SM5
[2020.05.04-21.44.45:708][  0]LogSlate: Using FreeType 2.10.0
[2020.05.04-21.44.45:709][  0]LogSlate: SlateFontServices - WITH_FREETYPE: 1, WITH_HARFBUZZ: 1
[2020.05.04-21.44.45:789][  0]LogAssetRegistry: FAssetRegistry took 0.0040 seconds to start up
[2020.05.04-21.44.46:168][  0]LogInit: Selected Device Profile: [Windows]
[2020.05.04-21.44.46:341][  0]LogMeshReduction: Using QuadricMeshReduction for automatic static mesh reduction
[2020.05.04-21.44.46:341][  0]LogMeshReduction: Using SimplygonMeshReduction for automatic skeletal mesh reduction
[2020.05.04-21.44.46:341][  0]LogMeshReduction: Using ProxyLODMeshReduction for automatic mesh merging
[2020.05.04-21.44.46:341][  0]LogMeshReduction: No distributed automatic mesh merging module available
[2020.05.04-21.44.46:341][  0]LogMeshMerging: No distributed automatic mesh merging module available
[2020.05.04-21.44.46:362][  0]LogNetVersion: PangeaMechanics 1.0.0, NetCL: 10570792, EngineNetVer: 13, GameNetVer: 0 (Checksum: 2073095031)
[2020.05.04-21.44.47:731][  0]LogPackageLocalizationCache: Processed 10 localized package path(s) for 1 prioritized culture(s) in 0.049626 seconds
[2020.05.04-21.44.47:739][  0]LogUObjectArray: 46750 objects as part of root set at end of initial load.
[2020.05.04-21.44.47:739][  0]LogUObjectAllocator: 8137160 out of 0 bytes used by permanent object pool.
[2020.05.04-21.44.47:739][  0]LogUObjectArray: CloseDisregardForGC: 0/0 objects in disregard for GC pool
[2020.05.04-21.44.48:168][  0]LogTcpMessaging: Initializing TcpMessaging bridge
[2020.05.04-21.44.48:173][  0]LogUdpMessaging: Initializing bridge on interface 0.0.0.0:0 to multicast group 230.0.0.1:6666.
[2020.05.04-21.44.49:679][  0]SourceControl: Source control is disabled
[2020.05.04-21.44.49:679][  0]SourceControl: Source control is disabled
[2020.05.04-21.44.49:680][  0]SourceControl: Source control is disabled
[2020.05.04-21.44.49:681][  0]SourceControl: Source control is disabled
[2020.05.04-21.44.49:682][  0]SourceControl: Source control is disabled
[2020.05.04-21.44.49:777][  0]LogAndroidPermission: UAndroidPermissionCallbackProxy::GetInstance
[2020.05.04-21.44.49:787][  0]LogAudioCaptureCore: Display: No Audio Capture implementations found. Audio input will be silent.
[2020.05.04-21.44.49:787][  0]LogAudioCaptureCore: Display: No Audio Capture implementations found. Audio input will be silent.
[2020.05.04-21.44.49:872][  0]LogOcInput: OculusInput pre-init called
[2020.05.04-21.44.49:880][  0]LogWindows: Failed to load 'OVRPlugin.dll' (GetLastError=126)
[2020.05.04-21.44.49:880][  0]LogWindows: File 'OVRPlugin.dll' does not exist
[2020.05.04-21.44.49:966][  0]LogEngine: Initializing Engine...
[2020.05.04-21.44.49:967][  0]LogHMD: Failed to initialize OpenVR with code 110
[2020.05.04-21.44.49:969][  0]LogStats: UGameplayTagsManager::InitializeManager -  0.000 s
[2020.05.04-21.44.50:325][  0]LogInit: Initializing FReadOnlyCVARCache
[2020.05.04-21.44.50:333][  0]LogAIModule: Creating AISystem for world Untitled
[2020.05.04-21.44.50:484][  0]LogAudioMixer: Display: Audio Mixer Platform Settings:
[2020.05.04-21.44.50:484][  0]LogAudioMixer: Display: 	Sample Rate:						  48000
[2020.05.04-21.44.50:484][  0]LogAudioMixer: Display: 	Callback Buffer Frame Size Requested: 1024
[2020.05.04-21.44.50:484][  0]LogAudioMixer: Display: 	Callback Buffer Frame Size To Use:	  1024
[2020.05.04-21.44.50:484][  0]LogAudioMixer: Display: 	Number of buffers to queue:			  2
[2020.05.04-21.44.50:484][  0]LogAudioMixer: Display: 	Max Channels (voices):				  32
[2020.05.04-21.44.50:484][  0]LogAudioMixer: Display: 	Number of Async Source Workers:		  0
[2020.05.04-21.44.50:484][  0]LogAudio: Display: AudioDevice MaxSources: 32
[2020.05.04-21.44.50:484][  0]LogAudio: Display: Using built-in audio occlusion.
[2020.05.04-21.44.50:484][  0]LogAudioMixer: Display: Initializing audio mixer.
[2020.05.04-21.44.50:507][  0]LogAudioMixer: Display: Audio Device Output Speaker Info:
[2020.05.04-21.44.50:507][  0]LogAudioMixer: Display: Name: Speaker/Headphone (Realtek(R) Audio)
[2020.05.04-21.44.50:507][  0]LogAudioMixer: Display: Is Default: Yes
[2020.05.04-21.44.50:507][  0]LogAudioMixer: Display: Sample Rate: 48000
[2020.05.04-21.44.50:507][  0]LogAudioMixer: Display: Channel Count Used: 2
[2020.05.04-21.44.50:507][  0]LogAudioMixer: Display: Device Channel Count: 2
[2020.05.04-21.44.50:507][  0]LogAudioMixer: Display: Channel Order:
[2020.05.04-21.44.50:507][  0]LogAudioMixer: Display: 0: FrontLeft
[2020.05.04-21.44.50:507][  0]LogAudioMixer: Display: 1: FrontRight
[2020.05.04-21.44.50:534][  0]LogAudioMixer: Display: Using Audio Device Speaker/Headphone (Realtek(R) Audio)
[2020.05.04-21.44.50:541][  0]LogInit: FAudioDevice initialized.
[2020.05.04-21.44.50:541][  0]LogNetVersion: Set ProjectVersion to 1.0.0.0. Version Checksum will be recalculated on next use.
[2020.05.04-21.44.50:883][  0]LogDerivedDataCache: Saved boot cache 0.34s 82MB C:/Users/Tom/AppData/Local/UnrealEngine/4.24/DerivedDataCache/Boot.ddc.
[2020.05.04-21.44.50:883][  0]LogInit: Texture streaming: Enabled
[2020.05.04-21.44.50:895][  0]LogEngineSessionManager: EngineSessionManager initialized
[2020.05.04-21.44.50:895][  0]LogEditorSessionSummary: Verbose: Initializing EditorSessionSummaryWriter for editor session tracking
[2020.05.04-21.44.50:904][  0]LogEditorSessionSummary: EditorSessionSummaryWriter initialized
[2020.05.04-21.44.50:980][  0]LogInit: Transaction tracking system initialized
[2020.05.04-21.44.50:990][  0]BlueprintLog: New page: Editor Load
[2020.05.04-21.44.51:025][  0]LocalizationService: Localization service is disabled
[2020.05.04-21.44.52:915][  0]LogFileCache: Scanning file cache for directory 'C:/Users/Tom/Documents/GitHub/PangeaRepo/PangeaMechanics/Content/' took 0.01s
[2020.05.04-21.44.52:915][  0]LogCook: Display: Max memory allowance for cook 16384mb min free memory 0mb
[2020.05.04-21.44.52:915][  0]LogCook: Display: Mobile HDR setting 1
[2020.05.04-21.44.53:814][  0]SourceControl: Source control is disabled
[2020.05.04-21.44.53:814][  0]Cmd: MAP LOAD FILE="../../../../../../Users/Tom/Documents/GitHub/PangeaRepo/PangeaMechanics/Content/ThirdPersonCPP/Maps/ThirdPersonExampleMap.umap" TEMPLATE=0 SHOWPROGRESS=1 FEATURELEVEL=3
[2020.05.04-21.44.53:816][  0]LightingResults: New page: Lighting Build
[2020.05.04-21.44.53:817][  0]LogWorld: UWorld::CleanupWorld for Untitled, bSessionEnded=true, bCleanupResources=true
[2020.05.04-21.44.53:817][  0]LogSlate: InvalidateAllWidgets triggered.  All widgets were invalidated
[2020.05.04-21.44.53:817][  0]MapCheck: New page: Map Check
[2020.05.04-21.44.53:817][  0]LightingResults: New page: Lighting Build
[2020.05.04-21.44.53:853][  0]LogUObjectHash: Compacting FUObjectHashTables data took   2.52ms
[2020.05.04-21.44.54:124][  0]LogAIModule: Creating AISystem for world ThirdPersonExampleMap
[2020.05.04-21.44.54:155][  0]LogEditorServer: Finished looking for orphan Actors (0.000 secs)
[2020.05.04-21.44.54:304][  0]LogUObjectHash: Compacting FUObjectHashTables data took   3.00ms
[2020.05.04-21.44.54:304][  0]Cmd: MAP CHECKDEP NOCLEARLOG
[2020.05.04-21.44.54:304][  0]MapCheck: Map check complete: 0 Error(s), 0 Warning(s), took 0.22ms to complete.
[2020.05.04-21.44.54:304][  0]LogFileHelpers: Loading map 'ThirdPersonExampleMap' took 0.490
[2020.05.04-21.44.54:599][  0]LogSlate: Updating window title bar state: overlay mode, drag disabled, window buttons hidden, title bar hidden
[2020.05.04-21.44.54:612][  0]LogSlate: Updating window title bar state: overlay mode, drag disabled, window buttons hidden, title bar hidden
[2020.05.04-21.44.54:630][  0]LogSlate: Updating window title bar state: overlay mode, drag disabled, window buttons hidden, title bar hidden
[2020.05.04-21.44.54:648][  0]LogSlate: Updating window title bar state: overlay mode, drag disabled, window buttons hidden, title bar hidden
[2020.05.04-21.44.54:806][  0]LogSlate: Took 0.000357 seconds to synchronously load lazily loaded font '../../../Engine/Content/Slate/Fonts/Roboto-Regular.ttf' (155K)
[2020.05.04-21.44.54:815][  0]LogSlate: Took 0.000299 seconds to synchronously load lazily loaded font '../../../Engine/Content/Slate/Fonts/Roboto-Bold.ttf' (160K)
[2020.05.04-21.44.54:819][  0]LogSlate: Took 0.001035 seconds to synchronously load lazily loaded font '../../../Engine/Content/Editor/Slate/Fonts/FontAwesome.ttf' (139K)
[2020.05.04-21.44.54:821][  0]LogSlate: Took 0.001104 seconds to synchronously load lazily loaded font '../../../Engine/Content/Slate/Fonts/DroidSansMono.ttf' (77K)
[2020.05.04-21.44.55:062][  0]LogRenderer: Reallocating scene render targets to support 676x368 Format 9 NumSamples 1 (Frame:1).
[2020.05.04-21.44.55:865][  0]LogLoad: (Engine Initialization) Total time: 13.69 seconds
[2020.05.04-21.44.55:865][  0]LogLoad: (Engine Initialization) Total Blueprint compile time: 0.00 seconds
[2020.05.04-21.44.55:929][  0]LogContentStreaming: Texture pool size now 600 MB
[2020.05.04-21.44.56:244][  0]LogRenderer: Reallocating scene render targets to support 676x380 Format 9 NumSamples 1 (Frame:3).
[2020.05.04-21.44.56:557][  2]LogAssetRegistry: Asset discovery search completed in 10.7690 seconds
[2020.05.04-21.44.56:570][  2]LogCollectionManager: Loaded 0 collections in 0.004072 seconds
[2020.05.04-21.44.56:580][  2]LogFileCache: Scanning file cache for directory 'C:/Users/Tom/Documents/GitHub/PangeaRepo/PangeaMechanics/Saved/Collections/' took 0.01s
[2020.05.04-21.44.56:580][  2]LogFileCache: Scanning file cache for directory 'C:/Users/Tom/Documents/GitHub/PangeaRepo/PangeaMechanics/Content/Developers/Tom/Collections/' took 0.00s
[2020.05.04-21.44.56:580][  2]LogFileCache: Scanning file cache for directory 'C:/Users/Tom/Documents/GitHub/PangeaRepo/PangeaMechanics/Content/Collections/' took 0.00s
[2020.05.04-21.44.56:580][  2]LogCollectionManager: Fixed up redirectors for 0 collections in 0.000007 seconds (updated 0 objects)
[2020.05.04-21.45.13:428][230]LogContentBrowser: Native class hierarchy populated in 0.0164 seconds. Added 3024 classes and 722 folders.
[2020.05.04-21.45.13:532][230]LogSlate: Took 0.000781 seconds to synchronously load lazily loaded font '../../../Engine/Content/Slate/Fonts/Roboto-Light.ttf' (167K)
[2020.05.04-21.45.14:815][304]LogUObjectHash: Compacting FUObjectHashTables data took   1.67ms
[2020.05.04-21.45.14:821][304]Cmd: MAP LOAD FILE="../../../../../../Users/Tom/Documents/GitHub/PangeaRepo/PangeaMechanics/Content/ThirdPersonCPP/Maps/TamingPrototypeTG.umap" TEMPLATE=0 SHOWPROGRESS=1 FEATURELEVEL=3
[2020.05.04-21.45.14:828][304]LogSlate: Took 0.000202 seconds to synchronously load lazily loaded font '../../../Engine/Content/Slate/Fonts/Roboto-Light.ttf' (167K)
[2020.05.04-21.45.14:867][304]LightingResults: New page: Lighting Build
[2020.05.04-21.45.14:868][304]LoadErrors: New page: Loading map: TamingPrototypeTG.umap
[2020.05.04-21.45.14:869][304]LogWorld: UWorld::CleanupWorld for ThirdPersonExampleMap, bSessionEnded=true, bCleanupResources=true
[2020.05.04-21.45.14:869][304]LogSlate: InvalidateAllWidgets triggered.  All widgets were invalidated
[2020.05.04-21.45.14:869][304]MapCheck: New page: Map Check
[2020.05.04-21.45.14:869][304]LightingResults: New page: Lighting Build
[2020.05.04-21.45.14:897][304]LogUObjectHash: Compacting FUObjectHashTables data took   2.58ms
[2020.05.04-21.45.14:946][304]LogAIModule: Creating AISystem for world TamingPrototypeTG
[2020.05.04-21.45.14:971][304]LogEditorServer: Finished looking for orphan Actors (0.000 secs)
[2020.05.04-21.45.15:027][304]LogUObjectHash: Compacting FUObjectHashTables data took   2.57ms
[2020.05.04-21.45.15:070][304]Cmd: MAP CHECKDEP NOCLEARLOG
[2020.05.04-21.45.15:071][304]MapCheck: Map check complete: 0 Error(s), 0 Warning(s), took 0.181ms to complete.
[2020.05.04-21.45.15:071][304]LogFileHelpers: Loading map 'TamingPrototypeTG' took 0.250
[2020.05.04-21.45.15:072][304]LogSlate: Window 'Open Level' being destroyed
[2020.05.04-21.45.16:693][422]Candidate modules for hot reload:
[2020.05.04-21.45.16:693][422]  PangeaMechanics
[2020.05.04-21.45.16:693][422]Launching UnrealBuildTool... [C:/Program Files/Epic Games/UE_4.24/Engine/Binaries/DotNET/UnrealBuildTool.exe  -ModuleWithSuffix=PangeaMechanics,9977 Win64 Development -TargetType=Editor -Project="C:/Users/Tom/Documents/GitHub/PangeaRepo/PangeaMechanics/PangeaMechanics.uproject" "C:/Users/Tom/Documents/GitHub/PangeaRepo/PangeaMechanics/PangeaMechanics.uproject"  -IgnoreJunk]
[2020.05.04-21.45.16:699][422]Warning: Starting HotReload took  0.0s.
[2020.05.04-21.45.33:584][ 77]CompilerResultsLog: New page: Compilation - 4 May 2020, 23:45:33
[2020.05.04-21.45.33:585][ 77]CompilerResultsLog: Using 'git status' to determine working set for adaptive non-unity build (C:\Users\Tom\Documents\GitHub\PangeaRepo).
[2020.05.04-21.45.33:585][ 77]CompilerResultsLog: Building PangeaMechanicsEditor...
[2020.05.04-21.45.33:585][ 77]CompilerResultsLog: Using Visual Studio 2019 14.25.28612 toolchain (C:\Program Files (x86)\Microsoft Visual Studio\2019\Community\VC\Tools\MSVC\14.25.28610) and Windows 10.0.18362.0 SDK (C:\Program Files (x86)\Windows Kits\10).
[2020.05.04-21.45.33:585][ 77]CompilerResultsLog: Building 4 actions with 8 processes...
[2020.05.04-21.45.33:585][ 77]CompilerResultsLog:   [1/4] RideAnimal.cpp
[2020.05.04-21.45.33:585][ 77]CompilerResultsLog:   [2/4] UE4Editor-PangeaMechanics-9977.lib
[2020.05.04-21.45.33:585][ 77]CompilerResultsLog:      Creating library C:\Users\Tom\Documents\GitHub\PangeaRepo\PangeaMechanics\Intermediate\Build\Win64\UE4Editor\Development\PangeaMechanics\UE4Editor-PangeaMechanics-9977.lib and object C:\Users\Tom\Documents\GitHub\PangeaRepo\PangeaMechanics\Intermediate\Build\Win64\UE4Editor\Development\PangeaMechanics\UE4Editor-PangeaMechanics-9977.exp
[2020.05.04-21.45.33:585][ 77]CompilerResultsLog:   [3/4] UE4Editor-PangeaMechanics-9977.dll
[2020.05.04-21.45.33:585][ 77]CompilerResultsLog:      Creating library C:\Users\Tom\Documents\GitHub\PangeaRepo\PangeaMechanics\Intermediate\Build\Win64\UE4Editor\Development\PangeaMechanics\UE4Editor-PangeaMechanics-9977.suppressed.lib and object C:\Users\Tom\Documents\GitHub\PangeaRepo\PangeaMechanics\Intermediate\Build\Win64\UE4Editor\Development\PangeaMechanics\UE4Editor-PangeaMechanics-9977.suppressed.exp
[2020.05.04-21.45.33:585][ 77]CompilerResultsLog:   [4/4] PangeaMechanicsEditor.target
[2020.05.04-21.45.33:585][ 77]CompilerResultsLog: Total time in Parallel executor: 13.96 seconds
[2020.05.04-21.45.33:585][ 77]CompilerResultsLog: Total execution time: 16.64 seconds
[2020.05.04-21.45.33:585][ 77]LogMainFrame: MainFrame: Module compiling took 16.898 seconds
[2020.05.04-21.45.33:613][ 77]LogUObjectHash: Compacting FUObjectHashTables data took   0.99ms
[2020.05.04-21.45.33:902][ 77]LogHotReload: Re-instancing AnimalTriggerBox after hot-reload.
[2020.05.04-21.45.34:049][ 77]LogContentBrowser: Native class hierarchy updated for 'PangeaMechanics' in 0.0005 seconds. Added 7 classes and 2 folders.
[2020.05.04-21.45.34:053][ 77]Display: HotReload successful (2 functions remapped  0 scriptstructs remapped)
[2020.05.04-21.45.34:130][ 77]LogUObjectHash: Compacting FUObjectHashTables data took   1.36ms
[2020.05.04-21.45.34:145][ 77]LogContentBrowser: Native class hierarchy populated in 0.0084 seconds. Added 3024 classes and 722 folders.
[2020.05.04-21.45.34:146][ 77]Display: HotReload took 17.5s.
[2020.05.04-21.45.42:017][716]LogTemp: Repeating last play command: Selected Viewport
[2020.05.04-21.45.42:040][716]LogBlueprintUserMessages: Early PlayInEditor Detection: Level '/Game/ThirdPersonCPP/Maps/TamingPrototypeTG.TamingPrototypeTG:PersistentLevel' has LevelScriptBlueprint '/Game/ThirdPersonCPP/Maps/TamingPrototypeTG.TamingPrototypeTG:PersistentLevel.TamingPrototypeTG' with GeneratedClass '/Game/ThirdPersonCPP/Maps/TamingPrototypeTG.TamingPrototypeTG_C' with ClassGeneratedBy '/Game/ThirdPersonCPP/Maps/TamingPrototypeTG.TamingPrototypeTG:PersistentLevel.TamingPrototypeTG'
[2020.05.04-21.45.42:043][716]LogPlayLevel: PlayLevel: No blueprints needed recompiling
[2020.05.04-21.45.42:044][716]PIE: New page: PIE session: TamingPrototypeTG (4 May 2020, 23:45:42)
[2020.05.04-21.45.42:049][716]LogOnline: OSS: Creating online subsystem instance for: NULL
[2020.05.04-21.45.42:054][716]LogOnline: OSS: TryLoadSubsystemAndSetDefault: Loaded subsystem for module [NULL]
[2020.05.04-21.45.42:057][716]LogPlayLevel: Creating play world package: /Game/ThirdPersonCPP/Maps/UEDPIE_0_TamingPrototypeTG
[2020.05.04-21.45.42:091][716]LogPlayLevel: PIE: StaticDuplicateObject took: (0.034077s)
[2020.05.04-21.45.42:093][716]LogAIModule: Creating AISystem for world TamingPrototypeTG
[2020.05.04-21.45.42:094][716]LogPlayLevel: PIE: World Init took: (0.002408s)
[2020.05.04-21.45.42:094][716]LogPlayLevel: PIE: Created PIE world by copying editor world from /Game/ThirdPersonCPP/Maps/TamingPrototypeTG.TamingPrototypeTG to /Game/ThirdPersonCPP/Maps/UEDPIE_0_TamingPrototypeTG.TamingPrototypeTG (0.037167s)
[2020.05.04-21.45.42:123][716]LogUObjectHash: Compacting FUObjectHashTables data took   2.66ms
[2020.05.04-21.45.42:127][716]LogAudioMixer: Display: Audio Mixer Platform Settings:
[2020.05.04-21.45.42:127][716]LogAudioMixer: Display: 	Sample Rate:						  48000
[2020.05.04-21.45.42:127][716]LogAudioMixer: Display: 	Callback Buffer Frame Size Requested: 1024
[2020.05.04-21.45.42:127][716]LogAudioMixer: Display: 	Callback Buffer Frame Size To Use:	  1024
[2020.05.04-21.45.42:127][716]LogAudioMixer: Display: 	Number of buffers to queue:			  2
[2020.05.04-21.45.42:127][716]LogAudioMixer: Display: 	Max Channels (voices):				  32
[2020.05.04-21.45.42:127][716]LogAudioMixer: Display: 	Number of Async Source Workers:		  0
[2020.05.04-21.45.42:127][716]LogAudio: Display: AudioDevice MaxSources: 32
[2020.05.04-21.45.42:127][716]LogAudio: Display: Using built-in audio occlusion.
[2020.05.04-21.45.42:127][716]LogAudioMixer: Display: Initializing audio mixer.
[2020.05.04-21.45.42:140][716]LogAudioMixer: Display: Audio Device Output Speaker Info:
[2020.05.04-21.45.42:140][716]LogAudioMixer: Display: Name: Speaker/Headphone (Realtek(R) Audio)
[2020.05.04-21.45.42:140][716]LogAudioMixer: Display: Is Default: Yes
[2020.05.04-21.45.42:140][716]LogAudioMixer: Display: Sample Rate: 48000
[2020.05.04-21.45.42:140][716]LogAudioMixer: Display: Channel Count Used: 2
[2020.05.04-21.45.42:140][716]LogAudioMixer: Display: Device Channel Count: 2
[2020.05.04-21.45.42:140][716]LogAudioMixer: Display: Channel Order:
[2020.05.04-21.45.42:140][716]LogAudioMixer: Display: 0: FrontLeft
[2020.05.04-21.45.42:140][716]LogAudioMixer: Display: 1: FrontRight
[2020.05.04-21.45.42:163][716]LogAudioMixer: Display: Using Audio Device Speaker/Headphone (Realtek(R) Audio)
[2020.05.04-21.45.42:166][716]LogInit: FAudioDevice initialized.
[2020.05.04-21.45.42:188][716]LogLoad: Game class is 'PangeaMechanicsGameMode'
[2020.05.04-21.45.42:201][716]LogWorld: Bringing World /Game/ThirdPersonCPP/Maps/UEDPIE_0_TamingPrototypeTG.TamingPrototypeTG up for play (max tick rate 0) at 2020.05.04-22.45.42
[2020.05.04-21.45.42:207][716]LogWorld: Bringing up level for play took: 0.010594
[2020.05.04-21.45.42:208][716]LogOnline: OSS: Creating online subsystem instance for: :Context_1
[2020.05.04-21.45.42:258][716]LogContentBrowser: Native class hierarchy updated for 'MovieSceneCapture' in 0.0005 seconds. Added 20 classes and 0 folders.
[2020.05.04-21.45.42:262][716]PIE: Play in editor start time for /Game/ThirdPersonCPP/Maps/UEDPIE_0_TamingPrototypeTG 1.054
[2020.05.04-21.45.42:262][716]LogBlueprintUserMessages: Late PlayInEditor Detection: Level '/Game/ThirdPersonCPP/Maps/TamingPrototypeTG.TamingPrototypeTG:PersistentLevel' has LevelScriptBlueprint '/Game/ThirdPersonCPP/Maps/TamingPrototypeTG.TamingPrototypeTG:PersistentLevel.TamingPrototypeTG' with GeneratedClass '/Game/ThirdPersonCPP/Maps/TamingPrototypeTG.TamingPrototypeTG_C' with ClassGeneratedBy '/Game/ThirdPersonCPP/Maps/TamingPrototypeTG.TamingPrototypeTG:PersistentLevel.TamingPrototypeTG'
[2020.05.04-21.45.44:200][818]LogTemp: PLAYERPOS: (-3750.000000, 0.000000, 300.000000)
[2020.05.04-21.45.47:138][818]LogWindows: Error: === Critical error: ===
[2020.05.04-21.45.47:138][818]LogWindows: Error: 
[2020.05.04-21.45.47:138][818]LogWindows: Error: Fatal error!
[2020.05.04-21.45.47:138][818]LogWindows: Error: 
[2020.05.04-21.45.47:138][818]LogWindows: Error: Unhandled Exception: EXCEPTION_ACCESS_VIOLATION reading address 0x000001f0
[2020.05.04-21.45.47:138][818]LogWindows: Error: 
[2020.05.04-21.45.47:138][818]LogWindows: Error: [Callstack] 0x00007ffbc6d14d75 UE4Editor-Engine.dll!UnknownFunction []
[2020.05.04-21.45.47:138][818]LogWindows: Error: [Callstack] 0x00007ffbaae593f2 UE4Editor-PangeaMechanics-9977.dll!URideAnimal::TickComponent() [C:\Users\Tom\Documents\GitHub\PangeaRepo\PangeaMechanics\Source\PangeaMechanics\RideAnimal.cpp:73]
[2020.05.04-21.45.47:138][818]LogWindows: Error: [Callstack] 0x00007ffbc6c11cc8 UE4Editor-Engine.dll!UnknownFunction []
[2020.05.04-21.45.47:138][818]LogWindows: Error: [Callstack] 0x00007ffbc6c42c74 UE4Editor-Engine.dll!UnknownFunction []
[2020.05.04-21.45.47:138][818]LogWindows: Error: [Callstack] 0x00007ffbc79b7223 UE4Editor-Engine.dll!UnknownFunction []
[2020.05.04-21.45.47:138][818]LogWindows: Error: [Callstack] 0x00007ffbc79c5256 UE4Editor-Engine.dll!UnknownFunction []
[2020.05.04-21.45.47:138][818]LogWindows: Error: [Callstack] 0x00007ffbc9e49ff2 UE4Editor-Core.dll!UnknownFunction []
[2020.05.04-21.45.47:138][818]LogWindows: Error: [Callstack] 0x00007ffbc9e4a2aa UE4Editor-Core.dll!UnknownFunction []
[2020.05.04-21.45.47:138][818]LogWindows: Error: [Callstack] 0x00007ffbc79e36ad UE4Editor-Engine.dll!UnknownFunction []
[2020.05.04-21.45.47:138][818]LogWindows: Error: [Callstack] 0x00007ffbc79e97c2 UE4Editor-Engine.dll!UnknownFunction []
[2020.05.04-21.45.47:138][818]LogWindows: Error: [Callstack] 0x00007ffbc716a25f UE4Editor-Engine.dll!UnknownFunction []
[2020.05.04-21.45.47:138][818]LogWindows: Error: [Callstack] 0x00007ffbc717590e UE4Editor-Engine.dll!UnknownFunction []
[2020.05.04-21.45.47:138][818]LogWindows: Error: [Callstack] 0x00007ffbc530ad60 UE4Editor-UnrealEd.dll!UnknownFunction []
[2020.05.04-21.45.47:138][818]LogWindows: Error: [Callstack] 0x00007ffbc5b6e476 UE4Editor-UnrealEd.dll!UnknownFunction []
[2020.05.04-21.45.47:139][818]LogWindows: Error: [Callstack] 0x00007ff6b3877f62 UE4Editor.exe!UnknownFunction []
[2020.05.04-21.45.47:139][818]LogWindows: Error: [Callstack] 0x00007ff6b388c3ec UE4Editor.exe!UnknownFunction []
[2020.05.04-21.45.47:139][818]LogWindows: Error: [Callstack] 0x00007ff6b388c4ca UE4Editor.exe!UnknownFunction []
[2020.05.04-21.45.47:139][818]LogWindows: Error: [Callstack] 0x00007ff6b389ceae UE4Editor.exe!UnknownFunction []
[2020.05.04-21.45.47:139][818]LogWindows: Error: [Callstack] 0x00007ff6b389fcbe UE4Editor.exe!UnknownFunction []
[2020.05.04-21.45.47:139][818]LogWindows: Error: [Callstack] 0x00007ffc268f7bd4 KERNEL32.DLL!UnknownFunction []
[2020.05.04-21.45.47:139][818]LogWindows: Error: [Callstack] 0x00007ffc26f6ce51 ntdll.dll!UnknownFunction []
[2020.05.04-21.45.47:139][818]LogWindows: Error: 
[2020.05.04-21.45.47:172][818]LogExit: Executing StaticShutdownAfterError
[2020.05.04-21.45.47:194][818]LogWindows: FPlatformMisc::RequestExit(1)
[2020.05.04-21.45.47:194][818]LogCore: Engine exit requested (reason: Win RequestExit)
[2020.05.04-21.45.47:207][818]Log file closed, 05/04/20 22:45:47
