Log file open, 04/14/20 21:01:42
LogWindows: Failed to load 'aqProf.dll' (GetLastError=126)
LogWindows: File 'aqProf.dll' does not exist
LogWindows: Failed to load 'VtuneApi.dll' (GetLastError=126)
LogWindows: File 'VtuneApi.dll' does not exist
LogWindows: Failed to load 'VtuneApi32e.dll' (GetLastError=126)
LogWindows: File 'VtuneApi32e.dll' does not exist
LogConsoleResponse: Display: Failed to find resolution value strings in scalability ini. Falling back to default.
LogInit: Display: Running engine for game: PangeaMechanics
LogPlatformFile: Not using cached read wrapper
LogTaskGraph: Started task graph with 5 named threads and 14 total threads with 3 sets of task threads.
LogStats: Stats thread started at 0.192066
LogD3D11RHI: Loaded GFSDK_Aftermath_Lib.x64.dll
LogICUInternationalization: ICU TimeZone Detection - Raw Offset: -5:00, Platform Override: ''
LogPluginManager: Mounting plugin Paper2D
LogPluginManager: Mounting plugin AISupport
LogPluginManager: Mounting plugin LightPropagationVolume
LogPluginManager: Mounting plugin ActorLayerUtilities
LogPluginManager: Mounting plugin AnimationSharing
LogPluginManager: Mounting plugin CLionSourceCodeAccess
LogPluginManager: Mounting plugin CodeLiteSourceCodeAccess
LogPluginManager: Mounting plugin GitSourceControl
LogPluginManager: Mounting plugin KDevelopSourceCodeAccess
LogPluginManager: Mounting plugin NullSourceCodeAccess
LogPluginManager: Mounting plugin PerforceSourceControl
LogPluginManager: Mounting plugin PlasticSourceControl
LogPluginManager: Mounting plugin SubversionSourceControl
LogPluginManager: Mounting plugin UObjectPlugin
LogPluginManager: Mounting plugin VisualStudioCodeSourceCodeAccess
LogPluginManager: Mounting plugin VisualStudioSourceCodeAccess
LogPluginManager: Mounting plugin XCodeSourceCodeAccess
LogPluginManager: Mounting plugin AssetManagerEditor
LogPluginManager: Mounting plugin CryptoKeys
LogPluginManager: Mounting plugin CurveEditorTools
LogPluginManager: Mounting plugin DataValidation
LogPluginManager: Mounting plugin FacialAnimation
LogPluginManager: Mounting plugin GameplayTagsEditor
LogPluginManager: Mounting plugin MacGraphicsSwitching
LogPluginManager: Mounting plugin MaterialAnalyzer
LogPluginManager: Mounting plugin MobileLauncherProfileWizard
LogPluginManager: Mounting plugin PluginBrowser
LogPluginManager: Mounting plugin SpeedTreeImporter
LogPluginManager: Mounting plugin DatasmithContent
LogPluginManager: Mounting plugin VariantManagerContent
LogPluginManager: Mounting plugin AlembicImporter
LogPluginManager: Mounting plugin AutomationUtils
LogPluginManager: Mounting plugin BackChannel
LogPluginManager: Mounting plugin CharacterAI
LogPluginManager: Mounting plugin GeometryCache
LogPluginManager: Mounting plugin PlatformCrypto
LogPluginManager: Mounting plugin ProxyLODPlugin
LogPluginManager: Mounting plugin SkeletalReduction
LogPluginManager: Mounting plugin MagicLeap
LogPluginManager: Mounting plugin MagicLeapMedia
LogPluginManager: Mounting plugin MLSDK
LogPluginManager: Mounting plugin AndroidMedia
LogPluginManager: Mounting plugin AvfMedia
LogPluginManager: Mounting plugin ImgMedia
LogPluginManager: Mounting plugin MediaCompositing
LogPluginManager: Mounting plugin MediaPlayerEditor
LogPluginManager: Mounting plugin WebMMedia
LogPluginManager: Mounting plugin WmfMedia
LogPluginManager: Mounting plugin TcpMessaging
LogPluginManager: Mounting plugin UdpMessaging
LogPluginManager: Mounting plugin ActorSequence
LogPluginManager: Mounting plugin LevelSequenceEditor
LogPluginManager: Mounting plugin MatineeToLevelSequence
LogPluginManager: Mounting plugin NetcodeUnitTest
LogPluginManager: Mounting plugin NUTUnrealEngine4
LogPluginManager: Mounting plugin OnlineSubsystemGooglePlay
LogPluginManager: Mounting plugin OnlineSubsystemIOS
LogPluginManager: Mounting plugin OnlineSubsystem
LogPluginManager: Mounting plugin OnlineSubsystemNull
LogPluginManager: Mounting plugin OnlineSubsystemUtils
LogPluginManager: Mounting plugin LauncherChunkInstaller
LogPluginManager: Mounting plugin AndroidDeviceProfileSelector
LogPluginManager: Mounting plugin AndroidMoviePlayer
LogPluginManager: Mounting plugin AndroidPermission
LogPluginManager: Mounting plugin AppleImageUtils
LogPluginManager: Mounting plugin AppleMoviePlayer
LogPluginManager: Mounting plugin ArchVisCharacter
LogPluginManager: Mounting plugin AssetTags
LogPluginManager: Mounting plugin AudioCapture
LogPluginManager: Mounting plugin CableComponent
LogPluginManager: Mounting plugin CustomMeshComponent
LogPluginManager: Mounting plugin EditableMesh
LogPluginManager: Mounting plugin ExampleDeviceProfileSelector
LogPluginManager: Mounting plugin GoogleCloudMessaging
LogPluginManager: Mounting plugin IOSDeviceProfileSelector
LogPluginManager: Mounting plugin LinuxDeviceProfileSelector
LogPluginManager: Mounting plugin LocationServicesBPLibrary
LogPluginManager: Mounting plugin MobilePatchingUtils
LogPluginManager: Mounting plugin OculusVR
LogPluginManager: Mounting plugin PhysXVehicles
LogPluginManager: Mounting plugin PostSplashScreen
LogPluginManager: Mounting plugin ProceduralMeshComponent
LogPluginManager: Mounting plugin RuntimePhysXCooking
LogPluginManager: Mounting plugin SignificanceManager
LogPluginManager: Mounting plugin SteamVR
LogPluginManager: Mounting plugin WebMMoviePlayer
LogPluginManager: Mounting plugin WindowsMoviePlayer
LogPluginManager: Mounting plugin ScreenshotTools
LogInit: Using libcurl 7.55.1-DEV
LogInit:  - built for x86_64-pc-win32
LogInit:  - supports SSL with OpenSSL/1.1.1
LogInit:  - supports HTTP deflate (compression) using libz 1.2.8
LogInit:  - other features:
LogInit:      CURL_VERSION_SSL
LogInit:      CURL_VERSION_LIBZ
LogInit:      CURL_VERSION_IPV6
LogInit:      CURL_VERSION_ASYNCHDNS
LogInit:      CURL_VERSION_LARGEFILE
LogInit:      CURL_VERSION_IDN
LogInit:  CurlRequestOptions (configurable via config and command line):
LogInit:  - bVerifyPeer = true  - Libcurl will verify peer certificate
LogInit:  - bUseHttpProxy = false  - Libcurl will NOT use HTTP proxy
LogInit:  - bDontReuseConnections = false  - Libcurl will reuse connections
LogInit:  - MaxHostConnections = 16  - Libcurl will limit the number of connections to a host
LogInit:  - LocalHostAddr = Default
LogInit:  - BufferSize = 65536
LogOnline: OSS: Creating online subsystem instance for: NULL
LogInit: WinSock: version 1.1 (2.2), MaxSocks=32767, MaxUdp=65467
LogOnline: OSS: TryLoadSubsystemAndSetDefault: Loaded subsystem for module [NULL]
LogInit: Build: ++UE4+Release-4.24-CL-11590370
LogInit: Engine Version: 4.24.3-11590370+++UE4+Release-4.24
LogInit: Compatible Engine Version: 4.24.0-10570792+++UE4+Release-4.24
LogInit: Net CL: 10570792
LogInit: OS: Windows 10 (Release 1903) (), CPU: Intel(R) Core(TM) i5-7400 CPU @ 3.00GHz, GPU: NVIDIA GeForce GTX 1060 6GB
LogInit: Compiled (64-bit): Feb 24 2020 15:39:18
LogInit: Compiled with Visual C++: 19.16.27032.01
LogInit: Build Configuration: Development
LogInit: Branch Name: ++UE4+Release-4.24
LogInit: Command Line:  -EpicPortal -epicusername=MrEgoGames -epicuserid=475b618faf124090b3647cf9c9f763da -epiclocale=en
LogInit: Base Directory: C:/Program Files/Epic Games/UE_4.24/Engine/Binaries/Win64/
LogInit: Installed Engine Build: 1
LogDevObjectVersion: Number of dev versions registered: 25
LogDevObjectVersion:   Dev-Blueprints (B0D832E4-1F89-4F0D-ACCF-7EB736FD4AA2): 10
LogDevObjectVersion:   Dev-Build (E1C64328-A22C-4D53-A36C-8E866417BD8C): 0
LogDevObjectVersion:   Dev-Core (375EC13C-06E4-48FB-B500-84F0262A717E): 3
LogDevObjectVersion:   Dev-Editor (E4B068ED-F494-42E9-A231-DA0B2E46BB41): 37
LogDevObjectVersion:   Dev-Framework (CFFC743F-43B0-4480-9391-14DF171D2073): 36
LogDevObjectVersion:   Dev-Mobile (B02B49B5-BB20-44E9-A304-32B752E40360): 2
LogDevObjectVersion:   Dev-Networking (A4E4105C-59A1-49B5-A7C5-40C4547EDFEE): 0
LogDevObjectVersion:   Dev-Online (39C831C9-5AE6-47DC-9A44-9C173E1C8E7C): 0
LogDevObjectVersion:   Dev-Physics (78F01B33-EBEA-4F98-B9B4-84EACCB95AA2): 2
LogDevObjectVersion:   Dev-Platform (6631380F-2D4D-43E0-8009-CF276956A95A): 0
LogDevObjectVersion:   Dev-Rendering (12F88B9F-8875-4AFC-A67C-D90C383ABD29): 36
LogDevObjectVersion:   Dev-Sequencer (7B5AE74C-D270-4C10-A958-57980B212A5A): 11
LogDevObjectVersion:   Dev-VR (D7296918-1DD6-4BDD-9DE2-64A83CC13884): 2
LogDevObjectVersion:   Dev-LoadTimes (C2A15278-BFE7-4AFE-6C17-90FF531DF755): 1
LogDevObjectVersion:   Private-Geometry (6EACA3D4-40EC-4CC1-B786-8BED09428FC5): 3
LogDevObjectVersion:   Dev-AnimPhys (29E575DD-E0A3-4627-9D10-D276232CDCEA): 17
LogDevObjectVersion:   Dev-Anim (AF43A65D-7FD3-4947-9873-3E8ED9C1BB05): 2
LogDevObjectVersion:   Dev-ReflectionCapture (6B266CEC-1EC7-4B8F-A30B-E4D90942FC07): 1
LogDevObjectVersion:   Dev-Automation (0DF73D61-A23F-47EA-B727-89E90C41499A): 1
LogDevObjectVersion:   FortniteMain (601D1886-AC64-4F84-AA16-D3DE0DEAC7D6): 31
LogDevObjectVersion:   Dev-Enterprise (9DFFBCD6-494F-0158-E221-12823C92A888): 8
LogDevObjectVersion:   Dev-Niagara (F2AED0AC-9AFE-416F-8664-AA7FFA26D6FC): 1
LogDevObjectVersion:   Dev-Destruction (174F1F0B-B4C6-45A5-B13F-2EE8D0FB917D): 9
LogDevObjectVersion:   Dev-Physics-Ext (35F94A83-E258-406C-A318-09F59610247C): 8
LogDevObjectVersion:   Dev-CineCamera (B2E18506-4273-CFC2-A54E-F4BB758BBA07): 1
LogInit: Presizing for max 25165824 objects, including 0 objects not considered by GC, pre-allocating 0 bytes for permanent pool.
LogInit: Object subsystem initialized
LogConfig: Setting CVar [[con.DebugEarlyDefault:1]]
LogConfig: Setting CVar [[r.setres:1280x720]]
[2020.04.15-01.01.42:878][  0]LogConfig: Setting CVar [[r.VSync:0]]
[2020.04.15-01.01.42:878][  0]LogConfig: Setting CVar [[r.RHICmdBypass:0]]
[2020.04.15-01.01.42:878][  0]LogConfig: Applying CVar settings from Section [/Script/Engine.RendererSettings] File [C:/Users/Mike/Documents/GitHub/PangeaRepo/PangeaMechanics/Saved/Config/Windows/Engine.ini]
[2020.04.15-01.01.42:878][  0]LogConfig: Setting CVar [[r.GPUCrashDebugging:0]]
[2020.04.15-01.01.42:878][  0]LogConfig: Applying CVar settings from Section [/Script/Engine.RendererOverrideSettings] File [C:/Users/Mike/Documents/GitHub/PangeaRepo/PangeaMechanics/Saved/Config/Windows/Engine.ini]
[2020.04.15-01.01.42:878][  0]LogConfig: Applying CVar settings from Section [/Script/Engine.StreamingSettings] File [C:/Users/Mike/Documents/GitHub/PangeaRepo/PangeaMechanics/Saved/Config/Windows/Engine.ini]
[2020.04.15-01.01.42:878][  0]LogConfig: Setting CVar [[s.MinBulkDataSizeForAsyncLoading:131072]]
[2020.04.15-01.01.42:878][  0]LogConfig: Setting CVar [[s.AsyncLoadingThreadEnabled:0]]
[2020.04.15-01.01.42:878][  0]LogConfig: Setting CVar [[s.EventDrivenLoaderEnabled:1]]
[2020.04.15-01.01.42:878][  0]LogConfig: Setting CVar [[s.WarnIfTimeLimitExceeded:0]]
[2020.04.15-01.01.42:879][  0]LogConfig: Setting CVar [[s.TimeLimitExceededMultiplier:1.5]]
[2020.04.15-01.01.42:879][  0]LogConfig: Setting CVar [[s.TimeLimitExceededMinTime:0.005]]
[2020.04.15-01.01.42:879][  0]LogConfig: Setting CVar [[s.UseBackgroundLevelStreaming:1]]
[2020.04.15-01.01.42:879][  0]LogConfig: Setting CVar [[s.PriorityAsyncLoadingExtraTime:15.0]]
[2020.04.15-01.01.42:879][  0]LogConfig: Setting CVar [[s.LevelStreamingActorsUpdateTimeLimit:5.0]]
[2020.04.15-01.01.42:879][  0]LogConfig: Setting CVar [[s.PriorityLevelStreamingActorsUpdateExtraTime:5.0]]
[2020.04.15-01.01.42:879][  0]LogConfig: Setting CVar [[s.LevelStreamingComponentsRegistrationGranularity:10]]
[2020.04.15-01.01.42:879][  0]LogConfig: Setting CVar [[s.UnregisterComponentsTimeLimit:1.0]]
[2020.04.15-01.01.42:879][  0]LogConfig: Setting CVar [[s.LevelStreamingComponentsUnregistrationGranularity:5]]
[2020.04.15-01.01.42:879][  0]LogConfig: Setting CVar [[s.FlushStreamingOnExit:1]]
[2020.04.15-01.01.42:879][  0]LogConfig: Applying CVar settings from Section [/Script/Engine.GarbageCollectionSettings] File [C:/Users/Mike/Documents/GitHub/PangeaRepo/PangeaMechanics/Saved/Config/Windows/Engine.ini]
[2020.04.15-01.01.42:879][  0]LogConfig: Setting CVar [[gc.MaxObjectsNotConsideredByGC:1]]
[2020.04.15-01.01.42:879][  0]LogConfig: Setting CVar [[gc.SizeOfPermanentObjectPool:0]]
[2020.04.15-01.01.42:879][  0]LogConfig: Setting CVar [[gc.FlushStreamingOnGC:0]]
[2020.04.15-01.01.42:879][  0]LogConfig: Setting CVar [[gc.NumRetriesBeforeForcingGC:10]]
[2020.04.15-01.01.42:879][  0]LogConfig: Setting CVar [[gc.AllowParallelGC:1]]
[2020.04.15-01.01.42:879][  0]LogConfig: Setting CVar [[gc.TimeBetweenPurgingPendingKillObjects:61.1]]
[2020.04.15-01.01.42:879][  0]LogConfig: Setting CVar [[gc.MaxObjectsInEditor:25165824]]
[2020.04.15-01.01.42:879][  0]LogConfig: Setting CVar [[gc.IncrementalBeginDestroyEnabled:1]]
[2020.04.15-01.01.42:879][  0]LogConfig: Setting CVar [[gc.CreateGCClusters:1]]
[2020.04.15-01.01.42:879][  0]LogConfig: Setting CVar [[gc.MinGCClusterSize:5]]
[2020.04.15-01.01.42:879][  0]LogConfig: Setting CVar [[gc.ActorClusteringEnabled:0]]
[2020.04.15-01.01.42:879][  0]LogConfig: Setting CVar [[gc.BlueprintClusteringEnabled:0]]
[2020.04.15-01.01.42:879][  0]LogConfig: Setting CVar [[gc.UseDisregardForGCOnDedicatedServers:0]]
[2020.04.15-01.01.42:879][  0]LogConfig: Applying CVar settings from Section [/Script/Engine.NetworkSettings] File [C:/Users/Mike/Documents/GitHub/PangeaRepo/PangeaMechanics/Saved/Config/Windows/Engine.ini]
[2020.04.15-01.01.42:879][  0]LogConfig: Applying CVar settings from Section [/Script/UnrealEd.CookerSettings] File [C:/Users/Mike/Documents/GitHub/PangeaRepo/PangeaMechanics/Saved/Config/Windows/Engine.ini]
[2020.04.15-01.01.42:884][  0]LogConfig: Applying CVar settings from Section [ViewDistanceQuality@3] File [C:/Users/Mike/Documents/GitHub/PangeaRepo/PangeaMechanics/Saved/Config/Windows/Scalability.ini]
[2020.04.15-01.01.42:884][  0]LogConfig: Setting CVar [[r.SkeletalMeshLODBias:0]]
[2020.04.15-01.01.42:884][  0]LogConfig: Setting CVar [[r.ViewDistanceScale:1.0]]
[2020.04.15-01.01.42:884][  0]LogConfig: Applying CVar settings from Section [AntiAliasingQuality@3] File [C:/Users/Mike/Documents/GitHub/PangeaRepo/PangeaMechanics/Saved/Config/Windows/Scalability.ini]
[2020.04.15-01.01.42:884][  0]LogConfig: Setting CVar [[r.PostProcessAAQuality:4]]
[2020.04.15-01.01.42:884][  0]LogConfig: Applying CVar settings from Section [ShadowQuality@3] File [C:/Users/Mike/Documents/GitHub/PangeaRepo/PangeaMechanics/Saved/Config/Windows/Scalability.ini]
[2020.04.15-01.01.42:884][  0]LogConfig: Setting CVar [[r.LightFunctionQuality:1]]
[2020.04.15-01.01.42:884][  0]LogConfig: Setting CVar [[r.ShadowQuality:5]]
[2020.04.15-01.01.42:884][  0]LogConfig: Setting CVar [[r.Shadow.CSM.MaxCascades:10]]
[2020.04.15-01.01.42:884][  0]LogConfig: Setting CVar [[r.Shadow.MaxResolution:2048]]
[2020.04.15-01.01.42:884][  0]LogConfig: Setting CVar [[r.Shadow.MaxCSMResolution:2048]]
[2020.04.15-01.01.42:884][  0]LogConfig: Setting CVar [[r.Shadow.RadiusThreshold:0.01]]
[2020.04.15-01.01.42:884][  0]LogConfig: Setting CVar [[r.Shadow.DistanceScale:1.0]]
[2020.04.15-01.01.42:884][  0]LogConfig: Setting CVar [[r.Shadow.CSM.TransitionScale:1.0]]
[2020.04.15-01.01.42:884][  0]LogConfig: Setting CVar [[r.Shadow.PreShadowResolutionFactor:1.0]]
[2020.04.15-01.01.42:884][  0]LogConfig: Setting CVar [[r.DistanceFieldShadowing:1]]
[2020.04.15-01.01.42:884][  0]LogConfig: Setting CVar [[r.DistanceFieldAO:1]]
[2020.04.15-01.01.42:884][  0]LogConfig: Setting CVar [[r.AOQuality:2]]
[2020.04.15-01.01.42:884][  0]LogConfig: Setting CVar [[r.VolumetricFog:1]]
[2020.04.15-01.01.42:884][  0]LogConfig: Setting CVar [[r.VolumetricFog.GridPixelSize:8]]
[2020.04.15-01.01.42:884][  0]LogConfig: Setting CVar [[r.VolumetricFog.GridSizeZ:128]]
[2020.04.15-01.01.42:884][  0]LogConfig: Setting CVar [[r.VolumetricFog.HistoryMissSupersampleCount:4]]
[2020.04.15-01.01.42:884][  0]LogConfig: Setting CVar [[r.LightMaxDrawDistanceScale:1]]
[2020.04.15-01.01.42:884][  0]LogConfig: Setting CVar [[r.CapsuleShadows:1]]
[2020.04.15-01.01.42:884][  0]LogConfig: Applying CVar settings from Section [PostProcessQuality@3] File [C:/Users/Mike/Documents/GitHub/PangeaRepo/PangeaMechanics/Saved/Config/Windows/Scalability.ini]
[2020.04.15-01.01.42:884][  0]LogConfig: Setting CVar [[r.MotionBlurQuality:4]]
[2020.04.15-01.01.42:884][  0]LogConfig: Setting CVar [[r.AmbientOcclusionMipLevelFactor:0.4]]
[2020.04.15-01.01.42:884][  0]LogConfig: Setting CVar [[r.AmbientOcclusionMaxQuality:100]]
[2020.04.15-01.01.42:885][  0]LogConfig: Setting CVar [[r.AmbientOcclusionLevels:-1]]
[2020.04.15-01.01.42:885][  0]LogConfig: Setting CVar [[r.AmbientOcclusionRadiusScale:1.0]]
[2020.04.15-01.01.42:885][  0]LogConfig: Setting CVar [[r.DepthOfFieldQuality:2]]
[2020.04.15-01.01.42:885][  0]LogConfig: Setting CVar [[r.RenderTargetPoolMin:400]]
[2020.04.15-01.01.42:885][  0]LogConfig: Setting CVar [[r.LensFlareQuality:2]]
[2020.04.15-01.01.42:885][  0]LogConfig: Setting CVar [[r.SceneColorFringeQuality:1]]
[2020.04.15-01.01.42:885][  0]LogConfig: Setting CVar [[r.EyeAdaptationQuality:2]]
[2020.04.15-01.01.42:885][  0]LogConfig: Setting CVar [[r.BloomQuality:5]]
[2020.04.15-01.01.42:885][  0]LogConfig: Setting CVar [[r.FastBlurThreshold:100]]
[2020.04.15-01.01.42:885][  0]LogConfig: Setting CVar [[r.Upscale.Quality:3]]
[2020.04.15-01.01.42:885][  0]LogConfig: Setting CVar [[r.Tonemapper.GrainQuantization:1]]
[2020.04.15-01.01.42:885][  0]LogConfig: Setting CVar [[r.LightShaftQuality:1]]
[2020.04.15-01.01.42:885][  0]LogConfig: Setting CVar [[r.Filter.SizeScale:1]]
[2020.04.15-01.01.42:885][  0]LogConfig: Setting CVar [[r.Tonemapper.Quality:5]]
[2020.04.15-01.01.42:885][  0]LogConfig: Setting CVar [[r.DOF.Gather.AccumulatorQuality:1        ; higher gathering accumulator quality]]
[2020.04.15-01.01.42:885][  0]LogConfig: Setting CVar [[r.DOF.Gather.PostfilterMethod:1          ; Median3x3 postfilering method]]
[2020.04.15-01.01.42:885][  0]LogConfig: Setting CVar [[r.DOF.Gather.EnableBokehSettings:0       ; no bokeh simulation when gathering]]
[2020.04.15-01.01.42:885][  0]LogConfig: Setting CVar [[r.DOF.Gather.RingCount:4                 ; medium number of samples when gathering]]
[2020.04.15-01.01.42:885][  0]LogConfig: Setting CVar [[r.DOF.Scatter.ForegroundCompositing:1    ; additive foreground scattering]]
[2020.04.15-01.01.42:885][  0]LogConfig: Setting CVar [[r.DOF.Scatter.BackgroundCompositing:2    ; additive background scattering]]
[2020.04.15-01.01.42:885][  0]LogConfig: Setting CVar [[r.DOF.Scatter.EnableBokehSettings:1      ; bokeh simulation when scattering]]
[2020.04.15-01.01.42:885][  0]LogConfig: Setting CVar [[r.DOF.Scatter.MaxSpriteRatio:0.1         ; only a maximum of 10% of scattered bokeh]]
[2020.04.15-01.01.42:885][  0]LogConfig: Setting CVar [[r.DOF.Recombine.Quality:1                ; cheap slight out of focus]]
[2020.04.15-01.01.42:885][  0]LogConfig: Setting CVar [[r.DOF.Recombine.EnableBokehSettings:0    ; no bokeh simulation on slight out of focus]]
[2020.04.15-01.01.42:885][  0]LogConfig: Setting CVar [[r.DOF.TemporalAAQuality:1                ; more stable temporal accumulation]]
[2020.04.15-01.01.42:885][  0]LogConfig: Setting CVar [[r.DOF.Kernel.MaxForegroundRadius:0.025]]
[2020.04.15-01.01.42:885][  0]LogConfig: Setting CVar [[r.DOF.Kernel.MaxBackgroundRadius:0.025]]
[2020.04.15-01.01.42:885][  0]LogConfig: Applying CVar settings from Section [TextureQuality@3] File [C:/Users/Mike/Documents/GitHub/PangeaRepo/PangeaMechanics/Saved/Config/Windows/Scalability.ini]
[2020.04.15-01.01.42:885][  0]LogConfig: Setting CVar [[r.Streaming.MipBias:0]]
[2020.04.15-01.01.42:885][  0]LogConfig: Setting CVar [[r.Streaming.AmortizeCPUToGPUCopy:0]]
[2020.04.15-01.01.42:885][  0]LogConfig: Setting CVar [[r.Streaming.MaxNumTexturesToStreamPerFrame:0]]
[2020.04.15-01.01.42:885][  0]LogConfig: Setting CVar [[r.Streaming.Boost:1]]
[2020.04.15-01.01.42:885][  0]LogConfig: Setting CVar [[r.MaxAnisotropy:8]]
[2020.04.15-01.01.42:885][  0]LogConfig: Setting CVar [[r.VT.MaxAnisotropy:8]]
[2020.04.15-01.01.42:885][  0]LogConfig: Setting CVar [[r.Streaming.LimitPoolSizeToVRAM:0]]
[2020.04.15-01.01.42:885][  0]LogConfig: Setting CVar [[r.Streaming.PoolSize:1000]]
[2020.04.15-01.01.42:885][  0]LogConfig: Setting CVar [[r.Streaming.MaxEffectiveScreenSize:0]]
[2020.04.15-01.01.42:885][  0]LogConfig: Applying CVar settings from Section [EffectsQuality@3] File [C:/Users/Mike/Documents/GitHub/PangeaRepo/PangeaMechanics/Saved/Config/Windows/Scalability.ini]
[2020.04.15-01.01.42:885][  0]LogConfig: Setting CVar [[r.TranslucencyLightingVolumeDim:64]]
[2020.04.15-01.01.42:885][  0]LogConfig: Setting CVar [[r.RefractionQuality:2]]
[2020.04.15-01.01.42:885][  0]LogConfig: Setting CVar [[r.SSR.Quality:3]]
[2020.04.15-01.01.42:885][  0]LogConfig: Setting CVar [[r.SSR.HalfResSceneColor:0]]
[2020.04.15-01.01.42:885][  0]LogConfig: Setting CVar [[r.SceneColorFormat:4]]
[2020.04.15-01.01.42:885][  0]LogConfig: Setting CVar [[r.DetailMode:2]]
[2020.04.15-01.01.42:885][  0]LogConfig: Setting CVar [[r.TranslucencyVolumeBlur:1]]
[2020.04.15-01.01.42:885][  0]LogConfig: Setting CVar [[r.MaterialQualityLevel:1 ; High quality]]
[2020.04.15-01.01.42:885][  0]LogConfig: Setting CVar [[r.SSS.Scale:1]]
[2020.04.15-01.01.42:885][  0]LogConfig: Setting CVar [[r.SSS.SampleSet:2]]
[2020.04.15-01.01.42:885][  0]LogConfig: Setting CVar [[r.SSS.Quality:1]]
[2020.04.15-01.01.42:885][  0]LogConfig: Setting CVar [[r.SSS.HalfRes:1]]
[2020.04.15-01.01.42:885][  0]LogConfig: Setting CVar [[r.SSGI.Quality:3]]
[2020.04.15-01.01.42:885][  0]LogConfig: Setting CVar [[r.EmitterSpawnRateScale:1.0]]
[2020.04.15-01.01.42:885][  0]LogConfig: Setting CVar [[r.ParticleLightQuality:2]]
[2020.04.15-01.01.42:885][  0]LogConfig: Setting CVar [[r.SkyAtmosphere.AerialPerspectiveLUT.FastApplyOnOpaque:1 ; Always have FastSkyLUT 1 in this case to avoid wrong sky]]
[2020.04.15-01.01.42:885][  0]LogConfig: Setting CVar [[r.SkyAtmosphere.AerialPerspectiveLUT.SampleCountPerSlice:1]]
[2020.04.15-01.01.42:885][  0]LogConfig: Setting CVar [[r.SkyAtmosphere.AerialPerspectiveLUT.DepthResolution:16.0]]
[2020.04.15-01.01.42:885][  0]LogConfig: Setting CVar [[r.SkyAtmosphere.FastSkyLUT:1]]
[2020.04.15-01.01.42:885][  0]LogConfig: Setting CVar [[r.SkyAtmosphere.FastSkyLUT.SampleCountMin:4.0]]
[2020.04.15-01.01.42:885][  0]LogConfig: Setting CVar [[r.SkyAtmosphere.FastSkyLUT.SampleCountMax:32.0]]
[2020.04.15-01.01.42:885][  0]LogConfig: Setting CVar [[r.SkyAtmosphere.SampleCountMin:4.0]]
[2020.04.15-01.01.42:885][  0]LogConfig: Setting CVar [[r.SkyAtmosphere.SampleCountMax:32.0]]
[2020.04.15-01.01.42:885][  0]LogConfig: Setting CVar [[r.SkyAtmosphere.TransmittanceLUT.UseSmallFormat:0]]
[2020.04.15-01.01.42:885][  0]LogConfig: Setting CVar [[r.SkyAtmosphere.TransmittanceLUT.SampleCount:10.0]]
[2020.04.15-01.01.42:885][  0]LogConfig: Setting CVar [[r.SkyAtmosphere.MultiScatteringLUT.SampleCount:15.0]]
[2020.04.15-01.01.42:885][  0]LogConfig: Applying CVar settings from Section [FoliageQuality@3] File [C:/Users/Mike/Documents/GitHub/PangeaRepo/PangeaMechanics/Saved/Config/Windows/Scalability.ini]
[2020.04.15-01.01.42:885][  0]LogConfig: Setting CVar [[foliage.DensityScale:1.0]]
[2020.04.15-01.01.42:885][  0]LogConfig: Setting CVar [[grass.DensityScale:1.0]]
[2020.04.15-01.01.42:885][  0]LogConfig: Applying CVar settings from Section [ShadingQuality@3] File [C:/Users/Mike/Documents/GitHub/PangeaRepo/PangeaMechanics/Saved/Config/Windows/Scalability.ini]
[2020.04.15-01.01.42:885][  0]LogConfig: Setting CVar [[r.HairStrands.SkyLighting.SampleCount:16]]
[2020.04.15-01.01.42:885][  0]LogConfig: Setting CVar [[r.HairStrands.SkyLighting.JitterIntegration:0]]
[2020.04.15-01.01.42:885][  0]LogConfig: Setting CVar [[r.HairStrands.SkyAO.SampleCount:16]]
[2020.04.15-01.01.42:886][  0]LogInit: Selected Device Profile: [Windows]
[2020.04.15-01.01.42:886][  0]LogInit: Applying CVar settings loaded from the selected device profile: [Windows]
[2020.04.15-01.01.42:921][  0]LogHAL: Display: Platform has ~ 8 GB [8490749952 / 8589934592 / 8], which maps to Default [LargestMinGB=32, LargerMinGB=12, DefaultMinGB=8, SmallerMinGB=6, SmallestMinGB=0)
[2020.04.15-01.01.42:921][  0]LogInit: Going up to parent DeviceProfile []
[2020.04.15-01.01.42:921][  0]LogConfig: Applying CVar settings from Section [ViewDistanceQuality@3] File [C:/Users/Mike/Documents/GitHub/PangeaRepo/PangeaMechanics/Saved/Config/Windows/Scalability.ini]
[2020.04.15-01.01.42:921][  0]LogConfig: Setting CVar [[r.SkeletalMeshLODBias:0]]
[2020.04.15-01.01.42:921][  0]LogConfig: Setting CVar [[r.ViewDistanceScale:1.0]]
[2020.04.15-01.01.42:921][  0]LogConfig: Applying CVar settings from Section [AntiAliasingQuality@3] File [C:/Users/Mike/Documents/GitHub/PangeaRepo/PangeaMechanics/Saved/Config/Windows/Scalability.ini]
[2020.04.15-01.01.42:921][  0]LogConfig: Setting CVar [[r.PostProcessAAQuality:4]]
[2020.04.15-01.01.42:921][  0]LogConfig: Applying CVar settings from Section [ShadowQuality@3] File [C:/Users/Mike/Documents/GitHub/PangeaRepo/PangeaMechanics/Saved/Config/Windows/Scalability.ini]
[2020.04.15-01.01.42:921][  0]LogConfig: Setting CVar [[r.LightFunctionQuality:1]]
[2020.04.15-01.01.42:921][  0]LogConfig: Setting CVar [[r.ShadowQuality:5]]
[2020.04.15-01.01.42:921][  0]LogConfig: Setting CVar [[r.Shadow.CSM.MaxCascades:10]]
[2020.04.15-01.01.42:921][  0]LogConfig: Setting CVar [[r.Shadow.MaxResolution:2048]]
[2020.04.15-01.01.42:921][  0]LogConfig: Setting CVar [[r.Shadow.MaxCSMResolution:2048]]
[2020.04.15-01.01.42:921][  0]LogConfig: Setting CVar [[r.Shadow.RadiusThreshold:0.01]]
[2020.04.15-01.01.42:921][  0]LogConfig: Setting CVar [[r.Shadow.DistanceScale:1.0]]
[2020.04.15-01.01.42:921][  0]LogConfig: Setting CVar [[r.Shadow.CSM.TransitionScale:1.0]]
[2020.04.15-01.01.42:921][  0]LogConfig: Setting CVar [[r.Shadow.PreShadowResolutionFactor:1.0]]
[2020.04.15-01.01.42:921][  0]LogConfig: Setting CVar [[r.DistanceFieldShadowing:1]]
[2020.04.15-01.01.42:921][  0]LogConfig: Setting CVar [[r.DistanceFieldAO:1]]
[2020.04.15-01.01.42:921][  0]LogConfig: Setting CVar [[r.AOQuality:2]]
[2020.04.15-01.01.42:921][  0]LogConfig: Setting CVar [[r.VolumetricFog:1]]
[2020.04.15-01.01.42:921][  0]LogConfig: Setting CVar [[r.VolumetricFog.GridPixelSize:8]]
[2020.04.15-01.01.42:921][  0]LogConfig: Setting CVar [[r.VolumetricFog.GridSizeZ:128]]
[2020.04.15-01.01.42:921][  0]LogConfig: Setting CVar [[r.VolumetricFog.HistoryMissSupersampleCount:4]]
[2020.04.15-01.01.42:921][  0]LogConfig: Setting CVar [[r.LightMaxDrawDistanceScale:1]]
[2020.04.15-01.01.42:921][  0]LogConfig: Setting CVar [[r.CapsuleShadows:1]]
[2020.04.15-01.01.42:921][  0]LogConfig: Applying CVar settings from Section [PostProcessQuality@3] File [C:/Users/Mike/Documents/GitHub/PangeaRepo/PangeaMechanics/Saved/Config/Windows/Scalability.ini]
[2020.04.15-01.01.42:921][  0]LogConfig: Setting CVar [[r.MotionBlurQuality:4]]
[2020.04.15-01.01.42:921][  0]LogConfig: Setting CVar [[r.AmbientOcclusionMipLevelFactor:0.4]]
[2020.04.15-01.01.42:921][  0]LogConfig: Setting CVar [[r.AmbientOcclusionMaxQuality:100]]
[2020.04.15-01.01.42:921][  0]LogConfig: Setting CVar [[r.AmbientOcclusionLevels:-1]]
[2020.04.15-01.01.42:921][  0]LogConfig: Setting CVar [[r.AmbientOcclusionRadiusScale:1.0]]
[2020.04.15-01.01.42:921][  0]LogConfig: Setting CVar [[r.DepthOfFieldQuality:2]]
[2020.04.15-01.01.42:921][  0]LogConfig: Setting CVar [[r.RenderTargetPoolMin:400]]
[2020.04.15-01.01.42:921][  0]LogConfig: Setting CVar [[r.LensFlareQuality:2]]
[2020.04.15-01.01.42:921][  0]LogConfig: Setting CVar [[r.SceneColorFringeQuality:1]]
[2020.04.15-01.01.42:921][  0]LogConfig: Setting CVar [[r.EyeAdaptationQuality:2]]
[2020.04.15-01.01.42:921][  0]LogConfig: Setting CVar [[r.BloomQuality:5]]
[2020.04.15-01.01.42:921][  0]LogConfig: Setting CVar [[r.FastBlurThreshold:100]]
[2020.04.15-01.01.42:921][  0]LogConfig: Setting CVar [[r.Upscale.Quality:3]]
[2020.04.15-01.01.42:921][  0]LogConfig: Setting CVar [[r.Tonemapper.GrainQuantization:1]]
[2020.04.15-01.01.42:921][  0]LogConfig: Setting CVar [[r.LightShaftQuality:1]]
[2020.04.15-01.01.42:921][  0]LogConfig: Setting CVar [[r.Filter.SizeScale:1]]
[2020.04.15-01.01.42:921][  0]LogConfig: Setting CVar [[r.Tonemapper.Quality:5]]
[2020.04.15-01.01.42:921][  0]LogConfig: Setting CVar [[r.DOF.Gather.AccumulatorQuality:1        ; higher gathering accumulator quality]]
[2020.04.15-01.01.42:921][  0]LogConfig: Setting CVar [[r.DOF.Gather.PostfilterMethod:1          ; Median3x3 postfilering method]]
[2020.04.15-01.01.42:921][  0]LogConfig: Setting CVar [[r.DOF.Gather.EnableBokehSettings:0       ; no bokeh simulation when gathering]]
[2020.04.15-01.01.42:921][  0]LogConfig: Setting CVar [[r.DOF.Gather.RingCount:4                 ; medium number of samples when gathering]]
[2020.04.15-01.01.42:921][  0]LogConfig: Setting CVar [[r.DOF.Scatter.ForegroundCompositing:1    ; additive foreground scattering]]
[2020.04.15-01.01.42:921][  0]LogConfig: Setting CVar [[r.DOF.Scatter.BackgroundCompositing:2    ; additive background scattering]]
[2020.04.15-01.01.42:921][  0]LogConfig: Setting CVar [[r.DOF.Scatter.EnableBokehSettings:1      ; bokeh simulation when scattering]]
[2020.04.15-01.01.42:921][  0]LogConfig: Setting CVar [[r.DOF.Scatter.MaxSpriteRatio:0.1         ; only a maximum of 10% of scattered bokeh]]
[2020.04.15-01.01.42:921][  0]LogConfig: Setting CVar [[r.DOF.Recombine.Quality:1                ; cheap slight out of focus]]
[2020.04.15-01.01.42:921][  0]LogConfig: Setting CVar [[r.DOF.Recombine.EnableBokehSettings:0    ; no bokeh simulation on slight out of focus]]
[2020.04.15-01.01.42:921][  0]LogConfig: Setting CVar [[r.DOF.TemporalAAQuality:1                ; more stable temporal accumulation]]
[2020.04.15-01.01.42:921][  0]LogConfig: Setting CVar [[r.DOF.Kernel.MaxForegroundRadius:0.025]]
[2020.04.15-01.01.42:921][  0]LogConfig: Setting CVar [[r.DOF.Kernel.MaxBackgroundRadius:0.025]]
[2020.04.15-01.01.42:921][  0]LogConfig: Applying CVar settings from Section [TextureQuality@3] File [C:/Users/Mike/Documents/GitHub/PangeaRepo/PangeaMechanics/Saved/Config/Windows/Scalability.ini]
[2020.04.15-01.01.42:921][  0]LogConfig: Setting CVar [[r.Streaming.MipBias:0]]
[2020.04.15-01.01.42:922][  0]LogConfig: Setting CVar [[r.Streaming.AmortizeCPUToGPUCopy:0]]
[2020.04.15-01.01.42:922][  0]LogConfig: Setting CVar [[r.Streaming.MaxNumTexturesToStreamPerFrame:0]]
[2020.04.15-01.01.42:922][  0]LogConfig: Setting CVar [[r.Streaming.Boost:1]]
[2020.04.15-01.01.42:922][  0]LogConfig: Setting CVar [[r.MaxAnisotropy:8]]
[2020.04.15-01.01.42:922][  0]LogConfig: Setting CVar [[r.VT.MaxAnisotropy:8]]
[2020.04.15-01.01.42:922][  0]LogConfig: Setting CVar [[r.Streaming.LimitPoolSizeToVRAM:0]]
[2020.04.15-01.01.42:922][  0]LogConfig: Setting CVar [[r.Streaming.PoolSize:1000]]
[2020.04.15-01.01.42:922][  0]LogConfig: Setting CVar [[r.Streaming.MaxEffectiveScreenSize:0]]
[2020.04.15-01.01.42:922][  0]LogConfig: Applying CVar settings from Section [EffectsQuality@3] File [C:/Users/Mike/Documents/GitHub/PangeaRepo/PangeaMechanics/Saved/Config/Windows/Scalability.ini]
[2020.04.15-01.01.42:922][  0]LogConfig: Setting CVar [[r.TranslucencyLightingVolumeDim:64]]
[2020.04.15-01.01.42:922][  0]LogConfig: Setting CVar [[r.RefractionQuality:2]]
[2020.04.15-01.01.42:922][  0]LogConfig: Setting CVar [[r.SSR.Quality:3]]
[2020.04.15-01.01.42:922][  0]LogConfig: Setting CVar [[r.SSR.HalfResSceneColor:0]]
[2020.04.15-01.01.42:922][  0]LogConfig: Setting CVar [[r.SceneColorFormat:4]]
[2020.04.15-01.01.42:922][  0]LogConfig: Setting CVar [[r.DetailMode:2]]
[2020.04.15-01.01.42:922][  0]LogConfig: Setting CVar [[r.TranslucencyVolumeBlur:1]]
[2020.04.15-01.01.42:922][  0]LogConfig: Setting CVar [[r.MaterialQualityLevel:1 ; High quality]]
[2020.04.15-01.01.42:922][  0]LogConfig: Setting CVar [[r.SSS.Scale:1]]
[2020.04.15-01.01.42:922][  0]LogConfig: Setting CVar [[r.SSS.SampleSet:2]]
[2020.04.15-01.01.42:922][  0]LogConfig: Setting CVar [[r.SSS.Quality:1]]
[2020.04.15-01.01.42:922][  0]LogConfig: Setting CVar [[r.SSS.HalfRes:1]]
[2020.04.15-01.01.42:922][  0]LogConfig: Setting CVar [[r.SSGI.Quality:3]]
[2020.04.15-01.01.42:922][  0]LogConfig: Setting CVar [[r.EmitterSpawnRateScale:1.0]]
[2020.04.15-01.01.42:922][  0]LogConfig: Setting CVar [[r.ParticleLightQuality:2]]
[2020.04.15-01.01.42:922][  0]LogConfig: Setting CVar [[r.SkyAtmosphere.AerialPerspectiveLUT.FastApplyOnOpaque:1 ; Always have FastSkyLUT 1 in this case to avoid wrong sky]]
[2020.04.15-01.01.42:922][  0]LogConfig: Setting CVar [[r.SkyAtmosphere.AerialPerspectiveLUT.SampleCountPerSlice:1]]
[2020.04.15-01.01.42:922][  0]LogConfig: Setting CVar [[r.SkyAtmosphere.AerialPerspectiveLUT.DepthResolution:16.0]]
[2020.04.15-01.01.42:922][  0]LogConfig: Setting CVar [[r.SkyAtmosphere.FastSkyLUT:1]]
[2020.04.15-01.01.42:922][  0]LogConfig: Setting CVar [[r.SkyAtmosphere.FastSkyLUT.SampleCountMin:4.0]]
[2020.04.15-01.01.42:922][  0]LogConfig: Setting CVar [[r.SkyAtmosphere.FastSkyLUT.SampleCountMax:32.0]]
[2020.04.15-01.01.42:922][  0]LogConfig: Setting CVar [[r.SkyAtmosphere.SampleCountMin:4.0]]
[2020.04.15-01.01.42:922][  0]LogConfig: Setting CVar [[r.SkyAtmosphere.SampleCountMax:32.0]]
[2020.04.15-01.01.42:922][  0]LogConfig: Setting CVar [[r.SkyAtmosphere.TransmittanceLUT.UseSmallFormat:0]]
[2020.04.15-01.01.42:922][  0]LogConfig: Setting CVar [[r.SkyAtmosphere.TransmittanceLUT.SampleCount:10.0]]
[2020.04.15-01.01.42:922][  0]LogConfig: Setting CVar [[r.SkyAtmosphere.MultiScatteringLUT.SampleCount:15.0]]
[2020.04.15-01.01.42:922][  0]LogConfig: Applying CVar settings from Section [FoliageQuality@3] File [C:/Users/Mike/Documents/GitHub/PangeaRepo/PangeaMechanics/Saved/Config/Windows/Scalability.ini]
[2020.04.15-01.01.42:922][  0]LogConfig: Setting CVar [[foliage.DensityScale:1.0]]
[2020.04.15-01.01.42:922][  0]LogConfig: Setting CVar [[grass.DensityScale:1.0]]
[2020.04.15-01.01.42:922][  0]LogConfig: Applying CVar settings from Section [ShadingQuality@3] File [C:/Users/Mike/Documents/GitHub/PangeaRepo/PangeaMechanics/Saved/Config/Windows/Scalability.ini]
[2020.04.15-01.01.42:922][  0]LogConfig: Setting CVar [[r.HairStrands.SkyLighting.SampleCount:16]]
[2020.04.15-01.01.42:922][  0]LogConfig: Setting CVar [[r.HairStrands.SkyLighting.JitterIntegration:0]]
[2020.04.15-01.01.42:922][  0]LogConfig: Setting CVar [[r.HairStrands.SkyAO.SampleCount:16]]
[2020.04.15-01.01.42:922][  0]LogConfig: Applying CVar settings from Section [Startup] File [../../../Engine/Config/ConsoleVariables.ini]
[2020.04.15-01.01.42:922][  0]LogConfig: Setting CVar [[net.UseAdaptiveNetUpdateFrequency:0]]
[2020.04.15-01.01.42:922][  0]LogConfig: Setting CVar [[p.chaos.AllowCreatePhysxBodies:1]]
[2020.04.15-01.01.42:922][  0]LogConfig: Applying CVar settings from Section [ConsoleVariables] File [C:/Users/Mike/Documents/GitHub/PangeaRepo/PangeaMechanics/Saved/Config/Windows/Engine.ini]
[2020.04.15-01.01.42:922][  0]LogInit: Computer: DESKTOP-9FKOAUH
[2020.04.15-01.01.42:923][  0]LogInit: User: Mike
[2020.04.15-01.01.42:923][  0]LogInit: CPU Page size=4096, Cores=4
[2020.04.15-01.01.42:923][  0]LogInit: High frequency timer resolution =10.000000 MHz
[2020.04.15-01.01.42:923][  0]LogMemory: Memory total: Physical=7.9GB (8GB approx)
[2020.04.15-01.01.42:923][  0]LogMemory: Platform Memory Stats for Windows
[2020.04.15-01.01.42:923][  0]LogMemory: Process Physical Memory: 104.47 MB used, 104.48 MB peak
[2020.04.15-01.01.42:923][  0]LogMemory: Process Virtual Memory: 99.93 MB used, 99.93 MB peak
[2020.04.15-01.01.42:923][  0]LogMemory: Physical Memory: 6408.91 MB used,  1688.50 MB free, 8097.41 MB total
[2020.04.15-01.01.42:923][  0]LogMemory: Virtual Memory: 5121.18 MB used,  134212608.00 MB free, 134217728.00 MB total
[2020.04.15-01.01.42:927][  0]LogWindows: WindowsPlatformFeatures enabled
[2020.04.15-01.01.42:957][  0]LogInit: Using OS detected language (en-US).
[2020.04.15-01.01.42:957][  0]LogInit: Using OS detected locale (en-US).
[2020.04.15-01.01.42:958][  0]LogTextLocalizationManager: No specific localization for 'en-US' exists, so the 'en' localization will be used.
[2020.04.15-01.01.43:144][  0]LogInit: Setting process to per monitor DPI aware
[2020.04.15-01.01.43:183][  0]LogSlate: New Slate User Created.  User Index 0, Is Virtual User: 0
[2020.04.15-01.01.43:183][  0]LogSlate: Slate User Registered.  User Index 0, Is Virtual User: 0
[2020.04.15-01.01.48:799][  0]LogHMD: Failed to initialize OpenVR with code 110
[2020.04.15-01.01.48:799][  0]LogD3D11RHI: D3D11 min allowed feature level: 11_0
[2020.04.15-01.01.48:799][  0]LogD3D11RHI: D3D11 max allowed feature level: 11_0
[2020.04.15-01.01.48:799][  0]LogD3D11RHI: D3D11 adapters:
[2020.04.15-01.01.48:985][  0]LogD3D11RHI:    0. 'NVIDIA GeForce GTX 1060 6GB' (Feature Level 11_0)
[2020.04.15-01.01.48:985][  0]LogD3D11RHI:       6052/0/4048 MB DedicatedVideo/DedicatedSystem/SharedSystem, Outputs:2, VendorId:0x10de
[2020.04.15-01.01.49:024][  0]LogD3D11RHI:    1. 'Intel(R) HD Graphics 630' (Feature Level 11_0)
[2020.04.15-01.01.49:024][  0]LogD3D11RHI:       128/0/4048 MB DedicatedVideo/DedicatedSystem/SharedSystem, Outputs:0, VendorId:0x8086
[2020.04.15-01.01.49:029][  0]LogD3D11RHI:    2. 'Microsoft Basic Render Driver' (Feature Level 11_0)
[2020.04.15-01.01.49:029][  0]LogD3D11RHI:       0/0/4048 MB DedicatedVideo/DedicatedSystem/SharedSystem, Outputs:0, VendorId:0x1414
[2020.04.15-01.01.49:029][  0]LogD3D11RHI: Chosen D3D11 Adapter: 0
[2020.04.15-01.01.49:042][  0]LogD3D11RHI: Creating new Direct3DDevice
[2020.04.15-01.01.49:042][  0]LogD3D11RHI:     GPU DeviceId: 0x1c03 (for the marketing name, search the web for "GPU Device Id")
[2020.04.15-01.01.49:042][  0]LogWindows: EnumDisplayDevices:
[2020.04.15-01.01.49:042][  0]LogWindows:    0. 'NVIDIA GeForce GTX 1060 6GB' (P:1 D:1)
[2020.04.15-01.01.49:043][  0]LogWindows:    1. 'NVIDIA GeForce GTX 1060 6GB' (P:0 D:1)
[2020.04.15-01.01.49:043][  0]LogWindows:    2. 'NVIDIA GeForce GTX 1060 6GB' (P:0 D:0)
[2020.04.15-01.01.49:043][  0]LogWindows:    3. 'NVIDIA GeForce GTX 1060 6GB' (P:0 D:0)
[2020.04.15-01.01.49:043][  0]LogWindows:    4. 'Intel(R) HD Graphics 630' (P:0 D:0)
[2020.04.15-01.01.49:044][  0]LogWindows:    5. 'Intel(R) HD Graphics 630' (P:0 D:0)
[2020.04.15-01.01.49:044][  0]LogWindows:    6. 'Intel(R) HD Graphics 630' (P:0 D:0)
[2020.04.15-01.01.49:044][  0]LogWindows: DebugString: PrimaryIsNotTheChoosenAdapter PrimaryIsNotTheChoosenAdapter PrimaryIsNotTheChoosenAdapter FoundDriverCount:4 
[2020.04.15-01.01.49:044][  0]LogD3D11RHI:     Adapter Name: NVIDIA GeForce GTX 1060 6GB
[2020.04.15-01.01.49:044][  0]LogD3D11RHI:   Driver Version: 391.25 (internal:23.21.13.9125, unified:391.25)
[2020.04.15-01.01.49:044][  0]LogD3D11RHI:      Driver Date: 3-16-2018
[2020.04.15-01.01.49:044][  0]LogRHI: Texture pool is 4236 MB (70% of 6052 MB)
[2020.04.15-01.01.49:091][  0]LogD3D11RHI: RHI has support for 64 bit atomics
[2020.04.15-01.01.49:091][  0]LogD3D11RHI: Async texture creation enabled
[2020.04.15-01.01.49:214][  0]LogD3D11RHI: GPU Timing Frequency: 1000.000000 (Debug: 2 2)
[2020.04.15-01.01.49:600][  0]LogTargetPlatformManager: Display: Loaded TargetPlatform 'AllDesktop'
[2020.04.15-01.01.49:747][  0]LogTargetPlatformManager: Display: Loaded TargetPlatform 'Android'
[2020.04.15-01.01.49:747][  0]LogTargetPlatformManager: Display: Loaded TargetPlatform 'Android_ASTC'
[2020.04.15-01.01.49:747][  0]LogTargetPlatformManager: Display: Loaded TargetPlatform 'Android_ATC'
[2020.04.15-01.01.49:747][  0]LogTargetPlatformManager: Display: Loaded TargetPlatform 'Android_DXT'
[2020.04.15-01.01.49:747][  0]LogTargetPlatformManager: Display: Loaded TargetPlatform 'Android_ETC1'
[2020.04.15-01.01.49:747][  0]LogTargetPlatformManager: Display: Loaded TargetPlatform 'Android_ETC1a'
[2020.04.15-01.01.49:747][  0]LogTargetPlatformManager: Display: Loaded TargetPlatform 'Android_ETC2'
[2020.04.15-01.01.49:747][  0]LogTargetPlatformManager: Display: Loaded TargetPlatform 'Android_PVRTC'
[2020.04.15-01.01.49:747][  0]LogTargetPlatformManager: Display: Loaded TargetPlatform 'AndroidClient'
[2020.04.15-01.01.49:747][  0]LogTargetPlatformManager: Display: Loaded TargetPlatform 'Android_ASTCClient'
[2020.04.15-01.01.49:747][  0]LogTargetPlatformManager: Display: Loaded TargetPlatform 'Android_ATCClient'
[2020.04.15-01.01.49:747][  0]LogTargetPlatformManager: Display: Loaded TargetPlatform 'Android_DXTClient'
[2020.04.15-01.01.49:747][  0]LogTargetPlatformManager: Display: Loaded TargetPlatform 'Android_ETC1Client'
[2020.04.15-01.01.49:747][  0]LogTargetPlatformManager: Display: Loaded TargetPlatform 'Android_ETC1aClient'
[2020.04.15-01.01.49:747][  0]LogTargetPlatformManager: Display: Loaded TargetPlatform 'Android_ETC2Client'
[2020.04.15-01.01.49:747][  0]LogTargetPlatformManager: Display: Loaded TargetPlatform 'Android_PVRTCClient'
[2020.04.15-01.01.49:747][  0]LogTargetPlatformManager: Display: Loaded TargetPlatform 'Android_Multi'
[2020.04.15-01.01.49:747][  0]LogTargetPlatformManager: Display: Loaded TargetPlatform 'Android_MultiClient'
[2020.04.15-01.01.49:797][  0]LogTargetPlatformManager: Display: Loaded TargetPlatform 'IOSClient'
[2020.04.15-01.01.49:797][  0]LogTargetPlatformManager: Display: Loaded TargetPlatform 'IOS'
[2020.04.15-01.01.49:805][  0]LogTargetPlatformManager: Display: Loaded TargetPlatform 'LinuxNoEditor'
[2020.04.15-01.01.49:813][  0]LogTargetPlatformManager: Display: Loaded TargetPlatform 'LinuxClient'
[2020.04.15-01.01.49:821][  0]LogTargetPlatformManager: Display: Loaded TargetPlatform 'LinuxServer'
[2020.04.15-01.01.49:829][  0]LogTargetPlatformManager: Display: Loaded TargetPlatform 'LinuxAArch64NoEditor'
[2020.04.15-01.01.49:837][  0]LogTargetPlatformManager: Display: Loaded TargetPlatform 'LinuxAArch64Client'
[2020.04.15-01.01.49:845][  0]LogTargetPlatformManager: Display: Loaded TargetPlatform 'LinuxAArch64Server'
[2020.04.15-01.01.49:873][  0]LogTargetPlatformManager: Display: Loaded TargetPlatform 'Lumin'
[2020.04.15-01.01.49:873][  0]LogTargetPlatformManager: Display: Loaded TargetPlatform 'LuminClient'
[2020.04.15-01.01.49:890][  0]LogTargetPlatformManager: Display: Loaded TargetPlatform 'TVOSClient'
[2020.04.15-01.01.49:890][  0]LogTargetPlatformManager: Display: Loaded TargetPlatform 'TVOS'
[2020.04.15-01.01.49:898][  0]LogTargetPlatformManager: Display: Loaded TargetPlatform 'WindowsNoEditor'
[2020.04.15-01.01.49:907][  0]LogTargetPlatformManager: Display: Loaded TargetPlatform 'Windows'
[2020.04.15-01.01.49:916][  0]LogTargetPlatformManager: Display: Loaded TargetPlatform 'WindowsClient'
[2020.04.15-01.01.49:924][  0]LogTargetPlatformManager: Display: Loaded TargetPlatform 'WindowsServer'
[2020.04.15-01.01.49:924][  0]LogTargetPlatformManager: Display: Building Assets For Windows
[2020.04.15-01.01.49:928][  0]LogAudioDebug: Display: Lib vorbis DLL was dynamically loaded.
[2020.04.15-01.01.49:994][  0]LogShaderCompilers: Guid format shader working directory is -27 characters bigger than the processId version (../../../../../../Users/Mike/Documents/GitHub/PangeaRepo/PangeaMechanics/Intermediate/Shaders/WorkingDirectory/6884/).
[2020.04.15-01.01.49:994][  0]LogShaderCompilers: Cleaned the shader compiler working directory 'C:/Users/Mike/AppData/Local/Temp/UnrealShaderWorkingDir/AD7FFBC547078853C4AEDCACB4D03207/'.
[2020.04.15-01.01.49:995][  0]LogXGEController: Cannot use XGE Controller as Incredibuild is not installed on this machine.
[2020.04.15-01.01.49:995][  0]LogShaderCompilers: Cannot use XGE Shader Compiler as Incredibuild is not installed on this machine.
[2020.04.15-01.01.49:995][  0]LogShaderCompilers: Display: Using Local Shader Compiler.
[2020.04.15-01.01.52:702][  0]LogDerivedDataCache: Display: Max Cache Size: 512 MB
[2020.04.15-01.01.53:424][  0]LogDerivedDataCache: Loaded boot cache 0.72s 82MB C:/Users/Mike/AppData/Local/UnrealEngine/4.24/DerivedDataCache/Boot.ddc.
[2020.04.15-01.01.53:424][  0]LogDerivedDataCache: Display: Loaded Boot cache: C:/Users/Mike/AppData/Local/UnrealEngine/4.24/DerivedDataCache/Boot.ddc
[2020.04.15-01.01.53:424][  0]LogDerivedDataCache: FDerivedDataBackendGraph:  Pak pak cache file ../../../../../../Users/Mike/Documents/GitHub/PangeaRepo/PangeaMechanics/DerivedDataCache/DDC.ddp not found, will not use a pak cache.
[2020.04.15-01.01.53:424][  0]LogDerivedDataCache: Unable to find inner node Pak for hierarchical cache Hierarchy.
[2020.04.15-01.01.53:424][  0]LogDerivedDataCache: FDerivedDataBackendGraph:  CompressedPak pak cache file ../../../../../../Users/Mike/Documents/GitHub/PangeaRepo/PangeaMechanics/DerivedDataCache/Compressed.ddp not found, will not use a pak cache.
[2020.04.15-01.01.53:424][  0]LogDerivedDataCache: Unable to find inner node CompressedPak for hierarchical cache Hierarchy.
[2020.04.15-01.01.53:435][  0]LogDerivedDataCache: Display: Pak cache opened for reading ../../../Engine/DerivedDataCache/Compressed.ddp.
[2020.04.15-01.01.53:435][  0]LogDerivedDataCache: FDerivedDataBackendGraph:  EnterprisePak pak cache file ../../../Enterprise/DerivedDataCache/Compressed.ddp not found, will not use a pak cache.
[2020.04.15-01.01.53:435][  0]LogDerivedDataCache: Unable to find inner node EnterprisePak for hierarchical cache Hierarchy.
[2020.04.15-01.01.53:436][  0]LogDerivedDataCache: Using Local data cache path C:/Users/Mike/AppData/Local/UnrealEngine/Common/DerivedDataCache: Writable
[2020.04.15-01.01.53:436][  0]LogDerivedDataCache: Shared data cache path not found in *engine.ini, will not use an Shared cache.
[2020.04.15-01.01.53:437][  0]LogDerivedDataCache: Unable to find inner node Shared for hierarchical cache Hierarchy.
[2020.04.15-01.01.53:462][  0]LogMaterial: Verifying Global Shaders for PCD3D_SM5
[2020.04.15-01.01.53:464][  0]LogSlate: Using FreeType 2.10.0
[2020.04.15-01.01.53:465][  0]LogSlate: SlateFontServices - WITH_FREETYPE: 1, WITH_HARFBUZZ: 1
[2020.04.15-01.01.56:308][  0]LogAssetRegistry: FAssetRegistry took 0.0040 seconds to start up
[2020.04.15-01.01.56:603][  0]LogInit: Selected Device Profile: [Windows]
[2020.04.15-01.01.56:938][  0]LogMeshReduction: Using QuadricMeshReduction for automatic static mesh reduction
[2020.04.15-01.01.56:938][  0]LogMeshReduction: Using SimplygonMeshReduction for automatic skeletal mesh reduction
[2020.04.15-01.01.56:938][  0]LogMeshReduction: Using ProxyLODMeshReduction for automatic mesh merging
[2020.04.15-01.01.56:938][  0]LogMeshReduction: No distributed automatic mesh merging module available
[2020.04.15-01.01.56:938][  0]LogMeshMerging: No distributed automatic mesh merging module available
[2020.04.15-01.01.56:956][  0]LogNetVersion: PangeaMechanics 1.0.0, NetCL: 10570792, EngineNetVer: 13, GameNetVer: 0 (Checksum: 2073095031)
[2020.04.15-01.02.04:806][  0]LogPackageLocalizationCache: Processed 10 localized package path(s) for 1 prioritized culture(s) in 0.105237 seconds
[2020.04.15-01.02.04:813][  0]LogUObjectArray: 46750 objects as part of root set at end of initial load.
[2020.04.15-01.02.04:813][  0]LogUObjectAllocator: 8137160 out of 0 bytes used by permanent object pool.
[2020.04.15-01.02.04:813][  0]LogUObjectArray: CloseDisregardForGC: 0/0 objects in disregard for GC pool
[2020.04.15-01.02.05:277][  0]LogTcpMessaging: Initializing TcpMessaging bridge
[2020.04.15-01.02.05:280][  0]LogUdpMessaging: Initializing bridge on interface 0.0.0.0:0 to multicast group 230.0.0.1:6666.
[2020.04.15-01.02.07:202][  0]SourceControl: Source control is disabled
[2020.04.15-01.02.07:202][  0]SourceControl: Source control is disabled
[2020.04.15-01.02.07:205][  0]SourceControl: Source control is disabled
[2020.04.15-01.02.07:207][  0]SourceControl: Source control is disabled
[2020.04.15-01.02.07:209][  0]SourceControl: Source control is disabled
[2020.04.15-01.02.07:359][  0]LogAndroidPermission: UAndroidPermissionCallbackProxy::GetInstance
[2020.04.15-01.02.07:377][  0]LogAudioCaptureCore: Display: No Audio Capture implementations found. Audio input will be silent.
[2020.04.15-01.02.07:377][  0]LogAudioCaptureCore: Display: No Audio Capture implementations found. Audio input will be silent.
[2020.04.15-01.02.07:473][  0]LogOcInput: OculusInput pre-init called
[2020.04.15-01.02.07:484][  0]LogWindows: Failed to load 'OVRPlugin.dll' (GetLastError=126)
[2020.04.15-01.02.07:484][  0]LogWindows: File 'OVRPlugin.dll' does not exist
[2020.04.15-01.02.07:634][  0]LogEngine: Initializing Engine...
[2020.04.15-01.02.07:639][  0]LogHMD: Failed to initialize OpenVR with code 110
[2020.04.15-01.02.07:641][  0]LogStats: UGameplayTagsManager::InitializeManager -  0.000 s
[2020.04.15-01.02.07:984][  0]LogInit: Initializing FReadOnlyCVARCache
[2020.04.15-01.02.07:993][  0]LogAIModule: Creating AISystem for world Untitled
[2020.04.15-01.02.08:081][  0]LogAudioMixer: Display: Audio Mixer Platform Settings:
[2020.04.15-01.02.08:081][  0]LogAudioMixer: Display: 	Sample Rate:						  48000
[2020.04.15-01.02.08:081][  0]LogAudioMixer: Display: 	Callback Buffer Frame Size Requested: 1024
[2020.04.15-01.02.08:081][  0]LogAudioMixer: Display: 	Callback Buffer Frame Size To Use:	  1024
[2020.04.15-01.02.08:081][  0]LogAudioMixer: Display: 	Number of buffers to queue:			  2
[2020.04.15-01.02.08:081][  0]LogAudioMixer: Display: 	Max Channels (voices):				  32
[2020.04.15-01.02.08:081][  0]LogAudioMixer: Display: 	Number of Async Source Workers:		  0
[2020.04.15-01.02.08:081][  0]LogAudio: Display: AudioDevice MaxSources: 32
[2020.04.15-01.02.08:081][  0]LogAudio: Display: Using built-in audio occlusion.
[2020.04.15-01.02.08:081][  0]LogAudioMixer: Display: Initializing audio mixer.
[2020.04.15-01.02.08:128][  0]LogAudioMixer: Display: Audio Device Output Speaker Info:
[2020.04.15-01.02.08:128][  0]LogAudioMixer: Display: Name: Speakers / Headphones (Realtek Audio)
[2020.04.15-01.02.08:128][  0]LogAudioMixer: Display: Is Default: Yes
[2020.04.15-01.02.08:128][  0]LogAudioMixer: Display: Sample Rate: 48000
[2020.04.15-01.02.08:128][  0]LogAudioMixer: Display: Channel Count Used: 2
[2020.04.15-01.02.08:128][  0]LogAudioMixer: Display: Device Channel Count: 2
[2020.04.15-01.02.08:128][  0]LogAudioMixer: Display: Channel Order:
[2020.04.15-01.02.08:128][  0]LogAudioMixer: Display: 0: FrontLeft
[2020.04.15-01.02.08:128][  0]LogAudioMixer: Display: 1: FrontRight
[2020.04.15-01.02.08:187][  0]LogAudioMixer: Display: Using Audio Device Speakers / Headphones (Realtek Audio)
[2020.04.15-01.02.08:192][  0]LogInit: FAudioDevice initialized.
[2020.04.15-01.02.08:193][  0]LogNetVersion: Set ProjectVersion to 1.0.0.0. Version Checksum will be recalculated on next use.
[2020.04.15-01.02.08:333][  0]LogDerivedDataCache: Saved boot cache 0.14s 82MB C:/Users/Mike/AppData/Local/UnrealEngine/4.24/DerivedDataCache/Boot.ddc.
[2020.04.15-01.02.08:343][  0]LogInit: Texture streaming: Enabled
[2020.04.15-01.02.08:380][  0]LogEngineSessionManager: EngineSessionManager initialized
[2020.04.15-01.02.08:380][  0]LogEditorSessionSummary: Verbose: Initializing EditorSessionSummaryWriter for editor session tracking
[2020.04.15-01.02.08:392][  0]LogEditorSessionSummary: EditorSessionSummaryWriter initialized
[2020.04.15-01.02.08:515][  0]LogInit: Transaction tracking system initialized
[2020.04.15-01.02.08:552][  0]BlueprintLog: New page: Editor Load
[2020.04.15-01.02.08:607][  0]LocalizationService: Localization service is disabled
[2020.04.15-01.02.09:005][  0]LogFileCache: Scanning file cache for directory 'C:/Users/Mike/Documents/GitHub/PangeaRepo/PangeaMechanics/Content/' took 0.02s
[2020.04.15-01.02.09:006][  0]LogCook: Display: Max memory allowance for cook 16384mb min free memory 0mb
[2020.04.15-01.02.09:006][  0]LogCook: Display: Mobile HDR setting 1
[2020.04.15-01.02.09:770][  0]SourceControl: Source control is disabled
[2020.04.15-01.02.09:770][  0]Cmd: MAP LOAD FILE="../../../../../../Users/Mike/Documents/GitHub/PangeaRepo/PangeaMechanics/Content/ThirdPersonCPP/Maps/ThirdPersonExampleMap.umap" TEMPLATE=0 SHOWPROGRESS=1 FEATURELEVEL=3
[2020.04.15-01.02.09:800][  0]LightingResults: New page: Lighting Build
[2020.04.15-01.02.09:801][  0]LogWorld: UWorld::CleanupWorld for Untitled, bSessionEnded=true, bCleanupResources=true
[2020.04.15-01.02.09:801][  0]LogSlate: InvalidateAllWidgets triggered.  All widgets were invalidated
[2020.04.15-01.02.09:801][  0]MapCheck: New page: Map Check
[2020.04.15-01.02.09:801][  0]LightingResults: New page: Lighting Build
[2020.04.15-01.02.09:829][  0]LogUObjectHash: Compacting FUObjectHashTables data took   2.03ms
[2020.04.15-01.02.11:849][  0]LogAIModule: Creating AISystem for world ThirdPersonExampleMap
[2020.04.15-01.02.12:222][  0]LogEditorServer: Finished looking for orphan Actors (0.000 secs)
[2020.04.15-01.02.12:265][  0]LogUObjectHash: Compacting FUObjectHashTables data took   1.92ms
[2020.04.15-01.02.12:265][  0]Cmd: MAP CHECKDEP NOCLEARLOG
[2020.04.15-01.02.12:265][  0]MapCheck: Map check complete: 0 Error(s), 0 Warning(s), took 0.178ms to complete.
[2020.04.15-01.02.12:265][  0]LogFileHelpers: Loading map 'ThirdPersonExampleMap' took 2.495
[2020.04.15-01.02.13:192][  0]LogSlate: Updating window title bar state: overlay mode, drag disabled, window buttons hidden, title bar hidden
[2020.04.15-01.02.13:225][  0]LogSlate: Updating window title bar state: overlay mode, drag disabled, window buttons hidden, title bar hidden
[2020.04.15-01.02.13:235][  0]LogSlate: Updating window title bar state: overlay mode, drag disabled, window buttons hidden, title bar hidden
[2020.04.15-01.02.13:243][  0]LogSlate: Updating window title bar state: overlay mode, drag disabled, window buttons hidden, title bar hidden
[2020.04.15-01.02.13:464][  0]LogCollectionManager: Loaded 0 collections in 0.028298 seconds
[2020.04.15-01.02.13:597][  0]LogFileCache: Scanning file cache for directory 'C:/Users/Mike/Documents/GitHub/PangeaRepo/PangeaMechanics/Saved/Collections/' took 0.00s
[2020.04.15-01.02.13:598][  0]LogFileCache: Scanning file cache for directory 'C:/Users/Mike/Documents/GitHub/PangeaRepo/PangeaMechanics/Content/Developers/Mike/Collections/' took 0.00s
[2020.04.15-01.02.13:598][  0]LogFileCache: Scanning file cache for directory 'C:/Users/Mike/Documents/GitHub/PangeaRepo/PangeaMechanics/Content/Collections/' took 0.00s
[2020.04.15-01.02.13:598][  0]LogContentBrowser: Native class hierarchy populated in 0.0317 seconds. Added 3017 classes and 719 folders.
[2020.04.15-01.02.13:786][  0]LogContentBrowser: Native class hierarchy updated for 'WidgetCarousel' in 0.0011 seconds. Added 0 classes and 0 folders.
[2020.04.15-01.02.15:746][  0]LogContentBrowser: Native class hierarchy updated for 'AddContentDialog' in 0.0010 seconds. Added 0 classes and 0 folders.
[2020.04.15-01.02.15:857][  0]LogContentBrowser: Native class hierarchy updated for 'SceneOutliner' in 0.0005 seconds. Added 2 classes and 3 folders.
[2020.04.15-01.02.16:639][  0]LogSlate: Took 0.000230 seconds to synchronously load lazily loaded font '../../../Engine/Content/Slate/Fonts/Roboto-Regular.ttf' (155K)
[2020.04.15-01.02.16:642][  0]LogSlate: Took 0.000170 seconds to synchronously load lazily loaded font '../../../Engine/Content/Slate/Fonts/Roboto-Bold.ttf' (160K)
[2020.04.15-01.02.16:729][  0]LogSlate: Took 0.058049 seconds to synchronously load lazily loaded font '../../../Engine/Content/Editor/Slate/Fonts/FontAwesome.ttf' (139K)
[2020.04.15-01.02.17:939][  0]LogRenderer: Reallocating scene render targets to support 1208x572 Format 10 NumSamples 1 (Frame:1).
[2020.04.15-01.02.18:595][  0]LogContentBrowser: Native class hierarchy updated for 'HierarchicalLODOutliner' in 0.0004 seconds. Added 0 classes and 0 folders.
[2020.04.15-01.02.18:595][  0]LogLoad: (Engine Initialization) Total time: 39.60 seconds
[2020.04.15-01.02.18:595][  0]LogLoad: (Engine Initialization) Total Blueprint compile time: 0.00 seconds
[2020.04.15-01.02.18:686][  0]LogContentStreaming: Texture pool size now 1000 MB
[2020.04.15-01.02.18:913][  0]LogSlate: Took 0.022147 seconds to synchronously load lazily loaded font '../../../Engine/Content/Slate/Fonts/Roboto-Light.ttf' (167K)
[2020.04.15-01.02.19:604][  7]LogAssetRegistry: Asset discovery search completed in 23.2978 seconds
[2020.04.15-01.02.19:609][  7]LogCollectionManager: Fixed up redirectors for 0 collections in 0.000015 seconds (updated 0 objects)
[2020.04.15-01.09.22:861][447]LogUObjectHash: Compacting FUObjectHashTables data took   1.65ms
[2020.04.15-01.09.23:035][447]Cmd: MAP LOAD FILE="../../../../../../Users/Mike/Documents/GitHub/PangeaRepo/PangeaMechanics/Content/MikesLevel.umap" TEMPLATE=0 SHOWPROGRESS=1 FEATURELEVEL=3
[2020.04.15-01.09.23:099][447]LogSlate: Took 0.000294 seconds to synchronously load lazily loaded font '../../../Engine/Content/Slate/Fonts/Roboto-Light.ttf' (167K)
[2020.04.15-01.09.23:151][447]LightingResults: New page: Lighting Build
[2020.04.15-01.09.23:152][447]LoadErrors: New page: Loading map: MikesLevel.umap
[2020.04.15-01.09.23:357][447]LogWorld: UWorld::CleanupWorld for ThirdPersonExampleMap, bSessionEnded=true, bCleanupResources=true
[2020.04.15-01.09.23:373][447]LogSlate: InvalidateAllWidgets triggered.  All widgets were invalidated
[2020.04.15-01.09.23:395][447]MapCheck: New page: Map Check
[2020.04.15-01.09.23:395][447]LightingResults: New page: Lighting Build
[2020.04.15-01.09.23:451][447]LogUObjectHash: Compacting FUObjectHashTables data took   1.89ms
[2020.04.15-01.09.23:637][447]LogAIModule: Creating AISystem for world MikesLevel
[2020.04.15-01.09.23:931][447]LogEditorServer: Finished looking for orphan Actors (0.000 secs)
[2020.04.15-01.09.23:958][447]LogUObjectHash: Compacting FUObjectHashTables data took   1.53ms
[2020.04.15-01.09.24:058][447]Cmd: MAP CHECKDEP NOCLEARLOG
[2020.04.15-01.09.24:058][447]MapCheck: Map check complete: 0 Error(s), 0 Warning(s), took 0.162ms to complete.
[2020.04.15-01.09.24:058][447]LogFileHelpers: Loading map 'MikesLevel' took 1.195
[2020.04.15-01.09.24:099][447]LogSlate: Window 'Open Level' being destroyed
[2020.04.15-01.14.06:416][160]LogTemp: Repeating last play command: Selected Viewport
[2020.04.15-01.14.06:527][160]LogPlayLevel: PlayLevel: No blueprints needed recompiling
[2020.04.15-01.14.06:550][160]PIE: New page: PIE session: MikesLevel (Apr 14, 2020, 5:14:06 PM)
[2020.04.15-01.14.06:591][160]LogOnline: OSS: Creating online subsystem instance for: NULL
[2020.04.15-01.14.06:602][160]LogOnline: OSS: TryLoadSubsystemAndSetDefault: Loaded subsystem for module [NULL]
[2020.04.15-01.14.06:659][160]LogPlayLevel: Creating play world package: /Game/UEDPIE_0_MikesLevel
[2020.04.15-01.14.06:745][160]LogPlayLevel: PIE: StaticDuplicateObject took: (0.085434s)
[2020.04.15-01.14.06:768][160]LogAIModule: Creating AISystem for world MikesLevel
[2020.04.15-01.14.06:782][160]LogPlayLevel: PIE: World Init took: (0.037621s)
[2020.04.15-01.14.06:783][160]LogPlayLevel: PIE: Created PIE world by copying editor world from /Game/MikesLevel.MikesLevel to /Game/UEDPIE_0_MikesLevel.MikesLevel (0.123920s)
[2020.04.15-01.14.06:817][160]LogUObjectHash: Compacting FUObjectHashTables data took   1.81ms
[2020.04.15-01.14.06:828][160]LogAudioMixer: Display: Audio Mixer Platform Settings:
[2020.04.15-01.14.06:828][160]LogAudioMixer: Display: 	Sample Rate:						  48000
[2020.04.15-01.14.06:828][160]LogAudioMixer: Display: 	Callback Buffer Frame Size Requested: 1024
[2020.04.15-01.14.06:828][160]LogAudioMixer: Display: 	Callback Buffer Frame Size To Use:	  1024
[2020.04.15-01.14.06:828][160]LogAudioMixer: Display: 	Number of buffers to queue:			  2
[2020.04.15-01.14.06:828][160]LogAudioMixer: Display: 	Max Channels (voices):				  32
[2020.04.15-01.14.06:828][160]LogAudioMixer: Display: 	Number of Async Source Workers:		  0
[2020.04.15-01.14.06:828][160]LogAudio: Display: AudioDevice MaxSources: 32
[2020.04.15-01.14.06:828][160]LogAudio: Display: Using built-in audio occlusion.
[2020.04.15-01.14.06:828][160]LogAudioMixer: Display: Initializing audio mixer.
[2020.04.15-01.14.06:862][160]LogAudioMixer: Display: Audio Device Output Speaker Info:
[2020.04.15-01.14.06:862][160]LogAudioMixer: Display: Name: Speakers / Headphones (Realtek Audio)
[2020.04.15-01.14.06:862][160]LogAudioMixer: Display: Is Default: Yes
[2020.04.15-01.14.06:862][160]LogAudioMixer: Display: Sample Rate: 48000
[2020.04.15-01.14.06:862][160]LogAudioMixer: Display: Channel Count Used: 2
[2020.04.15-01.14.06:862][160]LogAudioMixer: Display: Device Channel Count: 2
[2020.04.15-01.14.06:862][160]LogAudioMixer: Display: Channel Order:
[2020.04.15-01.14.06:862][160]LogAudioMixer: Display: 0: FrontLeft
[2020.04.15-01.14.06:862][160]LogAudioMixer: Display: 1: FrontRight
[2020.04.15-01.14.06:883][160]LogAudioMixer: Display: Using Audio Device Speakers / Headphones (Realtek Audio)
[2020.04.15-01.14.06:884][160]LogInit: FAudioDevice initialized.
[2020.04.15-01.14.06:963][160]LogLoad: Game class is 'PangeaMechanicsGameMode'
[2020.04.15-01.14.07:305][160]LogWorld: Bringing World /Game/UEDPIE_0_MikesLevel.MikesLevel up for play (max tick rate 0) at 2020.04.14-21.14.07
[2020.04.15-01.14.07:354][160]LogWorld: Bringing up level for play took: 0.050919
[2020.04.15-01.14.07:368][160]LogOnline: OSS: Creating online subsystem instance for: :Context_1
[2020.04.15-01.14.07:965][160]LogContentBrowser: Native class hierarchy updated for 'MovieSceneCapture' in 0.0013 seconds. Added 20 classes and 0 folders.
[2020.04.15-01.14.08:429][160]PIE: Play in editor start time for /Game/UEDPIE_0_MikesLevel 2.426
[2020.04.15-01.14.15:985][557]LogAudioMixer: Display: No commands were queued while flushing the source manager.
[2020.04.15-01.14.16:014][557]LogAudioMixer: Display: Flush succeeded in the source manager command queue (1).
[2020.04.15-01.14.16:034][557]LogAudioMixer: Display: Flush succeeded the source manager command queue (2).
[2020.04.15-01.14.16:090][557]LogSlate: Updating window title bar state: overlay mode, drag disabled, window buttons hidden, title bar hidden
[2020.04.15-01.14.16:090][557]LogWorld: BeginTearingDown for /Game/UEDPIE_0_MikesLevel
[2020.04.15-01.14.16:102][557]LogAudioMixer: Display: No commands were queued while flushing the source manager.
[2020.04.15-01.14.16:108][557]LogWorld: UWorld::CleanupWorld for MikesLevel, bSessionEnded=true, bCleanupResources=true
[2020.04.15-01.14.16:109][557]LogSlate: InvalidateAllWidgets triggered.  All widgets were invalidated
[2020.04.15-01.14.16:169][557]LogPlayLevel: Display: Shutting down PIE online subsystems
[2020.04.15-01.14.16:213][557]LogSlate: InvalidateAllWidgets triggered.  All widgets were invalidated
[2020.04.15-01.14.16:258][557]LogAudioMixer: Display: No commands were queued while flushing the source manager.
[2020.04.15-01.14.16:267][557]LogSlate: Updating window title bar state: overlay mode, drag disabled, window buttons hidden, title bar hidden
[2020.04.15-01.14.16:293][557]LogUObjectHash: Compacting FUObjectHashTables data took   1.95ms
[2020.04.15-01.14.16:330][558]LogPlayLevel: Display: Destroying online subsystem :Context_1
[2020.04.15-01.31.18:661][917]LogHttp: Warning: 000001AC21572980: invalid HTTP response code received. URL: https://datarouter.ol.epicgames.com/datarouter/api/v1/public/data?SessionID=%7B45DAE04F-4800-ACC1-553F-95B26011D8BC%7D&AppID=UEEditor.Rocket.Release&AppVersion=4.24.3-11590370%2B%2B%2BUE4%2BRelease-4.24&UserID=ac11e328453c58ed7d285db5b046bf9c%7C475b618faf124090b3647cf9c9f763da%7Ca8fde830-ea07-46e6-b7b8-3c567e99270f&AppEnvironment=datacollector-binary&UploadType=eteventstream, HTTP code: 0, content length: 0, actual payload size: 0
[2020.04.15-01.31.18:661][917]LogHttp: Warning: 000001AC21572980: request failed, libcurl error: 28 (Timeout was reached)
[2020.04.15-01.31.18:661][917]LogHttp: Warning: 000001AC21572980: libcurl info message cache 0 (Connection 8 seems to be dead!)
[2020.04.15-01.31.18:661][917]LogHttp: Warning: 000001AC21572980: libcurl info message cache 1 (Closing connection 8)
[2020.04.15-01.31.18:661][917]LogHttp: Warning: 000001AC21572980: libcurl info message cache 2 (TLSv1.2 (OUT), TLS alert, Client hello (1):)
[2020.04.15-01.31.18:661][917]LogHttp: Warning: 000001AC21572980: libcurl info message cache 3 (  Trying 54.86.242.45...)
[2020.04.15-01.31.18:662][917]LogHttp: Warning: 000001AC21572980: libcurl info message cache 4 (TCP_NODELAY set)
[2020.04.15-01.31.18:662][917]LogHttp: Warning: 000001AC21572980: libcurl info message cache 5 (Connected to datarouter.ol.epicgames.com (54.86.242.45) port 443 (#9))
[2020.04.15-01.31.18:662][917]LogHttp: Warning: 000001AC21572980: libcurl info message cache 6 (ALPN, offering http/1.1)
[2020.04.15-01.31.18:662][917]LogHttp: Warning: 000001AC21572980: libcurl info message cache 7 (Cipher selection: ALL:!EXPORT:!EXPORT40:!EXPORT56:!aNULL:!LOW:!RC4:@STRENGTH)
[2020.04.15-01.31.18:662][917]LogHttp: Warning: 000001AC21572980: libcurl info message cache 8 (SSL re-using session ID)
[2020.04.15-01.31.18:662][917]LogHttp: Warning: 000001AC21572980: libcurl info message cache 9 (TLSv1.3 (OUT), TLS handshake, Client hello (1):)
[2020.04.15-01.31.18:662][917]LogHttp: Warning: 000001AC21572980: libcurl info message cache 10 (TLSv1.3 (IN), TLS handshake, Server hello (2):)
[2020.04.15-01.31.18:662][917]LogHttp: Warning: 000001AC21572980: libcurl info message cache 11 (Operation timed out after 60000 milliseconds with 0 out of 0 bytes received)
[2020.04.15-01.31.18:662][917]LogHttp: Warning: 000001AC21572980: libcurl info message cache 12 (Closing connection 9)
[2020.04.15-01.31.18:678][918]LogHttp: Warning: Retry exhausted on https://datarouter.ol.epicgames.com/datarouter/api/v1/public/data?SessionID=%7B45DAE04F-4800-ACC1-553F-95B26011D8BC%7D&AppID=UEEditor.Rocket.Release&AppVersion=4.24.3-11590370%2B%2B%2BUE4%2BRelease-4.24&UserID=ac11e328453c58ed7d285db5b046bf9c%7C475b618faf124090b3647cf9c9f763da%7Ca8fde830-ea07-46e6-b7b8-3c567e99270f&AppEnvironment=datacollector-binary&UploadType=eteventstream
[2020.04.15-01.32.45:393][777]LogSlate: WidgetSwitcher ('None') active index changed to -1
[2020.04.15-01.32.45:393][777]LogSlate: WidgetSwitcher ('None') active index changed to 0
[2020.04.15-01.32.45:483][777]LogSlate: Took 0.000252 seconds to synchronously load lazily loaded font '../../../Engine/Content/Slate/Fonts/Roboto-BoldCondensed.ttf' (158K)
[2020.04.15-01.33.14:373][  7]LogSlate: WidgetSwitcher ('None') active index changed to 1
[2020.04.15-01.33.38:441][423]Running C:/Program Files/Epic Games/UE_4.24/Engine/Binaries/DotNET/UnrealBuildTool.exe  -projectfiles -project="C:/Users/Mike/Documents/GitHub/PangeaRepo/PangeaMechanics/PangeaMechanics.uproject" -game -rocket -progress
[2020.04.15-01.33.39:251][423]Discovering modules, targets and source code for project...
[2020.04.15-01.33.47:108][423]Binding IntelliSense data...
[2020.04.15-01.33.57:320][423]Binding IntelliSense data... 100%
[2020.04.15-01.33.57:320][423]Writing project files...
[2020.04.15-01.34.24:792][423]Writing project files... 67%
[2020.04.15-01.34.24:792][423]Writing project files... 100%
[2020.04.15-01.34.24:942][423]LogVSAccessor: Warning: Couldn't access Visual Studio
[2020.04.15-01.34.25:052][423]Candidate modules for hot reload:
[2020.04.15-01.34.25:052][423]  PangeaMechanics
[2020.04.15-01.34.25:053][423]Launching UnrealBuildTool... [C:/Program Files/Epic Games/UE_4.24/Engine/Binaries/DotNET/UnrealBuildTool.exe  -ModuleWithSuffix=PangeaMechanics,9032 Win64 Development -TargetType=Editor -Project="C:/Users/Mike/Documents/GitHub/PangeaRepo/PangeaMechanics/PangeaMechanics.uproject" "C:/Users/Mike/Documents/GitHub/PangeaRepo/PangeaMechanics/PangeaMechanics.uproject"  -IgnoreJunk]
[2020.04.15-01.38.56:453][423]CompilerResultsLog: New page: Compilation - Apr 14, 2020, 5:38:56 PM
[2020.04.15-01.38.56:455][423]CompilerResultsLog: Using 'git status' to determine working set for adaptive non-unity build (C:\Users\Mike\Documents\GitHub\PangeaRepo).
[2020.04.15-01.38.56:455][423]CompilerResultsLog: Creating makefile for PangeaMechanicsEditor (no existing makefile)
[2020.04.15-01.38.56:455][423]CompilerResultsLog: Parsing headers for PangeaMechanicsEditor
[2020.04.15-01.38.56:455][423]CompilerResultsLog:   Running UnrealHeaderTool "C:\Users\Mike\Documents\GitHub\PangeaRepo\PangeaMechanics\PangeaMechanics.uproject" "C:\Users\Mike\Documents\GitHub\PangeaRepo\PangeaMechanics\Intermediate\Build\Win64\PangeaMechanicsEditor\Development\PangeaMechanicsEditor.uhtmanifest" -LogCmds="loginit warning, logexit warning, logdatabase error" -Unattended -WarningsAsErrors -installed
[2020.04.15-01.38.56:455][423]CompilerResultsLog: Reflection code generated for PangeaMechanicsEditor in 45.0875199 seconds
[2020.04.15-01.38.56:455][423]CompilerResultsLog: Building PangeaMechanicsEditor...
[2020.04.15-01.38.56:455][423]CompilerResultsLog: Using Visual Studio 2017 14.16.27034 toolchain (C:\Program Files (x86)\Microsoft Visual Studio\2017\Community\VC\Tools\MSVC\14.16.27023) and Windows 10.0.17763.0 SDK (C:\Program Files (x86)\Windows Kits\10).
[2020.04.15-01.38.56:455][423]CompilerResultsLog: Building 11 actions with 4 processes...
[2020.04.15-01.38.56:455][423]CompilerResultsLog:   [1/11] PangeaMechanics.cpp
[2020.04.15-01.38.56:455][423]CompilerResultsLog:   [2/11] DinoTestsPawn.cpp
[2020.04.15-01.38.56:455][423]CompilerResultsLog:   [3/11] PangeaMechanicsGameMode.cpp
[2020.04.15-01.38.56:455][423]CompilerResultsLog:   [4/11] PangeaMechanics.init.gen.cpp
[2020.04.15-01.38.56:455][423]CompilerResultsLog:   [5/11] DinoTestsPawn.gen.cpp
[2020.04.15-01.38.56:455][423]CompilerResultsLog:   [6/11] PangeaMechanicsGameMode.gen.cpp
[2020.04.15-01.38.56:455][423]CompilerResultsLog:   [7/11] PangeaMechanicsCharacter.gen.cpp
[2020.04.15-01.38.56:455][423]CompilerResultsLog:   [8/11] PangeaMechanicsCharacter.cpp
[2020.04.15-01.38.56:455][423]CompilerResultsLog:   [9/11] UE4Editor-PangeaMechanics-9032.lib
[2020.04.15-01.38.56:455][423]CompilerResultsLog:      Creating library C:\Users\Mike\Documents\GitHub\PangeaRepo\PangeaMechanics\Intermediate\Build\Win64\UE4Editor\Development\PangeaMechanics\UE4Editor-PangeaMechanics-9032.lib and object C:\Users\Mike\Documents\GitHub\PangeaRepo\PangeaMechanics\Intermediate\Build\Win64\UE4Editor\Development\PangeaMechanics\UE4Editor-PangeaMechanics-9032.exp
[2020.04.15-01.38.56:455][423]CompilerResultsLog:   [10/11] UE4Editor-PangeaMechanics-9032.dll
[2020.04.15-01.38.56:455][423]CompilerResultsLog:      Creating library C:\Users\Mike\Documents\GitHub\PangeaRepo\PangeaMechanics\Intermediate\Build\Win64\UE4Editor\Development\PangeaMechanics\UE4Editor-PangeaMechanics-9032.suppressed.lib and object C:\Users\Mike\Documents\GitHub\PangeaRepo\PangeaMechanics\Intermediate\Build\Win64\UE4Editor\Development\PangeaMechanics\UE4Editor-PangeaMechanics-9032.suppressed.exp
[2020.04.15-01.38.56:455][423]CompilerResultsLog:   [11/11] PangeaMechanicsEditor.target
[2020.04.15-01.38.56:455][423]CompilerResultsLog: Total time in Parallel executor: 220.41 seconds
[2020.04.15-01.38.56:455][423]CompilerResultsLog: Total execution time: 271.23 seconds
[2020.04.15-01.38.56:478][423]LogMainFrame: MainFrame: Module compiling took 271.536 seconds
[2020.04.15-01.38.56:782][423]LogUObjectHash: Compacting FUObjectHashTables data took   2.70ms
[2020.04.15-01.39.09:767][423]LogClass: Could not find existing class DinoTestsPawn in package /Script/PangeaMechanics for HotReload, assuming new class
[2020.04.15-01.39.09:936][423]LogContentBrowser: Native class hierarchy updated for 'PangeaMechanics' in 0.0010 seconds. Added 3 classes and 2 folders.
[2020.04.15-01.39.09:940][423]Display: HotReload successful (0 functions remapped  0 scriptstructs remapped)
[2020.04.15-01.39.10:773][423]LogUObjectHash: Compacting FUObjectHashTables data took   1.62ms
[2020.04.15-01.39.10:841][423]LogContentBrowser: Native class hierarchy populated in 0.0108 seconds. Added 3020 classes and 722 folders.
[2020.04.15-01.39.10:897][423]Display: HotReload took 286.0s.
[2020.04.15-01.39.10:916][423]Warning: HotReload operation took 286.0s.
[2020.04.15-01.39.12:809][423]LogSlate: Window 'Add C++ Class' being destroyed
[2020.04.15-01.39.13:102][423]LogHotReload: New module detected: UE4Editor-PangeaMechanics-9032.dll
[2020.04.15-01.39.13:761][424]LogHotReload: Starting Hot-Reload from IDE
[2020.04.15-01.39.13:882][424]LogUObjectHash: Compacting FUObjectHashTables data took   0.65ms
[2020.04.15-01.39.13:886][424]LogContentBrowser: Native class hierarchy updated for 'PangeaMechanics' in 0.0004 seconds. Added 3 classes and 2 folders.
[2020.04.15-01.39.13:888][424]Display: HotReload successful (0 functions remapped  0 scriptstructs remapped)
[2020.04.15-01.39.13:913][424]LogUObjectHash: Compacting FUObjectHashTables data took   0.68ms
[2020.04.15-01.39.13:923][424]LogContentBrowser: Native class hierarchy populated in 0.0095 seconds. Added 3020 classes and 722 folders.
[2020.04.15-01.39.13:952][424]Display: HotReload took  0.2s.
[2020.04.15-01.40.05:970][491]LogVSAccessor: Warning: Visual Studio is open but could not be queried - it may be blocked by a modal operation
[2020.04.15-02.05.23:106][184]LogAudioMixer: Warning: Changing default audio render device to new device: {0.0.0.00000000}.{a5730a96-d54c-4f42-b937-c78b002f35bb}.
[2020.04.15-02.05.23:107][184]LogTemp: Resetting audio stream to device id 
[2020.04.15-02.05.23:298][184]LogAudioMixer: Display: Audio Device Output Speaker Info:
[2020.04.15-02.05.23:298][184]LogAudioMixer: Display: Name: DELL SE2417HG (NVIDIA High Definition Audio)
[2020.04.15-02.05.23:298][184]LogAudioMixer: Display: Is Default: Yes
[2020.04.15-02.05.23:298][184]LogAudioMixer: Display: Sample Rate: 48000
[2020.04.15-02.05.23:405][184]LogAudioMixer: Display: Channel Count Used: 2
[2020.04.15-02.05.23:405][184]LogAudioMixer: Display: Device Channel Count: 2
[2020.04.15-02.05.23:405][184]LogAudioMixer: Display: Channel Order:
[2020.04.15-02.05.23:405][184]LogAudioMixer: Display: 0: FrontLeft
[2020.04.15-02.05.23:405][184]LogAudioMixer: Display: 1: FrontRight
[2020.04.15-02.05.24:233][185]LogTemp: Resetting audio stream to device id 
[2020.04.15-02.05.24:346][185]LogAudioMixer: Display: Audio Device Output Speaker Info:
[2020.04.15-02.05.24:346][185]LogAudioMixer: Display: Name: DELL SE2417HG (NVIDIA High Definition Audio)
[2020.04.15-02.05.24:346][185]LogAudioMixer: Display: Is Default: Yes
[2020.04.15-02.05.24:346][185]LogAudioMixer: Display: Sample Rate: 48000
[2020.04.15-02.05.24:346][185]LogAudioMixer: Display: Channel Count Used: 2
[2020.04.15-02.05.24:346][185]LogAudioMixer: Display: Device Channel Count: 2
[2020.04.15-02.05.24:346][185]LogAudioMixer: Display: Channel Order:
[2020.04.15-02.05.24:347][185]LogAudioMixer: Display: 0: FrontLeft
[2020.04.15-02.05.24:347][185]LogAudioMixer: Display: 1: FrontRight
[2020.04.15-02.24.01:988][642]LogSlate: WidgetSwitcher ('None') active index changed to -1
[2020.04.15-02.24.01:988][642]LogSlate: WidgetSwitcher ('None') active index changed to 0
[2020.04.15-02.24.10:222][953]LogSlate: WidgetSwitcher ('None') active index changed to 1
[2020.04.15-02.24.23:966][639]Candidate modules for hot reload:
[2020.04.15-02.24.23:966][639]  PangeaMechanics
[2020.04.15-02.24.23:975][639]Launching UnrealBuildTool... [C:/Program Files/Epic Games/UE_4.24/Engine/Binaries/DotNET/UnrealBuildTool.exe  -ModuleWithSuffix=PangeaMechanics,2702 Win64 Development -TargetType=Editor -Project="C:/Users/Mike/Documents/GitHub/PangeaRepo/PangeaMechanics/PangeaMechanics.uproject" "C:/Users/Mike/Documents/GitHub/PangeaRepo/PangeaMechanics/PangeaMechanics.uproject"  -IgnoreJunk]
[2020.04.15-02.29.23:465][639]CompilerResultsLog: New page: Compilation - Apr 14, 2020, 6:29:23 PM
[2020.04.15-02.29.23:529][639]CompilerResultsLog: Using 'git status' to determine working set for adaptive non-unity build (C:\Users\Mike\Documents\GitHub\PangeaRepo).
[2020.04.15-02.29.23:529][639]CompilerResultsLog: Invalidating makefile for PangeaMechanicsEditor (source file added)
[2020.04.15-02.29.23:529][639]CompilerResultsLog: Parsing headers for PangeaMechanicsEditor
[2020.04.15-02.29.23:529][639]CompilerResultsLog:   Running UnrealHeaderTool "C:\Users\Mike\Documents\GitHub\PangeaRepo\PangeaMechanics\PangeaMechanics.uproject" "C:\Users\Mike\Documents\GitHub\PangeaRepo\PangeaMechanics\Intermediate\Build\Win64\PangeaMechanicsEditor\Development\PangeaMechanicsEditor.uhtmanifest" -LogCmds="loginit warning, logexit warning, logdatabase error" -Unattended -WarningsAsErrors -installed
[2020.04.15-02.29.23:539][639]CompilerResultsLog: Reflection code generated for PangeaMechanicsEditor in 65.6575211 seconds
[2020.04.15-02.29.23:539][639]CompilerResultsLog: Building PangeaMechanicsEditor...
[2020.04.15-02.29.23:539][639]CompilerResultsLog: Using Visual Studio 2017 14.16.27034 toolchain (C:\Program Files (x86)\Microsoft Visual Studio\2017\Community\VC\Tools\MSVC\14.16.27023) and Windows 10.0.17763.0 SDK (C:\Program Files (x86)\Windows Kits\10).
[2020.04.15-02.29.23:539][639]CompilerResultsLog: Building 8 actions with 4 processes...
[2020.04.15-02.29.23:539][639]CompilerResultsLog:   [1/8] DinoTestsPawn.cpp
[2020.04.15-02.29.23:563][639]CompilerResultsLog:    C:\Users\Mike\Documents\GitHub\PangeaRepo\PangeaMechanics\Source\PangeaMechanics\DinoTestsPawn.cpp(28) : error C3867: 'AActor::Destroy': non-standard syntax; use '&' to create a pointer to member
[2020.04.15-02.29.23:563][639]CompilerResultsLog:   [2/8] PangeaMechanics.init.gen.cpp
[2020.04.15-02.29.23:563][639]CompilerResultsLog:   [3/8] BehaviorTests.cpp
[2020.04.15-02.29.23:563][639]CompilerResultsLog:   [4/8] DinoTestsPawn.gen.cpp
[2020.04.15-02.29.23:563][639]CompilerResultsLog:   [5/8] BehaviorTests.gen.cpp
[2020.04.15-02.29.23:563][639]LogMainFrame: MainFrame: Module compiling took 299.622 seconds
[2020.04.15-02.29.23:701][639]Warning: HotReload failed, recompile failed
[2020.04.15-02.29.23:759][639]Warning: RebindPackages failed because compilation failed.
[2020.04.15-02.41.48:130][639]LogSlate: Window 'Message' being destroyed
[2020.04.15-02.41.51:343][639]LogSlate: Window 'Add C++ Class' being destroyed
[2020.04.15-02.41.52:778][639]LogAudioMixer: Display: Audio Buffer Underrun detected.
[2020.04.15-02.41.52:778][639]LogSlate: Took 0.131356 seconds to synchronously load lazily loaded font '../../../Engine/Content/Slate/Fonts/DroidSansMono.ttf' (77K)
[2020.04.15-02.41.54:543][641]LogAudioMixer: Display: Audio Buffer Underrun detected.
[2020.04.15-02.42.24:050][808]LogSlate: Window 'Output Log' being destroyed
[2020.04.15-02.42.24:065][808]LogSlate: Window 'Output Log' being destroyed
[2020.04.15-02.42.28:413][848]LogEditorViewport: Clicking on Actor (LMB): StaticMeshActor (Floor)
[2020.04.15-02.45.08:388][175]Cmd: OBJ SAVEPACKAGE PACKAGE="/Game/MikesLevel" FILE="../../../../../../Users/Mike/Documents/GitHub/PangeaRepo/PangeaMechanics/Content/MikesLevel.umap" SILENT=true AUTOSAVING=false KEEPDIRTY=false
[2020.04.15-02.45.27:411][175]LogUObjectHash: Compacting FUObjectHashTables data took 381.54ms
[2020.04.15-02.45.34:105][175]LogSavePackage: Moving '../../../../../../Users/Mike/Documents/GitHub/PangeaRepo/PangeaMechanics/Saved/MikesLevelFFEB617741004CC0FDA960BE9796F01B.tmp' to '../../../../../../Users/Mike/Documents/GitHub/PangeaRepo/PangeaMechanics/Content/MikesLevel.umap'
[2020.04.15-02.45.36:219][175]Cmd: OBJ SAVEPACKAGE PACKAGE="/Game/MikesLevel_BuiltData" FILE="../../../../../../Users/Mike/Documents/GitHub/PangeaRepo/PangeaMechanics/Content/MikesLevel_BuiltData.uasset" SILENT=true
[2020.04.15-02.45.37:983][175]LogSavePackage: Moving '../../../../../../Users/Mike/Documents/GitHub/PangeaRepo/PangeaMechanics/Saved/MikesLevel_BuiltData6D3860E24EB1B69EE04E1CAE8475E072.tmp' to '../../../../../../Users/Mike/Documents/GitHub/PangeaRepo/PangeaMechanics/Content/MikesLevel_BuiltData.uasset'
[2020.04.15-02.45.47:555][175]AssetCheck: New page: Asset Save: multiple assets
[2020.04.15-02.45.47:652][175]LogContentValidation: Display: Validating World /Game/MikesLevel.MikesLevel
[2020.04.15-02.45.47:652][175]LogContentValidation: Display: Validating MapBuildDataRegistry /Game/MikesLevel_BuiltData.MikesLevel_BuiltData
[2020.04.15-02.49.19:018][991]LogHttp: Warning: 000001AC5D366980: invalid HTTP response code received. URL: https://datarouter.ol.epicgames.com/datarouter/api/v1/public/data?SessionID=%7B45DAE04F-4800-ACC1-553F-95B26011D8BC%7D&AppID=UEEditor.Rocket.Release&AppVersion=4.24.3-11590370%2B%2B%2BUE4%2BRelease-4.24&UserID=ac11e328453c58ed7d285db5b046bf9c%7C475b618faf124090b3647cf9c9f763da%7Ca8fde830-ea07-46e6-b7b8-3c567e99270f&AppEnvironment=datacollector-binary&UploadType=eteventstream, HTTP code: 0, content length: 0, actual payload size: 0
[2020.04.15-02.49.19:031][991]LogHttp: Warning: 000001AC5D366980: request failed, libcurl error: 28 (Timeout was reached)
[2020.04.15-02.49.19:031][991]LogHttp: Warning: 000001AC5D366980: libcurl info message cache 0 (Connection 24 seems to be dead!)
[2020.04.15-02.49.19:031][991]LogHttp: Warning: 000001AC5D366980: libcurl info message cache 1 (Closing connection 24)
[2020.04.15-02.49.19:031][991]LogHttp: Warning: 000001AC5D366980: libcurl info message cache 2 (TLSv1.2 (OUT), TLS alert, Client hello (1):)
[2020.04.15-02.49.19:031][991]LogHttp: Warning: 000001AC5D366980: libcurl info message cache 3 (  Trying 3.226.93.173...)
[2020.04.15-02.49.19:031][991]LogHttp: Warning: 000001AC5D366980: libcurl info message cache 4 (TCP_NODELAY set)
[2020.04.15-02.49.19:031][991]LogHttp: Warning: 000001AC5D366980: libcurl info message cache 5 (Connected to datarouter.ol.epicgames.com (3.226.93.173) port 443 (#25))
[2020.04.15-02.49.19:031][991]LogHttp: Warning: 000001AC5D366980: libcurl info message cache 6 (ALPN, offering http/1.1)
[2020.04.15-02.49.19:031][991]LogHttp: Warning: 000001AC5D366980: libcurl info message cache 7 (Cipher selection: ALL:!EXPORT:!EXPORT40:!EXPORT56:!aNULL:!LOW:!RC4:@STRENGTH)
[2020.04.15-02.49.19:031][991]LogHttp: Warning: 000001AC5D366980: libcurl info message cache 8 (SSL re-using session ID)
[2020.04.15-02.49.19:031][991]LogHttp: Warning: 000001AC5D366980: libcurl info message cache 9 (TLSv1.3 (OUT), TLS handshake, Client hello (1):)
[2020.04.15-02.49.19:031][991]LogHttp: Warning: 000001AC5D366980: libcurl info message cache 10 (Operation timed out after 60000 milliseconds with 0 out of 0 bytes received)
[2020.04.15-02.49.19:031][991]LogHttp: Warning: 000001AC5D366980: libcurl info message cache 11 (Closing connection 25)
[2020.04.15-02.49.19:353][992]LogHttp: Warning: Retry exhausted on https://datarouter.ol.epicgames.com/datarouter/api/v1/public/data?SessionID=%7B45DAE04F-4800-ACC1-553F-95B26011D8BC%7D&AppID=UEEditor.Rocket.Release&AppVersion=4.24.3-11590370%2B%2B%2BUE4%2BRelease-4.24&UserID=ac11e328453c58ed7d285db5b046bf9c%7C475b618faf124090b3647cf9c9f763da%7Ca8fde830-ea07-46e6-b7b8-3c567e99270f&AppEnvironment=datacollector-binary&UploadType=eteventstream
[2020.04.15-02.49.21:587][998]LogSlate: Took 0.032093 seconds to synchronously load lazily loaded font '../../../Engine/Content/Slate/Fonts/Roboto-Italic.ttf' (157K)
[2020.04.15-02.52.19:674][529]LogHttp: Warning: 000001AC5D367740: invalid HTTP response code received. URL: https://datarouter.ol.epicgames.com/datarouter/api/v1/public/data?SessionID=%7B45DAE04F-4800-ACC1-553F-95B26011D8BC%7D&AppID=UEEditor.Rocket.Release&AppVersion=4.24.3-11590370%2B%2B%2BUE4%2BRelease-4.24&UserID=ac11e328453c58ed7d285db5b046bf9c%7C475b618faf124090b3647cf9c9f763da%7Ca8fde830-ea07-46e6-b7b8-3c567e99270f&AppEnvironment=datacollector-binary&UploadType=eteventstream, HTTP code: 0, content length: 0, actual payload size: 0
[2020.04.15-02.52.19:675][529]LogHttp: Warning: 000001AC5D367740: request failed, libcurl error: 28 (Timeout was reached)
[2020.04.15-02.52.19:675][529]LogHttp: Warning: 000001AC5D367740: libcurl info message cache 0 (Hostname in DNS cache was stale, zapped)
[2020.04.15-02.52.19:675][529]LogHttp: Warning: 000001AC5D367740: libcurl info message cache 1 (  Trying 34.238.237.214...)
[2020.04.15-02.52.19:675][529]LogHttp: Warning: 000001AC5D367740: libcurl info message cache 2 (TCP_NODELAY set)
[2020.04.15-02.52.19:675][529]LogHttp: Warning: 000001AC5D367740: libcurl info message cache 3 (Connected to datarouter.ol.epicgames.com (34.238.237.214) port 443 (#26))
[2020.04.15-02.52.19:675][529]LogHttp: Warning: 000001AC5D367740: libcurl info message cache 4 (ALPN, offering http/1.1)
[2020.04.15-02.52.19:675][529]LogHttp: Warning: 000001AC5D367740: libcurl info message cache 5 (Cipher selection: ALL:!EXPORT:!EXPORT40:!EXPORT56:!aNULL:!LOW:!RC4:@STRENGTH)
[2020.04.15-02.52.19:675][529]LogHttp: Warning: 000001AC5D367740: libcurl info message cache 6 (SSL re-using session ID)
[2020.04.15-02.52.19:675][529]LogHttp: Warning: 000001AC5D367740: libcurl info message cache 7 (TLSv1.3 (OUT), TLS handshake, Client hello (1):)
[2020.04.15-02.52.19:675][529]LogHttp: Warning: 000001AC5D367740: libcurl info message cache 8 (Operation timed out after 60000 milliseconds with 0 out of 0 bytes received)
[2020.04.15-02.52.19:675][529]LogHttp: Warning: 000001AC5D367740: libcurl info message cache 9 (Closing connection 26)
[2020.04.15-02.52.20:007][530]LogHttp: Warning: Retry exhausted on https://datarouter.ol.epicgames.com/datarouter/api/v1/public/data?SessionID=%7B45DAE04F-4800-ACC1-553F-95B26011D8BC%7D&AppID=UEEditor.Rocket.Release&AppVersion=4.24.3-11590370%2B%2B%2BUE4%2BRelease-4.24&UserID=ac11e328453c58ed7d285db5b046bf9c%7C475b618faf124090b3647cf9c9f763da%7Ca8fde830-ea07-46e6-b7b8-3c567e99270f&AppEnvironment=datacollector-binary&UploadType=eteventstream
[2020.04.15-02.55.20:218][ 67]LogHttp: Warning: 000001AC5D367740: invalid HTTP response code received. URL: https://datarouter.ol.epicgames.com/datarouter/api/v1/public/data?SessionID=%7B45DAE04F-4800-ACC1-553F-95B26011D8BC%7D&AppID=UEEditor.Rocket.Release&AppVersion=4.24.3-11590370%2B%2B%2BUE4%2BRelease-4.24&UserID=ac11e328453c58ed7d285db5b046bf9c%7C475b618faf124090b3647cf9c9f763da%7Ca8fde830-ea07-46e6-b7b8-3c567e99270f&AppEnvironment=datacollector-binary&UploadType=eteventstream, HTTP code: 0, content length: 0, actual payload size: 0
[2020.04.15-02.55.20:218][ 67]LogHttp: Warning: 000001AC5D367740: request failed, libcurl error: 28 (Timeout was reached)
[2020.04.15-02.55.20:218][ 67]LogHttp: Warning: 000001AC5D367740: libcurl info message cache 0 (  Trying 52.87.92.96...)
[2020.04.15-02.55.20:218][ 67]LogHttp: Warning: 000001AC5D367740: libcurl info message cache 1 (TCP_NODELAY set)
[2020.04.15-02.55.20:218][ 67]LogHttp: Warning: 000001AC5D367740: libcurl info message cache 2 (Connected to datarouter.ol.epicgames.com (52.87.92.96) port 443 (#27))
[2020.04.15-02.55.20:218][ 67]LogHttp: Warning: 000001AC5D367740: libcurl info message cache 3 (ALPN, offering http/1.1)
[2020.04.15-02.55.20:218][ 67]LogHttp: Warning: 000001AC5D367740: libcurl info message cache 4 (Cipher selection: ALL:!EXPORT:!EXPORT40:!EXPORT56:!aNULL:!LOW:!RC4:@STRENGTH)
[2020.04.15-02.55.20:218][ 67]LogHttp: Warning: 000001AC5D367740: libcurl info message cache 5 (SSL re-using session ID)
[2020.04.15-02.55.20:218][ 67]LogHttp: Warning: 000001AC5D367740: libcurl info message cache 6 (TLSv1.3 (OUT), TLS handshake, Client hello (1):)
[2020.04.15-02.55.20:218][ 67]LogHttp: Warning: 000001AC5D367740: libcurl info message cache 7 (TLSv1.3 (IN), TLS handshake, Server hello (2):)
[2020.04.15-02.55.20:218][ 67]LogHttp: Warning: 000001AC5D367740: libcurl info message cache 8 (Operation timed out after 60000 milliseconds with 0 out of 0 bytes received)
[2020.04.15-02.55.20:218][ 67]LogHttp: Warning: 000001AC5D367740: libcurl info message cache 9 (Closing connection 27)
[2020.04.15-02.55.20:549][ 68]LogHttp: Warning: Retry exhausted on https://datarouter.ol.epicgames.com/datarouter/api/v1/public/data?SessionID=%7B45DAE04F-4800-ACC1-553F-95B26011D8BC%7D&AppID=UEEditor.Rocket.Release&AppVersion=4.24.3-11590370%2B%2B%2BUE4%2BRelease-4.24&UserID=ac11e328453c58ed7d285db5b046bf9c%7C475b618faf124090b3647cf9c9f763da%7Ca8fde830-ea07-46e6-b7b8-3c567e99270f&AppEnvironment=datacollector-binary&UploadType=eteventstream
