  Using 'git status' to determine working set for adaptive non-unity build (C:\Users\Tom\Documents\GitHub\PangeaRepo).
  Parsing headers for PangeaMechanicsEditor
    Running UnrealHeaderTool "C:\Users\Tom\Documents\GitHub\PangeaRepo\PangeaMechanics\PangeaMechanics.uproject" "C:\Users\Tom\Documents\GitHub\PangeaRepo\PangeaMechanics\Intermediate\Build\Win64\PangeaMechanicsEditor\Development\PangeaMechanicsEditor.uhtmanifest" -LogCmds="loginit warning, logexit warning, logdatabase error" -Unattended -WarningsAsErrors -installed
  Reflection code generated for PangeaMechanicsEditor in 9.0074803 seconds
  Building PangeaMechanicsEditor...
  Using Visual Studio 2019 14.25.28612 toolchain (C:\Program Files (x86)\Microsoft Visual Studio\2019\Community\VC\Tools\MSVC\14.25.28610) and Windows 10.0.18362.0 SDK (C:\Program Files (x86)\Windows Kits\10).
  Building 9 actions with 8 processes...
    [1/9] TameAnimal.cpp
C:\Users\Tom\Documents\GitHub\PangeaRepo\PangeaMechanics\Source\PangeaMechanics\TameAnimal.cpp(32): error C2065: 'IsTamed': undeclared identifier
C:\Users\Tom\Documents\GitHub\PangeaRepo\PangeaMechanics\Source\PangeaMechanics\TameAnimal.cpp(49): error C2065: 'IsExhausted': undeclared identifier
C:\Users\Tom\Documents\GitHub\PangeaRepo\PangeaMechanics\Source\PangeaMechanics\TameAnimal.cpp(51): error C2065: 'IsTamed': undeclared identifier
C:\Users\Tom\Documents\GitHub\PangeaRepo\PangeaMechanics\Source\PangeaMechanics\TameAnimal.cpp(52): error C2065: 'IsExhausted': undeclared identifier
C:\Users\Tom\Documents\GitHub\PangeaRepo\PangeaMechanics\Source\PangeaMechanics\TameAnimal.cpp(53): error C2065: 'Exhaustion': undeclared identifier
C:\Users\Tom\Documents\GitHub\PangeaRepo\PangeaMechanics\Source\PangeaMechanics\TameAnimal.cpp(57): error C2065: 'IsTamed': undeclared identifier
C:\Users\Tom\Documents\GitHub\PangeaRepo\PangeaMechanics\Source\PangeaMechanics\TameAnimal.cpp(62): error C2065: 'IsTamed': undeclared identifier
C:\Users\Tom\Documents\GitHub\PangeaRepo\PangeaMechanics\Source\PangeaMechanics\TameAnimal.cpp(64): error C2065: 'IsTamed': undeclared identifier
C:\Users\Tom\Documents\GitHub\PangeaRepo\PangeaMechanics\Source\PangeaMechanics\TameAnimal.cpp(73): error C2065: 'IsTamed': undeclared identifier
C:\Users\Tom\Documents\GitHub\PangeaRepo\PangeaMechanics\Source\PangeaMechanics\TameAnimal.cpp(77): error C2065: 'AnimalMovementSpeed': undeclared identifier
C:\Users\Tom\Documents\GitHub\PangeaRepo\PangeaMechanics\Source\PangeaMechanics\TameAnimal.cpp(81): error C2065: 'IsAlerted': undeclared identifier
C:\Users\Tom\Documents\GitHub\PangeaRepo\PangeaMechanics\Source\PangeaMechanics\TameAnimal.cpp(85): error C2065: 'TargetFleeDistance': undeclared identifier
C:\Users\Tom\Documents\GitHub\PangeaRepo\PangeaMechanics\Source\PangeaMechanics\TameAnimal.cpp(89): error C2065: 'Exhaustion': undeclared identifier
C:\Users\Tom\Documents\GitHub\PangeaRepo\PangeaMechanics\Source\PangeaMechanics\TameAnimal.cpp(93): error C2065: 'ExhaustionLimit': undeclared identifier
C:\Users\Tom\Documents\GitHub\PangeaRepo\PangeaMechanics\Source\PangeaMechanics\TameAnimal.cpp(99): error C2065: 'IsAlerted': undeclared identifier
C:\Users\Tom\Documents\GitHub\PangeaRepo\PangeaMechanics\Source\PangeaMechanics\TameAnimal.cpp(103): error C2065: 'Exhaustion': undeclared identifier
C:\Users\Tom\Documents\GitHub\PangeaRepo\PangeaMechanics\Source\PangeaMechanics\TameAnimal.cpp(107): error C2065: 'Exhaustion': undeclared identifier
C:\Users\Tom\Documents\GitHub\PangeaRepo\PangeaMechanics\Source\PangeaMechanics\TameAnimal.cpp(111): error C2065: 'IsExhausted': undeclared identifier
    [2/9] AnimalMotion.cpp
C:\Users\Tom\Documents\GitHub\PangeaRepo\PangeaMechanics\Source\PangeaMechanics\AnimalMotion.cpp(183): error C2143: syntax error: missing ';' before '}'
    [3/9] AnimalSight.cpp
    [4/9] TameAnimal.gen.cpp
    [5/9] AnimalMotion.gen.cpp
    [6/9] AnimalSight.gen.cpp
C:\Program Files (x86)\Microsoft Visual Studio\2019\Community\MSBuild\Microsoft\VC\v160\Microsoft.MakeFile.Targets(44,5): error MSB3075: The command ""C:\Program Files\Epic Games\UE_4.24\Engine\Build\BatchFiles\Build.bat" PangeaMechanicsEditor Win64 Development -Project="C:\Users\Tom\Documents\GitHub\PangeaRepo\PangeaMechanics\PangeaMechanics.uproject" -WaitMutex -FromMsBuild" exited with code 5. Please verify that you have sufficient rights to run this command.
